#
# A fatal error has been detected by the Java Runtime Environment:
#
#  Internal Error (generateOopMap.cpp:2164), pid=36560, tid=36573
#  fatal error: Illegal class file encountered. Try running with -Xverify:all in method deleteNoExisteId
#
# JRE version: Java(TM) SE Runtime Environment 18.9 (11.0.17+10) (build 11.0.17+10-LTS-269)
# Java VM: Java HotSpot(TM) 64-Bit Server VM 18.9 (11.0.17+10-LTS-269, mixed mode, tiered, compressed oops, g1 gc, linux-amd64)
# Core dump will be written. Default location: Core dumps may be processed with "/usr/share/apport/apport -p%p -s%s -c%c -d%d -P%P -u%u -g%g -- %E" (or dumping to /home/avalos_m/eclipse-workspace/opendev-exercise-factory/core.36560)
#
# If you would like to submit a bug report, please visit:
#   https://bugreport.java.com/bugreport/crash.jsp
#

---------------  S U M M A R Y ------------

Command Line: -agentlib:jdwp=transport=dt_socket,suspend=y,address=localhost:37067 -ea -javaagent:/home/avalos_m/Descargas/eclipse/configuration/org.eclipse.osgi/414/0/.cp/lib/javaagent-shaded.jar -Dfile.encoding=UTF-8 org.eclipse.jdt.internal.junit.runner.RemoteTestRunner -version 3 -port 39765 -testLoaderClass org.eclipse.jdt.internal.junit5.runner.JUnit5TestLoader -loaderpluginname org.eclipse.jdt.junit5.runtime -test com.opendev.service.impl.CarServiceImplTest:deleteNoExisteId

Host: 11th Gen Intel(R) Core(TM) i7-1165G7 @ 2.80GHz, 8 cores, 15G, Ubuntu 22.04.2 LTS
Time: Fri Apr 21 15:33:41 2023 -03 elapsed time: 222.009989 seconds (0d 0h 3m 42s)

---------------  T H R E A D  ---------------

Current thread (0x00007fb67c265800):  VMThread "VM Thread" [stack: 0x00007fb664afa000,0x00007fb664bfa000] [id=36573]

Stack: [0x00007fb664afa000,0x00007fb664bfa000],  sp=0x00007fb664bf7c60,  free space=1015k
Native frames: (J=compiled Java code, j=interpreted, Vv=VM code, C=native code)
V  [libjvm.so+0xe7e294]  VMError::report_and_die(int, char const*, char const*, __va_list_tag*, Thread*, unsigned char*, void*, void*, char const*, int, unsigned long)+0x194
V  [libjvm.so+0x68ee5f]  report_fatal(VMErrorType, char const*, int, char const*, ...)+0x10f
V  [libjvm.so+0x7f20ef]  GenerateOopMap::error_work(char const*, __va_list_tag*)+0xcf
V  [libjvm.so+0x7f21cb]  GenerateOopMap::report_error(char const*, ...) [clone .constprop.79]+0x8b
V  [libjvm.so+0x7f7f9f]  GenerateOopMap::interp_bb(BasicBlock*)+0x131f
V  [libjvm.so+0x7f999d]  GenerateOopMap::do_interpretation()+0xbd
V  [libjvm.so+0x7f9d59]  GenerateOopMap::compute_map(Thread*)+0x269
V  [libjvm.so+0xc46c3a]  OopMapCacheEntry::fill(methodHandle const&, int)+0x20a
V  [libjvm.so+0xc471bb]  OopMapCache::compute_one_oop_map(methodHandle const&, int, InterpreterOopMap*)+0x6b
V  [libjvm.so+0xbd6d36]  Method::mask_for(int, InterpreterOopMap*)+0x76
V  [libjvm.so+0xa592cc]  VM_GetOrSetLocal::doit()+0x4c
V  [libjvm.so+0xe88df7]  VM_Operation::evaluate()+0xe7
V  [libjvm.so+0xe866b6]  VMThread::evaluate_operation(VM_Operation*) [clone .constprop.55]+0xb6
V  [libjvm.so+0xe86ba6]  VMThread::loop()+0x3e6
V  [libjvm.so+0xe86fe3]  VMThread::run()+0x73
V  [libjvm.so+0xe14b3f]  Thread::call_run()+0x14f
V  [libjvm.so+0xc5c846]  thread_native_entry(Thread*)+0xe6

VM_Operation (0x00007fb6641f68b0): GetOrSetLocal, mode: safepoint, requested by thread 0x00007fb67c3dc000


---------------  P R O C E S S  ---------------

Threads class SMR info:
_java_thread_list=0x00007fb61803d690, length=13, elements={
0x00007fb67c025800, 0x00007fb67c26e000, 0x00007fb67c272000, 0x00007fb67c288800,
0x00007fb67c28a800, 0x00007fb67c28c800, 0x00007fb67c28f000, 0x00007fb67c291000,
0x00007fb67c367800, 0x00007fb67c3dc000, 0x00007fb67c3e0800, 0x00007fb61c001800,
0x00007fb67c764000
}

Java Threads: ( => current thread )
  0x00007fb67c025800 JavaThread "main" [_thread_blocked, id=36567, stack(0x00007fb685100000,0x00007fb685200000)]
  0x00007fb67c26e000 JavaThread "Reference Handler" daemon [_thread_blocked, id=36574, stack(0x00007fb6649f8000,0x00007fb664af8000)]
  0x00007fb67c272000 JavaThread "Finalizer" daemon [_thread_blocked, id=36575, stack(0x00007fb6648f8000,0x00007fb6649f8000)]
  0x00007fb67c288800 JavaThread "Signal Dispatcher" daemon [_thread_blocked, id=36576, stack(0x00007fb6647f8000,0x00007fb6648f8000)]
  0x00007fb67c28a800 JavaThread "Service Thread" daemon [_thread_blocked, id=36577, stack(0x00007fb6646f8000,0x00007fb6647f8000)]
  0x00007fb67c28c800 JavaThread "C2 CompilerThread0" daemon [_thread_blocked, id=36578, stack(0x00007fb6645f8000,0x00007fb6646f8000)]
  0x00007fb67c28f000 JavaThread "C1 CompilerThread0" daemon [_thread_blocked, id=36579, stack(0x00007fb6644f8000,0x00007fb6645f8000)]
  0x00007fb67c291000 JavaThread "Sweeper thread" daemon [_thread_blocked, id=36580, stack(0x00007fb6643f8000,0x00007fb6644f8000)]
  0x00007fb67c367800 JavaThread "Common-Cleaner" daemon [_thread_blocked, id=36581, stack(0x00007fb6642f8000,0x00007fb6643f8000)]
  0x00007fb67c3dc000 JavaThread "JDWP Transport Listener: dt_socket" daemon [_thread_blocked, id=36584, stack(0x00007fb6640f8000,0x00007fb6641f8000)] _threads_hazard_ptr=0x00007fb61803d690
  0x00007fb67c3e0800 JavaThread "JDWP Event Helper Thread" daemon [_thread_blocked, id=36586, stack(0x00007fb658100000,0x00007fb658200000)]
  0x00007fb61c001800 JavaThread "JDWP Command Reader" daemon [_thread_in_native, id=36588, stack(0x00007fb658000000,0x00007fb658100000)]
  0x00007fb67c764000 JavaThread "ReaderThread" [_thread_in_native, id=36593, stack(0x00007fb651100000,0x00007fb651200000)]

Other Threads:
=>0x00007fb67c265800 VMThread "VM Thread" [stack: 0x00007fb664afa000,0x00007fb664bfa000] [id=36573]
  0x00007fb67c644800 WatcherThread [stack: 0x00007fb651f00000,0x00007fb652000000] [id=36591]
  0x00007fb67c03c800 GCTaskThread "GC Thread#0" [stack: 0x00007fb683a15000,0x00007fb683b15000] [id=36568]
  0x00007fb644001000 GCTaskThread "GC Thread#1" [stack: 0x00007fb650b00000,0x00007fb650c00000] [id=36595]
  0x00007fb644002800 GCTaskThread "GC Thread#2" [stack: 0x00007fb650500000,0x00007fb650600000] [id=36596]
  0x00007fb644004800 GCTaskThread "GC Thread#3" [stack: 0x00007fb6503fe000,0x00007fb6504fe000] [id=36597]
  0x00007fb644006000 GCTaskThread "GC Thread#4" [stack: 0x00007fb6502fc000,0x00007fb6503fc000] [id=36598]
  0x00007fb67c09a000 ConcurrentGCThread "G1 Main Marker" [stack: 0x00007fb6807dc000,0x00007fb6808dc000] [id=36569]
  0x00007fb67c09c000 ConcurrentGCThread "G1 Conc#0" [stack: 0x00007fb6806da000,0x00007fb6807da000] [id=36570]
  0x00007fb67c19a000 ConcurrentGCThread "G1 Refine#0" [stack: 0x00007fb6654fe000,0x00007fb6655fe000] [id=36571]
  0x00007fb67c19b800 ConcurrentGCThread "G1 Young RemSet Sampling" [stack: 0x00007fb6653fc000,0x00007fb6654fc000] [id=36572]

Threads with active compile tasks:

VM state:at safepoint (normal execution)

VM Mutex/Monitor currently owned by a thread:  ([mutex/lock_event])
[0x00007fb67c023700] Threads_lock - owner thread: 0x00007fb67c265800

Heap address: 0x0000000709400000, size: 3948 MB, Compressed Oops mode: Zero based, Oop shift amount: 3
Narrow klass base: 0x0000000800000000, Narrow klass shift: 0
Compressed class space size: 1073741824 Address: 0x0000000800000000

Heap:
 garbage-first heap   total 253952K, used 30863K [0x0000000709400000, 0x0000000800000000)
  region size 1024K, 31 young (31744K), 3 survivors (3072K)
 Metaspace       used 15959K, capacity 16549K, committed 16768K, reserved 1064960K
  class space    used 1682K, capacity 1886K, committed 1920K, reserved 1048576K
Heap Regions: E=young(eden), S=young(survivor), O=old, HS=humongous(starts), HC=humongous(continues), CS=collection set, F=free, A=archive, TAMS=top-at-mark-start (previous, next)
|   0|0x0000000709400000, 0x0000000709423c00, 0x0000000709500000| 13%| O|  |TAMS 0x0000000709400000, 0x0000000709400000| Untracked 
|   1|0x0000000709500000, 0x0000000709500000, 0x0000000709600000|  0%| F|  |TAMS 0x0000000709500000, 0x0000000709500000| Untracked 
|   2|0x0000000709600000, 0x0000000709600000, 0x0000000709700000|  0%| F|  |TAMS 0x0000000709600000, 0x0000000709600000| Untracked 
|   3|0x0000000709700000, 0x0000000709700000, 0x0000000709800000|  0%| F|  |TAMS 0x0000000709700000, 0x0000000709700000| Untracked 
|   4|0x0000000709800000, 0x0000000709800000, 0x0000000709900000|  0%| F|  |TAMS 0x0000000709800000, 0x0000000709800000| Untracked 
|   5|0x0000000709900000, 0x0000000709900000, 0x0000000709a00000|  0%| F|  |TAMS 0x0000000709900000, 0x0000000709900000| Untracked 
|   6|0x0000000709a00000, 0x0000000709a00000, 0x0000000709b00000|  0%| F|  |TAMS 0x0000000709a00000, 0x0000000709a00000| Untracked 
|   7|0x0000000709b00000, 0x0000000709b00000, 0x0000000709c00000|  0%| F|  |TAMS 0x0000000709b00000, 0x0000000709b00000| Untracked 
|   8|0x0000000709c00000, 0x0000000709c00000, 0x0000000709d00000|  0%| F|  |TAMS 0x0000000709c00000, 0x0000000709c00000| Untracked 
|   9|0x0000000709d00000, 0x0000000709d00000, 0x0000000709e00000|  0%| F|  |TAMS 0x0000000709d00000, 0x0000000709d00000| Untracked 
|  10|0x0000000709e00000, 0x0000000709e00000, 0x0000000709f00000|  0%| F|  |TAMS 0x0000000709e00000, 0x0000000709e00000| Untracked 
|  11|0x0000000709f00000, 0x0000000709f00000, 0x000000070a000000|  0%| F|  |TAMS 0x0000000709f00000, 0x0000000709f00000| Untracked 
|  12|0x000000070a000000, 0x000000070a000000, 0x000000070a100000|  0%| F|  |TAMS 0x000000070a000000, 0x000000070a000000| Untracked 
|  13|0x000000070a100000, 0x000000070a100000, 0x000000070a200000|  0%| F|  |TAMS 0x000000070a100000, 0x000000070a100000| Untracked 
|  14|0x000000070a200000, 0x000000070a200000, 0x000000070a300000|  0%| F|  |TAMS 0x000000070a200000, 0x000000070a200000| Untracked 
|  15|0x000000070a300000, 0x000000070a300000, 0x000000070a400000|  0%| F|  |TAMS 0x000000070a300000, 0x000000070a300000| Untracked 
|  16|0x000000070a400000, 0x000000070a400000, 0x000000070a500000|  0%| F|  |TAMS 0x000000070a400000, 0x000000070a400000| Untracked 
|  17|0x000000070a500000, 0x000000070a500000, 0x000000070a600000|  0%| F|  |TAMS 0x000000070a500000, 0x000000070a500000| Untracked 
|  18|0x000000070a600000, 0x000000070a600000, 0x000000070a700000|  0%| F|  |TAMS 0x000000070a600000, 0x000000070a600000| Untracked 
|  19|0x000000070a700000, 0x000000070a700000, 0x000000070a800000|  0%| F|  |TAMS 0x000000070a700000, 0x000000070a700000| Untracked 
|  20|0x000000070a800000, 0x000000070a800000, 0x000000070a900000|  0%| F|  |TAMS 0x000000070a800000, 0x000000070a800000| Untracked 
|  21|0x000000070a900000, 0x000000070a900000, 0x000000070aa00000|  0%| F|  |TAMS 0x000000070a900000, 0x000000070a900000| Untracked 
|  22|0x000000070aa00000, 0x000000070aa00000, 0x000000070ab00000|  0%| F|  |TAMS 0x000000070aa00000, 0x000000070aa00000| Untracked 
|  23|0x000000070ab00000, 0x000000070ab00000, 0x000000070ac00000|  0%| F|  |TAMS 0x000000070ab00000, 0x000000070ab00000| Untracked 
|  24|0x000000070ac00000, 0x000000070ac00000, 0x000000070ad00000|  0%| F|  |TAMS 0x000000070ac00000, 0x000000070ac00000| Untracked 
|  25|0x000000070ad00000, 0x000000070ad00000, 0x000000070ae00000|  0%| F|  |TAMS 0x000000070ad00000, 0x000000070ad00000| Untracked 
|  26|0x000000070ae00000, 0x000000070ae00000, 0x000000070af00000|  0%| F|  |TAMS 0x000000070ae00000, 0x000000070ae00000| Untracked 
|  27|0x000000070af00000, 0x000000070af00000, 0x000000070b000000|  0%| F|  |TAMS 0x000000070af00000, 0x000000070af00000| Untracked 
|  28|0x000000070b000000, 0x000000070b000000, 0x000000070b100000|  0%| F|  |TAMS 0x000000070b000000, 0x000000070b000000| Untracked 
|  29|0x000000070b100000, 0x000000070b100000, 0x000000070b200000|  0%| F|  |TAMS 0x000000070b100000, 0x000000070b100000| Untracked 
|  30|0x000000070b200000, 0x000000070b200000, 0x000000070b300000|  0%| F|  |TAMS 0x000000070b200000, 0x000000070b200000| Untracked 
|  31|0x000000070b300000, 0x000000070b300000, 0x000000070b400000|  0%| F|  |TAMS 0x000000070b300000, 0x000000070b300000| Untracked 
|  32|0x000000070b400000, 0x000000070b400000, 0x000000070b500000|  0%| F|  |TAMS 0x000000070b400000, 0x000000070b400000| Untracked 
|  33|0x000000070b500000, 0x000000070b500000, 0x000000070b600000|  0%| F|  |TAMS 0x000000070b500000, 0x000000070b500000| Untracked 
|  34|0x000000070b600000, 0x000000070b600000, 0x000000070b700000|  0%| F|  |TAMS 0x000000070b600000, 0x000000070b600000| Untracked 
|  35|0x000000070b700000, 0x000000070b700000, 0x000000070b800000|  0%| F|  |TAMS 0x000000070b700000, 0x000000070b700000| Untracked 
|  36|0x000000070b800000, 0x000000070b800000, 0x000000070b900000|  0%| F|  |TAMS 0x000000070b800000, 0x000000070b800000| Untracked 
|  37|0x000000070b900000, 0x000000070b900000, 0x000000070ba00000|  0%| F|  |TAMS 0x000000070b900000, 0x000000070b900000| Untracked 
|  38|0x000000070ba00000, 0x000000070ba00000, 0x000000070bb00000|  0%| F|  |TAMS 0x000000070ba00000, 0x000000070ba00000| Untracked 
|  39|0x000000070bb00000, 0x000000070bb00000, 0x000000070bc00000|  0%| F|  |TAMS 0x000000070bb00000, 0x000000070bb00000| Untracked 
|  40|0x000000070bc00000, 0x000000070bc00000, 0x000000070bd00000|  0%| F|  |TAMS 0x000000070bc00000, 0x000000070bc00000| Untracked 
|  41|0x000000070bd00000, 0x000000070bd00000, 0x000000070be00000|  0%| F|  |TAMS 0x000000070bd00000, 0x000000070bd00000| Untracked 
|  42|0x000000070be00000, 0x000000070be00000, 0x000000070bf00000|  0%| F|  |TAMS 0x000000070be00000, 0x000000070be00000| Untracked 
|  43|0x000000070bf00000, 0x000000070bf00000, 0x000000070c000000|  0%| F|  |TAMS 0x000000070bf00000, 0x000000070bf00000| Untracked 
|  44|0x000000070c000000, 0x000000070c000000, 0x000000070c100000|  0%| F|  |TAMS 0x000000070c000000, 0x000000070c000000| Untracked 
|  45|0x000000070c100000, 0x000000070c100000, 0x000000070c200000|  0%| F|  |TAMS 0x000000070c100000, 0x000000070c100000| Untracked 
|  46|0x000000070c200000, 0x000000070c200000, 0x000000070c300000|  0%| F|  |TAMS 0x000000070c200000, 0x000000070c200000| Untracked 
|  47|0x000000070c300000, 0x000000070c300000, 0x000000070c400000|  0%| F|  |TAMS 0x000000070c300000, 0x000000070c300000| Untracked 
|  48|0x000000070c400000, 0x000000070c400000, 0x000000070c500000|  0%| F|  |TAMS 0x000000070c400000, 0x000000070c400000| Untracked 
|  49|0x000000070c500000, 0x000000070c500000, 0x000000070c600000|  0%| F|  |TAMS 0x000000070c500000, 0x000000070c500000| Untracked 
|  50|0x000000070c600000, 0x000000070c600000, 0x000000070c700000|  0%| F|  |TAMS 0x000000070c600000, 0x000000070c600000| Untracked 
|  51|0x000000070c700000, 0x000000070c700000, 0x000000070c800000|  0%| F|  |TAMS 0x000000070c700000, 0x000000070c700000| Untracked 
|  52|0x000000070c800000, 0x000000070c800000, 0x000000070c900000|  0%| F|  |TAMS 0x000000070c800000, 0x000000070c800000| Untracked 
|  53|0x000000070c900000, 0x000000070c900000, 0x000000070ca00000|  0%| F|  |TAMS 0x000000070c900000, 0x000000070c900000| Untracked 
|  54|0x000000070ca00000, 0x000000070ca00000, 0x000000070cb00000|  0%| F|  |TAMS 0x000000070ca00000, 0x000000070ca00000| Untracked 
|  55|0x000000070cb00000, 0x000000070cb00000, 0x000000070cc00000|  0%| F|  |TAMS 0x000000070cb00000, 0x000000070cb00000| Untracked 
|  56|0x000000070cc00000, 0x000000070cc00000, 0x000000070cd00000|  0%| F|  |TAMS 0x000000070cc00000, 0x000000070cc00000| Untracked 
|  57|0x000000070cd00000, 0x000000070cd00000, 0x000000070ce00000|  0%| F|  |TAMS 0x000000070cd00000, 0x000000070cd00000| Untracked 
|  58|0x000000070ce00000, 0x000000070ce00000, 0x000000070cf00000|  0%| F|  |TAMS 0x000000070ce00000, 0x000000070ce00000| Untracked 
|  59|0x000000070cf00000, 0x000000070cf00000, 0x000000070d000000|  0%| F|  |TAMS 0x000000070cf00000, 0x000000070cf00000| Untracked 
|  60|0x000000070d000000, 0x000000070d000000, 0x000000070d100000|  0%| F|  |TAMS 0x000000070d000000, 0x000000070d000000| Untracked 
|  61|0x000000070d100000, 0x000000070d100000, 0x000000070d200000|  0%| F|  |TAMS 0x000000070d100000, 0x000000070d100000| Untracked 
|  62|0x000000070d200000, 0x000000070d200000, 0x000000070d300000|  0%| F|  |TAMS 0x000000070d200000, 0x000000070d200000| Untracked 
|  63|0x000000070d300000, 0x000000070d300000, 0x000000070d400000|  0%| F|  |TAMS 0x000000070d300000, 0x000000070d300000| Untracked 
|  64|0x000000070d400000, 0x000000070d400000, 0x000000070d500000|  0%| F|  |TAMS 0x000000070d400000, 0x000000070d400000| Untracked 
|  65|0x000000070d500000, 0x000000070d500000, 0x000000070d600000|  0%| F|  |TAMS 0x000000070d500000, 0x000000070d500000| Untracked 
|  66|0x000000070d600000, 0x000000070d600000, 0x000000070d700000|  0%| F|  |TAMS 0x000000070d600000, 0x000000070d600000| Untracked 
|  67|0x000000070d700000, 0x000000070d700000, 0x000000070d800000|  0%| F|  |TAMS 0x000000070d700000, 0x000000070d700000| Untracked 
|  68|0x000000070d800000, 0x000000070d800000, 0x000000070d900000|  0%| F|  |TAMS 0x000000070d800000, 0x000000070d800000| Untracked 
|  69|0x000000070d900000, 0x000000070d900000, 0x000000070da00000|  0%| F|  |TAMS 0x000000070d900000, 0x000000070d900000| Untracked 
|  70|0x000000070da00000, 0x000000070da00000, 0x000000070db00000|  0%| F|  |TAMS 0x000000070da00000, 0x000000070da00000| Untracked 
|  71|0x000000070db00000, 0x000000070db00000, 0x000000070dc00000|  0%| F|  |TAMS 0x000000070db00000, 0x000000070db00000| Untracked 
|  72|0x000000070dc00000, 0x000000070dc00000, 0x000000070dd00000|  0%| F|  |TAMS 0x000000070dc00000, 0x000000070dc00000| Untracked 
|  73|0x000000070dd00000, 0x000000070dd00000, 0x000000070de00000|  0%| F|  |TAMS 0x000000070dd00000, 0x000000070dd00000| Untracked 
|  74|0x000000070de00000, 0x000000070de00000, 0x000000070df00000|  0%| F|  |TAMS 0x000000070de00000, 0x000000070de00000| Untracked 
|  75|0x000000070df00000, 0x000000070df00000, 0x000000070e000000|  0%| F|  |TAMS 0x000000070df00000, 0x000000070df00000| Untracked 
|  76|0x000000070e000000, 0x000000070e000000, 0x000000070e100000|  0%| F|  |TAMS 0x000000070e000000, 0x000000070e000000| Untracked 
|  77|0x000000070e100000, 0x000000070e100000, 0x000000070e200000|  0%| F|  |TAMS 0x000000070e100000, 0x000000070e100000| Untracked 
|  78|0x000000070e200000, 0x000000070e200000, 0x000000070e300000|  0%| F|  |TAMS 0x000000070e200000, 0x000000070e200000| Untracked 
|  79|0x000000070e300000, 0x000000070e300000, 0x000000070e400000|  0%| F|  |TAMS 0x000000070e300000, 0x000000070e300000| Untracked 
|  80|0x000000070e400000, 0x000000070e400000, 0x000000070e500000|  0%| F|  |TAMS 0x000000070e400000, 0x000000070e400000| Untracked 
|  81|0x000000070e500000, 0x000000070e500000, 0x000000070e600000|  0%| F|  |TAMS 0x000000070e500000, 0x000000070e500000| Untracked 
|  82|0x000000070e600000, 0x000000070e600000, 0x000000070e700000|  0%| F|  |TAMS 0x000000070e600000, 0x000000070e600000| Untracked 
|  83|0x000000070e700000, 0x000000070e700000, 0x000000070e800000|  0%| F|  |TAMS 0x000000070e700000, 0x000000070e700000| Untracked 
|  84|0x000000070e800000, 0x000000070e800000, 0x000000070e900000|  0%| F|  |TAMS 0x000000070e800000, 0x000000070e800000| Untracked 
|  85|0x000000070e900000, 0x000000070e900000, 0x000000070ea00000|  0%| F|  |TAMS 0x000000070e900000, 0x000000070e900000| Untracked 
|  86|0x000000070ea00000, 0x000000070ea00000, 0x000000070eb00000|  0%| F|  |TAMS 0x000000070ea00000, 0x000000070ea00000| Untracked 
|  87|0x000000070eb00000, 0x000000070eb00000, 0x000000070ec00000|  0%| F|  |TAMS 0x000000070eb00000, 0x000000070eb00000| Untracked 
|  88|0x000000070ec00000, 0x000000070ec00000, 0x000000070ed00000|  0%| F|  |TAMS 0x000000070ec00000, 0x000000070ec00000| Untracked 
|  89|0x000000070ed00000, 0x000000070ed00000, 0x000000070ee00000|  0%| F|  |TAMS 0x000000070ed00000, 0x000000070ed00000| Untracked 
|  90|0x000000070ee00000, 0x000000070ee00000, 0x000000070ef00000|  0%| F|  |TAMS 0x000000070ee00000, 0x000000070ee00000| Untracked 
|  91|0x000000070ef00000, 0x000000070ef00000, 0x000000070f000000|  0%| F|  |TAMS 0x000000070ef00000, 0x000000070ef00000| Untracked 
|  92|0x000000070f000000, 0x000000070f000000, 0x000000070f100000|  0%| F|  |TAMS 0x000000070f000000, 0x000000070f000000| Untracked 
|  93|0x000000070f100000, 0x000000070f100000, 0x000000070f200000|  0%| F|  |TAMS 0x000000070f100000, 0x000000070f100000| Untracked 
|  94|0x000000070f200000, 0x000000070f200000, 0x000000070f300000|  0%| F|  |TAMS 0x000000070f200000, 0x000000070f200000| Untracked 
|  95|0x000000070f300000, 0x000000070f300000, 0x000000070f400000|  0%| F|  |TAMS 0x000000070f300000, 0x000000070f300000| Untracked 
|  96|0x000000070f400000, 0x000000070f400000, 0x000000070f500000|  0%| F|  |TAMS 0x000000070f400000, 0x000000070f400000| Untracked 
|  97|0x000000070f500000, 0x000000070f500000, 0x000000070f600000|  0%| F|  |TAMS 0x000000070f500000, 0x000000070f500000| Untracked 
|  98|0x000000070f600000, 0x000000070f600000, 0x000000070f700000|  0%| F|  |TAMS 0x000000070f600000, 0x000000070f600000| Untracked 
|  99|0x000000070f700000, 0x000000070f700000, 0x000000070f800000|  0%| F|  |TAMS 0x000000070f700000, 0x000000070f700000| Untracked 
| 100|0x000000070f800000, 0x000000070f800000, 0x000000070f900000|  0%| F|  |TAMS 0x000000070f800000, 0x000000070f800000| Untracked 
| 101|0x000000070f900000, 0x000000070f900000, 0x000000070fa00000|  0%| F|  |TAMS 0x000000070f900000, 0x000000070f900000| Untracked 
| 102|0x000000070fa00000, 0x000000070fa00000, 0x000000070fb00000|  0%| F|  |TAMS 0x000000070fa00000, 0x000000070fa00000| Untracked 
| 103|0x000000070fb00000, 0x000000070fb00000, 0x000000070fc00000|  0%| F|  |TAMS 0x000000070fb00000, 0x000000070fb00000| Untracked 
| 104|0x000000070fc00000, 0x000000070fc00000, 0x000000070fd00000|  0%| F|  |TAMS 0x000000070fc00000, 0x000000070fc00000| Untracked 
| 105|0x000000070fd00000, 0x000000070fd00000, 0x000000070fe00000|  0%| F|  |TAMS 0x000000070fd00000, 0x000000070fd00000| Untracked 
| 106|0x000000070fe00000, 0x000000070fe00000, 0x000000070ff00000|  0%| F|  |TAMS 0x000000070fe00000, 0x000000070fe00000| Untracked 
| 107|0x000000070ff00000, 0x000000070ff00000, 0x0000000710000000|  0%| F|  |TAMS 0x000000070ff00000, 0x000000070ff00000| Untracked 
| 108|0x0000000710000000, 0x0000000710000000, 0x0000000710100000|  0%| F|  |TAMS 0x0000000710000000, 0x0000000710000000| Untracked 
| 109|0x0000000710100000, 0x0000000710100000, 0x0000000710200000|  0%| F|  |TAMS 0x0000000710100000, 0x0000000710100000| Untracked 
| 110|0x0000000710200000, 0x0000000710200000, 0x0000000710300000|  0%| F|  |TAMS 0x0000000710200000, 0x0000000710200000| Untracked 
| 111|0x0000000710300000, 0x0000000710300000, 0x0000000710400000|  0%| F|  |TAMS 0x0000000710300000, 0x0000000710300000| Untracked 
| 112|0x0000000710400000, 0x0000000710400000, 0x0000000710500000|  0%| F|  |TAMS 0x0000000710400000, 0x0000000710400000| Untracked 
| 113|0x0000000710500000, 0x0000000710500000, 0x0000000710600000|  0%| F|  |TAMS 0x0000000710500000, 0x0000000710500000| Untracked 
| 114|0x0000000710600000, 0x0000000710600000, 0x0000000710700000|  0%| F|  |TAMS 0x0000000710600000, 0x0000000710600000| Untracked 
| 115|0x0000000710700000, 0x0000000710700000, 0x0000000710800000|  0%| F|  |TAMS 0x0000000710700000, 0x0000000710700000| Untracked 
| 116|0x0000000710800000, 0x0000000710800000, 0x0000000710900000|  0%| F|  |TAMS 0x0000000710800000, 0x0000000710800000| Untracked 
| 117|0x0000000710900000, 0x0000000710900000, 0x0000000710a00000|  0%| F|  |TAMS 0x0000000710900000, 0x0000000710900000| Untracked 
| 118|0x0000000710a00000, 0x0000000710a00000, 0x0000000710b00000|  0%| F|  |TAMS 0x0000000710a00000, 0x0000000710a00000| Untracked 
| 119|0x0000000710b00000, 0x0000000710b00000, 0x0000000710c00000|  0%| F|  |TAMS 0x0000000710b00000, 0x0000000710b00000| Untracked 
| 120|0x0000000710c00000, 0x0000000710c00000, 0x0000000710d00000|  0%| F|  |TAMS 0x0000000710c00000, 0x0000000710c00000| Untracked 
| 121|0x0000000710d00000, 0x0000000710d00000, 0x0000000710e00000|  0%| F|  |TAMS 0x0000000710d00000, 0x0000000710d00000| Untracked 
| 122|0x0000000710e00000, 0x0000000710e00000, 0x0000000710f00000|  0%| F|  |TAMS 0x0000000710e00000, 0x0000000710e00000| Untracked 
| 123|0x0000000710f00000, 0x0000000710f00000, 0x0000000711000000|  0%| F|  |TAMS 0x0000000710f00000, 0x0000000710f00000| Untracked 
| 124|0x0000000711000000, 0x0000000711000000, 0x0000000711100000|  0%| F|  |TAMS 0x0000000711000000, 0x0000000711000000| Untracked 
| 125|0x0000000711100000, 0x0000000711100000, 0x0000000711200000|  0%| F|  |TAMS 0x0000000711100000, 0x0000000711100000| Untracked 
| 126|0x0000000711200000, 0x0000000711200000, 0x0000000711300000|  0%| F|  |TAMS 0x0000000711200000, 0x0000000711200000| Untracked 
| 127|0x0000000711300000, 0x0000000711300000, 0x0000000711400000|  0%| F|  |TAMS 0x0000000711300000, 0x0000000711300000| Untracked 
| 128|0x0000000711400000, 0x0000000711400000, 0x0000000711500000|  0%| F|  |TAMS 0x0000000711400000, 0x0000000711400000| Untracked 
| 129|0x0000000711500000, 0x0000000711500000, 0x0000000711600000|  0%| F|  |TAMS 0x0000000711500000, 0x0000000711500000| Untracked 
| 130|0x0000000711600000, 0x0000000711600000, 0x0000000711700000|  0%| F|  |TAMS 0x0000000711600000, 0x0000000711600000| Untracked 
| 131|0x0000000711700000, 0x0000000711700000, 0x0000000711800000|  0%| F|  |TAMS 0x0000000711700000, 0x0000000711700000| Untracked 
| 132|0x0000000711800000, 0x0000000711800000, 0x0000000711900000|  0%| F|  |TAMS 0x0000000711800000, 0x0000000711800000| Untracked 
| 133|0x0000000711900000, 0x0000000711900000, 0x0000000711a00000|  0%| F|  |TAMS 0x0000000711900000, 0x0000000711900000| Untracked 
| 134|0x0000000711a00000, 0x0000000711a00000, 0x0000000711b00000|  0%| F|  |TAMS 0x0000000711a00000, 0x0000000711a00000| Untracked 
| 135|0x0000000711b00000, 0x0000000711b00000, 0x0000000711c00000|  0%| F|  |TAMS 0x0000000711b00000, 0x0000000711b00000| Untracked 
| 136|0x0000000711c00000, 0x0000000711c00000, 0x0000000711d00000|  0%| F|  |TAMS 0x0000000711c00000, 0x0000000711c00000| Untracked 
| 137|0x0000000711d00000, 0x0000000711d00000, 0x0000000711e00000|  0%| F|  |TAMS 0x0000000711d00000, 0x0000000711d00000| Untracked 
| 138|0x0000000711e00000, 0x0000000711e00000, 0x0000000711f00000|  0%| F|  |TAMS 0x0000000711e00000, 0x0000000711e00000| Untracked 
| 139|0x0000000711f00000, 0x0000000711f00000, 0x0000000712000000|  0%| F|  |TAMS 0x0000000711f00000, 0x0000000711f00000| Untracked 
| 140|0x0000000712000000, 0x0000000712000000, 0x0000000712100000|  0%| F|  |TAMS 0x0000000712000000, 0x0000000712000000| Untracked 
| 141|0x0000000712100000, 0x0000000712100000, 0x0000000712200000|  0%| F|  |TAMS 0x0000000712100000, 0x0000000712100000| Untracked 
| 142|0x0000000712200000, 0x0000000712200000, 0x0000000712300000|  0%| F|  |TAMS 0x0000000712200000, 0x0000000712200000| Untracked 
| 143|0x0000000712300000, 0x0000000712300000, 0x0000000712400000|  0%| F|  |TAMS 0x0000000712300000, 0x0000000712300000| Untracked 
| 144|0x0000000712400000, 0x0000000712400000, 0x0000000712500000|  0%| F|  |TAMS 0x0000000712400000, 0x0000000712400000| Untracked 
| 145|0x0000000712500000, 0x0000000712500000, 0x0000000712600000|  0%| F|  |TAMS 0x0000000712500000, 0x0000000712500000| Untracked 
| 146|0x0000000712600000, 0x0000000712600000, 0x0000000712700000|  0%| F|  |TAMS 0x0000000712600000, 0x0000000712600000| Untracked 
| 147|0x0000000712700000, 0x0000000712700000, 0x0000000712800000|  0%| F|  |TAMS 0x0000000712700000, 0x0000000712700000| Untracked 
| 148|0x0000000712800000, 0x0000000712800000, 0x0000000712900000|  0%| F|  |TAMS 0x0000000712800000, 0x0000000712800000| Untracked 
| 149|0x0000000712900000, 0x0000000712900000, 0x0000000712a00000|  0%| F|  |TAMS 0x0000000712900000, 0x0000000712900000| Untracked 
| 150|0x0000000712a00000, 0x0000000712a00000, 0x0000000712b00000|  0%| F|  |TAMS 0x0000000712a00000, 0x0000000712a00000| Untracked 
| 151|0x0000000712b00000, 0x0000000712b00000, 0x0000000712c00000|  0%| F|  |TAMS 0x0000000712b00000, 0x0000000712b00000| Untracked 
| 152|0x0000000712c00000, 0x0000000712c00000, 0x0000000712d00000|  0%| F|  |TAMS 0x0000000712c00000, 0x0000000712c00000| Untracked 
| 153|0x0000000712d00000, 0x0000000712d00000, 0x0000000712e00000|  0%| F|  |TAMS 0x0000000712d00000, 0x0000000712d00000| Untracked 
| 154|0x0000000712e00000, 0x0000000712e00000, 0x0000000712f00000|  0%| F|  |TAMS 0x0000000712e00000, 0x0000000712e00000| Untracked 
| 155|0x0000000712f00000, 0x0000000712f00000, 0x0000000713000000|  0%| F|  |TAMS 0x0000000712f00000, 0x0000000712f00000| Untracked 
| 156|0x0000000713000000, 0x0000000713000000, 0x0000000713100000|  0%| F|  |TAMS 0x0000000713000000, 0x0000000713000000| Untracked 
| 157|0x0000000713100000, 0x0000000713100000, 0x0000000713200000|  0%| F|  |TAMS 0x0000000713100000, 0x0000000713100000| Untracked 
| 158|0x0000000713200000, 0x0000000713200000, 0x0000000713300000|  0%| F|  |TAMS 0x0000000713200000, 0x0000000713200000| Untracked 
| 159|0x0000000713300000, 0x0000000713300000, 0x0000000713400000|  0%| F|  |TAMS 0x0000000713300000, 0x0000000713300000| Untracked 
| 160|0x0000000713400000, 0x0000000713400000, 0x0000000713500000|  0%| F|  |TAMS 0x0000000713400000, 0x0000000713400000| Untracked 
| 161|0x0000000713500000, 0x0000000713500000, 0x0000000713600000|  0%| F|  |TAMS 0x0000000713500000, 0x0000000713500000| Untracked 
| 162|0x0000000713600000, 0x0000000713600000, 0x0000000713700000|  0%| F|  |TAMS 0x0000000713600000, 0x0000000713600000| Untracked 
| 163|0x0000000713700000, 0x0000000713700000, 0x0000000713800000|  0%| F|  |TAMS 0x0000000713700000, 0x0000000713700000| Untracked 
| 164|0x0000000713800000, 0x0000000713800000, 0x0000000713900000|  0%| F|  |TAMS 0x0000000713800000, 0x0000000713800000| Untracked 
| 165|0x0000000713900000, 0x0000000713900000, 0x0000000713a00000|  0%| F|  |TAMS 0x0000000713900000, 0x0000000713900000| Untracked 
| 166|0x0000000713a00000, 0x0000000713a00000, 0x0000000713b00000|  0%| F|  |TAMS 0x0000000713a00000, 0x0000000713a00000| Untracked 
| 167|0x0000000713b00000, 0x0000000713b00000, 0x0000000713c00000|  0%| F|  |TAMS 0x0000000713b00000, 0x0000000713b00000| Untracked 
| 168|0x0000000713c00000, 0x0000000713c00000, 0x0000000713d00000|  0%| F|  |TAMS 0x0000000713c00000, 0x0000000713c00000| Untracked 
| 169|0x0000000713d00000, 0x0000000713d00000, 0x0000000713e00000|  0%| F|  |TAMS 0x0000000713d00000, 0x0000000713d00000| Untracked 
| 170|0x0000000713e00000, 0x0000000713e00000, 0x0000000713f00000|  0%| F|  |TAMS 0x0000000713e00000, 0x0000000713e00000| Untracked 
| 171|0x0000000713f00000, 0x0000000713f00000, 0x0000000714000000|  0%| F|  |TAMS 0x0000000713f00000, 0x0000000713f00000| Untracked 
| 172|0x0000000714000000, 0x0000000714000000, 0x0000000714100000|  0%| F|  |TAMS 0x0000000714000000, 0x0000000714000000| Untracked 
| 173|0x0000000714100000, 0x0000000714100000, 0x0000000714200000|  0%| F|  |TAMS 0x0000000714100000, 0x0000000714100000| Untracked 
| 174|0x0000000714200000, 0x0000000714200000, 0x0000000714300000|  0%| F|  |TAMS 0x0000000714200000, 0x0000000714200000| Untracked 
| 175|0x0000000714300000, 0x0000000714300000, 0x0000000714400000|  0%| F|  |TAMS 0x0000000714300000, 0x0000000714300000| Untracked 
| 176|0x0000000714400000, 0x0000000714400000, 0x0000000714500000|  0%| F|  |TAMS 0x0000000714400000, 0x0000000714400000| Untracked 
| 177|0x0000000714500000, 0x0000000714500000, 0x0000000714600000|  0%| F|  |TAMS 0x0000000714500000, 0x0000000714500000| Untracked 
| 178|0x0000000714600000, 0x0000000714600000, 0x0000000714700000|  0%| F|  |TAMS 0x0000000714600000, 0x0000000714600000| Untracked 
| 179|0x0000000714700000, 0x0000000714700000, 0x0000000714800000|  0%| F|  |TAMS 0x0000000714700000, 0x0000000714700000| Untracked 
| 180|0x0000000714800000, 0x0000000714800000, 0x0000000714900000|  0%| F|  |TAMS 0x0000000714800000, 0x0000000714800000| Untracked 
| 181|0x0000000714900000, 0x0000000714900000, 0x0000000714a00000|  0%| F|  |TAMS 0x0000000714900000, 0x0000000714900000| Untracked 
| 182|0x0000000714a00000, 0x0000000714a00000, 0x0000000714b00000|  0%| F|  |TAMS 0x0000000714a00000, 0x0000000714a00000| Untracked 
| 183|0x0000000714b00000, 0x0000000714b00000, 0x0000000714c00000|  0%| F|  |TAMS 0x0000000714b00000, 0x0000000714b00000| Untracked 
| 184|0x0000000714c00000, 0x0000000714c00000, 0x0000000714d00000|  0%| F|  |TAMS 0x0000000714c00000, 0x0000000714c00000| Untracked 
| 185|0x0000000714d00000, 0x0000000714d00000, 0x0000000714e00000|  0%| F|  |TAMS 0x0000000714d00000, 0x0000000714d00000| Untracked 
| 186|0x0000000714e00000, 0x0000000714e00000, 0x0000000714f00000|  0%| F|  |TAMS 0x0000000714e00000, 0x0000000714e00000| Untracked 
| 187|0x0000000714f00000, 0x0000000714f00000, 0x0000000715000000|  0%| F|  |TAMS 0x0000000714f00000, 0x0000000714f00000| Untracked 
| 188|0x0000000715000000, 0x0000000715000000, 0x0000000715100000|  0%| F|  |TAMS 0x0000000715000000, 0x0000000715000000| Untracked 
| 189|0x0000000715100000, 0x0000000715100000, 0x0000000715200000|  0%| F|  |TAMS 0x0000000715100000, 0x0000000715100000| Untracked 
| 190|0x0000000715200000, 0x0000000715200000, 0x0000000715300000|  0%| F|  |TAMS 0x0000000715200000, 0x0000000715200000| Untracked 
| 191|0x0000000715300000, 0x0000000715300000, 0x0000000715400000|  0%| F|  |TAMS 0x0000000715300000, 0x0000000715300000| Untracked 
| 192|0x0000000715400000, 0x0000000715400000, 0x0000000715500000|  0%| F|  |TAMS 0x0000000715400000, 0x0000000715400000| Untracked 
| 193|0x0000000715500000, 0x0000000715500000, 0x0000000715600000|  0%| F|  |TAMS 0x0000000715500000, 0x0000000715500000| Untracked 
| 194|0x0000000715600000, 0x0000000715600000, 0x0000000715700000|  0%| F|  |TAMS 0x0000000715600000, 0x0000000715600000| Untracked 
| 195|0x0000000715700000, 0x0000000715700000, 0x0000000715800000|  0%| F|  |TAMS 0x0000000715700000, 0x0000000715700000| Untracked 
| 196|0x0000000715800000, 0x0000000715800000, 0x0000000715900000|  0%| F|  |TAMS 0x0000000715800000, 0x0000000715800000| Untracked 
| 197|0x0000000715900000, 0x0000000715900000, 0x0000000715a00000|  0%| F|  |TAMS 0x0000000715900000, 0x0000000715900000| Untracked 
| 198|0x0000000715a00000, 0x0000000715a00000, 0x0000000715b00000|  0%| F|  |TAMS 0x0000000715a00000, 0x0000000715a00000| Untracked 
| 199|0x0000000715b00000, 0x0000000715b00000, 0x0000000715c00000|  0%| F|  |TAMS 0x0000000715b00000, 0x0000000715b00000| Untracked 
| 200|0x0000000715c00000, 0x0000000715c00000, 0x0000000715d00000|  0%| F|  |TAMS 0x0000000715c00000, 0x0000000715c00000| Untracked 
| 201|0x0000000715d00000, 0x0000000715d00000, 0x0000000715e00000|  0%| F|  |TAMS 0x0000000715d00000, 0x0000000715d00000| Untracked 
| 202|0x0000000715e00000, 0x0000000715e00000, 0x0000000715f00000|  0%| F|  |TAMS 0x0000000715e00000, 0x0000000715e00000| Untracked 
| 203|0x0000000715f00000, 0x0000000715f00000, 0x0000000716000000|  0%| F|  |TAMS 0x0000000715f00000, 0x0000000715f00000| Untracked 
| 204|0x0000000716000000, 0x0000000716000000, 0x0000000716100000|  0%| F|  |TAMS 0x0000000716000000, 0x0000000716000000| Untracked 
| 205|0x0000000716100000, 0x0000000716100000, 0x0000000716200000|  0%| F|  |TAMS 0x0000000716100000, 0x0000000716100000| Untracked 
| 206|0x0000000716200000, 0x0000000716200000, 0x0000000716300000|  0%| F|  |TAMS 0x0000000716200000, 0x0000000716200000| Untracked 
| 207|0x0000000716300000, 0x0000000716300000, 0x0000000716400000|  0%| F|  |TAMS 0x0000000716300000, 0x0000000716300000| Untracked 
| 208|0x0000000716400000, 0x0000000716400000, 0x0000000716500000|  0%| F|  |TAMS 0x0000000716400000, 0x0000000716400000| Untracked 
| 209|0x0000000716500000, 0x0000000716500000, 0x0000000716600000|  0%| F|  |TAMS 0x0000000716500000, 0x0000000716500000| Untracked 
| 210|0x0000000716600000, 0x0000000716600000, 0x0000000716700000|  0%| F|  |TAMS 0x0000000716600000, 0x0000000716600000| Untracked 
| 211|0x0000000716700000, 0x0000000716700000, 0x0000000716800000|  0%| F|  |TAMS 0x0000000716700000, 0x0000000716700000| Untracked 
| 212|0x0000000716800000, 0x0000000716800000, 0x0000000716900000|  0%| F|  |TAMS 0x0000000716800000, 0x0000000716800000| Untracked 
| 213|0x0000000716900000, 0x0000000716900000, 0x0000000716a00000|  0%| F|  |TAMS 0x0000000716900000, 0x0000000716900000| Untracked 
| 214|0x0000000716a00000, 0x0000000716a00000, 0x0000000716b00000|  0%| F|  |TAMS 0x0000000716a00000, 0x0000000716a00000| Untracked 
| 215|0x0000000716b00000, 0x0000000716b00000, 0x0000000716c00000|  0%| F|  |TAMS 0x0000000716b00000, 0x0000000716b00000| Untracked 
| 216|0x0000000716c00000, 0x0000000716c00000, 0x0000000716d00000|  0%| F|  |TAMS 0x0000000716c00000, 0x0000000716c00000| Untracked 
| 217|0x0000000716d00000, 0x0000000716e00000, 0x0000000716e00000|100%| E|  |TAMS 0x0000000716d00000, 0x0000000716d00000| Complete 
| 218|0x0000000716e00000, 0x0000000716f00000, 0x0000000716f00000|100%| E|CS|TAMS 0x0000000716e00000, 0x0000000716e00000| Complete 
| 219|0x0000000716f00000, 0x0000000717000000, 0x0000000717000000|100%| E|CS|TAMS 0x0000000716f00000, 0x0000000716f00000| Complete 
| 220|0x0000000717000000, 0x0000000717100000, 0x0000000717100000|100%| E|CS|TAMS 0x0000000717000000, 0x0000000717000000| Complete 
| 221|0x0000000717100000, 0x0000000717200000, 0x0000000717200000|100%| S|CS|TAMS 0x0000000717100000, 0x0000000717100000| Complete 
| 222|0x0000000717200000, 0x0000000717300000, 0x0000000717300000|100%| S|CS|TAMS 0x0000000717200000, 0x0000000717200000| Complete 
| 223|0x0000000717300000, 0x0000000717400000, 0x0000000717400000|100%| S|CS|TAMS 0x0000000717300000, 0x0000000717300000| Complete 
| 224|0x0000000717400000, 0x0000000717500000, 0x0000000717500000|100%| E|CS|TAMS 0x0000000717400000, 0x0000000717400000| Complete 
| 225|0x0000000717500000, 0x0000000717600000, 0x0000000717600000|100%| E|CS|TAMS 0x0000000717500000, 0x0000000717500000| Complete 
| 226|0x0000000717600000, 0x0000000717700000, 0x0000000717700000|100%| E|CS|TAMS 0x0000000717600000, 0x0000000717600000| Complete 
| 227|0x0000000717700000, 0x0000000717800000, 0x0000000717800000|100%| E|CS|TAMS 0x0000000717700000, 0x0000000717700000| Complete 
| 228|0x0000000717800000, 0x0000000717900000, 0x0000000717900000|100%| E|CS|TAMS 0x0000000717800000, 0x0000000717800000| Complete 
| 229|0x0000000717900000, 0x0000000717a00000, 0x0000000717a00000|100%| E|CS|TAMS 0x0000000717900000, 0x0000000717900000| Complete 
| 230|0x0000000717a00000, 0x0000000717b00000, 0x0000000717b00000|100%| E|CS|TAMS 0x0000000717a00000, 0x0000000717a00000| Complete 
| 231|0x0000000717b00000, 0x0000000717c00000, 0x0000000717c00000|100%| E|CS|TAMS 0x0000000717b00000, 0x0000000717b00000| Complete 
| 232|0x0000000717c00000, 0x0000000717d00000, 0x0000000717d00000|100%| E|CS|TAMS 0x0000000717c00000, 0x0000000717c00000| Complete 
| 233|0x0000000717d00000, 0x0000000717e00000, 0x0000000717e00000|100%| E|CS|TAMS 0x0000000717d00000, 0x0000000717d00000| Complete 
| 234|0x0000000717e00000, 0x0000000717f00000, 0x0000000717f00000|100%| E|CS|TAMS 0x0000000717e00000, 0x0000000717e00000| Complete 
| 235|0x0000000717f00000, 0x0000000718000000, 0x0000000718000000|100%| E|CS|TAMS 0x0000000717f00000, 0x0000000717f00000| Complete 
| 236|0x0000000718000000, 0x0000000718100000, 0x0000000718100000|100%| E|CS|TAMS 0x0000000718000000, 0x0000000718000000| Complete 
| 237|0x0000000718100000, 0x0000000718200000, 0x0000000718200000|100%| E|CS|TAMS 0x0000000718100000, 0x0000000718100000| Complete 
| 238|0x0000000718200000, 0x0000000718300000, 0x0000000718300000|100%| E|CS|TAMS 0x0000000718200000, 0x0000000718200000| Complete 
| 239|0x0000000718300000, 0x0000000718400000, 0x0000000718400000|100%| E|CS|TAMS 0x0000000718300000, 0x0000000718300000| Complete 
| 240|0x0000000718400000, 0x0000000718500000, 0x0000000718500000|100%| E|CS|TAMS 0x0000000718400000, 0x0000000718400000| Complete 
| 241|0x0000000718500000, 0x0000000718600000, 0x0000000718600000|100%| E|CS|TAMS 0x0000000718500000, 0x0000000718500000| Complete 
| 242|0x0000000718600000, 0x0000000718700000, 0x0000000718700000|100%| E|CS|TAMS 0x0000000718600000, 0x0000000718600000| Complete 
| 243|0x0000000718700000, 0x0000000718800000, 0x0000000718800000|100%| E|CS|TAMS 0x0000000718700000, 0x0000000718700000| Complete 
| 244|0x0000000718800000, 0x0000000718900000, 0x0000000718900000|100%| E|CS|TAMS 0x0000000718800000, 0x0000000718800000| Complete 
| 245|0x0000000718900000, 0x0000000718a00000, 0x0000000718a00000|100%| E|CS|TAMS 0x0000000718900000, 0x0000000718900000| Complete 
| 246|0x0000000718a00000, 0x0000000718b00000, 0x0000000718b00000|100%| E|CS|TAMS 0x0000000718a00000, 0x0000000718a00000| Complete 
| 247|0x0000000718b00000, 0x0000000718c00000, 0x0000000718c00000|100%| E|CS|TAMS 0x0000000718b00000, 0x0000000718b00000| Complete 

Card table byte_map: [0x00007fb681191000,0x00007fb681947000] _byte_map_base: 0x00007fb67d947000

Marking Bits (Prev, Next): (CMBitMap*) 0x00007fb67c089a78, (CMBitMap*) 0x00007fb67c089ab0
 Prev Bits: [0x00007fb65c250000, 0x00007fb660000000)
 Next Bits: [0x00007fb6584a0000, 0x00007fb65c250000)

Polling page: 0x00007fb685918000

Metaspace:

Usage:
  Non-class:     14,32 MB capacity,    13,94 MB ( 97%) used,   330,50 KB (  2%) free+waste,    54,88 KB ( <1%) overhead. 
      Class:      1,84 MB capacity,     1,64 MB ( 89%) used,   176,29 KB (  9%) free+waste,    27,44 KB (  1%) overhead. 
       Both:     16,16 MB capacity,    15,59 MB ( 96%) used,   506,79 KB (  3%) free+waste,    82,31 KB ( <1%) overhead. 

Virtual space:
  Non-class space:       16,00 MB reserved,      14,50 MB ( 91%) committed 
      Class space:        1,00 GB reserved,       1,88 MB ( <1%) committed 
             Both:        1,02 GB reserved,      16,38 MB (  2%) committed 

Chunk freelists:
   Non-Class:  7,12 KB
       Class:  256 bytes
        Both:  7,38 KB

CodeHeap 'non-profiled nmethods': size=120032Kb used=649Kb max_used=649Kb free=119382Kb
 bounds [0x00007fb66d2c8000, 0x00007fb66d538000, 0x00007fb674800000]
CodeHeap 'profiled nmethods': size=120028Kb used=3290Kb max_used=3290Kb free=116737Kb
 bounds [0x00007fb665d91000, 0x00007fb6660d1000, 0x00007fb66d2c8000]
CodeHeap 'non-nmethods': size=5700Kb used=1152Kb max_used=1216Kb free=4547Kb
 bounds [0x00007fb665800000, 0x00007fb665a70000, 0x00007fb665d91000]
 total_blobs=1930 nmethods=1546 adapters=305
 compilation: enabled
              stopped_count=0, restarted_count=0
 full_count=0

Compilation events (10 events):
Event: 0,855 Thread 0x00007fb67c28f000 nmethod 1545 0x00007fb6660c5590 code [0x00007fb6660c57a0, 0x00007fb6660c60d0]
Event: 0,856 Thread 0x00007fb67c28f000 1541       3       jdk.internal.org.objectweb.asm.ClassVisitor::<init> (35 bytes)
Event: 0,856 Thread 0x00007fb67c28f000 nmethod 1541 0x00007fb6660c6510 code [0x00007fb6660c66e0, 0x00007fb6660c6a00]
Event: 0,856 Thread 0x00007fb67c28f000 1543       3       jdk.internal.misc.Unsafe::defineAnonymousClass (46 bytes)
Event: 0,856 Thread 0x00007fb67c28f000 nmethod 1543 0x00007fb6660c6b10 code [0x00007fb6660c6d00, 0x00007fb6660c7150]
Event: 0,856 Thread 0x00007fb67c28f000 1540       3       java.util.stream.StreamOpFlag::isKnown (19 bytes)
Event: 0,856 Thread 0x00007fb67c28f000 nmethod 1540 0x00007fb6660c7310 code [0x00007fb6660c74a0, 0x00007fb6660c75f0]
Event: 0,860 Thread 0x00007fb67c28f000 1546       3       java.lang.Short::<init> (10 bytes)
Event: 0,860 Thread 0x00007fb67c28f000 nmethod 1546 0x00007fb6660c7690 code [0x00007fb6660c7840, 0x00007fb6660c79f0]
Event: 1,209 Thread 0x00007fb62c24c800 nmethod 1445% 0x00007fb66d357110 code [0x00007fb66d357640, 0x00007fb66d364688]

GC Heap History (2 events):
Event: 0,572 GC heap before
{Heap before GC invocations=0 (full 0):
 garbage-first heap   total 253952K, used 23552K [0x0000000709400000, 0x0000000800000000)
  region size 1024K, 24 young (24576K), 0 survivors (0K)
 Metaspace       used 12676K, capacity 12995K, committed 13184K, reserved 1060864K
  class space    used 1211K, capacity 1317K, committed 1408K, reserved 1048576K
}
Event: 0,575 GC heap after
{Heap after GC invocations=1 (full 0):
 garbage-first heap   total 253952K, used 3215K [0x0000000709400000, 0x0000000800000000)
  region size 1024K, 3 young (3072K), 3 survivors (3072K)
 Metaspace       used 12676K, capacity 12995K, committed 13184K, reserved 1060864K
  class space    used 1211K, capacity 1317K, committed 1408K, reserved 1048576K
}

Deoptimization events (10 events):
Event: 0,399 Thread 0x00007fb67c025800 Uncommon trap: reason=bimorphic_or_optimized_type_check action=maybe_recompile pc=0x00007fb66d2d2d14 method=java.util.AbstractCollection.isEmpty()Z @ 1 c2
Event: 0,399 Thread 0x00007fb67c025800 Uncommon trap: reason=bimorphic_or_optimized_type_check action=maybe_recompile pc=0x00007fb66d2d2d14 method=java.util.AbstractCollection.isEmpty()Z @ 1 c2
Event: 0,400 Thread 0x00007fb67c025800 Uncommon trap: reason=bimorphic_or_optimized_type_check action=maybe_recompile pc=0x00007fb66d2d2d14 method=java.util.AbstractCollection.isEmpty()Z @ 1 c2
Event: 0,466 Thread 0x00007fb67c025800 Uncommon trap: reason=unstable_if action=reinterpret pc=0x00007fb66d2f8208 method=org.eclipse.jdt.launching.internal.org.objectweb.asm.ClassReader.readUtf(II[C)Ljava/lang/String; @ 41 c2
Event: 0,494 Thread 0x00007fb67c025800 Uncommon trap: reason=unstable_if action=reinterpret pc=0x00007fb66d2d03ac method=java.lang.String.isLatin1()Z @ 10 c2
Event: 0,494 Thread 0x00007fb67c025800 Uncommon trap: reason=unstable_if action=reinterpret pc=0x00007fb66d2cacfc method=java.lang.String.isLatin1()Z @ 10 c2
Event: 0,495 Thread 0x00007fb67c025800 Uncommon trap: reason=unstable_if action=reinterpret pc=0x00007fb66d2c9670 method=java.lang.String.isLatin1()Z @ 10 c2
Event: 0,568 Thread 0x00007fb67c025800 Uncommon trap: reason=unstable_if action=reinterpret pc=0x00007fb66d30b5c0 method=org.eclipse.jdt.launching.internal.org.objectweb.asm.ByteVector.putShort(I)Lorg/eclipse/jdt/launching/internal/org/objectweb/asm/ByteVector; @ 13 c2
Event: 0,819 Thread 0x00007fb67c025800 Uncommon trap: reason=unstable_if action=reinterpret pc=0x00007fb66d32d468 method=jdk.internal.org.objectweb.asm.Type.getArgumentsAndReturnSizes(Ljava/lang/String;)I @ 41 c2
Event: 0,846 Thread 0x00007fb67c025800 Uncommon trap: reason=unstable_if action=reinterpret pc=0x00007fb66d2dcbe4 method=java.lang.CharacterData.of(I)Ljava/lang/CharacterData; @ 4 c2

Classes redefined (3 events):
Event: 180,578 Thread 0x00007fb67c265800 redefined class name=com.opendev.service.impl.CarServiceImplTest, count=1
Event: 206,054 Thread 0x00007fb67c265800 redefined class name=com.opendev.service.impl.CarServiceImplTest, count=2
Event: 221,998 Thread 0x00007fb67c265800 redefined class name=com.opendev.service.impl.CarServiceImplTest, count=3

Internal exceptions (10 events):
Event: 0,663 Thread 0x00007fb67c025800 Exception <a 'java/lang/NoSuchMethodError'{0x00000007185d1300}: java.lang.invoke.DirectMethodHandle$Holder.invokeStatic(Ljava/lang/Object;Ljava/lang/Object;Ljava/lang/Object;Ljava/lang/Object;Ljava/lang/Object;)I> (0x00000007185d1300) thrown at [./open/sr
Event: 0,670 Thread 0x00007fb67c025800 Exception <a 'java/lang/NoSuchMethodError'{0x0000000718478418}: java.lang.invoke.DirectMethodHandle$Holder.invokeStaticInit(Ljava/lang/Object;)V> (0x0000000718478418) thrown at [./open/src/hotspot/share/interpreter/linkResolver.cpp, line 772]
Event: 0,693 Thread 0x00007fb67c025800 Exception <a 'java/lang/NoSuchMethodError'{0x000000071826f0b0}: java.lang.invoke.DirectMethodHandle$Holder.invokeSpecial(Ljava/lang/Object;Ljava/lang/Object;)V> (0x000000071826f0b0) thrown at [./open/src/hotspot/share/interpreter/linkResolver.cpp, line 77
Event: 0,709 Thread 0x00007fb67c025800 Exception <a 'java/lang/NoSuchMethodError'{0x0000000718090960}: java.lang.invoke.DirectMethodHandle$Holder.invokeStaticInit(Ljava/lang/Object;Ljava/lang/Object;)I> (0x0000000718090960) thrown at [./open/src/hotspot/share/interpreter/linkResolver.cpp, line
Event: 0,734 Thread 0x00007fb67c025800 Exception <a 'java/lang/NoSuchMethodError'{0x0000000717e0fc20}: java.lang.invoke.DirectMethodHandle$Holder.invokeStatic(Ljava/lang/Object;Ljava/lang/Object;Ljava/lang/Object;Ljava/lang/Object;Ljava/lang/Object;)V> (0x0000000717e0fc20) thrown at [./open/sr
Event: 0,735 Thread 0x00007fb67c025800 Exception <a 'java/lang/NoSuchMethodError'{0x0000000717e21058}: java.lang.invoke.Invokers$Holder.linkToTargetMethod(Ljava/lang/Object;Ljava/lang/Object;Ljava/lang/Object;Ljava/lang/Object;Ljava/lang/Object;Ljava/lang/Object;Ljava/lang/Object;)Ljava/lang/O
Event: 0,736 Thread 0x00007fb67c025800 Exception <a 'java/lang/NoSuchMethodError'{0x0000000717e26d68}: java.lang.invoke.DirectMethodHandle$Holder.invokeInterface(Ljava/lang/Object;Ljava/lang/Object;Ljava/lang/Object;Ljava/lang/Object;Ljava/lang/Object;)Ljava/lang/Object;> (0x0000000717e26d68) 
Event: 0,736 Thread 0x00007fb67c025800 Exception <a 'java/lang/IncompatibleClassChangeError'{0x0000000717e2a4c0}: Found class java.lang.Object, but interface was expected> (0x0000000717e2a4c0) thrown at [./open/src/hotspot/share/interpreter/linkResolver.cpp, line 838]
Event: 0,819 Thread 0x00007fb67c025800 Exception <a 'java/lang/NoSuchMethodError'{0x00000007174f8590}: java.lang.invoke.DirectMethodHandle$Holder.invokeSpecial(Ljava/lang/Object;Ljava/lang/Object;)D> (0x00000007174f8590) thrown at [./open/src/hotspot/share/interpreter/linkResolver.cpp, line 77
Event: 0,837 Thread 0x00007fb67c025800 Exception <a 'java/lang/NoSuchMethodError'{0x0000000716f165d0}: java.lang.invoke.DirectMethodHandle$Holder.invokeInterface(Ljava/lang/Object;Ljava/lang/Object;)I> (0x0000000716f165d0) thrown at [./open/src/hotspot/share/interpreter/linkResolver.cpp, line 

Events (10 events):
Event: 222,009 Executing VM operation: SetFramePop done
Event: 222,009 Executing VM operation: GetFrameLocation
Event: 222,009 Executing VM operation: GetFrameLocation done
Event: 222,009 Executing VM operation: GetCurrentLocation
Event: 222,009 Executing VM operation: GetCurrentLocation done
Event: 222,010 Executing VM operation: ChangeSingleStep
Event: 222,010 Executing VM operation: ChangeSingleStep done
Event: 222,010 Executing VM operation: GetFrameLocation
Event: 222,010 Executing VM operation: GetFrameLocation done
Event: 222,010 Executing VM operation: GetOrSetLocal


Dynamic libraries:
709400000-718c00000 rw-p 00000000 00:00 0 
718c00000-800000000 ---p 00000000 00:00 0 
800000000-8001e0000 rw-p 00000000 00:00 0 
8001e0000-840000000 ---p 00000000 00:00 0 
55681cc00000-55681cc01000 r-xp 00000000 fd:00 7603723                    /home/avalos_m/Descargas/eclipse/jdk-11.0.17_linux-x64_bin/jdk-11.0.17/bin/java
55681ce01000-55681ce02000 r--p 00001000 fd:00 7603723                    /home/avalos_m/Descargas/eclipse/jdk-11.0.17_linux-x64_bin/jdk-11.0.17/bin/java
55681ce02000-55681ce03000 rw-p 00002000 fd:00 7603723                    /home/avalos_m/Descargas/eclipse/jdk-11.0.17_linux-x64_bin/jdk-11.0.17/bin/java
55681db42000-55681db63000 rw-p 00000000 00:00 0                          [heap]
7fb5f0000000-7fb5f0021000 rw-p 00000000 00:00 0 
7fb5f0021000-7fb5f4000000 ---p 00000000 00:00 0 
7fb5f7e00000-7fb5f7e80000 rw-p 00000000 00:00 0 
7fb5f7e80000-7fb5f8000000 ---p 00000000 00:00 0 
7fb5f8000000-7fb5f8021000 rw-p 00000000 00:00 0 
7fb5f8021000-7fb5fc000000 ---p 00000000 00:00 0 
7fb5fc000000-7fb5fc021000 rw-p 00000000 00:00 0 
7fb5fc021000-7fb600000000 ---p 00000000 00:00 0 
7fb600000000-7fb600021000 rw-p 00000000 00:00 0 
7fb600021000-7fb604000000 ---p 00000000 00:00 0 
7fb604000000-7fb604021000 rw-p 00000000 00:00 0 
7fb604021000-7fb608000000 ---p 00000000 00:00 0 
7fb608000000-7fb608021000 rw-p 00000000 00:00 0 
7fb608021000-7fb60c000000 ---p 00000000 00:00 0 
7fb60c000000-7fb60da1b000 rw-p 00000000 00:00 0 
7fb60da1b000-7fb610000000 ---p 00000000 00:00 0 
7fb610000000-7fb610021000 rw-p 00000000 00:00 0 
7fb610021000-7fb614000000 ---p 00000000 00:00 0 
7fb614000000-7fb614021000 rw-p 00000000 00:00 0 
7fb614021000-7fb618000000 ---p 00000000 00:00 0 
7fb618000000-7fb6183e7000 rw-p 00000000 00:00 0 
7fb6183e7000-7fb61c000000 ---p 00000000 00:00 0 
7fb61c000000-7fb61c021000 rw-p 00000000 00:00 0 
7fb61c021000-7fb620000000 ---p 00000000 00:00 0 
7fb620000000-7fb620021000 rw-p 00000000 00:00 0 
7fb620021000-7fb624000000 ---p 00000000 00:00 0 
7fb624000000-7fb624021000 rw-p 00000000 00:00 0 
7fb624021000-7fb628000000 ---p 00000000 00:00 0 
7fb628000000-7fb628568000 rw-p 00000000 00:00 0 
7fb628568000-7fb62c000000 ---p 00000000 00:00 0 
7fb62c000000-7fb62c40a000 rw-p 00000000 00:00 0 
7fb62c40a000-7fb630000000 ---p 00000000 00:00 0 
7fb630000000-7fb630021000 rw-p 00000000 00:00 0 
7fb630021000-7fb634000000 ---p 00000000 00:00 0 
7fb634000000-7fb634021000 rw-p 00000000 00:00 0 
7fb634021000-7fb638000000 ---p 00000000 00:00 0 
7fb638000000-7fb638021000 rw-p 00000000 00:00 0 
7fb638021000-7fb63c000000 ---p 00000000 00:00 0 
7fb63c000000-7fb63c021000 rw-p 00000000 00:00 0 
7fb63c021000-7fb640000000 ---p 00000000 00:00 0 
7fb640000000-7fb640021000 rw-p 00000000 00:00 0 
7fb640021000-7fb644000000 ---p 00000000 00:00 0 
7fb644000000-7fb644442000 rw-p 00000000 00:00 0 
7fb644442000-7fb648000000 ---p 00000000 00:00 0 
7fb648000000-7fb648021000 rw-p 00000000 00:00 0 
7fb648021000-7fb64c000000 ---p 00000000 00:00 0 
7fb64c000000-7fb64c021000 rw-p 00000000 00:00 0 
7fb64c021000-7fb650000000 ---p 00000000 00:00 0 
7fb6500fa000-7fb6502fa000 rw-p 00000000 00:00 0 
7fb6502fa000-7fb6502fb000 ---p 00000000 00:00 0 
7fb6502fb000-7fb6503fc000 rw-p 00000000 00:00 0 
7fb6503fc000-7fb6503fd000 ---p 00000000 00:00 0 
7fb6503fd000-7fb6504fe000 rw-p 00000000 00:00 0 
7fb6504fe000-7fb6504ff000 ---p 00000000 00:00 0 
7fb6504ff000-7fb650800000 rw-p 00000000 00:00 0 
7fb650800000-7fb650802000 r-xp 00000000 fd:00 7604932                    /home/avalos_m/Descargas/eclipse/jdk-11.0.17_linux-x64_bin/jdk-11.0.17/lib/libextnet.so
7fb650802000-7fb650a01000 ---p 00002000 fd:00 7604932                    /home/avalos_m/Descargas/eclipse/jdk-11.0.17_linux-x64_bin/jdk-11.0.17/lib/libextnet.so
7fb650a01000-7fb650a02000 r--p 00001000 fd:00 7604932                    /home/avalos_m/Descargas/eclipse/jdk-11.0.17_linux-x64_bin/jdk-11.0.17/lib/libextnet.so
7fb650a02000-7fb650a03000 rw-p 00002000 fd:00 7604932                    /home/avalos_m/Descargas/eclipse/jdk-11.0.17_linux-x64_bin/jdk-11.0.17/lib/libextnet.so
7fb650afe000-7fb650aff000 ---p 00000000 00:00 0 
7fb650aff000-7fb650e00000 rw-p 00000000 00:00 0 
7fb650e00000-7fb650e15000 r-xp 00000000 fd:00 7604951                    /home/avalos_m/Descargas/eclipse/jdk-11.0.17_linux-x64_bin/jdk-11.0.17/lib/libnet.so
7fb650e15000-7fb651015000 ---p 00015000 fd:00 7604951                    /home/avalos_m/Descargas/eclipse/jdk-11.0.17_linux-x64_bin/jdk-11.0.17/lib/libnet.so
7fb651015000-7fb651016000 r--p 00015000 fd:00 7604951                    /home/avalos_m/Descargas/eclipse/jdk-11.0.17_linux-x64_bin/jdk-11.0.17/lib/libnet.so
7fb651016000-7fb651017000 rw-p 00016000 fd:00 7604951                    /home/avalos_m/Descargas/eclipse/jdk-11.0.17_linux-x64_bin/jdk-11.0.17/lib/libnet.so
7fb651100000-7fb651104000 ---p 00000000 00:00 0 
7fb651104000-7fb651200000 rw-p 00000000 00:00 0 
7fb651200000-7fb651210000 r-xp 00000000 fd:00 7604952                    /home/avalos_m/Descargas/eclipse/jdk-11.0.17_linux-x64_bin/jdk-11.0.17/lib/libnio.so
7fb651210000-7fb651410000 ---p 00010000 fd:00 7604952                    /home/avalos_m/Descargas/eclipse/jdk-11.0.17_linux-x64_bin/jdk-11.0.17/lib/libnio.so
7fb651410000-7fb651411000 r--p 00010000 fd:00 7604952                    /home/avalos_m/Descargas/eclipse/jdk-11.0.17_linux-x64_bin/jdk-11.0.17/lib/libnio.so
7fb651411000-7fb651412000 rw-p 00011000 fd:00 7604952                    /home/avalos_m/Descargas/eclipse/jdk-11.0.17_linux-x64_bin/jdk-11.0.17/lib/libnio.so
7fb651500000-7fb651504000 ---p 00000000 00:00 0 
7fb651504000-7fb651600000 rw-p 00000000 00:00 0 
7fb651600000-7fb651e01000 r--p 00000000 fd:00 2629239                    /usr/lib/locale/locale-archive
7fb651efe000-7fb651eff000 ---p 00000000 00:00 0 
7fb651eff000-7fb654000000 rw-p 00000000 00:00 0 
7fb654000000-7fb654021000 rw-p 00000000 00:00 0 
7fb654021000-7fb658000000 ---p 00000000 00:00 0 
7fb658000000-7fb658004000 ---p 00000000 00:00 0 
7fb658004000-7fb658100000 rw-p 00000000 00:00 0 
7fb658100000-7fb658104000 ---p 00000000 00:00 0 
7fb658104000-7fb658200000 rw-p 00000000 00:00 0 
7fb658200000-7fb658204000 r-xp 00000000 fd:00 7604931                    /home/avalos_m/Descargas/eclipse/jdk-11.0.17_linux-x64_bin/jdk-11.0.17/lib/libdt_socket.so
7fb658204000-7fb658404000 ---p 00004000 fd:00 7604931                    /home/avalos_m/Descargas/eclipse/jdk-11.0.17_linux-x64_bin/jdk-11.0.17/lib/libdt_socket.so
7fb658404000-7fb658405000 r--p 00004000 fd:00 7604931                    /home/avalos_m/Descargas/eclipse/jdk-11.0.17_linux-x64_bin/jdk-11.0.17/lib/libdt_socket.so
7fb658405000-7fb658406000 rw-p 00005000 fd:00 7604931                    /home/avalos_m/Descargas/eclipse/jdk-11.0.17_linux-x64_bin/jdk-11.0.17/lib/libdt_socket.so
7fb6584a0000-7fb658880000 rw-p 00000000 00:00 0 
7fb658880000-7fb65c250000 ---p 00000000 00:00 0 
7fb65c250000-7fb65c630000 rw-p 00000000 00:00 0 
7fb65c630000-7fb660000000 ---p 00000000 00:00 0 
7fb660000000-7fb660021000 rw-p 00000000 00:00 0 
7fb660021000-7fb664000000 ---p 00000000 00:00 0 
7fb6640f8000-7fb6640fc000 ---p 00000000 00:00 0 
7fb6640fc000-7fb6641f8000 rw-p 00000000 00:00 0 
7fb6641f8000-7fb6641fc000 ---p 00000000 00:00 0 
7fb6641fc000-7fb6642f8000 rw-p 00000000 00:00 0 
7fb6642f8000-7fb6642fc000 ---p 00000000 00:00 0 
7fb6642fc000-7fb6643f8000 rw-p 00000000 00:00 0 
7fb6643f8000-7fb6643fc000 ---p 00000000 00:00 0 
7fb6643fc000-7fb6644f8000 rw-p 00000000 00:00 0 
7fb6644f8000-7fb6644fc000 ---p 00000000 00:00 0 
7fb6644fc000-7fb6645f8000 rw-p 00000000 00:00 0 
7fb6645f8000-7fb6645fc000 ---p 00000000 00:00 0 
7fb6645fc000-7fb6646f8000 rw-p 00000000 00:00 0 
7fb6646f8000-7fb6646fc000 ---p 00000000 00:00 0 
7fb6646fc000-7fb6647f8000 rw-p 00000000 00:00 0 
7fb6647f8000-7fb6647fc000 ---p 00000000 00:00 0 
7fb6647fc000-7fb6648f8000 rw-p 00000000 00:00 0 
7fb6648f8000-7fb6648fc000 ---p 00000000 00:00 0 
7fb6648fc000-7fb6649f8000 rw-p 00000000 00:00 0 
7fb6649f8000-7fb6649fc000 ---p 00000000 00:00 0 
7fb6649fc000-7fb664af8000 rw-p 00000000 00:00 0 
7fb664af8000-7fb664af9000 ---p 00000000 00:00 0 
7fb664af9000-7fb6653fa000 rw-p 00000000 00:00 0 
7fb6653fa000-7fb6653fb000 ---p 00000000 00:00 0 
7fb6653fb000-7fb6654fc000 rw-p 00000000 00:00 0 
7fb6654fc000-7fb6654fd000 ---p 00000000 00:00 0 
7fb6654fd000-7fb665800000 rw-p 00000000 00:00 0 
7fb665800000-7fb665a70000 rwxp 00000000 00:00 0 
7fb665a70000-7fb665d91000 ---p 00000000 00:00 0 
7fb665d91000-7fb6660d1000 rwxp 00000000 00:00 0 
7fb6660d1000-7fb66d2c8000 ---p 00000000 00:00 0 
7fb66d2c8000-7fb66d538000 rwxp 00000000 00:00 0 
7fb66d538000-7fb674800000 ---p 00000000 00:00 0 
7fb674800000-7fb67bf50000 r--s 00000000 fd:00 7604962                    /home/avalos_m/Descargas/eclipse/jdk-11.0.17_linux-x64_bin/jdk-11.0.17/lib/modules
7fb67c000000-7fb67ca36000 rw-p 00000000 00:00 0 
7fb67ca36000-7fb680000000 ---p 00000000 00:00 0 
7fb6800d2000-7fb6806d8000 rw-p 00000000 00:00 0 
7fb6806d8000-7fb6806d9000 ---p 00000000 00:00 0 
7fb6806d9000-7fb6807da000 rw-p 00000000 00:00 0 
7fb6807da000-7fb6807db000 ---p 00000000 00:00 0 
7fb6807db000-7fb680a57000 rw-p 00000000 00:00 0 
7fb680a57000-7fb681191000 ---p 00000000 00:00 0 
7fb681191000-7fb68120d000 rw-p 00000000 00:00 0 
7fb68120d000-7fb681947000 ---p 00000000 00:00 0 
7fb681947000-7fb6819c3000 rw-p 00000000 00:00 0 
7fb6819c3000-7fb6820fd000 ---p 00000000 00:00 0 
7fb6820fd000-7fb682400000 rw-p 00000000 00:00 0 
7fb682400000-7fb682407000 r-xp 00000000 fd:00 7604961                    /home/avalos_m/Descargas/eclipse/jdk-11.0.17_linux-x64_bin/jdk-11.0.17/lib/libzip.so
7fb682407000-7fb682606000 ---p 00007000 fd:00 7604961                    /home/avalos_m/Descargas/eclipse/jdk-11.0.17_linux-x64_bin/jdk-11.0.17/lib/libzip.so
7fb682606000-7fb682607000 r--p 00006000 fd:00 7604961                    /home/avalos_m/Descargas/eclipse/jdk-11.0.17_linux-x64_bin/jdk-11.0.17/lib/libzip.so
7fb682607000-7fb682608000 rw-p 00007000 fd:00 7604961                    /home/avalos_m/Descargas/eclipse/jdk-11.0.17_linux-x64_bin/jdk-11.0.17/lib/libzip.so
7fb6826ff000-7fb682800000 rw-p 00000000 00:00 0 
7fb682800000-7fb68280a000 r-xp 00000000 fd:00 7604934                    /home/avalos_m/Descargas/eclipse/jdk-11.0.17_linux-x64_bin/jdk-11.0.17/lib/libinstrument.so
7fb68280a000-7fb682a09000 ---p 0000a000 fd:00 7604934                    /home/avalos_m/Descargas/eclipse/jdk-11.0.17_linux-x64_bin/jdk-11.0.17/lib/libinstrument.so
7fb682a09000-7fb682a0a000 r--p 00009000 fd:00 7604934                    /home/avalos_m/Descargas/eclipse/jdk-11.0.17_linux-x64_bin/jdk-11.0.17/lib/libinstrument.so
7fb682a0a000-7fb682a0b000 rw-p 0000a000 fd:00 7604934                    /home/avalos_m/Descargas/eclipse/jdk-11.0.17_linux-x64_bin/jdk-11.0.17/lib/libinstrument.so
7fb682aff000-7fb682c00000 rw-p 00000000 00:00 0 
7fb682c00000-7fb682c3c000 r-xp 00000000 fd:00 7604942                    /home/avalos_m/Descargas/eclipse/jdk-11.0.17_linux-x64_bin/jdk-11.0.17/lib/libjdwp.so
7fb682c3c000-7fb682e3b000 ---p 0003c000 fd:00 7604942                    /home/avalos_m/Descargas/eclipse/jdk-11.0.17_linux-x64_bin/jdk-11.0.17/lib/libjdwp.so
7fb682e3b000-7fb682e3c000 r--p 0003b000 fd:00 7604942                    /home/avalos_m/Descargas/eclipse/jdk-11.0.17_linux-x64_bin/jdk-11.0.17/lib/libjdwp.so
7fb682e3c000-7fb682e3d000 rw-p 0003c000 fd:00 7604942                    /home/avalos_m/Descargas/eclipse/jdk-11.0.17_linux-x64_bin/jdk-11.0.17/lib/libjdwp.so
7fb682eff000-7fb683000000 rw-p 00000000 00:00 0 
7fb683000000-7fb68301b000 r-xp 00000000 fd:00 7604943                    /home/avalos_m/Descargas/eclipse/jdk-11.0.17_linux-x64_bin/jdk-11.0.17/lib/libjimage.so
7fb68301b000-7fb68321a000 ---p 0001b000 fd:00 7604943                    /home/avalos_m/Descargas/eclipse/jdk-11.0.17_linux-x64_bin/jdk-11.0.17/lib/libjimage.so
7fb68321a000-7fb68321c000 r--p 0001a000 fd:00 7604943                    /home/avalos_m/Descargas/eclipse/jdk-11.0.17_linux-x64_bin/jdk-11.0.17/lib/libjimage.so
7fb68321c000-7fb68321d000 rw-p 0001c000 fd:00 7604943                    /home/avalos_m/Descargas/eclipse/jdk-11.0.17_linux-x64_bin/jdk-11.0.17/lib/libjimage.so
7fb6832ff000-7fb683400000 rw-p 00000000 00:00 0 
7fb683400000-7fb68342a000 r-xp 00000000 fd:00 7604939                    /home/avalos_m/Descargas/eclipse/jdk-11.0.17_linux-x64_bin/jdk-11.0.17/lib/libjava.so
7fb68342a000-7fb683629000 ---p 0002a000 fd:00 7604939                    /home/avalos_m/Descargas/eclipse/jdk-11.0.17_linux-x64_bin/jdk-11.0.17/lib/libjava.so
7fb683629000-7fb68362a000 r--p 00029000 fd:00 7604939                    /home/avalos_m/Descargas/eclipse/jdk-11.0.17_linux-x64_bin/jdk-11.0.17/lib/libjava.so
7fb68362a000-7fb68362b000 rw-p 0002a000 fd:00 7604939                    /home/avalos_m/Descargas/eclipse/jdk-11.0.17_linux-x64_bin/jdk-11.0.17/lib/libjava.so
7fb68362b000-7fb68362c000 rw-p 00000000 00:00 0 
7fb68367e000-7fb683800000 rw-p 00000000 00:00 0 
7fb683800000-7fb68380d000 r-xp 00000000 fd:00 7604960                    /home/avalos_m/Descargas/eclipse/jdk-11.0.17_linux-x64_bin/jdk-11.0.17/lib/libverify.so
7fb68380d000-7fb683a0c000 ---p 0000d000 fd:00 7604960                    /home/avalos_m/Descargas/eclipse/jdk-11.0.17_linux-x64_bin/jdk-11.0.17/lib/libverify.so
7fb683a0c000-7fb683a0e000 r--p 0000c000 fd:00 7604960                    /home/avalos_m/Descargas/eclipse/jdk-11.0.17_linux-x64_bin/jdk-11.0.17/lib/libverify.so
7fb683a0e000-7fb683a0f000 rw-p 0000e000 fd:00 7604960                    /home/avalos_m/Descargas/eclipse/jdk-11.0.17_linux-x64_bin/jdk-11.0.17/lib/libverify.so
7fb683a13000-7fb683a14000 ---p 00000000 00:00 0 
7fb683a14000-7fb683b1a000 rw-p 00000000 00:00 0 
7fb683b1a000-7fb683c00000 ---p 00000000 00:00 0 
7fb683c00000-7fb684d91000 r-xp 00000000 fd:00 7604973                    /home/avalos_m/Descargas/eclipse/jdk-11.0.17_linux-x64_bin/jdk-11.0.17/lib/server/libjvm.so
7fb684d91000-7fb684f91000 ---p 01191000 fd:00 7604973                    /home/avalos_m/Descargas/eclipse/jdk-11.0.17_linux-x64_bin/jdk-11.0.17/lib/server/libjvm.so
7fb684f91000-7fb685050000 r--p 01191000 fd:00 7604973                    /home/avalos_m/Descargas/eclipse/jdk-11.0.17_linux-x64_bin/jdk-11.0.17/lib/server/libjvm.so
7fb685050000-7fb68508a000 rw-p 01250000 fd:00 7604973                    /home/avalos_m/Descargas/eclipse/jdk-11.0.17_linux-x64_bin/jdk-11.0.17/lib/server/libjvm.so
7fb68508a000-7fb6850e1000 rw-p 00000000 00:00 0 
7fb685100000-7fb685104000 ---p 00000000 00:00 0 
7fb685104000-7fb685200000 rw-p 00000000 00:00 0 
7fb685200000-7fb685228000 r--p 00000000 fd:00 2623600                    /usr/lib/x86_64-linux-gnu/libc.so.6
7fb685228000-7fb6853bd000 r-xp 00028000 fd:00 2623600                    /usr/lib/x86_64-linux-gnu/libc.so.6
7fb6853bd000-7fb685415000 r--p 001bd000 fd:00 2623600                    /usr/lib/x86_64-linux-gnu/libc.so.6
7fb685415000-7fb685419000 r--p 00214000 fd:00 2623600                    /usr/lib/x86_64-linux-gnu/libc.so.6
7fb685419000-7fb68541b000 rw-p 00218000 fd:00 2623600                    /usr/lib/x86_64-linux-gnu/libc.so.6
7fb68541b000-7fb685428000 rw-p 00000000 00:00 0 
7fb68542e000-7fb685435000 rw-p 00000000 00:00 0 
7fb685435000-7fb685519000 ---p 00000000 00:00 0 
7fb685519000-7fb685527000 r--p 00000000 fd:00 2623606                    /usr/lib/x86_64-linux-gnu/libm.so.6
7fb685527000-7fb6855a3000 r-xp 0000e000 fd:00 2623606                    /usr/lib/x86_64-linux-gnu/libm.so.6
7fb6855a3000-7fb6855fe000 r--p 0008a000 fd:00 2623606                    /usr/lib/x86_64-linux-gnu/libm.so.6
7fb6855fe000-7fb6855ff000 r--p 000e4000 fd:00 2623606                    /usr/lib/x86_64-linux-gnu/libm.so.6
7fb6855ff000-7fb685600000 rw-p 000e5000 fd:00 2623606                    /usr/lib/x86_64-linux-gnu/libm.so.6
7fb685600000-7fb685610000 r-xp 00000000 fd:00 7604923                    /home/avalos_m/Descargas/eclipse/jdk-11.0.17_linux-x64_bin/jdk-11.0.17/lib/jli/libjli.so
7fb685610000-7fb68580f000 ---p 00010000 fd:00 7604923                    /home/avalos_m/Descargas/eclipse/jdk-11.0.17_linux-x64_bin/jdk-11.0.17/lib/jli/libjli.so
7fb68580f000-7fb685810000 r--p 0000f000 fd:00 7604923                    /home/avalos_m/Descargas/eclipse/jdk-11.0.17_linux-x64_bin/jdk-11.0.17/lib/jli/libjli.so
7fb685810000-7fb685811000 rw-p 00010000 fd:00 7604923                    /home/avalos_m/Descargas/eclipse/jdk-11.0.17_linux-x64_bin/jdk-11.0.17/lib/jli/libjli.so
7fb685872000-7fb6858d2000 rw-p 00000000 00:00 0 
7fb6858d2000-7fb6858d9000 ---p 00000000 00:00 0 
7fb6858d9000-7fb6858da000 r--p 00000000 fd:00 2623634                    /usr/lib/x86_64-linux-gnu/librt.so.1
7fb6858da000-7fb6858db000 r-xp 00001000 fd:00 2623634                    /usr/lib/x86_64-linux-gnu/librt.so.1
7fb6858db000-7fb6858dc000 r--p 00002000 fd:00 2623634                    /usr/lib/x86_64-linux-gnu/librt.so.1
7fb6858dc000-7fb6858dd000 r--p 00002000 fd:00 2623634                    /usr/lib/x86_64-linux-gnu/librt.so.1
7fb6858dd000-7fb6858de000 rw-p 00003000 fd:00 2623634                    /usr/lib/x86_64-linux-gnu/librt.so.1
7fb6858de000-7fb6858e3000 rw-p 00000000 00:00 0 
7fb6858e3000-7fb6858e4000 r--p 00000000 fd:00 2623604                    /usr/lib/x86_64-linux-gnu/libdl.so.2
7fb6858e4000-7fb6858e5000 r-xp 00001000 fd:00 2623604                    /usr/lib/x86_64-linux-gnu/libdl.so.2
7fb6858e5000-7fb6858e6000 r--p 00002000 fd:00 2623604                    /usr/lib/x86_64-linux-gnu/libdl.so.2
7fb6858e6000-7fb6858e7000 r--p 00002000 fd:00 2623604                    /usr/lib/x86_64-linux-gnu/libdl.so.2
7fb6858e7000-7fb6858e8000 rw-p 00003000 fd:00 2623604                    /usr/lib/x86_64-linux-gnu/libdl.so.2
7fb6858e8000-7fb6858e9000 r--p 00000000 fd:00 2623630                    /usr/lib/x86_64-linux-gnu/libpthread.so.0
7fb6858e9000-7fb6858ea000 r-xp 00001000 fd:00 2623630                    /usr/lib/x86_64-linux-gnu/libpthread.so.0
7fb6858ea000-7fb6858eb000 r--p 00002000 fd:00 2623630                    /usr/lib/x86_64-linux-gnu/libpthread.so.0
7fb6858eb000-7fb6858ec000 r--p 00002000 fd:00 2623630                    /usr/lib/x86_64-linux-gnu/libpthread.so.0
7fb6858ec000-7fb6858ed000 rw-p 00003000 fd:00 2623630                    /usr/lib/x86_64-linux-gnu/libpthread.so.0
7fb6858ed000-7fb6858ef000 r--p 00000000 fd:00 2621837                    /usr/lib/x86_64-linux-gnu/libz.so.1.2.11
7fb6858ef000-7fb685900000 r-xp 00002000 fd:00 2621837                    /usr/lib/x86_64-linux-gnu/libz.so.1.2.11
7fb685900000-7fb685906000 r--p 00013000 fd:00 2621837                    /usr/lib/x86_64-linux-gnu/libz.so.1.2.11
7fb685906000-7fb685907000 ---p 00019000 fd:00 2621837                    /usr/lib/x86_64-linux-gnu/libz.so.1.2.11
7fb685907000-7fb685908000 r--p 00019000 fd:00 2621837                    /usr/lib/x86_64-linux-gnu/libz.so.1.2.11
7fb685908000-7fb685909000 rw-p 0001a000 fd:00 2621837                    /usr/lib/x86_64-linux-gnu/libz.so.1.2.11
7fb685909000-7fb685910000 r--s 00000000 fd:00 3413501                    /usr/lib/x86_64-linux-gnu/gconv/gconv-modules.cache
7fb685910000-7fb685918000 rw-s 00000000 fd:00 659912                     /tmp/hsperfdata_avalos_m/36560
7fb685918000-7fb685919000 ---p 00000000 00:00 0 
7fb685919000-7fb68591a000 r--p 00000000 00:00 0 
7fb68591a000-7fb68591c000 rw-p 00000000 00:00 0 
7fb68591c000-7fb68591e000 r--p 00000000 fd:00 2623589                    /usr/lib/x86_64-linux-gnu/ld-linux-x86-64.so.2
7fb68591e000-7fb685948000 r-xp 00002000 fd:00 2623589                    /usr/lib/x86_64-linux-gnu/ld-linux-x86-64.so.2
7fb685948000-7fb685953000 r--p 0002c000 fd:00 2623589                    /usr/lib/x86_64-linux-gnu/ld-linux-x86-64.so.2
7fb685954000-7fb685956000 r--p 00037000 fd:00 2623589                    /usr/lib/x86_64-linux-gnu/ld-linux-x86-64.so.2
7fb685956000-7fb685958000 rw-p 00039000 fd:00 2623589                    /usr/lib/x86_64-linux-gnu/ld-linux-x86-64.so.2
7ffee95d0000-7ffee95f2000 rw-p 00000000 00:00 0                          [stack]
7ffee95f2000-7ffee95f6000 r--p 00000000 00:00 0                          [vvar]
7ffee95f6000-7ffee95f8000 r-xp 00000000 00:00 0                          [vdso]
ffffffffff600000-ffffffffff601000 --xp 00000000 00:00 0                  [vsyscall]


VM Arguments:
jvm_args: -agentlib:jdwp=transport=dt_socket,suspend=y,address=localhost:37067 -ea -javaagent:/home/avalos_m/Descargas/eclipse/configuration/org.eclipse.osgi/414/0/.cp/lib/javaagent-shaded.jar -Dfile.encoding=UTF-8 
java_command: org.eclipse.jdt.internal.junit.runner.RemoteTestRunner -version 3 -port 39765 -testLoaderClass org.eclipse.jdt.internal.junit5.runner.JUnit5TestLoader -loaderpluginname org.eclipse.jdt.junit5.runtime -test com.opendev.service.impl.CarServiceImplTest:deleteNoExisteId
java_class_path (initial): /home/avalos_m/eclipse-workspace/opendev-exercise-factory/target/test-classes:/home/avalos_m/eclipse-workspace/opendev-exercise-factory/target/classes:/home/avalos_m/Descargas/eclipse/plugins/org.junit_4.13.2.v20211018-1956.jar:/home/avalos_m/Descargas/eclipse/plugins/org.hamcrest.core_1.3.0.v20180420-1519.jar:/home/avalos_m/.m2/repository/com/google/code/gson/gson/2.10.1/gson-2.10.1.jar:/home/avalos_m/.m2/repository/io/vavr/vavr/0.10.4/vavr-0.10.4.jar:/home/avalos_m/.m2/repository/io/vavr/vavr-match/0.10.4/vavr-match-0.10.4.jar:/home/avalos_m/.m2/repository/org/mockito/mockito-all/1.10.19/mockito-all-1.10.19.jar:/home/avalos_m/.m2/repository/io/vavr/vavr-test/0.10.4/vavr-test-0.10.4.jar:/home/avalos_m/.m2/repository/org/projectlombok/lombok/1.18.26/lombok-1.18.26.jar:/home/avalos_m/.m2/repository/org/jacoco/org.jacoco.agent/0.8.8/org.jacoco.agent-0.8.8.jar:/home/avalos_m/.m2/repository/org/jacoco/jacoco-maven-plugin/0.8.8/jacoco-maven-plugin-0.8.8.jar:/home/avalos_m/.m2/repository/org/codehaus/plexus/plexus-utils/3.0.22/plexus-utils-3.0.22.jar:/home/avalos_m/.m2/repository/org/apache/maven/shared/file-management/1.2.1/file-management-1.2.1.jar:/home/avalos_m/.m2/repository/org/apache/maven/maven-plugin-api/2.0.6/maven-plugin-api-2.0.6.jar:/home/avalos_m/.m2/repository/org/apache/maven/shared/maven-shared-io/1.1/maven-shared-io-1.1.jar:/home/avalos_m/.m2/repository/org/apache/maven/maven-artifact/2.0.2/maven-artifact-2.0.2.jar:/home/avalos_m/.m2/repository/org/apache/maven/maven-artifact-manager/2.0.2/maven-artifact-manager-2.0.2.jar:/home/avalos_m/.m2/repository/org/apache/maven/maven-repository-metadata/2.0.2/maven-repository-metadata-2.0.2.jar:/home/avalos_m/.m2/repository/org/apache/maven/wagon/wagon-provider-api/1.0-alpha-6/wagon-provider-api-1.0-alpha-6.jar:/home/avalos_m/.m2/repository/org/codehaus/plexus/plexus-container-default/1.0-alpha-9/plexus-container-default-1.0-alpha-9.jar:/home/avalos_m/.m2/repository/junit/junit/3.8.1/j
Launcher Type: SUN_STANDARD

[Global flags]
     intx CICompilerCount                          = 4                                         {product} {ergonomic}
     uint ConcGCThreads                            = 2                                         {product} {ergonomic}
     uint G1ConcRefinementThreads                  = 8                                         {product} {ergonomic}
   size_t G1HeapRegionSize                         = 1048576                                   {product} {ergonomic}
    uintx GCDrainStackTargetSize                   = 64                                        {product} {ergonomic}
   size_t InitialHeapSize                          = 260046848                                 {product} {ergonomic}
   size_t MarkStackSize                            = 4194304                                   {product} {ergonomic}
   size_t MaxHeapSize                              = 4139778048                                {product} {ergonomic}
   size_t MaxNewSize                               = 2483027968                                {product} {ergonomic}
   size_t MinHeapDeltaBytes                        = 1048576                                   {product} {ergonomic}
    uintx NonNMethodCodeHeapSize                   = 5836300                                {pd product} {ergonomic}
    uintx NonProfiledCodeHeapSize                  = 122910970                              {pd product} {ergonomic}
    uintx ProfiledCodeHeapSize                     = 122910970                              {pd product} {ergonomic}
    uintx ReservedCodeCacheSize                    = 251658240                              {pd product} {ergonomic}
     bool SegmentedCodeCache                       = true                                      {product} {ergonomic}
     bool UseCompressedClassPointers               = true                                 {lp64_product} {ergonomic}
     bool UseCompressedOops                        = true                                 {lp64_product} {ergonomic}
     bool UseG1GC                                  = true                                      {product} {ergonomic}

Logging:
Log output configuration:
 #0: stdout all=warning uptime,level,tags
 #1: stderr all=off uptime,level,tags

Environment Variables:
PATH=/usr/local/sbin:/usr/local/bin:/usr/sbin:/usr/bin:/sbin:/bin:/usr/games:/usr/local/games:/snap/bin:/snap/bin
USERNAME=avalos_m
SHELL=/bin/bash
DISPLAY=:1

Signal Handlers:
SIGSEGV: [libjvm.so+0xe7fea0], sa_mask[0]=11111111011111111101111111111110, sa_flags=SA_RESTART|SA_SIGINFO
SIGBUS: [libjvm.so+0xe7fea0], sa_mask[0]=11111111011111111101111111111110, sa_flags=SA_RESTART|SA_SIGINFO
SIGFPE: [libjvm.so+0xe7fea0], sa_mask[0]=11111111011111111101111111111110, sa_flags=SA_RESTART|SA_SIGINFO
SIGPIPE: [libjvm.so+0xc52290], sa_mask[0]=11111111011111111101111111111110, sa_flags=SA_RESTART|SA_SIGINFO
SIGXFSZ: [libjvm.so+0xc52290], sa_mask[0]=11111111011111111101111111111110, sa_flags=SA_RESTART|SA_SIGINFO
SIGILL: [libjvm.so+0xe7fea0], sa_mask[0]=11111111011111111101111111111110, sa_flags=SA_RESTART|SA_SIGINFO
SIGUSR2: [libjvm.so+0xc52130], sa_mask[0]=00100000000000000000000000000000, sa_flags=SA_RESTART|SA_SIGINFO
SIGHUP: [libjvm.so+0xc52760], sa_mask[0]=11111111011111111101111111111110, sa_flags=SA_RESTART|SA_SIGINFO
SIGINT: [libjvm.so+0xc52760], sa_mask[0]=11111111011111111101111111111110, sa_flags=SA_RESTART|SA_SIGINFO
SIGTERM: [libjvm.so+0xc52760], sa_mask[0]=11111111011111111101111111111110, sa_flags=SA_RESTART|SA_SIGINFO
SIGQUIT: [libjvm.so+0xc52760], sa_mask[0]=11111111011111111101111111111110, sa_flags=SA_RESTART|SA_SIGINFO


---------------  S Y S T E M  ---------------

OS:DISTRIB_ID=Ubuntu
DISTRIB_RELEASE=22.04
DISTRIB_CODENAME=jammy
DISTRIB_DESCRIPTION="Ubuntu 22.04.2 LTS"
uname:Linux 5.19.0-38-generic #39~22.04.1-Ubuntu SMP PREEMPT_DYNAMIC Fri Mar 17 21:16:15 UTC 2 x86_64
libc:glibc 2.35 NPTL 2.35 
rlimit: STACK 8192k, CORE 0k, NPROC 62811, NOFILE 1048576, AS infinity, DATA infinity, FSIZE infinity
load average:1,17 0,95 1,00

/proc/meminfo:
MemTotal:       16163512 kB
MemFree:         3762752 kB
MemAvailable:    7805444 kB
Buffers:          251024 kB
Cached:          5329420 kB
SwapCached:            0 kB
Active:          2185204 kB
Inactive:        8551188 kB
Active(anon):       3024 kB
Inactive(anon):  6586832 kB
Active(file):    2182180 kB
Inactive(file):  1964356 kB
Unevictable:      899348 kB
Mlocked:              96 kB
SwapTotal:        999420 kB
SwapFree:         999420 kB
Zswap:                 0 kB
Zswapped:              0 kB
Dirty:              1292 kB
Writeback:             0 kB
AnonPages:       6055240 kB
Mapped:          1321320 kB
Shmem:           1440056 kB
KReclaimable:     240828 kB
Slab:             499292 kB
SReclaimable:     240828 kB
SUnreclaim:       258464 kB
KernelStack:       29300 kB
PageTables:        76596 kB
NFS_Unstable:          0 kB
Bounce:                0 kB
WritebackTmp:          0 kB
CommitLimit:     9081176 kB
Committed_AS:   21139348 kB
VmallocTotal:   34359738367 kB
VmallocUsed:       94632 kB
VmallocChunk:          0 kB
Percpu:             9824 kB
HardwareCorrupted:     0 kB
AnonHugePages:         0 kB
ShmemHugePages:   819200 kB
ShmemPmdMapped:        0 kB
FileHugePages:         0 kB
FilePmdMapped:         0 kB
HugePages_Total:       0
HugePages_Free:        0
HugePages_Rsvd:        0
HugePages_Surp:        0
Hugepagesize:       2048 kB
Hugetlb:               0 kB
DirectMap4k:      431808 kB
DirectMap2M:    12978176 kB
DirectMap1G:     3145728 kB


/proc/sys/kernel/threads-max (system-wide limit on the number of threads):
125622


/proc/sys/vm/max_map_count (maximum number of memory map areas a process may have):
65530


/proc/sys/kernel/pid_max (system-wide limit on number of process identifiers):
4194304



container (cgroup) information:
container_type: cgroupv2
cpu_cpuset_cpus: not supported
cpu_memory_nodes: not supported
active_processor_count: 8
cpu_quota: not supported
cpu_period: not supported
cpu_shares: not supported
memory_limit_in_bytes: unlimited
memory_and_swap_limit_in_bytes: unlimited
memory_soft_limit_in_bytes: unlimited
memory_usage_in_bytes: 4266258432
memory_max_usage_in_bytes: not supported


CPU:total 8 (initial active 8) (4 cores per cpu, 2 threads per core) family 6 model 140 stepping 1 microcode 0xa6, cmov, cx8, fxsr, mmx, sse, sse2, sse3, ssse3, sse4.1, sse4.2, popcnt, avx, avx2, aes, clmul, erms, 3dnowpref, lzcnt, ht, tsc, tscinvbit, bmi1, bmi2, adx, evex, sha, fma
CPU Model and flags from /proc/cpuinfo:
model name	: 11th Gen Intel(R) Core(TM) i7-1165G7 @ 2.80GHz
flags		: fpu vme de pse tsc msr pae mce cx8 apic sep mtrr pge mca cmov pat pse36 clflush dts acpi mmx fxsr sse sse2 ss ht tm pbe syscall nx pdpe1gb rdtscp lm constant_tsc art arch_perfmon pebs bts rep_good nopl xtopology nonstop_tsc cpuid aperfmperf tsc_known_freq pni pclmulqdq dtes64 monitor ds_cpl vmx est tm2 ssse3 sdbg fma cx16 xtpr pdcm pcid sse4_1 sse4_2 x2apic movbe popcnt tsc_deadline_timer aes xsave avx f16c rdrand lahf_lm abm 3dnowprefetch cpuid_fault epb cat_l2 invpcid_single cdp_l2 ssbd ibrs ibpb stibp ibrs_enhanced tpr_shadow vnmi flexpriority ept vpid ept_ad fsgsbase tsc_adjust bmi1 avx2 smep bmi2 erms invpcid rdt_a avx512f avx512dq rdseed adx smap avx512ifma clflushopt clwb intel_pt avx512cd sha_ni avx512bw avx512vl xsaveopt xsavec xgetbv1 xsaves split_lock_detect dtherm ida arat pln pts hwp hwp_notify hwp_act_window hwp_epp hwp_pkg_req avx512vbmi umip pku ospke avx512_vbmi2 gfni vaes vpclmulqdq avx512_vnni avx512_bitalg avx512_vpopcntdq rdpid movdiri movdir64b fsrm avx512_vp2intersect md_clear ibt flush_l1d arch_capabilities

Memory: 4k page, physical 16163512k(3762752k free), swap 999420k(999420k free)

vm_info: Java HotSpot(TM) 64-Bit Server VM (11.0.17+10-LTS-269) for linux-amd64 JRE (11.0.17+10-LTS-269), built on Sep 13 2022 18:26:47 by "mach5one" with gcc 7.3.0

END.
