#
# A fatal error has been detected by the Java Runtime Environment:
#
#  SIGSEGV (0xb) at pc=0x00007ffa5adc50a9, pid=27160, tid=27184
#
# JRE version: Java(TM) SE Runtime Environment 18.9 (11.0.17+10) (build 11.0.17+10-LTS-269)
# Java VM: Java HotSpot(TM) 64-Bit Server VM 18.9 (11.0.17+10-LTS-269, mixed mode, tiered, compressed oops, g1 gc, linux-amd64)
# Problematic frame:
# V  [libjvm.so+0xdc50a9]  Symbol::as_C_string() const+0x9
#
# Core dump will be written. Default location: Core dumps may be processed with "/usr/share/apport/apport -p%p -s%s -c%c -d%d -P%P -u%u -g%g -- %E" (or dumping to /home/avalos_m/eclipse-workspace/opendev-exercise-factory/core.27160)
#
# If you would like to submit a bug report, please visit:
#   https://bugreport.java.com/bugreport/crash.jsp
#

---------------  S U M M A R Y ------------

Command Line: -agentlib:jdwp=transport=dt_socket,suspend=y,address=localhost:44561 -ea -javaagent:/home/avalos_m/Descargas/eclipse/configuration/org.eclipse.osgi/414/0/.cp/lib/javaagent-shaded.jar -Dfile.encoding=UTF-8 org.eclipse.jdt.internal.junit.runner.RemoteTestRunner -version 3 -port 37847 -testLoaderClass org.eclipse.jdt.internal.junit5.runner.JUnit5TestLoader -loaderpluginname org.eclipse.jdt.junit5.runtime -test com.opendev.service.impl.CarServiceImplTest:calcularElCostoCuandoIdsOptionalEstaVacio

Host: 11th Gen Intel(R) Core(TM) i7-1165G7 @ 2.80GHz, 8 cores, 15G, Ubuntu 22.04.2 LTS
Time: Mon Apr 17 14:20:41 2023 -03 elapsed time: 846.849654 seconds (0d 0h 14m 6s)

---------------  T H R E A D  ---------------

Current thread (0x00007ffa543ec800):  JavaThread "JDWP Transport Listener: dt_socket" daemon [_thread_in_vm, id=27184, stack(0x00007ff9f7f00000,0x00007ff9f8000000)] _threads_hazard_ptr=0x00007ff9f0191c10

Stack: [0x00007ff9f7f00000,0x00007ff9f8000000],  sp=0x00007ff9f7ffe630,  free space=1017k
Native frames: (J=compiled Java code, j=interpreted, Vv=VM code, C=native code)
V  [libjvm.so+0xdc50a9]  Symbol::as_C_string() const+0x9
V  [libjvm.so+0xa599d0]  VM_GetOrSetLocal::check_slot_type(javaVFrame*)+0x100
V  [libjvm.so+0xe85f0c]  VMThread::execute(VM_Operation*)+0x1cc
V  [libjvm.so+0xa3865c]  JvmtiEnv::GetLocalObject(JavaThread*, int, int, _jobject**)+0x8c
V  [libjvm.so+0x9eda88]  jvmti_GetLocalObject+0x1c8
C  [libjdwp.so+0x876c]  thisObject+0x19c
C  [libjdwp.so+0x11a4a]  debugLoop_run+0x1ca
C  [libjdwp.so+0x24497]  attachThread+0x27
V  [libjvm.so+0xa577c5]  JvmtiAgentThread::start_function_wrapper(JavaThread*, Thread*)+0xe5
V  [libjvm.so+0xe17e7f]  JavaThread::run()+0x29f
V  [libjvm.so+0xe14b3f]  Thread::call_run()+0x14f
V  [libjvm.so+0xc5c846]  thread_native_entry(Thread*)+0xe6


siginfo: si_signo: 11 (SIGSEGV), si_code: 1 (SEGV_MAPERR), si_addr: 0x0000000000a10081

Register to memory mapping:

RAX=0x00007ff9f71aa848 is pointing into metadata
RBX=0x000000000000000f is an unknown value
RCX=0x00007ff9f71ab460 is pointing into metadata
RDX=0x00000000000000ca is an unknown value
RSP=0x00007ff9f7ffe630 is pointing into the stack for thread: 0x00007ffa543ec800
RBP=0x00007ff9f7ffe640 is pointing into the stack for thread: 0x00007ffa543ec800
RSI=0x0 is NULL
RDI=0x0000000000a10081 is an unknown value
R8 =0x0 is NULL
R9 =0x0 is NULL
R10=0x0000000000001210 is an unknown value
R11=0x00007ff9f7ffe670 is pointing into the stack for thread: 0x00007ffa543ec800
R12=0x00007ff9f7ffe8b0 is pointing into the stack for thread: 0x00007ffa543ec800
R13={method} {0x00007ff9f71ab4f0} 'calcularElCostoCuandoIdsOptionalEstaVacio' '()V' in 'com/opendev/service/impl/CarServiceImplTest'
R14=0x0000000000000003 is an unknown value
R15=0x00007ff9f7ffe8b0 is pointing into the stack for thread: 0x00007ffa543ec800


Registers:
RAX=0x00007ff9f71aa848, RBX=0x000000000000000f, RCX=0x00007ff9f71ab460, RDX=0x00000000000000ca
RSP=0x00007ff9f7ffe630, RBP=0x00007ff9f7ffe640, RSI=0x0000000000000000, RDI=0x0000000000a10081
R8 =0x0000000000000000, R9 =0x0000000000000000, R10=0x0000000000001210, R11=0x00007ff9f7ffe670
R12=0x00007ff9f7ffe8b0, R13=0x00007ff9f71ab4f0, R14=0x0000000000000003, R15=0x00007ff9f7ffe8b0
RIP=0x00007ffa5adc50a9, EFLAGS=0x0000000000010246, CSGSFS=0x002b000000000033, ERR=0x0000000000000004
  TRAPNO=0x000000000000000e

Top of Stack: (sp=0x00007ff9f7ffe630)
0x00007ff9f7ffe630:   000000000000000f 00007ff9f7ffe8b0
0x00007ff9f7ffe640:   00007ff9f7ffe6e0 00007ffa5aa599d0
0x00007ff9f7ffe650:   0000000000000000 0000000000000000
0x00007ff9f7ffe660:   0000000000000000 0000000000000000 

Instructions: (pc=0x00007ffa5adc50a9)
0x00007ffa5adc5089:   f3 fe ff ff ba 0e 00 00 00 e9 e9 fe ff ff 90 0f
0x00007ffa5adc5099:   1f 84 00 00 00 00 00 55 31 f6 48 89 e5 41 54 53
0x00007ffa5adc50a9:   44 0f b7 27 48 89 fb 41 8d 7c 24 01 48 63 ff e8
0x00007ffa5adc50b9:   53 c0 f4 ff 0f b7 33 44 39 e6 49 0f 4f f4 85 f6 

Stack slot to memory mapping:
stack at sp + 0 slots: 0x000000000000000f is an unknown value
stack at sp + 1 slots: 0x00007ff9f7ffe8b0 is pointing into the stack for thread: 0x00007ffa543ec800
stack at sp + 2 slots: 0x00007ff9f7ffe6e0 is pointing into the stack for thread: 0x00007ffa543ec800
stack at sp + 3 slots: 0x00007ffa5aa599d0: <offset 0x0000000000a599d0> in /home/avalos_m/Descargas/eclipse/jdk-11.0.17_linux-x64_bin/jdk-11.0.17/lib/server/libjvm.so at 0x00007ffa5a000000
stack at sp + 4 slots: 0x0 is NULL
stack at sp + 5 slots: 0x0 is NULL
stack at sp + 6 slots: 0x0 is NULL
stack at sp + 7 slots: 0x0 is NULL


---------------  P R O C E S S  ---------------

Threads class SMR info:
_java_thread_list=0x00007ff9f0191c10, length=13, elements={
0x00007ffa54026000, 0x00007ffa5426e000, 0x00007ffa54272000, 0x00007ffa54289000,
0x00007ffa5428b000, 0x00007ffa5428d000, 0x00007ffa5428f000, 0x00007ffa54291000,
0x00007ffa54338000, 0x00007ffa543ec800, 0x00007ffa543f1000, 0x00007ff9ec001800,
0x00007ffa54851800
}

Java Threads: ( => current thread )
  0x00007ffa54026000 JavaThread "main" [_thread_blocked, id=27167, stack(0x00007ffa5b900000,0x00007ffa5ba00000)]
  0x00007ffa5426e000 JavaThread "Reference Handler" daemon [_thread_blocked, id=27174, stack(0x00007ffa290f7000,0x00007ffa291f7000)]
  0x00007ffa54272000 JavaThread "Finalizer" daemon [_thread_blocked, id=27175, stack(0x00007ffa28ff7000,0x00007ffa290f7000)]
  0x00007ffa54289000 JavaThread "Signal Dispatcher" daemon [_thread_blocked, id=27176, stack(0x00007ffa28ef7000,0x00007ffa28ff7000)]
  0x00007ffa5428b000 JavaThread "Service Thread" daemon [_thread_blocked, id=27177, stack(0x00007ffa28500000,0x00007ffa28600000)]
  0x00007ffa5428d000 JavaThread "C2 CompilerThread0" daemon [_thread_blocked, id=27178, stack(0x00007ffa28400000,0x00007ffa28500000)]
  0x00007ffa5428f000 JavaThread "C1 CompilerThread0" daemon [_thread_blocked, id=27179, stack(0x00007ffa28300000,0x00007ffa28400000)]
  0x00007ffa54291000 JavaThread "Sweeper thread" daemon [_thread_blocked, id=27180, stack(0x00007ffa28200000,0x00007ffa28300000)]
  0x00007ffa54338000 JavaThread "Common-Cleaner" daemon [_thread_blocked, id=27181, stack(0x00007ffa28100000,0x00007ffa28200000)]
=>0x00007ffa543ec800 JavaThread "JDWP Transport Listener: dt_socket" daemon [_thread_in_vm, id=27184, stack(0x00007ff9f7f00000,0x00007ff9f8000000)]
  0x00007ffa543f1000 JavaThread "JDWP Event Helper Thread" daemon [_thread_blocked, id=27187, stack(0x00007ff9f7b00000,0x00007ff9f7c00000)]
  0x00007ff9ec001800 JavaThread "JDWP Command Reader" daemon [_thread_in_native, id=27188, stack(0x00007ff9f7a00000,0x00007ff9f7b00000)]
  0x00007ffa54851800 JavaThread "ReaderThread" [_thread_in_native, id=27191, stack(0x00007ff9f7500000,0x00007ff9f7600000)]

Other Threads:
  0x00007ffa54266000 VMThread "VM Thread" [stack: 0x00007ffa291f9000,0x00007ffa292f9000] [id=27173]
  0x00007ffa546c7800 WatcherThread [stack: 0x00007ff9f7900000,0x00007ff9f7a00000] [id=27190]
  0x00007ffa5403d000 GCTaskThread "GC Thread#0" [stack: 0x00007ffa59e15000,0x00007ffa59f15000] [id=27168]
  0x00007ffa1c001800 GCTaskThread "GC Thread#1" [stack: 0x00007ff9f6d00000,0x00007ff9f6e00000] [id=27195]
  0x00007ffa1c003000 GCTaskThread "GC Thread#2" [stack: 0x00007ff9f6900000,0x00007ff9f6a00000] [id=27196]
  0x00007ffa1c004800 GCTaskThread "GC Thread#3" [stack: 0x00007ff9f67fe000,0x00007ff9f68fe000] [id=27197]
  0x00007ffa1c006000 GCTaskThread "GC Thread#4" [stack: 0x00007ff9f66fc000,0x00007ff9f67fc000] [id=27198]
  0x00007ffa5409a000 ConcurrentGCThread "G1 Main Marker" [stack: 0x00007ffa582fe000,0x00007ffa583fe000] [id=27169]
  0x00007ffa5409c000 ConcurrentGCThread "G1 Conc#0" [stack: 0x00007ffa581fc000,0x00007ffa582fc000] [id=27170]
  0x00007ffa5419a000 ConcurrentGCThread "G1 Refine#0" [stack: 0x00007ffa29bfd000,0x00007ffa29cfd000] [id=27171]
  0x00007ffa5419c000 ConcurrentGCThread "G1 Young RemSet Sampling" [stack: 0x00007ffa29afb000,0x00007ffa29bfb000] [id=27172]

Threads with active compile tasks:

VM state:not at safepoint (normal execution)

VM Mutex/Monitor currently owned by a thread: None

Heap address: 0x0000000709400000, size: 3948 MB, Compressed Oops mode: Zero based, Oop shift amount: 3
Narrow klass base: 0x0000000800000000, Narrow klass shift: 0
Compressed class space size: 1073741824 Address: 0x0000000800000000

Heap:
 garbage-first heap   total 253952K, used 34566K [0x0000000709400000, 0x0000000800000000)
  region size 1024K, 34 young (34816K), 3 survivors (3072K)
 Metaspace       used 16635K, capacity 17173K, committed 17280K, reserved 1064960K
  class space    used 1726K, capacity 1902K, committed 1920K, reserved 1048576K
Heap Regions: E=young(eden), S=young(survivor), O=old, HS=humongous(starts), HC=humongous(continues), CS=collection set, F=free, A=archive, TAMS=top-at-mark-start (previous, next)
|   0|0x0000000709400000, 0x00000007094c1a00, 0x0000000709500000| 75%| O|  |TAMS 0x0000000709400000, 0x0000000709400000| Untracked 
|   1|0x0000000709500000, 0x0000000709500000, 0x0000000709600000|  0%| F|  |TAMS 0x0000000709500000, 0x0000000709500000| Untracked 
|   2|0x0000000709600000, 0x0000000709600000, 0x0000000709700000|  0%| F|  |TAMS 0x0000000709600000, 0x0000000709600000| Untracked 
|   3|0x0000000709700000, 0x0000000709700000, 0x0000000709800000|  0%| F|  |TAMS 0x0000000709700000, 0x0000000709700000| Untracked 
|   4|0x0000000709800000, 0x0000000709800000, 0x0000000709900000|  0%| F|  |TAMS 0x0000000709800000, 0x0000000709800000| Untracked 
|   5|0x0000000709900000, 0x0000000709900000, 0x0000000709a00000|  0%| F|  |TAMS 0x0000000709900000, 0x0000000709900000| Untracked 
|   6|0x0000000709a00000, 0x0000000709a00000, 0x0000000709b00000|  0%| F|  |TAMS 0x0000000709a00000, 0x0000000709a00000| Untracked 
|   7|0x0000000709b00000, 0x0000000709b00000, 0x0000000709c00000|  0%| F|  |TAMS 0x0000000709b00000, 0x0000000709b00000| Untracked 
|   8|0x0000000709c00000, 0x0000000709c00000, 0x0000000709d00000|  0%| F|  |TAMS 0x0000000709c00000, 0x0000000709c00000| Untracked 
|   9|0x0000000709d00000, 0x0000000709d00000, 0x0000000709e00000|  0%| F|  |TAMS 0x0000000709d00000, 0x0000000709d00000| Untracked 
|  10|0x0000000709e00000, 0x0000000709e00000, 0x0000000709f00000|  0%| F|  |TAMS 0x0000000709e00000, 0x0000000709e00000| Untracked 
|  11|0x0000000709f00000, 0x0000000709f00000, 0x000000070a000000|  0%| F|  |TAMS 0x0000000709f00000, 0x0000000709f00000| Untracked 
|  12|0x000000070a000000, 0x000000070a000000, 0x000000070a100000|  0%| F|  |TAMS 0x000000070a000000, 0x000000070a000000| Untracked 
|  13|0x000000070a100000, 0x000000070a100000, 0x000000070a200000|  0%| F|  |TAMS 0x000000070a100000, 0x000000070a100000| Untracked 
|  14|0x000000070a200000, 0x000000070a200000, 0x000000070a300000|  0%| F|  |TAMS 0x000000070a200000, 0x000000070a200000| Untracked 
|  15|0x000000070a300000, 0x000000070a300000, 0x000000070a400000|  0%| F|  |TAMS 0x000000070a300000, 0x000000070a300000| Untracked 
|  16|0x000000070a400000, 0x000000070a400000, 0x000000070a500000|  0%| F|  |TAMS 0x000000070a400000, 0x000000070a400000| Untracked 
|  17|0x000000070a500000, 0x000000070a500000, 0x000000070a600000|  0%| F|  |TAMS 0x000000070a500000, 0x000000070a500000| Untracked 
|  18|0x000000070a600000, 0x000000070a600000, 0x000000070a700000|  0%| F|  |TAMS 0x000000070a600000, 0x000000070a600000| Untracked 
|  19|0x000000070a700000, 0x000000070a700000, 0x000000070a800000|  0%| F|  |TAMS 0x000000070a700000, 0x000000070a700000| Untracked 
|  20|0x000000070a800000, 0x000000070a800000, 0x000000070a900000|  0%| F|  |TAMS 0x000000070a800000, 0x000000070a800000| Untracked 
|  21|0x000000070a900000, 0x000000070a900000, 0x000000070aa00000|  0%| F|  |TAMS 0x000000070a900000, 0x000000070a900000| Untracked 
|  22|0x000000070aa00000, 0x000000070aa00000, 0x000000070ab00000|  0%| F|  |TAMS 0x000000070aa00000, 0x000000070aa00000| Untracked 
|  23|0x000000070ab00000, 0x000000070ab00000, 0x000000070ac00000|  0%| F|  |TAMS 0x000000070ab00000, 0x000000070ab00000| Untracked 
|  24|0x000000070ac00000, 0x000000070ac00000, 0x000000070ad00000|  0%| F|  |TAMS 0x000000070ac00000, 0x000000070ac00000| Untracked 
|  25|0x000000070ad00000, 0x000000070ad00000, 0x000000070ae00000|  0%| F|  |TAMS 0x000000070ad00000, 0x000000070ad00000| Untracked 
|  26|0x000000070ae00000, 0x000000070ae00000, 0x000000070af00000|  0%| F|  |TAMS 0x000000070ae00000, 0x000000070ae00000| Untracked 
|  27|0x000000070af00000, 0x000000070af00000, 0x000000070b000000|  0%| F|  |TAMS 0x000000070af00000, 0x000000070af00000| Untracked 
|  28|0x000000070b000000, 0x000000070b000000, 0x000000070b100000|  0%| F|  |TAMS 0x000000070b000000, 0x000000070b000000| Untracked 
|  29|0x000000070b100000, 0x000000070b100000, 0x000000070b200000|  0%| F|  |TAMS 0x000000070b100000, 0x000000070b100000| Untracked 
|  30|0x000000070b200000, 0x000000070b200000, 0x000000070b300000|  0%| F|  |TAMS 0x000000070b200000, 0x000000070b200000| Untracked 
|  31|0x000000070b300000, 0x000000070b300000, 0x000000070b400000|  0%| F|  |TAMS 0x000000070b300000, 0x000000070b300000| Untracked 
|  32|0x000000070b400000, 0x000000070b400000, 0x000000070b500000|  0%| F|  |TAMS 0x000000070b400000, 0x000000070b400000| Untracked 
|  33|0x000000070b500000, 0x000000070b500000, 0x000000070b600000|  0%| F|  |TAMS 0x000000070b500000, 0x000000070b500000| Untracked 
|  34|0x000000070b600000, 0x000000070b600000, 0x000000070b700000|  0%| F|  |TAMS 0x000000070b600000, 0x000000070b600000| Untracked 
|  35|0x000000070b700000, 0x000000070b700000, 0x000000070b800000|  0%| F|  |TAMS 0x000000070b700000, 0x000000070b700000| Untracked 
|  36|0x000000070b800000, 0x000000070b800000, 0x000000070b900000|  0%| F|  |TAMS 0x000000070b800000, 0x000000070b800000| Untracked 
|  37|0x000000070b900000, 0x000000070b900000, 0x000000070ba00000|  0%| F|  |TAMS 0x000000070b900000, 0x000000070b900000| Untracked 
|  38|0x000000070ba00000, 0x000000070ba00000, 0x000000070bb00000|  0%| F|  |TAMS 0x000000070ba00000, 0x000000070ba00000| Untracked 
|  39|0x000000070bb00000, 0x000000070bb00000, 0x000000070bc00000|  0%| F|  |TAMS 0x000000070bb00000, 0x000000070bb00000| Untracked 
|  40|0x000000070bc00000, 0x000000070bc00000, 0x000000070bd00000|  0%| F|  |TAMS 0x000000070bc00000, 0x000000070bc00000| Untracked 
|  41|0x000000070bd00000, 0x000000070bd00000, 0x000000070be00000|  0%| F|  |TAMS 0x000000070bd00000, 0x000000070bd00000| Untracked 
|  42|0x000000070be00000, 0x000000070be00000, 0x000000070bf00000|  0%| F|  |TAMS 0x000000070be00000, 0x000000070be00000| Untracked 
|  43|0x000000070bf00000, 0x000000070bf00000, 0x000000070c000000|  0%| F|  |TAMS 0x000000070bf00000, 0x000000070bf00000| Untracked 
|  44|0x000000070c000000, 0x000000070c000000, 0x000000070c100000|  0%| F|  |TAMS 0x000000070c000000, 0x000000070c000000| Untracked 
|  45|0x000000070c100000, 0x000000070c100000, 0x000000070c200000|  0%| F|  |TAMS 0x000000070c100000, 0x000000070c100000| Untracked 
|  46|0x000000070c200000, 0x000000070c200000, 0x000000070c300000|  0%| F|  |TAMS 0x000000070c200000, 0x000000070c200000| Untracked 
|  47|0x000000070c300000, 0x000000070c300000, 0x000000070c400000|  0%| F|  |TAMS 0x000000070c300000, 0x000000070c300000| Untracked 
|  48|0x000000070c400000, 0x000000070c400000, 0x000000070c500000|  0%| F|  |TAMS 0x000000070c400000, 0x000000070c400000| Untracked 
|  49|0x000000070c500000, 0x000000070c500000, 0x000000070c600000|  0%| F|  |TAMS 0x000000070c500000, 0x000000070c500000| Untracked 
|  50|0x000000070c600000, 0x000000070c600000, 0x000000070c700000|  0%| F|  |TAMS 0x000000070c600000, 0x000000070c600000| Untracked 
|  51|0x000000070c700000, 0x000000070c700000, 0x000000070c800000|  0%| F|  |TAMS 0x000000070c700000, 0x000000070c700000| Untracked 
|  52|0x000000070c800000, 0x000000070c800000, 0x000000070c900000|  0%| F|  |TAMS 0x000000070c800000, 0x000000070c800000| Untracked 
|  53|0x000000070c900000, 0x000000070c900000, 0x000000070ca00000|  0%| F|  |TAMS 0x000000070c900000, 0x000000070c900000| Untracked 
|  54|0x000000070ca00000, 0x000000070ca00000, 0x000000070cb00000|  0%| F|  |TAMS 0x000000070ca00000, 0x000000070ca00000| Untracked 
|  55|0x000000070cb00000, 0x000000070cb00000, 0x000000070cc00000|  0%| F|  |TAMS 0x000000070cb00000, 0x000000070cb00000| Untracked 
|  56|0x000000070cc00000, 0x000000070cc00000, 0x000000070cd00000|  0%| F|  |TAMS 0x000000070cc00000, 0x000000070cc00000| Untracked 
|  57|0x000000070cd00000, 0x000000070cd00000, 0x000000070ce00000|  0%| F|  |TAMS 0x000000070cd00000, 0x000000070cd00000| Untracked 
|  58|0x000000070ce00000, 0x000000070ce00000, 0x000000070cf00000|  0%| F|  |TAMS 0x000000070ce00000, 0x000000070ce00000| Untracked 
|  59|0x000000070cf00000, 0x000000070cf00000, 0x000000070d000000|  0%| F|  |TAMS 0x000000070cf00000, 0x000000070cf00000| Untracked 
|  60|0x000000070d000000, 0x000000070d000000, 0x000000070d100000|  0%| F|  |TAMS 0x000000070d000000, 0x000000070d000000| Untracked 
|  61|0x000000070d100000, 0x000000070d100000, 0x000000070d200000|  0%| F|  |TAMS 0x000000070d100000, 0x000000070d100000| Untracked 
|  62|0x000000070d200000, 0x000000070d200000, 0x000000070d300000|  0%| F|  |TAMS 0x000000070d200000, 0x000000070d200000| Untracked 
|  63|0x000000070d300000, 0x000000070d300000, 0x000000070d400000|  0%| F|  |TAMS 0x000000070d300000, 0x000000070d300000| Untracked 
|  64|0x000000070d400000, 0x000000070d400000, 0x000000070d500000|  0%| F|  |TAMS 0x000000070d400000, 0x000000070d400000| Untracked 
|  65|0x000000070d500000, 0x000000070d500000, 0x000000070d600000|  0%| F|  |TAMS 0x000000070d500000, 0x000000070d500000| Untracked 
|  66|0x000000070d600000, 0x000000070d600000, 0x000000070d700000|  0%| F|  |TAMS 0x000000070d600000, 0x000000070d600000| Untracked 
|  67|0x000000070d700000, 0x000000070d700000, 0x000000070d800000|  0%| F|  |TAMS 0x000000070d700000, 0x000000070d700000| Untracked 
|  68|0x000000070d800000, 0x000000070d800000, 0x000000070d900000|  0%| F|  |TAMS 0x000000070d800000, 0x000000070d800000| Untracked 
|  69|0x000000070d900000, 0x000000070d900000, 0x000000070da00000|  0%| F|  |TAMS 0x000000070d900000, 0x000000070d900000| Untracked 
|  70|0x000000070da00000, 0x000000070da00000, 0x000000070db00000|  0%| F|  |TAMS 0x000000070da00000, 0x000000070da00000| Untracked 
|  71|0x000000070db00000, 0x000000070db00000, 0x000000070dc00000|  0%| F|  |TAMS 0x000000070db00000, 0x000000070db00000| Untracked 
|  72|0x000000070dc00000, 0x000000070dc00000, 0x000000070dd00000|  0%| F|  |TAMS 0x000000070dc00000, 0x000000070dc00000| Untracked 
|  73|0x000000070dd00000, 0x000000070dd00000, 0x000000070de00000|  0%| F|  |TAMS 0x000000070dd00000, 0x000000070dd00000| Untracked 
|  74|0x000000070de00000, 0x000000070de00000, 0x000000070df00000|  0%| F|  |TAMS 0x000000070de00000, 0x000000070de00000| Untracked 
|  75|0x000000070df00000, 0x000000070df00000, 0x000000070e000000|  0%| F|  |TAMS 0x000000070df00000, 0x000000070df00000| Untracked 
|  76|0x000000070e000000, 0x000000070e000000, 0x000000070e100000|  0%| F|  |TAMS 0x000000070e000000, 0x000000070e000000| Untracked 
|  77|0x000000070e100000, 0x000000070e100000, 0x000000070e200000|  0%| F|  |TAMS 0x000000070e100000, 0x000000070e100000| Untracked 
|  78|0x000000070e200000, 0x000000070e200000, 0x000000070e300000|  0%| F|  |TAMS 0x000000070e200000, 0x000000070e200000| Untracked 
|  79|0x000000070e300000, 0x000000070e300000, 0x000000070e400000|  0%| F|  |TAMS 0x000000070e300000, 0x000000070e300000| Untracked 
|  80|0x000000070e400000, 0x000000070e400000, 0x000000070e500000|  0%| F|  |TAMS 0x000000070e400000, 0x000000070e400000| Untracked 
|  81|0x000000070e500000, 0x000000070e500000, 0x000000070e600000|  0%| F|  |TAMS 0x000000070e500000, 0x000000070e500000| Untracked 
|  82|0x000000070e600000, 0x000000070e600000, 0x000000070e700000|  0%| F|  |TAMS 0x000000070e600000, 0x000000070e600000| Untracked 
|  83|0x000000070e700000, 0x000000070e700000, 0x000000070e800000|  0%| F|  |TAMS 0x000000070e700000, 0x000000070e700000| Untracked 
|  84|0x000000070e800000, 0x000000070e800000, 0x000000070e900000|  0%| F|  |TAMS 0x000000070e800000, 0x000000070e800000| Untracked 
|  85|0x000000070e900000, 0x000000070e900000, 0x000000070ea00000|  0%| F|  |TAMS 0x000000070e900000, 0x000000070e900000| Untracked 
|  86|0x000000070ea00000, 0x000000070ea00000, 0x000000070eb00000|  0%| F|  |TAMS 0x000000070ea00000, 0x000000070ea00000| Untracked 
|  87|0x000000070eb00000, 0x000000070eb00000, 0x000000070ec00000|  0%| F|  |TAMS 0x000000070eb00000, 0x000000070eb00000| Untracked 
|  88|0x000000070ec00000, 0x000000070ec00000, 0x000000070ed00000|  0%| F|  |TAMS 0x000000070ec00000, 0x000000070ec00000| Untracked 
|  89|0x000000070ed00000, 0x000000070ed00000, 0x000000070ee00000|  0%| F|  |TAMS 0x000000070ed00000, 0x000000070ed00000| Untracked 
|  90|0x000000070ee00000, 0x000000070ee00000, 0x000000070ef00000|  0%| F|  |TAMS 0x000000070ee00000, 0x000000070ee00000| Untracked 
|  91|0x000000070ef00000, 0x000000070ef00000, 0x000000070f000000|  0%| F|  |TAMS 0x000000070ef00000, 0x000000070ef00000| Untracked 
|  92|0x000000070f000000, 0x000000070f000000, 0x000000070f100000|  0%| F|  |TAMS 0x000000070f000000, 0x000000070f000000| Untracked 
|  93|0x000000070f100000, 0x000000070f100000, 0x000000070f200000|  0%| F|  |TAMS 0x000000070f100000, 0x000000070f100000| Untracked 
|  94|0x000000070f200000, 0x000000070f200000, 0x000000070f300000|  0%| F|  |TAMS 0x000000070f200000, 0x000000070f200000| Untracked 
|  95|0x000000070f300000, 0x000000070f300000, 0x000000070f400000|  0%| F|  |TAMS 0x000000070f300000, 0x000000070f300000| Untracked 
|  96|0x000000070f400000, 0x000000070f400000, 0x000000070f500000|  0%| F|  |TAMS 0x000000070f400000, 0x000000070f400000| Untracked 
|  97|0x000000070f500000, 0x000000070f500000, 0x000000070f600000|  0%| F|  |TAMS 0x000000070f500000, 0x000000070f500000| Untracked 
|  98|0x000000070f600000, 0x000000070f600000, 0x000000070f700000|  0%| F|  |TAMS 0x000000070f600000, 0x000000070f600000| Untracked 
|  99|0x000000070f700000, 0x000000070f700000, 0x000000070f800000|  0%| F|  |TAMS 0x000000070f700000, 0x000000070f700000| Untracked 
| 100|0x000000070f800000, 0x000000070f800000, 0x000000070f900000|  0%| F|  |TAMS 0x000000070f800000, 0x000000070f800000| Untracked 
| 101|0x000000070f900000, 0x000000070f900000, 0x000000070fa00000|  0%| F|  |TAMS 0x000000070f900000, 0x000000070f900000| Untracked 
| 102|0x000000070fa00000, 0x000000070fa00000, 0x000000070fb00000|  0%| F|  |TAMS 0x000000070fa00000, 0x000000070fa00000| Untracked 
| 103|0x000000070fb00000, 0x000000070fb00000, 0x000000070fc00000|  0%| F|  |TAMS 0x000000070fb00000, 0x000000070fb00000| Untracked 
| 104|0x000000070fc00000, 0x000000070fc00000, 0x000000070fd00000|  0%| F|  |TAMS 0x000000070fc00000, 0x000000070fc00000| Untracked 
| 105|0x000000070fd00000, 0x000000070fd00000, 0x000000070fe00000|  0%| F|  |TAMS 0x000000070fd00000, 0x000000070fd00000| Untracked 
| 106|0x000000070fe00000, 0x000000070fe00000, 0x000000070ff00000|  0%| F|  |TAMS 0x000000070fe00000, 0x000000070fe00000| Untracked 
| 107|0x000000070ff00000, 0x000000070ff00000, 0x0000000710000000|  0%| F|  |TAMS 0x000000070ff00000, 0x000000070ff00000| Untracked 
| 108|0x0000000710000000, 0x0000000710000000, 0x0000000710100000|  0%| F|  |TAMS 0x0000000710000000, 0x0000000710000000| Untracked 
| 109|0x0000000710100000, 0x0000000710100000, 0x0000000710200000|  0%| F|  |TAMS 0x0000000710100000, 0x0000000710100000| Untracked 
| 110|0x0000000710200000, 0x0000000710200000, 0x0000000710300000|  0%| F|  |TAMS 0x0000000710200000, 0x0000000710200000| Untracked 
| 111|0x0000000710300000, 0x0000000710300000, 0x0000000710400000|  0%| F|  |TAMS 0x0000000710300000, 0x0000000710300000| Untracked 
| 112|0x0000000710400000, 0x0000000710400000, 0x0000000710500000|  0%| F|  |TAMS 0x0000000710400000, 0x0000000710400000| Untracked 
| 113|0x0000000710500000, 0x0000000710500000, 0x0000000710600000|  0%| F|  |TAMS 0x0000000710500000, 0x0000000710500000| Untracked 
| 114|0x0000000710600000, 0x0000000710600000, 0x0000000710700000|  0%| F|  |TAMS 0x0000000710600000, 0x0000000710600000| Untracked 
| 115|0x0000000710700000, 0x0000000710700000, 0x0000000710800000|  0%| F|  |TAMS 0x0000000710700000, 0x0000000710700000| Untracked 
| 116|0x0000000710800000, 0x0000000710800000, 0x0000000710900000|  0%| F|  |TAMS 0x0000000710800000, 0x0000000710800000| Untracked 
| 117|0x0000000710900000, 0x0000000710900000, 0x0000000710a00000|  0%| F|  |TAMS 0x0000000710900000, 0x0000000710900000| Untracked 
| 118|0x0000000710a00000, 0x0000000710a00000, 0x0000000710b00000|  0%| F|  |TAMS 0x0000000710a00000, 0x0000000710a00000| Untracked 
| 119|0x0000000710b00000, 0x0000000710b00000, 0x0000000710c00000|  0%| F|  |TAMS 0x0000000710b00000, 0x0000000710b00000| Untracked 
| 120|0x0000000710c00000, 0x0000000710c00000, 0x0000000710d00000|  0%| F|  |TAMS 0x0000000710c00000, 0x0000000710c00000| Untracked 
| 121|0x0000000710d00000, 0x0000000710d00000, 0x0000000710e00000|  0%| F|  |TAMS 0x0000000710d00000, 0x0000000710d00000| Untracked 
| 122|0x0000000710e00000, 0x0000000710e00000, 0x0000000710f00000|  0%| F|  |TAMS 0x0000000710e00000, 0x0000000710e00000| Untracked 
| 123|0x0000000710f00000, 0x0000000710f00000, 0x0000000711000000|  0%| F|  |TAMS 0x0000000710f00000, 0x0000000710f00000| Untracked 
| 124|0x0000000711000000, 0x0000000711000000, 0x0000000711100000|  0%| F|  |TAMS 0x0000000711000000, 0x0000000711000000| Untracked 
| 125|0x0000000711100000, 0x0000000711100000, 0x0000000711200000|  0%| F|  |TAMS 0x0000000711100000, 0x0000000711100000| Untracked 
| 126|0x0000000711200000, 0x0000000711200000, 0x0000000711300000|  0%| F|  |TAMS 0x0000000711200000, 0x0000000711200000| Untracked 
| 127|0x0000000711300000, 0x0000000711300000, 0x0000000711400000|  0%| F|  |TAMS 0x0000000711300000, 0x0000000711300000| Untracked 
| 128|0x0000000711400000, 0x0000000711400000, 0x0000000711500000|  0%| F|  |TAMS 0x0000000711400000, 0x0000000711400000| Untracked 
| 129|0x0000000711500000, 0x0000000711500000, 0x0000000711600000|  0%| F|  |TAMS 0x0000000711500000, 0x0000000711500000| Untracked 
| 130|0x0000000711600000, 0x0000000711600000, 0x0000000711700000|  0%| F|  |TAMS 0x0000000711600000, 0x0000000711600000| Untracked 
| 131|0x0000000711700000, 0x0000000711700000, 0x0000000711800000|  0%| F|  |TAMS 0x0000000711700000, 0x0000000711700000| Untracked 
| 132|0x0000000711800000, 0x0000000711800000, 0x0000000711900000|  0%| F|  |TAMS 0x0000000711800000, 0x0000000711800000| Untracked 
| 133|0x0000000711900000, 0x0000000711900000, 0x0000000711a00000|  0%| F|  |TAMS 0x0000000711900000, 0x0000000711900000| Untracked 
| 134|0x0000000711a00000, 0x0000000711a00000, 0x0000000711b00000|  0%| F|  |TAMS 0x0000000711a00000, 0x0000000711a00000| Untracked 
| 135|0x0000000711b00000, 0x0000000711b00000, 0x0000000711c00000|  0%| F|  |TAMS 0x0000000711b00000, 0x0000000711b00000| Untracked 
| 136|0x0000000711c00000, 0x0000000711c00000, 0x0000000711d00000|  0%| F|  |TAMS 0x0000000711c00000, 0x0000000711c00000| Untracked 
| 137|0x0000000711d00000, 0x0000000711d00000, 0x0000000711e00000|  0%| F|  |TAMS 0x0000000711d00000, 0x0000000711d00000| Untracked 
| 138|0x0000000711e00000, 0x0000000711e00000, 0x0000000711f00000|  0%| F|  |TAMS 0x0000000711e00000, 0x0000000711e00000| Untracked 
| 139|0x0000000711f00000, 0x0000000711f00000, 0x0000000712000000|  0%| F|  |TAMS 0x0000000711f00000, 0x0000000711f00000| Untracked 
| 140|0x0000000712000000, 0x0000000712000000, 0x0000000712100000|  0%| F|  |TAMS 0x0000000712000000, 0x0000000712000000| Untracked 
| 141|0x0000000712100000, 0x0000000712100000, 0x0000000712200000|  0%| F|  |TAMS 0x0000000712100000, 0x0000000712100000| Untracked 
| 142|0x0000000712200000, 0x0000000712200000, 0x0000000712300000|  0%| F|  |TAMS 0x0000000712200000, 0x0000000712200000| Untracked 
| 143|0x0000000712300000, 0x0000000712300000, 0x0000000712400000|  0%| F|  |TAMS 0x0000000712300000, 0x0000000712300000| Untracked 
| 144|0x0000000712400000, 0x0000000712400000, 0x0000000712500000|  0%| F|  |TAMS 0x0000000712400000, 0x0000000712400000| Untracked 
| 145|0x0000000712500000, 0x0000000712500000, 0x0000000712600000|  0%| F|  |TAMS 0x0000000712500000, 0x0000000712500000| Untracked 
| 146|0x0000000712600000, 0x0000000712600000, 0x0000000712700000|  0%| F|  |TAMS 0x0000000712600000, 0x0000000712600000| Untracked 
| 147|0x0000000712700000, 0x0000000712700000, 0x0000000712800000|  0%| F|  |TAMS 0x0000000712700000, 0x0000000712700000| Untracked 
| 148|0x0000000712800000, 0x0000000712800000, 0x0000000712900000|  0%| F|  |TAMS 0x0000000712800000, 0x0000000712800000| Untracked 
| 149|0x0000000712900000, 0x0000000712900000, 0x0000000712a00000|  0%| F|  |TAMS 0x0000000712900000, 0x0000000712900000| Untracked 
| 150|0x0000000712a00000, 0x0000000712a00000, 0x0000000712b00000|  0%| F|  |TAMS 0x0000000712a00000, 0x0000000712a00000| Untracked 
| 151|0x0000000712b00000, 0x0000000712b00000, 0x0000000712c00000|  0%| F|  |TAMS 0x0000000712b00000, 0x0000000712b00000| Untracked 
| 152|0x0000000712c00000, 0x0000000712c00000, 0x0000000712d00000|  0%| F|  |TAMS 0x0000000712c00000, 0x0000000712c00000| Untracked 
| 153|0x0000000712d00000, 0x0000000712d00000, 0x0000000712e00000|  0%| F|  |TAMS 0x0000000712d00000, 0x0000000712d00000| Untracked 
| 154|0x0000000712e00000, 0x0000000712e00000, 0x0000000712f00000|  0%| F|  |TAMS 0x0000000712e00000, 0x0000000712e00000| Untracked 
| 155|0x0000000712f00000, 0x0000000712f00000, 0x0000000713000000|  0%| F|  |TAMS 0x0000000712f00000, 0x0000000712f00000| Untracked 
| 156|0x0000000713000000, 0x0000000713000000, 0x0000000713100000|  0%| F|  |TAMS 0x0000000713000000, 0x0000000713000000| Untracked 
| 157|0x0000000713100000, 0x0000000713100000, 0x0000000713200000|  0%| F|  |TAMS 0x0000000713100000, 0x0000000713100000| Untracked 
| 158|0x0000000713200000, 0x0000000713200000, 0x0000000713300000|  0%| F|  |TAMS 0x0000000713200000, 0x0000000713200000| Untracked 
| 159|0x0000000713300000, 0x0000000713300000, 0x0000000713400000|  0%| F|  |TAMS 0x0000000713300000, 0x0000000713300000| Untracked 
| 160|0x0000000713400000, 0x0000000713400000, 0x0000000713500000|  0%| F|  |TAMS 0x0000000713400000, 0x0000000713400000| Untracked 
| 161|0x0000000713500000, 0x0000000713500000, 0x0000000713600000|  0%| F|  |TAMS 0x0000000713500000, 0x0000000713500000| Untracked 
| 162|0x0000000713600000, 0x0000000713600000, 0x0000000713700000|  0%| F|  |TAMS 0x0000000713600000, 0x0000000713600000| Untracked 
| 163|0x0000000713700000, 0x0000000713700000, 0x0000000713800000|  0%| F|  |TAMS 0x0000000713700000, 0x0000000713700000| Untracked 
| 164|0x0000000713800000, 0x0000000713800000, 0x0000000713900000|  0%| F|  |TAMS 0x0000000713800000, 0x0000000713800000| Untracked 
| 165|0x0000000713900000, 0x0000000713900000, 0x0000000713a00000|  0%| F|  |TAMS 0x0000000713900000, 0x0000000713900000| Untracked 
| 166|0x0000000713a00000, 0x0000000713a00000, 0x0000000713b00000|  0%| F|  |TAMS 0x0000000713a00000, 0x0000000713a00000| Untracked 
| 167|0x0000000713b00000, 0x0000000713b00000, 0x0000000713c00000|  0%| F|  |TAMS 0x0000000713b00000, 0x0000000713b00000| Untracked 
| 168|0x0000000713c00000, 0x0000000713c00000, 0x0000000713d00000|  0%| F|  |TAMS 0x0000000713c00000, 0x0000000713c00000| Untracked 
| 169|0x0000000713d00000, 0x0000000713d00000, 0x0000000713e00000|  0%| F|  |TAMS 0x0000000713d00000, 0x0000000713d00000| Untracked 
| 170|0x0000000713e00000, 0x0000000713e00000, 0x0000000713f00000|  0%| F|  |TAMS 0x0000000713e00000, 0x0000000713e00000| Untracked 
| 171|0x0000000713f00000, 0x0000000713f00000, 0x0000000714000000|  0%| F|  |TAMS 0x0000000713f00000, 0x0000000713f00000| Untracked 
| 172|0x0000000714000000, 0x0000000714000000, 0x0000000714100000|  0%| F|  |TAMS 0x0000000714000000, 0x0000000714000000| Untracked 
| 173|0x0000000714100000, 0x0000000714100000, 0x0000000714200000|  0%| F|  |TAMS 0x0000000714100000, 0x0000000714100000| Untracked 
| 174|0x0000000714200000, 0x0000000714200000, 0x0000000714300000|  0%| F|  |TAMS 0x0000000714200000, 0x0000000714200000| Untracked 
| 175|0x0000000714300000, 0x0000000714300000, 0x0000000714400000|  0%| F|  |TAMS 0x0000000714300000, 0x0000000714300000| Untracked 
| 176|0x0000000714400000, 0x0000000714400000, 0x0000000714500000|  0%| F|  |TAMS 0x0000000714400000, 0x0000000714400000| Untracked 
| 177|0x0000000714500000, 0x0000000714500000, 0x0000000714600000|  0%| F|  |TAMS 0x0000000714500000, 0x0000000714500000| Untracked 
| 178|0x0000000714600000, 0x0000000714600000, 0x0000000714700000|  0%| F|  |TAMS 0x0000000714600000, 0x0000000714600000| Untracked 
| 179|0x0000000714700000, 0x0000000714700000, 0x0000000714800000|  0%| F|  |TAMS 0x0000000714700000, 0x0000000714700000| Untracked 
| 180|0x0000000714800000, 0x0000000714800000, 0x0000000714900000|  0%| F|  |TAMS 0x0000000714800000, 0x0000000714800000| Untracked 
| 181|0x0000000714900000, 0x0000000714900000, 0x0000000714a00000|  0%| F|  |TAMS 0x0000000714900000, 0x0000000714900000| Untracked 
| 182|0x0000000714a00000, 0x0000000714a00000, 0x0000000714b00000|  0%| F|  |TAMS 0x0000000714a00000, 0x0000000714a00000| Untracked 
| 183|0x0000000714b00000, 0x0000000714b00000, 0x0000000714c00000|  0%| F|  |TAMS 0x0000000714b00000, 0x0000000714b00000| Untracked 
| 184|0x0000000714c00000, 0x0000000714c00000, 0x0000000714d00000|  0%| F|  |TAMS 0x0000000714c00000, 0x0000000714c00000| Untracked 
| 185|0x0000000714d00000, 0x0000000714d00000, 0x0000000714e00000|  0%| F|  |TAMS 0x0000000714d00000, 0x0000000714d00000| Untracked 
| 186|0x0000000714e00000, 0x0000000714e00000, 0x0000000714f00000|  0%| F|  |TAMS 0x0000000714e00000, 0x0000000714e00000| Untracked 
| 187|0x0000000714f00000, 0x0000000714f00000, 0x0000000715000000|  0%| F|  |TAMS 0x0000000714f00000, 0x0000000714f00000| Untracked 
| 188|0x0000000715000000, 0x0000000715000000, 0x0000000715100000|  0%| F|  |TAMS 0x0000000715000000, 0x0000000715000000| Untracked 
| 189|0x0000000715100000, 0x0000000715100000, 0x0000000715200000|  0%| F|  |TAMS 0x0000000715100000, 0x0000000715100000| Untracked 
| 190|0x0000000715200000, 0x0000000715200000, 0x0000000715300000|  0%| F|  |TAMS 0x0000000715200000, 0x0000000715200000| Untracked 
| 191|0x0000000715300000, 0x0000000715300000, 0x0000000715400000|  0%| F|  |TAMS 0x0000000715300000, 0x0000000715300000| Untracked 
| 192|0x0000000715400000, 0x0000000715400000, 0x0000000715500000|  0%| F|  |TAMS 0x0000000715400000, 0x0000000715400000| Untracked 
| 193|0x0000000715500000, 0x0000000715500000, 0x0000000715600000|  0%| F|  |TAMS 0x0000000715500000, 0x0000000715500000| Untracked 
| 194|0x0000000715600000, 0x0000000715600000, 0x0000000715700000|  0%| F|  |TAMS 0x0000000715600000, 0x0000000715600000| Untracked 
| 195|0x0000000715700000, 0x0000000715700000, 0x0000000715800000|  0%| F|  |TAMS 0x0000000715700000, 0x0000000715700000| Untracked 
| 196|0x0000000715800000, 0x0000000715800000, 0x0000000715900000|  0%| F|  |TAMS 0x0000000715800000, 0x0000000715800000| Untracked 
| 197|0x0000000715900000, 0x0000000715900000, 0x0000000715a00000|  0%| F|  |TAMS 0x0000000715900000, 0x0000000715900000| Untracked 
| 198|0x0000000715a00000, 0x0000000715a00000, 0x0000000715b00000|  0%| F|  |TAMS 0x0000000715a00000, 0x0000000715a00000| Untracked 
| 199|0x0000000715b00000, 0x0000000715b00000, 0x0000000715c00000|  0%| F|  |TAMS 0x0000000715b00000, 0x0000000715b00000| Untracked 
| 200|0x0000000715c00000, 0x0000000715c00000, 0x0000000715d00000|  0%| F|  |TAMS 0x0000000715c00000, 0x0000000715c00000| Untracked 
| 201|0x0000000715d00000, 0x0000000715d00000, 0x0000000715e00000|  0%| F|  |TAMS 0x0000000715d00000, 0x0000000715d00000| Untracked 
| 202|0x0000000715e00000, 0x0000000715e00000, 0x0000000715f00000|  0%| F|  |TAMS 0x0000000715e00000, 0x0000000715e00000| Untracked 
| 203|0x0000000715f00000, 0x0000000715f00000, 0x0000000716000000|  0%| F|  |TAMS 0x0000000715f00000, 0x0000000715f00000| Untracked 
| 204|0x0000000716000000, 0x0000000716000000, 0x0000000716100000|  0%| F|  |TAMS 0x0000000716000000, 0x0000000716000000| Untracked 
| 205|0x0000000716100000, 0x0000000716100000, 0x0000000716200000|  0%| F|  |TAMS 0x0000000716100000, 0x0000000716100000| Untracked 
| 206|0x0000000716200000, 0x0000000716200000, 0x0000000716300000|  0%| F|  |TAMS 0x0000000716200000, 0x0000000716200000| Untracked 
| 207|0x0000000716300000, 0x0000000716300000, 0x0000000716400000|  0%| F|  |TAMS 0x0000000716300000, 0x0000000716300000| Untracked 
| 208|0x0000000716400000, 0x0000000716400000, 0x0000000716500000|  0%| F|  |TAMS 0x0000000716400000, 0x0000000716400000| Untracked 
| 209|0x0000000716500000, 0x0000000716500000, 0x0000000716600000|  0%| F|  |TAMS 0x0000000716500000, 0x0000000716500000| Untracked 
| 210|0x0000000716600000, 0x0000000716600000, 0x0000000716700000|  0%| F|  |TAMS 0x0000000716600000, 0x0000000716600000| Untracked 
| 211|0x0000000716700000, 0x0000000716700000, 0x0000000716800000|  0%| F|  |TAMS 0x0000000716700000, 0x0000000716700000| Untracked 
| 212|0x0000000716800000, 0x0000000716800000, 0x0000000716900000|  0%| F|  |TAMS 0x0000000716800000, 0x0000000716800000| Untracked 
| 213|0x0000000716900000, 0x0000000716900000, 0x0000000716a00000|  0%| F|  |TAMS 0x0000000716900000, 0x0000000716900000| Untracked 
| 214|0x0000000716a00000, 0x0000000716b00000, 0x0000000716b00000|100%| E|  |TAMS 0x0000000716a00000, 0x0000000716a00000| Complete 
| 215|0x0000000716b00000, 0x0000000716c00000, 0x0000000716c00000|100%| E|CS|TAMS 0x0000000716b00000, 0x0000000716b00000| Complete 
| 216|0x0000000716c00000, 0x0000000716d00000, 0x0000000716d00000|100%| E|CS|TAMS 0x0000000716c00000, 0x0000000716c00000| Complete 
| 217|0x0000000716d00000, 0x0000000716e00000, 0x0000000716e00000|100%| E|CS|TAMS 0x0000000716d00000, 0x0000000716d00000| Complete 
| 218|0x0000000716e00000, 0x0000000716f00000, 0x0000000716f00000|100%| E|CS|TAMS 0x0000000716e00000, 0x0000000716e00000| Complete 
| 219|0x0000000716f00000, 0x0000000717000000, 0x0000000717000000|100%| E|CS|TAMS 0x0000000716f00000, 0x0000000716f00000| Complete 
| 220|0x0000000717000000, 0x0000000717100000, 0x0000000717100000|100%| E|CS|TAMS 0x0000000717000000, 0x0000000717000000| Complete 
| 221|0x0000000717100000, 0x0000000717200000, 0x0000000717200000|100%| S|CS|TAMS 0x0000000717100000, 0x0000000717100000| Complete 
| 222|0x0000000717200000, 0x0000000717300000, 0x0000000717300000|100%| S|CS|TAMS 0x0000000717200000, 0x0000000717200000| Complete 
| 223|0x0000000717300000, 0x0000000717400000, 0x0000000717400000|100%| S|CS|TAMS 0x0000000717300000, 0x0000000717300000| Complete 
| 224|0x0000000717400000, 0x0000000717500000, 0x0000000717500000|100%| E|CS|TAMS 0x0000000717400000, 0x0000000717400000| Complete 
| 225|0x0000000717500000, 0x0000000717600000, 0x0000000717600000|100%| E|CS|TAMS 0x0000000717500000, 0x0000000717500000| Complete 
| 226|0x0000000717600000, 0x0000000717700000, 0x0000000717700000|100%| E|CS|TAMS 0x0000000717600000, 0x0000000717600000| Complete 
| 227|0x0000000717700000, 0x0000000717800000, 0x0000000717800000|100%| E|CS|TAMS 0x0000000717700000, 0x0000000717700000| Complete 
| 228|0x0000000717800000, 0x0000000717900000, 0x0000000717900000|100%| E|CS|TAMS 0x0000000717800000, 0x0000000717800000| Complete 
| 229|0x0000000717900000, 0x0000000717a00000, 0x0000000717a00000|100%| E|CS|TAMS 0x0000000717900000, 0x0000000717900000| Complete 
| 230|0x0000000717a00000, 0x0000000717b00000, 0x0000000717b00000|100%| E|CS|TAMS 0x0000000717a00000, 0x0000000717a00000| Complete 
| 231|0x0000000717b00000, 0x0000000717c00000, 0x0000000717c00000|100%| E|CS|TAMS 0x0000000717b00000, 0x0000000717b00000| Complete 
| 232|0x0000000717c00000, 0x0000000717d00000, 0x0000000717d00000|100%| E|CS|TAMS 0x0000000717c00000, 0x0000000717c00000| Complete 
| 233|0x0000000717d00000, 0x0000000717e00000, 0x0000000717e00000|100%| E|CS|TAMS 0x0000000717d00000, 0x0000000717d00000| Complete 
| 234|0x0000000717e00000, 0x0000000717f00000, 0x0000000717f00000|100%| E|CS|TAMS 0x0000000717e00000, 0x0000000717e00000| Complete 
| 235|0x0000000717f00000, 0x0000000718000000, 0x0000000718000000|100%| E|CS|TAMS 0x0000000717f00000, 0x0000000717f00000| Complete 
| 236|0x0000000718000000, 0x0000000718100000, 0x0000000718100000|100%| E|CS|TAMS 0x0000000718000000, 0x0000000718000000| Complete 
| 237|0x0000000718100000, 0x0000000718200000, 0x0000000718200000|100%| E|CS|TAMS 0x0000000718100000, 0x0000000718100000| Complete 
| 238|0x0000000718200000, 0x0000000718300000, 0x0000000718300000|100%| E|CS|TAMS 0x0000000718200000, 0x0000000718200000| Complete 
| 239|0x0000000718300000, 0x0000000718400000, 0x0000000718400000|100%| E|CS|TAMS 0x0000000718300000, 0x0000000718300000| Complete 
| 240|0x0000000718400000, 0x0000000718500000, 0x0000000718500000|100%| E|CS|TAMS 0x0000000718400000, 0x0000000718400000| Complete 
| 241|0x0000000718500000, 0x0000000718600000, 0x0000000718600000|100%| E|CS|TAMS 0x0000000718500000, 0x0000000718500000| Complete 
| 242|0x0000000718600000, 0x0000000718700000, 0x0000000718700000|100%| E|CS|TAMS 0x0000000718600000, 0x0000000718600000| Complete 
| 243|0x0000000718700000, 0x0000000718800000, 0x0000000718800000|100%| E|CS|TAMS 0x0000000718700000, 0x0000000718700000| Complete 
| 244|0x0000000718800000, 0x0000000718900000, 0x0000000718900000|100%| E|CS|TAMS 0x0000000718800000, 0x0000000718800000| Complete 
| 245|0x0000000718900000, 0x0000000718a00000, 0x0000000718a00000|100%| E|CS|TAMS 0x0000000718900000, 0x0000000718900000| Complete 
| 246|0x0000000718a00000, 0x0000000718b00000, 0x0000000718b00000|100%| E|CS|TAMS 0x0000000718a00000, 0x0000000718a00000| Complete 
| 247|0x0000000718b00000, 0x0000000718c00000, 0x0000000718c00000|100%| E|CS|TAMS 0x0000000718b00000, 0x0000000718b00000| Complete 

Card table byte_map: [0x00007ffa3c894000,0x00007ffa3d04a000] _byte_map_base: 0x00007ffa3904a000

Marking Bits (Prev, Next): (CMBitMap*) 0x00007ffa54089e98, (CMBitMap*) 0x00007ffa54089ed0
 Prev Bits: [0x00007ffa34250000, 0x00007ffa38000000)
 Next Bits: [0x00007ffa304a0000, 0x00007ffa34250000)

Polling page: 0x00007ffa5bd3e000

Metaspace:

Usage:
  Non-class:     14,91 MB capacity,    14,56 MB ( 98%) used,   311,48 KB (  2%) free+waste,    50,12 KB ( <1%) overhead. 
      Class:      1,86 MB capacity,     1,69 MB ( 91%) used,   151,13 KB (  8%) free+waste,    24,56 KB (  1%) overhead. 
       Both:     16,77 MB capacity,    16,25 MB ( 97%) used,   462,62 KB (  3%) free+waste,    74,69 KB ( <1%) overhead. 

Virtual space:
  Non-class space:       16,00 MB reserved,      15,00 MB ( 94%) committed 
      Class space:        1,00 GB reserved,       1,88 MB ( <1%) committed 
             Both:        1,02 GB reserved,      16,88 MB (  2%) committed 

Chunk freelists:
   Non-Class:  6,12 KB
       Class:  2,25 KB
        Both:  8,38 KB

CodeHeap 'non-profiled nmethods': size=120032Kb used=631Kb max_used=631Kb free=119400Kb
 bounds [0x00007ffa452c8000, 0x00007ffa45538000, 0x00007ffa4c800000]
CodeHeap 'profiled nmethods': size=120028Kb used=3249Kb max_used=3249Kb free=116778Kb
 bounds [0x00007ffa3dd91000, 0x00007ffa3e0c1000, 0x00007ffa452c8000]
CodeHeap 'non-nmethods': size=5700Kb used=1166Kb max_used=1227Kb free=4533Kb
 bounds [0x00007ffa3d800000, 0x00007ffa3da70000, 0x00007ffa3dd91000]
 total_blobs=1963 nmethods=1554 adapters=330
 compilation: enabled
              stopped_count=0, restarted_count=0
 full_count=0

Compilation events (10 events):
Event: 0,558 Thread 0x00007ffa5428f000 nmethod 1551 0x00007ffa3e0b8d10 code [0x00007ffa3e0b8ec0, 0x00007ffa3e0b9080]
Event: 0,558 Thread 0x00007ffa5428f000 1550       1       org.mockito.cglib.core.Local::getType (5 bytes)
Event: 0,558 Thread 0x00007ffa5428f000 nmethod 1550 0x00007ffa45353590 code [0x00007ffa45353720, 0x00007ffa453537d0]
Event: 0,562 Thread 0x00007ffa5428f000 1552       3       java.util.Base64$Decoder::decode0 (536 bytes)
Event: 0,564 Thread 0x00007ffa5428f000 nmethod 1552 0x00007ffa3e0b9190 code [0x00007ffa3e0b95a0, 0x00007ffa3e0bb520]
Event: 0,564 Thread 0x00007ffa5428f000 1553       3       java.lang.Class::privateGetDeclaredConstructors (79 bytes)
Event: 0,564 Thread 0x00007ffa5428f000 nmethod 1553 0x00007ffa3e0bc410 code [0x00007ffa3e0bc600, 0x00007ffa3e0bcb20]
Event: 0,750 Thread 0x00007ffa5428d000 nmethod 1465% 0x00007ffa45353890 code [0x00007ffa45353dc0, 0x00007ffa45360168]
Event: 300,370 Thread 0x00007ffa5428f000 1554       3       java.lang.ref.ReferenceQueue::reallyPoll (65 bytes)
Event: 300,371 Thread 0x00007ffa5428f000 nmethod 1554 0x00007ffa3e0bcd10 code [0x00007ffa3e0bcee0, 0x00007ffa3e0bd410]

GC Heap History (2 events):
Event: 0,367 GC heap before
{Heap before GC invocations=0 (full 0):
 garbage-first heap   total 253952K, used 24576K [0x0000000709400000, 0x0000000800000000)
  region size 1024K, 24 young (24576K), 0 survivors (0K)
 Metaspace       used 12673K, capacity 12992K, committed 13184K, reserved 1060864K
  class space    used 1207K, capacity 1317K, committed 1408K, reserved 1048576K
}
Event: 0,369 GC heap after
{Heap after GC invocations=1 (full 0):
 garbage-first heap   total 253952K, used 3846K [0x0000000709400000, 0x0000000800000000)
  region size 1024K, 3 young (3072K), 3 survivors (3072K)
 Metaspace       used 12673K, capacity 12992K, committed 13184K, reserved 1060864K
  class space    used 1207K, capacity 1317K, committed 1408K, reserved 1048576K
}

Deoptimization events (10 events):
Event: 0,346 Thread 0x00007ffa54026000 Uncommon trap: reason=bimorphic_or_optimized_type_check action=maybe_recompile pc=0x00007ffa45318b24 method=java.util.HashMap.getNode(ILjava/lang/Object;)Ljava/util/HashMap$Node; @ 126 c2
Event: 0,346 Thread 0x00007ffa54026000 Uncommon trap: reason=unstable_if action=reinterpret pc=0x00007ffa45318a64 method=java.util.HashMap.getNode(ILjava/lang/Object;)Ljava/util/HashMap$Node; @ 62 c2
Event: 0,350 Thread 0x00007ffa54026000 Uncommon trap: reason=class_check action=maybe_recompile pc=0x00007ffa45312a80 method=java.util.HashMap.putVal(ILjava/lang/Object;Ljava/lang/Object;ZZ)Ljava/lang/Object; @ 253 c2
Event: 0,350 Thread 0x00007ffa54026000 Uncommon trap: reason=class_check action=maybe_recompile pc=0x00007ffa45312c04 method=java.util.HashMap.putVal(ILjava/lang/Object;Ljava/lang/Object;ZZ)Ljava/lang/Object; @ 203 c2
Event: 0,357 Thread 0x00007ffa54026000 Uncommon trap: reason=unstable_if action=reinterpret pc=0x00007ffa4531d648 method=java.util.jar.Manifest$FastInputStream.readLine([BII)I @ 90 c2
Event: 0,362 Thread 0x00007ffa54026000 Uncommon trap: reason=class_check action=maybe_recompile pc=0x00007ffa45312c04 method=java.util.HashMap.putVal(ILjava/lang/Object;Ljava/lang/Object;ZZ)Ljava/lang/Object; @ 203 c2
Event: 0,363 Thread 0x00007ffa54026000 Uncommon trap: reason=class_check action=maybe_recompile pc=0x00007ffa45312a80 method=java.util.HashMap.putVal(ILjava/lang/Object;Ljava/lang/Object;ZZ)Ljava/lang/Object; @ 253 c2
Event: 0,369 Thread 0x00007ffa54026000 Uncommon trap: reason=unstable_if action=reinterpret pc=0x00007ffa453137c0 method=org.eclipse.jdt.launching.internal.org.objectweb.asm.ByteVector.putShort(I)Lorg/eclipse/jdt/launching/internal/org/objectweb/asm/ByteVector; @ 13 c2
Event: 0,404 Thread 0x00007ffa54026000 Uncommon trap: reason=unstable_if action=reinterpret pc=0x00007ffa45317ee4 method=java.util.concurrent.ConcurrentHashMap.get(Ljava/lang/Object;)Ljava/lang/Object; @ 76 c2
Event: 0,549 Thread 0x00007ffa54026000 Uncommon trap: reason=unstable_if action=reinterpret pc=0x00007ffa45338690 method=jdk.internal.org.objectweb.asm.Type.getArgumentsAndReturnSizes(Ljava/lang/String;)I @ 41 c2

Classes redefined (10 events):
Event: 451,741 Thread 0x00007ffa54266000 redefined class name=com.opendev.service.impl.CarServiceImplTest, count=12
Event: 457,626 Thread 0x00007ffa54266000 redefined class name=com.opendev.service.impl.CarServiceImplTest, count=13
Event: 462,358 Thread 0x00007ffa54266000 redefined class name=com.opendev.service.impl.CarServiceImplTest, count=14
Event: 466,698 Thread 0x00007ffa54266000 redefined class name=com.opendev.service.impl.CarServiceImplTest, count=15
Event: 520,434 Thread 0x00007ffa54266000 redefined class name=com.opendev.service.impl.CarServiceImplTest, count=16
Event: 543,961 Thread 0x00007ffa54266000 redefined class name=com.opendev.service.impl.CarServiceImplTest, count=17
Event: 551,872 Thread 0x00007ffa54266000 redefined class name=com.opendev.service.impl.CarServiceImplTest, count=18
Event: 563,085 Thread 0x00007ffa54266000 redefined class name=com.opendev.service.impl.CarServiceImplTest, count=19
Event: 566,175 Thread 0x00007ffa54266000 redefined class name=com.opendev.service.impl.CarServiceImplTest, count=20
Event: 574,955 Thread 0x00007ffa54266000 redefined class name=com.opendev.service.impl.CarServiceImplTest, count=21

Internal exceptions (10 events):
Event: 0,377 Thread 0x00007ffa54026000 Exception <a 'java/lang/NoSuchMethodError'{0x0000000718a57600}: java.lang.invoke.DirectMethodHandle$Holder.invokeSpecial(Ljava/lang/Object;Ljava/lang/Object;)V> (0x0000000718a57600) thrown at [./open/src/hotspot/share/interpreter/linkResolver.cpp, line 77
Event: 0,415 Thread 0x00007ffa54026000 Exception <a 'java/lang/NoSuchMethodError'{0x0000000718499870}: java.lang.invoke.DirectMethodHandle$Holder.invokeStatic(Ljava/lang/Object;Ljava/lang/Object;Ljava/lang/Object;Ljava/lang/Object;)V> (0x0000000718499870) thrown at [./open/src/hotspot/share/in
Event: 0,419 Thread 0x00007ffa54026000 Exception <a 'java/lang/NoSuchMethodError'{0x0000000718323238}: java.lang.invoke.DirectMethodHandle$Holder.invokeSpecialIFC(Ljava/lang/Object;Ljava/lang/Object;Ljava/lang/Object;Ljava/lang/Object;)Ljava/lang/Object;> (0x0000000718323238) thrown at [./open
Event: 0,435 Thread 0x00007ffa54026000 Exception <a 'java/lang/NoSuchMethodError'{0x00000007182c1848}: java.lang.invoke.Invokers$Holder.linkToTargetMethod(Ljava/lang/Object;ILjava/lang/Object;)Ljava/lang/Object;> (0x00000007182c1848) thrown at [./open/src/hotspot/share/interpreter/linkResolver
Event: 0,438 Thread 0x00007ffa54026000 Exception <a 'java/lang/NoSuchMethodError'{0x0000000718138e70}: java.lang.invoke.DirectMethodHandle$Holder.invokeInterface(Ljava/lang/Object;Ljava/lang/Object;Ljava/lang/Object;Ljava/lang/Object;)V> (0x0000000718138e70) thrown at [./open/src/hotspot/share
Event: 0,439 Thread 0x00007ffa54026000 Exception <a 'java/lang/IncompatibleClassChangeError'{0x000000071813bc30}: Found class java.lang.Object, but interface was expected> (0x000000071813bc30) thrown at [./open/src/hotspot/share/interpreter/linkResolver.cpp, line 838]
Event: 0,445 Thread 0x00007ffa54026000 Exception <a 'java/lang/NoSuchMethodError'{0x0000000718077000}: java.lang.invoke.DirectMethodHandle$Holder.invokeStatic(Ljava/lang/Object;Ljava/lang/Object;Ljava/lang/Object;Ljava/lang/Object;Ljava/lang/Object;)I> (0x0000000718077000) thrown at [./open/sr
Event: 0,448 Thread 0x00007ffa54026000 Exception <a 'java/lang/NoSuchMethodError'{0x00000007180f3ba0}: java.lang.invoke.DirectMethodHandle$Holder.invokeStaticInit(Ljava/lang/Object;)V> (0x00000007180f3ba0) thrown at [./open/src/hotspot/share/interpreter/linkResolver.cpp, line 772]
Event: 0,475 Thread 0x00007ffa54026000 Exception <a 'java/lang/NoSuchMethodError'{0x0000000717bd45f8}: java.lang.invoke.DirectMethodHandle$Holder.invokeSpecial(Ljava/lang/Object;Ljava/lang/Object;Ljava/lang/Object;Ljava/lang/Object;)I> (0x0000000717bd45f8) thrown at [./open/src/hotspot/share/i
Event: 0,549 Thread 0x00007ffa54026000 Exception <a 'java/lang/NoSuchMethodError'{0x0000000716c29158}: java.lang.invoke.DirectMethodHandle$Holder.invokeSpecial(Ljava/lang/Object;Ljava/lang/Object;)D> (0x0000000716c29158) thrown at [./open/src/hotspot/share/interpreter/linkResolver.cpp, line 77

Events (10 events):
Event: 846,352 Executing VM operation: GetOwnedMonitorInfo
Event: 846,352 Executing VM operation: GetOwnedMonitorInfo done
Event: 846,798 Executing VM operation: GetFrameCount
Event: 846,798 Executing VM operation: GetFrameCount done
Event: 846,798 Executing VM operation: GetOwnedMonitorInfo
Event: 846,798 Executing VM operation: GetOwnedMonitorInfo done
Event: 846,798 Executing VM operation: GetCurrentContendedMonitor
Event: 846,798 Executing VM operation: GetCurrentContendedMonitor done
Event: 846,847 Executing VM operation: GetFrameLocation
Event: 846,847 Executing VM operation: GetFrameLocation done


Dynamic libraries:
709400000-718c00000 rw-p 00000000 00:00 0 
718c00000-800000000 ---p 00000000 00:00 0 
800000000-8001e0000 rw-p 00000000 00:00 0 
8001e0000-840000000 ---p 00000000 00:00 0 
55efd3400000-55efd3401000 r-xp 00000000 fd:00 7603723                    /home/avalos_m/Descargas/eclipse/jdk-11.0.17_linux-x64_bin/jdk-11.0.17/bin/java
55efd3601000-55efd3602000 r--p 00001000 fd:00 7603723                    /home/avalos_m/Descargas/eclipse/jdk-11.0.17_linux-x64_bin/jdk-11.0.17/bin/java
55efd3602000-55efd3603000 rw-p 00002000 fd:00 7603723                    /home/avalos_m/Descargas/eclipse/jdk-11.0.17_linux-x64_bin/jdk-11.0.17/bin/java
55efd49ef000-55efd4a10000 rw-p 00000000 00:00 0                          [heap]
7ff9cc000000-7ff9cc021000 rw-p 00000000 00:00 0 
7ff9cc021000-7ff9d0000000 ---p 00000000 00:00 0 
7ff9d0000000-7ff9d0021000 rw-p 00000000 00:00 0 
7ff9d0021000-7ff9d4000000 ---p 00000000 00:00 0 
7ff9d4000000-7ff9d4021000 rw-p 00000000 00:00 0 
7ff9d4021000-7ff9d8000000 ---p 00000000 00:00 0 
7ff9d8000000-7ff9d8021000 rw-p 00000000 00:00 0 
7ff9d8021000-7ff9dc000000 ---p 00000000 00:00 0 
7ff9dc000000-7ff9dc021000 rw-p 00000000 00:00 0 
7ff9dc021000-7ff9e0000000 ---p 00000000 00:00 0 
7ff9e0000000-7ff9e0021000 rw-p 00000000 00:00 0 
7ff9e0021000-7ff9e4000000 ---p 00000000 00:00 0 
7ff9e4000000-7ff9e4021000 rw-p 00000000 00:00 0 
7ff9e4021000-7ff9e8000000 ---p 00000000 00:00 0 
7ff9e8000000-7ff9e8021000 rw-p 00000000 00:00 0 
7ff9e8021000-7ff9ec000000 ---p 00000000 00:00 0 
7ff9ec000000-7ff9ec435000 rw-p 00000000 00:00 0 
7ff9ec435000-7ff9f0000000 ---p 00000000 00:00 0 
7ff9f0000000-7ff9f0358000 rw-p 00000000 00:00 0 
7ff9f0358000-7ff9f4000000 ---p 00000000 00:00 0 
7ff9f62fa000-7ff9f63fa000 rw-p 00000000 00:00 0 
7ff9f63fa000-7ff9f64fa000 ---p 00000000 00:00 0 
7ff9f64fa000-7ff9f66fa000 rw-p 00000000 00:00 0 
7ff9f66fa000-7ff9f66fb000 ---p 00000000 00:00 0 
7ff9f66fb000-7ff9f67fc000 rw-p 00000000 00:00 0 
7ff9f67fc000-7ff9f67fd000 ---p 00000000 00:00 0 
7ff9f67fd000-7ff9f68fe000 rw-p 00000000 00:00 0 
7ff9f68fe000-7ff9f68ff000 ---p 00000000 00:00 0 
7ff9f68ff000-7ff9f6a00000 rw-p 00000000 00:00 0 
7ff9f6a00000-7ff9f6a02000 r-xp 00000000 fd:00 7604932                    /home/avalos_m/Descargas/eclipse/jdk-11.0.17_linux-x64_bin/jdk-11.0.17/lib/libextnet.so
7ff9f6a02000-7ff9f6c01000 ---p 00002000 fd:00 7604932                    /home/avalos_m/Descargas/eclipse/jdk-11.0.17_linux-x64_bin/jdk-11.0.17/lib/libextnet.so
7ff9f6c01000-7ff9f6c02000 r--p 00001000 fd:00 7604932                    /home/avalos_m/Descargas/eclipse/jdk-11.0.17_linux-x64_bin/jdk-11.0.17/lib/libextnet.so
7ff9f6c02000-7ff9f6c03000 rw-p 00002000 fd:00 7604932                    /home/avalos_m/Descargas/eclipse/jdk-11.0.17_linux-x64_bin/jdk-11.0.17/lib/libextnet.so
7ff9f6cfe000-7ff9f6cff000 ---p 00000000 00:00 0 
7ff9f6cff000-7ff9f7000000 rw-p 00000000 00:00 0 
7ff9f7000000-7ff9f7200000 rw-p 00000000 00:00 0 
7ff9f7200000-7ff9f7215000 r-xp 00000000 fd:00 7604951                    /home/avalos_m/Descargas/eclipse/jdk-11.0.17_linux-x64_bin/jdk-11.0.17/lib/libnet.so
7ff9f7215000-7ff9f7415000 ---p 00015000 fd:00 7604951                    /home/avalos_m/Descargas/eclipse/jdk-11.0.17_linux-x64_bin/jdk-11.0.17/lib/libnet.so
7ff9f7415000-7ff9f7416000 r--p 00015000 fd:00 7604951                    /home/avalos_m/Descargas/eclipse/jdk-11.0.17_linux-x64_bin/jdk-11.0.17/lib/libnet.so
7ff9f7416000-7ff9f7417000 rw-p 00016000 fd:00 7604951                    /home/avalos_m/Descargas/eclipse/jdk-11.0.17_linux-x64_bin/jdk-11.0.17/lib/libnet.so
7ff9f7500000-7ff9f7504000 ---p 00000000 00:00 0 
7ff9f7504000-7ff9f7600000 rw-p 00000000 00:00 0 
7ff9f7600000-7ff9f7610000 r-xp 00000000 fd:00 7604952                    /home/avalos_m/Descargas/eclipse/jdk-11.0.17_linux-x64_bin/jdk-11.0.17/lib/libnio.so
7ff9f7610000-7ff9f7810000 ---p 00010000 fd:00 7604952                    /home/avalos_m/Descargas/eclipse/jdk-11.0.17_linux-x64_bin/jdk-11.0.17/lib/libnio.so
7ff9f7810000-7ff9f7811000 r--p 00010000 fd:00 7604952                    /home/avalos_m/Descargas/eclipse/jdk-11.0.17_linux-x64_bin/jdk-11.0.17/lib/libnio.so
7ff9f7811000-7ff9f7812000 rw-p 00011000 fd:00 7604952                    /home/avalos_m/Descargas/eclipse/jdk-11.0.17_linux-x64_bin/jdk-11.0.17/lib/libnio.so
7ff9f78fe000-7ff9f78ff000 ---p 00000000 00:00 0 
7ff9f78ff000-7ff9f7a00000 rw-p 00000000 00:00 0 
7ff9f7a00000-7ff9f7a04000 ---p 00000000 00:00 0 
7ff9f7a04000-7ff9f7b00000 rw-p 00000000 00:00 0 
7ff9f7b00000-7ff9f7b04000 ---p 00000000 00:00 0 
7ff9f7b04000-7ff9f7c00000 rw-p 00000000 00:00 0 
7ff9f7c00000-7ff9f7c04000 r-xp 00000000 fd:00 7604931                    /home/avalos_m/Descargas/eclipse/jdk-11.0.17_linux-x64_bin/jdk-11.0.17/lib/libdt_socket.so
7ff9f7c04000-7ff9f7e04000 ---p 00004000 fd:00 7604931                    /home/avalos_m/Descargas/eclipse/jdk-11.0.17_linux-x64_bin/jdk-11.0.17/lib/libdt_socket.so
7ff9f7e04000-7ff9f7e05000 r--p 00004000 fd:00 7604931                    /home/avalos_m/Descargas/eclipse/jdk-11.0.17_linux-x64_bin/jdk-11.0.17/lib/libdt_socket.so
7ff9f7e05000-7ff9f7e06000 rw-p 00005000 fd:00 7604931                    /home/avalos_m/Descargas/eclipse/jdk-11.0.17_linux-x64_bin/jdk-11.0.17/lib/libdt_socket.so
7ff9f7f00000-7ff9f7f04000 ---p 00000000 00:00 0 
7ff9f7f04000-7ff9f8000000 rw-p 00000000 00:00 0 
7ff9f8000000-7ff9f8021000 rw-p 00000000 00:00 0 
7ff9f8021000-7ff9fc000000 ---p 00000000 00:00 0 
7ff9fc000000-7ff9fc021000 rw-p 00000000 00:00 0 
7ff9fc021000-7ffa00000000 ---p 00000000 00:00 0 
7ffa00000000-7ffa0166d000 rw-p 00000000 00:00 0 
7ffa0166d000-7ffa04000000 ---p 00000000 00:00 0 
7ffa04000000-7ffa044ed000 rw-p 00000000 00:00 0 
7ffa044ed000-7ffa08000000 ---p 00000000 00:00 0 
7ffa08000000-7ffa08021000 rw-p 00000000 00:00 0 
7ffa08021000-7ffa0c000000 ---p 00000000 00:00 0 
7ffa0c000000-7ffa0c021000 rw-p 00000000 00:00 0 
7ffa0c021000-7ffa10000000 ---p 00000000 00:00 0 
7ffa10000000-7ffa10021000 rw-p 00000000 00:00 0 
7ffa10021000-7ffa14000000 ---p 00000000 00:00 0 
7ffa14000000-7ffa14021000 rw-p 00000000 00:00 0 
7ffa14021000-7ffa18000000 ---p 00000000 00:00 0 
7ffa18000000-7ffa18021000 rw-p 00000000 00:00 0 
7ffa18021000-7ffa1c000000 ---p 00000000 00:00 0 
7ffa1c000000-7ffa1c08a000 rw-p 00000000 00:00 0 
7ffa1c08a000-7ffa20000000 ---p 00000000 00:00 0 
7ffa20000000-7ffa20021000 rw-p 00000000 00:00 0 
7ffa20021000-7ffa24000000 ---p 00000000 00:00 0 
7ffa24000000-7ffa24021000 rw-p 00000000 00:00 0 
7ffa24021000-7ffa28004000 ---p 00000000 00:00 0 
7ffa28004000-7ffa28100000 rw-p 00000000 00:00 0 
7ffa28100000-7ffa28104000 ---p 00000000 00:00 0 
7ffa28104000-7ffa28200000 rw-p 00000000 00:00 0 
7ffa28200000-7ffa28204000 ---p 00000000 00:00 0 
7ffa28204000-7ffa28300000 rw-p 00000000 00:00 0 
7ffa28300000-7ffa28304000 ---p 00000000 00:00 0 
7ffa28304000-7ffa28400000 rw-p 00000000 00:00 0 
7ffa28400000-7ffa28404000 ---p 00000000 00:00 0 
7ffa28404000-7ffa28500000 rw-p 00000000 00:00 0 
7ffa28500000-7ffa28504000 ---p 00000000 00:00 0 
7ffa28504000-7ffa28600000 rw-p 00000000 00:00 0 
7ffa28600000-7ffa28e01000 r--p 00000000 fd:00 2629239                    /usr/lib/locale/locale-archive
7ffa28ef7000-7ffa28efb000 ---p 00000000 00:00 0 
7ffa28efb000-7ffa28ff7000 rw-p 00000000 00:00 0 
7ffa28ff7000-7ffa28ffb000 ---p 00000000 00:00 0 
7ffa28ffb000-7ffa290f7000 rw-p 00000000 00:00 0 
7ffa290f7000-7ffa290fb000 ---p 00000000 00:00 0 
7ffa290fb000-7ffa291f7000 rw-p 00000000 00:00 0 
7ffa291f7000-7ffa291f8000 ---p 00000000 00:00 0 
7ffa291f8000-7ffa29af9000 rw-p 00000000 00:00 0 
7ffa29af9000-7ffa29afa000 ---p 00000000 00:00 0 
7ffa29afa000-7ffa29bfb000 rw-p 00000000 00:00 0 
7ffa29bfb000-7ffa29bfc000 ---p 00000000 00:00 0 
7ffa29bfc000-7ffa2c000000 rw-p 00000000 00:00 0 
7ffa2c000000-7ffa2c021000 rw-p 00000000 00:00 0 
7ffa2c021000-7ffa30000000 ---p 00000000 00:00 0 
7ffa3009c000-7ffa30880000 rw-p 00000000 00:00 0 
7ffa30880000-7ffa34250000 ---p 00000000 00:00 0 
7ffa34250000-7ffa34630000 rw-p 00000000 00:00 0 
7ffa34630000-7ffa38000000 ---p 00000000 00:00 0 
7ffa38000000-7ffa38021000 rw-p 00000000 00:00 0 
7ffa38021000-7ffa3c000000 ---p 00000000 00:00 0 
7ffa3c0de000-7ffa3c15a000 rw-p 00000000 00:00 0 
7ffa3c15a000-7ffa3c894000 ---p 00000000 00:00 0 
7ffa3c894000-7ffa3c910000 rw-p 00000000 00:00 0 
7ffa3c910000-7ffa3d04a000 ---p 00000000 00:00 0 
7ffa3d04a000-7ffa3d0c6000 rw-p 00000000 00:00 0 
7ffa3d0c6000-7ffa3d800000 ---p 00000000 00:00 0 
7ffa3d800000-7ffa3da70000 rwxp 00000000 00:00 0 
7ffa3da70000-7ffa3dd91000 ---p 00000000 00:00 0 
7ffa3dd91000-7ffa3e0c1000 rwxp 00000000 00:00 0 
7ffa3e0c1000-7ffa452c8000 ---p 00000000 00:00 0 
7ffa452c8000-7ffa45538000 rwxp 00000000 00:00 0 
7ffa45538000-7ffa4c800000 ---p 00000000 00:00 0 
7ffa4c800000-7ffa53f50000 r--s 00000000 fd:00 7604962                    /home/avalos_m/Descargas/eclipse/jdk-11.0.17_linux-x64_bin/jdk-11.0.17/lib/modules
7ffa54000000-7ffa54b34000 rw-p 00000000 00:00 0 
7ffa54b34000-7ffa58000000 ---p 00000000 00:00 0 
7ffa580f9000-7ffa581fa000 rw-p 00000000 00:00 0 
7ffa581fa000-7ffa581fb000 ---p 00000000 00:00 0 
7ffa581fb000-7ffa582fc000 rw-p 00000000 00:00 0 
7ffa582fc000-7ffa582fd000 ---p 00000000 00:00 0 
7ffa582fd000-7ffa58800000 rw-p 00000000 00:00 0 
7ffa58800000-7ffa58807000 r-xp 00000000 fd:00 7604961                    /home/avalos_m/Descargas/eclipse/jdk-11.0.17_linux-x64_bin/jdk-11.0.17/lib/libzip.so
7ffa58807000-7ffa58a06000 ---p 00007000 fd:00 7604961                    /home/avalos_m/Descargas/eclipse/jdk-11.0.17_linux-x64_bin/jdk-11.0.17/lib/libzip.so
7ffa58a06000-7ffa58a07000 r--p 00006000 fd:00 7604961                    /home/avalos_m/Descargas/eclipse/jdk-11.0.17_linux-x64_bin/jdk-11.0.17/lib/libzip.so
7ffa58a07000-7ffa58a08000 rw-p 00007000 fd:00 7604961                    /home/avalos_m/Descargas/eclipse/jdk-11.0.17_linux-x64_bin/jdk-11.0.17/lib/libzip.so
7ffa58aff000-7ffa58c00000 rw-p 00000000 00:00 0 
7ffa58c00000-7ffa58c0a000 r-xp 00000000 fd:00 7604934                    /home/avalos_m/Descargas/eclipse/jdk-11.0.17_linux-x64_bin/jdk-11.0.17/lib/libinstrument.so
7ffa58c0a000-7ffa58e09000 ---p 0000a000 fd:00 7604934                    /home/avalos_m/Descargas/eclipse/jdk-11.0.17_linux-x64_bin/jdk-11.0.17/lib/libinstrument.so
7ffa58e09000-7ffa58e0a000 r--p 00009000 fd:00 7604934                    /home/avalos_m/Descargas/eclipse/jdk-11.0.17_linux-x64_bin/jdk-11.0.17/lib/libinstrument.so
7ffa58e0a000-7ffa58e0b000 rw-p 0000a000 fd:00 7604934                    /home/avalos_m/Descargas/eclipse/jdk-11.0.17_linux-x64_bin/jdk-11.0.17/lib/libinstrument.so
7ffa58eff000-7ffa59000000 rw-p 00000000 00:00 0 
7ffa59000000-7ffa5903c000 r-xp 00000000 fd:00 7604942                    /home/avalos_m/Descargas/eclipse/jdk-11.0.17_linux-x64_bin/jdk-11.0.17/lib/libjdwp.so
7ffa5903c000-7ffa5923b000 ---p 0003c000 fd:00 7604942                    /home/avalos_m/Descargas/eclipse/jdk-11.0.17_linux-x64_bin/jdk-11.0.17/lib/libjdwp.so
7ffa5923b000-7ffa5923c000 r--p 0003b000 fd:00 7604942                    /home/avalos_m/Descargas/eclipse/jdk-11.0.17_linux-x64_bin/jdk-11.0.17/lib/libjdwp.so
7ffa5923c000-7ffa5923d000 rw-p 0003c000 fd:00 7604942                    /home/avalos_m/Descargas/eclipse/jdk-11.0.17_linux-x64_bin/jdk-11.0.17/lib/libjdwp.so
7ffa592ff000-7ffa59400000 rw-p 00000000 00:00 0 
7ffa59400000-7ffa5941b000 r-xp 00000000 fd:00 7604943                    /home/avalos_m/Descargas/eclipse/jdk-11.0.17_linux-x64_bin/jdk-11.0.17/lib/libjimage.so
7ffa5941b000-7ffa5961a000 ---p 0001b000 fd:00 7604943                    /home/avalos_m/Descargas/eclipse/jdk-11.0.17_linux-x64_bin/jdk-11.0.17/lib/libjimage.so
7ffa5961a000-7ffa5961c000 r--p 0001a000 fd:00 7604943                    /home/avalos_m/Descargas/eclipse/jdk-11.0.17_linux-x64_bin/jdk-11.0.17/lib/libjimage.so
7ffa5961c000-7ffa5961d000 rw-p 0001c000 fd:00 7604943                    /home/avalos_m/Descargas/eclipse/jdk-11.0.17_linux-x64_bin/jdk-11.0.17/lib/libjimage.so
7ffa596ff000-7ffa59800000 rw-p 00000000 00:00 0 
7ffa59800000-7ffa5982a000 r-xp 00000000 fd:00 7604939                    /home/avalos_m/Descargas/eclipse/jdk-11.0.17_linux-x64_bin/jdk-11.0.17/lib/libjava.so
7ffa5982a000-7ffa59a29000 ---p 0002a000 fd:00 7604939                    /home/avalos_m/Descargas/eclipse/jdk-11.0.17_linux-x64_bin/jdk-11.0.17/lib/libjava.so
7ffa59a29000-7ffa59a2a000 r--p 00029000 fd:00 7604939                    /home/avalos_m/Descargas/eclipse/jdk-11.0.17_linux-x64_bin/jdk-11.0.17/lib/libjava.so
7ffa59a2a000-7ffa59a2b000 rw-p 0002a000 fd:00 7604939                    /home/avalos_m/Descargas/eclipse/jdk-11.0.17_linux-x64_bin/jdk-11.0.17/lib/libjava.so
7ffa59a2b000-7ffa59a2c000 rw-p 00000000 00:00 0 
7ffa59a7e000-7ffa59c00000 rw-p 00000000 00:00 0 
7ffa59c00000-7ffa59c0d000 r-xp 00000000 fd:00 7604960                    /home/avalos_m/Descargas/eclipse/jdk-11.0.17_linux-x64_bin/jdk-11.0.17/lib/libverify.so
7ffa59c0d000-7ffa59e0c000 ---p 0000d000 fd:00 7604960                    /home/avalos_m/Descargas/eclipse/jdk-11.0.17_linux-x64_bin/jdk-11.0.17/lib/libverify.so
7ffa59e0c000-7ffa59e0e000 r--p 0000c000 fd:00 7604960                    /home/avalos_m/Descargas/eclipse/jdk-11.0.17_linux-x64_bin/jdk-11.0.17/lib/libverify.so
7ffa59e0e000-7ffa59e0f000 rw-p 0000e000 fd:00 7604960                    /home/avalos_m/Descargas/eclipse/jdk-11.0.17_linux-x64_bin/jdk-11.0.17/lib/libverify.so
7ffa59e13000-7ffa59e14000 ---p 00000000 00:00 0 
7ffa59e14000-7ffa59f1a000 rw-p 00000000 00:00 0 
7ffa59f1a000-7ffa5a000000 ---p 00000000 00:00 0 
7ffa5a000000-7ffa5b191000 r-xp 00000000 fd:00 7604973                    /home/avalos_m/Descargas/eclipse/jdk-11.0.17_linux-x64_bin/jdk-11.0.17/lib/server/libjvm.so
7ffa5b191000-7ffa5b391000 ---p 01191000 fd:00 7604973                    /home/avalos_m/Descargas/eclipse/jdk-11.0.17_linux-x64_bin/jdk-11.0.17/lib/server/libjvm.so
7ffa5b391000-7ffa5b450000 r--p 01191000 fd:00 7604973                    /home/avalos_m/Descargas/eclipse/jdk-11.0.17_linux-x64_bin/jdk-11.0.17/lib/server/libjvm.so
7ffa5b450000-7ffa5b48a000 rw-p 01250000 fd:00 7604973                    /home/avalos_m/Descargas/eclipse/jdk-11.0.17_linux-x64_bin/jdk-11.0.17/lib/server/libjvm.so
7ffa5b48a000-7ffa5b4e1000 rw-p 00000000 00:00 0 
7ffa5b515000-7ffa5b51c000 rw-p 00000000 00:00 0 
7ffa5b51c000-7ffa5b600000 ---p 00000000 00:00 0 
7ffa5b600000-7ffa5b628000 r--p 00000000 fd:00 2623600                    /usr/lib/x86_64-linux-gnu/libc.so.6
7ffa5b628000-7ffa5b7bd000 r-xp 00028000 fd:00 2623600                    /usr/lib/x86_64-linux-gnu/libc.so.6
7ffa5b7bd000-7ffa5b815000 r--p 001bd000 fd:00 2623600                    /usr/lib/x86_64-linux-gnu/libc.so.6
7ffa5b815000-7ffa5b819000 r--p 00214000 fd:00 2623600                    /usr/lib/x86_64-linux-gnu/libc.so.6
7ffa5b819000-7ffa5b81b000 rw-p 00218000 fd:00 2623600                    /usr/lib/x86_64-linux-gnu/libc.so.6
7ffa5b81b000-7ffa5b828000 rw-p 00000000 00:00 0 
7ffa5b899000-7ffa5b8f9000 rw-p 00000000 00:00 0 
7ffa5b8f9000-7ffa5b900000 ---p 00000000 00:00 0 
7ffa5b900000-7ffa5b904000 ---p 00000000 00:00 0 
7ffa5b904000-7ffa5ba00000 rw-p 00000000 00:00 0 
7ffa5ba00000-7ffa5ba10000 r-xp 00000000 fd:00 7604923                    /home/avalos_m/Descargas/eclipse/jdk-11.0.17_linux-x64_bin/jdk-11.0.17/lib/jli/libjli.so
7ffa5ba10000-7ffa5bc0f000 ---p 00010000 fd:00 7604923                    /home/avalos_m/Descargas/eclipse/jdk-11.0.17_linux-x64_bin/jdk-11.0.17/lib/jli/libjli.so
7ffa5bc0f000-7ffa5bc10000 r--p 0000f000 fd:00 7604923                    /home/avalos_m/Descargas/eclipse/jdk-11.0.17_linux-x64_bin/jdk-11.0.17/lib/jli/libjli.so
7ffa5bc10000-7ffa5bc11000 rw-p 00010000 fd:00 7604923                    /home/avalos_m/Descargas/eclipse/jdk-11.0.17_linux-x64_bin/jdk-11.0.17/lib/jli/libjli.so
7ffa5bc18000-7ffa5bc19000 r--p 00000000 fd:00 2623634                    /usr/lib/x86_64-linux-gnu/librt.so.1
7ffa5bc19000-7ffa5bc1a000 r-xp 00001000 fd:00 2623634                    /usr/lib/x86_64-linux-gnu/librt.so.1
7ffa5bc1a000-7ffa5bc1b000 r--p 00002000 fd:00 2623634                    /usr/lib/x86_64-linux-gnu/librt.so.1
7ffa5bc1b000-7ffa5bc1c000 r--p 00002000 fd:00 2623634                    /usr/lib/x86_64-linux-gnu/librt.so.1
7ffa5bc1c000-7ffa5bc1d000 rw-p 00003000 fd:00 2623634                    /usr/lib/x86_64-linux-gnu/librt.so.1
7ffa5bc1d000-7ffa5bc2b000 r--p 00000000 fd:00 2623606                    /usr/lib/x86_64-linux-gnu/libm.so.6
7ffa5bc2b000-7ffa5bca7000 r-xp 0000e000 fd:00 2623606                    /usr/lib/x86_64-linux-gnu/libm.so.6
7ffa5bca7000-7ffa5bd02000 r--p 0008a000 fd:00 2623606                    /usr/lib/x86_64-linux-gnu/libm.so.6
7ffa5bd02000-7ffa5bd03000 r--p 000e4000 fd:00 2623606                    /usr/lib/x86_64-linux-gnu/libm.so.6
7ffa5bd03000-7ffa5bd04000 rw-p 000e5000 fd:00 2623606                    /usr/lib/x86_64-linux-gnu/libm.so.6
7ffa5bd04000-7ffa5bd09000 rw-p 00000000 00:00 0 
7ffa5bd09000-7ffa5bd0a000 r--p 00000000 fd:00 2623604                    /usr/lib/x86_64-linux-gnu/libdl.so.2
7ffa5bd0a000-7ffa5bd0b000 r-xp 00001000 fd:00 2623604                    /usr/lib/x86_64-linux-gnu/libdl.so.2
7ffa5bd0b000-7ffa5bd0c000 r--p 00002000 fd:00 2623604                    /usr/lib/x86_64-linux-gnu/libdl.so.2
7ffa5bd0c000-7ffa5bd0d000 r--p 00002000 fd:00 2623604                    /usr/lib/x86_64-linux-gnu/libdl.so.2
7ffa5bd0d000-7ffa5bd0e000 rw-p 00003000 fd:00 2623604                    /usr/lib/x86_64-linux-gnu/libdl.so.2
7ffa5bd0e000-7ffa5bd0f000 r--p 00000000 fd:00 2623630                    /usr/lib/x86_64-linux-gnu/libpthread.so.0
7ffa5bd0f000-7ffa5bd10000 r-xp 00001000 fd:00 2623630                    /usr/lib/x86_64-linux-gnu/libpthread.so.0
7ffa5bd10000-7ffa5bd11000 r--p 00002000 fd:00 2623630                    /usr/lib/x86_64-linux-gnu/libpthread.so.0
7ffa5bd11000-7ffa5bd12000 r--p 00002000 fd:00 2623630                    /usr/lib/x86_64-linux-gnu/libpthread.so.0
7ffa5bd12000-7ffa5bd13000 rw-p 00003000 fd:00 2623630                    /usr/lib/x86_64-linux-gnu/libpthread.so.0
7ffa5bd13000-7ffa5bd15000 r--p 00000000 fd:00 2621837                    /usr/lib/x86_64-linux-gnu/libz.so.1.2.11
7ffa5bd15000-7ffa5bd26000 r-xp 00002000 fd:00 2621837                    /usr/lib/x86_64-linux-gnu/libz.so.1.2.11
7ffa5bd26000-7ffa5bd2c000 r--p 00013000 fd:00 2621837                    /usr/lib/x86_64-linux-gnu/libz.so.1.2.11
7ffa5bd2c000-7ffa5bd2d000 ---p 00019000 fd:00 2621837                    /usr/lib/x86_64-linux-gnu/libz.so.1.2.11
7ffa5bd2d000-7ffa5bd2e000 r--p 00019000 fd:00 2621837                    /usr/lib/x86_64-linux-gnu/libz.so.1.2.11
7ffa5bd2e000-7ffa5bd2f000 rw-p 0001a000 fd:00 2621837                    /usr/lib/x86_64-linux-gnu/libz.so.1.2.11
7ffa5bd2f000-7ffa5bd36000 r--s 00000000 fd:00 3413501                    /usr/lib/x86_64-linux-gnu/gconv/gconv-modules.cache
7ffa5bd36000-7ffa5bd3e000 rw-s 00000000 fd:00 659963                     /tmp/hsperfdata_avalos_m/27160
7ffa5bd3e000-7ffa5bd3f000 ---p 00000000 00:00 0 
7ffa5bd3f000-7ffa5bd40000 r--p 00000000 00:00 0 
7ffa5bd40000-7ffa5bd42000 rw-p 00000000 00:00 0 
7ffa5bd42000-7ffa5bd44000 r--p 00000000 fd:00 2623589                    /usr/lib/x86_64-linux-gnu/ld-linux-x86-64.so.2
7ffa5bd44000-7ffa5bd6e000 r-xp 00002000 fd:00 2623589                    /usr/lib/x86_64-linux-gnu/ld-linux-x86-64.so.2
7ffa5bd6e000-7ffa5bd79000 r--p 0002c000 fd:00 2623589                    /usr/lib/x86_64-linux-gnu/ld-linux-x86-64.so.2
7ffa5bd7a000-7ffa5bd7c000 r--p 00037000 fd:00 2623589                    /usr/lib/x86_64-linux-gnu/ld-linux-x86-64.so.2
7ffa5bd7c000-7ffa5bd7e000 rw-p 00039000 fd:00 2623589                    /usr/lib/x86_64-linux-gnu/ld-linux-x86-64.so.2
7ffe5c3e6000-7ffe5c408000 rw-p 00000000 00:00 0                          [stack]
7ffe5c5e5000-7ffe5c5e9000 r--p 00000000 00:00 0                          [vvar]
7ffe5c5e9000-7ffe5c5eb000 r-xp 00000000 00:00 0                          [vdso]
ffffffffff600000-ffffffffff601000 --xp 00000000 00:00 0                  [vsyscall]


VM Arguments:
jvm_args: -agentlib:jdwp=transport=dt_socket,suspend=y,address=localhost:44561 -ea -javaagent:/home/avalos_m/Descargas/eclipse/configuration/org.eclipse.osgi/414/0/.cp/lib/javaagent-shaded.jar -Dfile.encoding=UTF-8 
java_command: org.eclipse.jdt.internal.junit.runner.RemoteTestRunner -version 3 -port 37847 -testLoaderClass org.eclipse.jdt.internal.junit5.runner.JUnit5TestLoader -loaderpluginname org.eclipse.jdt.junit5.runtime -test com.opendev.service.impl.CarServiceImplTest:calcularElCostoCuandoIdsOptionalEstaVacio
java_class_path (initial): /home/avalos_m/eclipse-workspace/opendev-exercise-factory/target/test-classes:/home/avalos_m/eclipse-workspace/opendev-exercise-factory/target/classes:/home/avalos_m/Descargas/eclipse/plugins/junit-jupiter-api_5.9.1.jar:/home/avalos_m/Descargas/eclipse/plugins/junit-jupiter-engine_5.9.1.jar:/home/avalos_m/Descargas/eclipse/plugins/junit-jupiter-migrationsupport_5.9.1.jar:/home/avalos_m/Descargas/eclipse/plugins/junit-jupiter-params_5.9.1.jar:/home/avalos_m/Descargas/eclipse/plugins/junit-platform-commons_1.9.1.jar:/home/avalos_m/Descargas/eclipse/plugins/junit-platform-engine_1.9.1.jar:/home/avalos_m/Descargas/eclipse/plugins/junit-platform-launcher_1.9.1.jar:/home/avalos_m/Descargas/eclipse/plugins/junit-platform-runner_1.9.1.jar:/home/avalos_m/Descargas/eclipse/plugins/junit-platform-suite-api_1.9.1.jar:/home/avalos_m/Descargas/eclipse/plugins/junit-platform-suite-engine_1.9.1.jar:/home/avalos_m/Descargas/eclipse/plugins/junit-platform-suite-commons_1.9.1.jar:/home/avalos_m/Descargas/eclipse/plugins/junit-vintage-engine_5.9.1.jar:/home/avalos_m/Descargas/eclipse/plugins/org.opentest4j_1.2.0.jar:/home/avalos_m/Descargas/eclipse/plugins/org.apiguardian.api_1.1.2.jar:/home/avalos_m/Descargas/eclipse/plugins/org.junit_4.13.2.v20211018-1956.jar:/home/avalos_m/Descargas/eclipse/plugins/org.hamcrest.core_1.3.0.v20180420-1519.jar:/home/avalos_m/.m2/repository/com/google/code/gson/gson/2.10.1/gson-2.10.1.jar:/home/avalos_m/.m2/repository/io/vavr/vavr/0.10.4/vavr-0.10.4.jar:/home/avalos_m/.m2/repository/io/vavr/vavr-match/0.10.4/vavr-match-0.10.4.jar:/home/avalos_m/.m2/repository/org/mockito/mockito-all/1.10.19/mockito-all-1.10.19.jar:/home/avalos_m/.m2/repository/io/vavr/vavr-test/0.10.4/vavr-test-0.10.4.jar:/home/avalos_m/.m2/repository/org/projectlombok/lombok/1.18.26/lombok-1.18.26.jar:/home/avalos_m/.m2/repository/org/jacoco/org.jacoco.agent/0.8.8/org.jacoco.agent-0.8.8.jar:/home/avalos_m/.m2/repository/org/jacoco/jacoco-maven-plugin/0.8.8/
Launcher Type: SUN_STANDARD

[Global flags]
     intx CICompilerCount                          = 4                                         {product} {ergonomic}
     uint ConcGCThreads                            = 2                                         {product} {ergonomic}
     uint G1ConcRefinementThreads                  = 8                                         {product} {ergonomic}
   size_t G1HeapRegionSize                         = 1048576                                   {product} {ergonomic}
    uintx GCDrainStackTargetSize                   = 64                                        {product} {ergonomic}
   size_t InitialHeapSize                          = 260046848                                 {product} {ergonomic}
   size_t MarkStackSize                            = 4194304                                   {product} {ergonomic}
   size_t MaxHeapSize                              = 4139778048                                {product} {ergonomic}
   size_t MaxNewSize                               = 2483027968                                {product} {ergonomic}
   size_t MinHeapDeltaBytes                        = 1048576                                   {product} {ergonomic}
    uintx NonNMethodCodeHeapSize                   = 5836300                                {pd product} {ergonomic}
    uintx NonProfiledCodeHeapSize                  = 122910970                              {pd product} {ergonomic}
    uintx ProfiledCodeHeapSize                     = 122910970                              {pd product} {ergonomic}
    uintx ReservedCodeCacheSize                    = 251658240                              {pd product} {ergonomic}
     bool SegmentedCodeCache                       = true                                      {product} {ergonomic}
     bool UseCompressedClassPointers               = true                                 {lp64_product} {ergonomic}
     bool UseCompressedOops                        = true                                 {lp64_product} {ergonomic}
     bool UseG1GC                                  = true                                      {product} {ergonomic}

Logging:
Log output configuration:
 #0: stdout all=warning uptime,level,tags
 #1: stderr all=off uptime,level,tags

Environment Variables:
PATH=/usr/local/sbin:/usr/local/bin:/usr/sbin:/usr/bin:/sbin:/bin:/usr/games:/usr/local/games:/snap/bin:/snap/bin
USERNAME=avalos_m
SHELL=/bin/bash
DISPLAY=:1

Signal Handlers:
SIGSEGV: [libjvm.so+0xe7fea0], sa_mask[0]=11111111011111111101111111111110, sa_flags=SA_RESTART|SA_SIGINFO
SIGBUS: [libjvm.so+0xe7fea0], sa_mask[0]=11111111011111111101111111111110, sa_flags=SA_RESTART|SA_SIGINFO
SIGFPE: [libjvm.so+0xe7fea0], sa_mask[0]=11111111011111111101111111111110, sa_flags=SA_RESTART|SA_SIGINFO
SIGPIPE: [libjvm.so+0xc52290], sa_mask[0]=11111111011111111101111111111110, sa_flags=SA_RESTART|SA_SIGINFO
SIGXFSZ: [libjvm.so+0xc52290], sa_mask[0]=11111111011111111101111111111110, sa_flags=SA_RESTART|SA_SIGINFO
SIGILL: [libjvm.so+0xe7fea0], sa_mask[0]=11111111011111111101111111111110, sa_flags=SA_RESTART|SA_SIGINFO
SIGUSR2: [libjvm.so+0xc52130], sa_mask[0]=00100000000000000000000000000000, sa_flags=SA_RESTART|SA_SIGINFO
SIGHUP: [libjvm.so+0xc52760], sa_mask[0]=11111111011111111101111111111110, sa_flags=SA_RESTART|SA_SIGINFO
SIGINT: [libjvm.so+0xc52760], sa_mask[0]=11111111011111111101111111111110, sa_flags=SA_RESTART|SA_SIGINFO
SIGTERM: [libjvm.so+0xc52760], sa_mask[0]=11111111011111111101111111111110, sa_flags=SA_RESTART|SA_SIGINFO
SIGQUIT: [libjvm.so+0xc52760], sa_mask[0]=11111111011111111101111111111110, sa_flags=SA_RESTART|SA_SIGINFO


---------------  S Y S T E M  ---------------

OS:DISTRIB_ID=Ubuntu
DISTRIB_RELEASE=22.04
DISTRIB_CODENAME=jammy
DISTRIB_DESCRIPTION="Ubuntu 22.04.2 LTS"
uname:Linux 5.19.0-38-generic #39~22.04.1-Ubuntu SMP PREEMPT_DYNAMIC Fri Mar 17 21:16:15 UTC 2 x86_64
libc:glibc 2.35 NPTL 2.35 
rlimit: STACK 8192k, CORE 0k, NPROC 62811, NOFILE 1048576, AS infinity, DATA infinity, FSIZE infinity
load average:0,98 1,03 1,05

/proc/meminfo:
MemTotal:       16163508 kB
MemFree:         1227544 kB
MemAvailable:    6300576 kB
Buffers:          199740 kB
Cached:          6527968 kB
SwapCached:            0 kB
Active:          2474508 kB
Inactive:       10683220 kB
Active(anon):       3068 kB
Inactive(anon):  7981612 kB
Active(file):    2471440 kB
Inactive(file):  2701608 kB
Unevictable:     1011324 kB
Mlocked:             176 kB
SwapTotal:        999420 kB
SwapFree:         999420 kB
Zswap:                 0 kB
Zswapped:              0 kB
Dirty:              1380 kB
Writeback:             0 kB
AnonPages:       7441264 kB
Mapped:          1624096 kB
Shmem:           1566664 kB
KReclaimable:     244656 kB
Slab:             505444 kB
SReclaimable:     244656 kB
SUnreclaim:       260788 kB
KernelStack:       31792 kB
PageTables:        74928 kB
NFS_Unstable:          0 kB
Bounce:                0 kB
WritebackTmp:          0 kB
CommitLimit:     9081172 kB
Committed_AS:   22868484 kB
VmallocTotal:   34359738367 kB
VmallocUsed:       96652 kB
VmallocChunk:          0 kB
Percpu:             9664 kB
HardwareCorrupted:     0 kB
AnonHugePages:         0 kB
ShmemHugePages:   894976 kB
ShmemPmdMapped:        0 kB
FileHugePages:         0 kB
FilePmdMapped:         0 kB
HugePages_Total:       0
HugePages_Free:        0
HugePages_Rsvd:        0
HugePages_Surp:        0
Hugepagesize:       2048 kB
Hugetlb:               0 kB
DirectMap4k:      448192 kB
DirectMap2M:    14010368 kB
DirectMap1G:     2097152 kB


/proc/sys/kernel/threads-max (system-wide limit on the number of threads):
125622


/proc/sys/vm/max_map_count (maximum number of memory map areas a process may have):
65530


/proc/sys/kernel/pid_max (system-wide limit on number of process identifiers):
4194304



container (cgroup) information:
container_type: cgroupv2
cpu_cpuset_cpus: not supported
cpu_memory_nodes: not supported
active_processor_count: 8
cpu_quota: not supported
cpu_period: not supported
cpu_shares: not supported
memory_limit_in_bytes: unlimited
memory_and_swap_limit_in_bytes: unlimited
memory_soft_limit_in_bytes: unlimited
memory_usage_in_bytes: 5592104960
memory_max_usage_in_bytes: not supported


CPU:total 8 (initial active 8) (4 cores per cpu, 2 threads per core) family 6 model 140 stepping 1 microcode 0xa6, cmov, cx8, fxsr, mmx, sse, sse2, sse3, ssse3, sse4.1, sse4.2, popcnt, avx, avx2, aes, clmul, erms, 3dnowpref, lzcnt, ht, tsc, tscinvbit, bmi1, bmi2, adx, evex, sha, fma
CPU Model and flags from /proc/cpuinfo:
model name	: 11th Gen Intel(R) Core(TM) i7-1165G7 @ 2.80GHz
flags		: fpu vme de pse tsc msr pae mce cx8 apic sep mtrr pge mca cmov pat pse36 clflush dts acpi mmx fxsr sse sse2 ss ht tm pbe syscall nx pdpe1gb rdtscp lm constant_tsc art arch_perfmon pebs bts rep_good nopl xtopology nonstop_tsc cpuid aperfmperf tsc_known_freq pni pclmulqdq dtes64 monitor ds_cpl vmx est tm2 ssse3 sdbg fma cx16 xtpr pdcm pcid sse4_1 sse4_2 x2apic movbe popcnt tsc_deadline_timer aes xsave avx f16c rdrand lahf_lm abm 3dnowprefetch cpuid_fault epb cat_l2 invpcid_single cdp_l2 ssbd ibrs ibpb stibp ibrs_enhanced tpr_shadow vnmi flexpriority ept vpid ept_ad fsgsbase tsc_adjust bmi1 avx2 smep bmi2 erms invpcid rdt_a avx512f avx512dq rdseed adx smap avx512ifma clflushopt clwb intel_pt avx512cd sha_ni avx512bw avx512vl xsaveopt xsavec xgetbv1 xsaves split_lock_detect dtherm ida arat pln pts hwp hwp_notify hwp_act_window hwp_epp hwp_pkg_req avx512vbmi umip pku ospke avx512_vbmi2 gfni vaes vpclmulqdq avx512_vnni avx512_bitalg avx512_vpopcntdq rdpid movdiri movdir64b fsrm avx512_vp2intersect md_clear ibt flush_l1d arch_capabilities

Memory: 4k page, physical 16163508k(1227544k free), swap 999420k(999420k free)

vm_info: Java HotSpot(TM) 64-Bit Server VM (11.0.17+10-LTS-269) for linux-amd64 JRE (11.0.17+10-LTS-269), built on Sep 13 2022 18:26:47 by "mach5one" with gcc 7.3.0

END.
