#
# A fatal error has been detected by the Java Runtime Environment:
#
#  Internal Error (generateOopMap.cpp:2164), pid=36457, tid=36471
#  fatal error: Illegal class file encountered. Try running with -Xverify:all in method deleteNoExisteId
#
# JRE version: Java(TM) SE Runtime Environment 18.9 (11.0.17+10) (build 11.0.17+10-LTS-269)
# Java VM: Java HotSpot(TM) 64-Bit Server VM 18.9 (11.0.17+10-LTS-269, mixed mode, tiered, compressed oops, g1 gc, linux-amd64)
# Core dump will be written. Default location: Core dumps may be processed with "/usr/share/apport/apport -p%p -s%s -c%c -d%d -P%P -u%u -g%g -- %E" (or dumping to /home/avalos_m/eclipse-workspace/opendev-exercise-factory/core.36457)
#
# If you would like to submit a bug report, please visit:
#   https://bugreport.java.com/bugreport/crash.jsp
#

---------------  S U M M A R Y ------------

Command Line: -agentlib:jdwp=transport=dt_socket,suspend=y,address=localhost:37453 -ea -javaagent:/home/avalos_m/Descargas/eclipse/configuration/org.eclipse.osgi/414/0/.cp/lib/javaagent-shaded.jar -Dfile.encoding=UTF-8 org.eclipse.jdt.internal.junit.runner.RemoteTestRunner -version 3 -port 39899 -testLoaderClass org.eclipse.jdt.internal.junit5.runner.JUnit5TestLoader -loaderpluginname org.eclipse.jdt.junit5.runtime -test com.opendev.service.impl.CarServiceImplTest:deleteNoExisteId

Host: 11th Gen Intel(R) Core(TM) i7-1165G7 @ 2.80GHz, 8 cores, 15G, Ubuntu 22.04.2 LTS
Time: Fri Apr 21 15:43:34 2023 -03 elapsed time: 849.716399 seconds (0d 0h 14m 9s)

---------------  T H R E A D  ---------------

Current thread (0x00007f8e38265800):  VMThread "VM Thread" [stack: 0x00007f8e10adf000,0x00007f8e10bdf000] [id=36471]

Stack: [0x00007f8e10adf000,0x00007f8e10bdf000],  sp=0x00007f8e10bdcc60,  free space=1015k
Native frames: (J=compiled Java code, j=interpreted, Vv=VM code, C=native code)
V  [libjvm.so+0xe7e294]  VMError::report_and_die(int, char const*, char const*, __va_list_tag*, Thread*, unsigned char*, void*, void*, char const*, int, unsigned long)+0x194
V  [libjvm.so+0x68ee5f]  report_fatal(VMErrorType, char const*, int, char const*, ...)+0x10f
V  [libjvm.so+0x7f20ef]  GenerateOopMap::error_work(char const*, __va_list_tag*)+0xcf
V  [libjvm.so+0x7f21cb]  GenerateOopMap::report_error(char const*, ...) [clone .constprop.79]+0x8b
V  [libjvm.so+0x7f7f9f]  GenerateOopMap::interp_bb(BasicBlock*)+0x131f
V  [libjvm.so+0x7f999d]  GenerateOopMap::do_interpretation()+0xbd
V  [libjvm.so+0x7f9d59]  GenerateOopMap::compute_map(Thread*)+0x269
V  [libjvm.so+0xc46c3a]  OopMapCacheEntry::fill(methodHandle const&, int)+0x20a
V  [libjvm.so+0xc471bb]  OopMapCache::compute_one_oop_map(methodHandle const&, int, InterpreterOopMap*)+0x6b
V  [libjvm.so+0xbd6d36]  Method::mask_for(int, InterpreterOopMap*)+0x76
V  [libjvm.so+0xa592cc]  VM_GetOrSetLocal::doit()+0x4c
V  [libjvm.so+0xe88df7]  VM_Operation::evaluate()+0xe7
V  [libjvm.so+0xe866b6]  VMThread::evaluate_operation(VM_Operation*) [clone .constprop.55]+0xb6
V  [libjvm.so+0xe86ba6]  VMThread::loop()+0x3e6
V  [libjvm.so+0xe86fe3]  VMThread::run()+0x73
V  [libjvm.so+0xe14b3f]  Thread::call_run()+0x14f
V  [libjvm.so+0xc5c846]  thread_native_entry(Thread*)+0xe6

VM_Operation (0x00007f8e101db8b0): GetOrSetLocal, mode: safepoint, requested by thread 0x00007f8e383dc000


---------------  P R O C E S S  ---------------

Threads class SMR info:
_java_thread_list=0x00007f8dd80017e0, length=13, elements={
0x00007f8e38025800, 0x00007f8e3826e000, 0x00007f8e38272000, 0x00007f8e38288800,
0x00007f8e3828a800, 0x00007f8e3828c800, 0x00007f8e3828f000, 0x00007f8e38291000,
0x00007f8e38357800, 0x00007f8e383dc000, 0x00007f8e383e0800, 0x00007f8dcc001800,
0x00007f8e38794000
}

Java Threads: ( => current thread )
  0x00007f8e38025800 JavaThread "main" [_thread_blocked, id=36464, stack(0x00007f8e3ed00000,0x00007f8e3ee00000)]
  0x00007f8e3826e000 JavaThread "Reference Handler" daemon [_thread_blocked, id=36472, stack(0x00007f8e109dd000,0x00007f8e10add000)]
  0x00007f8e38272000 JavaThread "Finalizer" daemon [_thread_blocked, id=36473, stack(0x00007f8e108dd000,0x00007f8e109dd000)]
  0x00007f8e38288800 JavaThread "Signal Dispatcher" daemon [_thread_blocked, id=36474, stack(0x00007f8e107dd000,0x00007f8e108dd000)]
  0x00007f8e3828a800 JavaThread "Service Thread" daemon [_thread_blocked, id=36475, stack(0x00007f8e106dd000,0x00007f8e107dd000)]
  0x00007f8e3828c800 JavaThread "C2 CompilerThread0" daemon [_thread_blocked, id=36476, stack(0x00007f8e105dd000,0x00007f8e106dd000)]
  0x00007f8e3828f000 JavaThread "C1 CompilerThread0" daemon [_thread_blocked, id=36477, stack(0x00007f8e104dd000,0x00007f8e105dd000)]
  0x00007f8e38291000 JavaThread "Sweeper thread" daemon [_thread_blocked, id=36478, stack(0x00007f8e103dd000,0x00007f8e104dd000)]
  0x00007f8e38357800 JavaThread "Common-Cleaner" daemon [_thread_blocked, id=36479, stack(0x00007f8e102dd000,0x00007f8e103dd000)]
  0x00007f8e383dc000 JavaThread "JDWP Transport Listener: dt_socket" daemon [_thread_blocked, id=36482, stack(0x00007f8e100dd000,0x00007f8e101dd000)] _threads_hazard_ptr=0x00007f8dd80017e0
  0x00007f8e383e0800 JavaThread "JDWP Event Helper Thread" daemon [_thread_blocked, id=36485, stack(0x00007f8df3f00000,0x00007f8df4000000)]
  0x00007f8dcc001800 JavaThread "JDWP Command Reader" daemon [_thread_in_native, id=36486, stack(0x00007f8df3500000,0x00007f8df3600000)]
  0x00007f8e38794000 JavaThread "ReaderThread" [_thread_in_native, id=36489, stack(0x00007f8df2d00000,0x00007f8df2e00000)]

Other Threads:
=>0x00007f8e38265800 VMThread "VM Thread" [stack: 0x00007f8e10adf000,0x00007f8e10bdf000] [id=36471]
  0x00007f8e38645000 WatcherThread [stack: 0x00007f8df3100000,0x00007f8df3200000] [id=36488]
  0x00007f8e3803c800 GCTaskThread "GC Thread#0" [stack: 0x00007f8e3d615000,0x00007f8e3d715000] [id=36465]
  0x00007f8e00001000 GCTaskThread "GC Thread#1" [stack: 0x00007f8df2700000,0x00007f8df2800000] [id=36491]
  0x00007f8e00002800 GCTaskThread "GC Thread#2" [stack: 0x00007f8df2100000,0x00007f8df2200000] [id=36492]
  0x00007f8e00004800 GCTaskThread "GC Thread#3" [stack: 0x00007f8df1ffe000,0x00007f8df20fe000] [id=36493]
  0x00007f8e00006000 GCTaskThread "GC Thread#4" [stack: 0x00007f8df1efc000,0x00007f8df1ffc000] [id=36494]
  0x00007f8e3809a000 ConcurrentGCThread "G1 Main Marker" [stack: 0x00007f8e20295000,0x00007f8e20395000] [id=36466]
  0x00007f8e3809c000 ConcurrentGCThread "G1 Conc#0" [stack: 0x00007f8e20193000,0x00007f8e20293000] [id=36467]
  0x00007f8e3819a000 ConcurrentGCThread "G1 Refine#0" [stack: 0x00007f8e114e3000,0x00007f8e115e3000] [id=36468]
  0x00007f8e3819b800 ConcurrentGCThread "G1 Young RemSet Sampling" [stack: 0x00007f8e113e1000,0x00007f8e114e1000] [id=36469]

Threads with active compile tasks:

VM state:at safepoint (normal execution)

VM Mutex/Monitor currently owned by a thread:  ([mutex/lock_event])
[0x00007f8e38023700] Threads_lock - owner thread: 0x00007f8e38265800

Heap address: 0x0000000709400000, size: 3948 MB, Compressed Oops mode: Zero based, Oop shift amount: 3
Narrow klass base: 0x0000000800000000, Narrow klass shift: 0
Compressed class space size: 1073741824 Address: 0x0000000800000000

Heap:
 garbage-first heap   total 253952K, used 30898K [0x0000000709400000, 0x0000000800000000)
  region size 1024K, 31 young (31744K), 3 survivors (3072K)
 Metaspace       used 15949K, capacity 16485K, committed 16768K, reserved 1064960K
  class space    used 1682K, capacity 1886K, committed 1920K, reserved 1048576K
Heap Regions: E=young(eden), S=young(survivor), O=old, HS=humongous(starts), HC=humongous(continues), CS=collection set, F=free, A=archive, TAMS=top-at-mark-start (previous, next)
|   0|0x0000000709400000, 0x000000070942ca00, 0x0000000709500000| 17%| O|  |TAMS 0x0000000709400000, 0x0000000709400000| Untracked 
|   1|0x0000000709500000, 0x0000000709500000, 0x0000000709600000|  0%| F|  |TAMS 0x0000000709500000, 0x0000000709500000| Untracked 
|   2|0x0000000709600000, 0x0000000709600000, 0x0000000709700000|  0%| F|  |TAMS 0x0000000709600000, 0x0000000709600000| Untracked 
|   3|0x0000000709700000, 0x0000000709700000, 0x0000000709800000|  0%| F|  |TAMS 0x0000000709700000, 0x0000000709700000| Untracked 
|   4|0x0000000709800000, 0x0000000709800000, 0x0000000709900000|  0%| F|  |TAMS 0x0000000709800000, 0x0000000709800000| Untracked 
|   5|0x0000000709900000, 0x0000000709900000, 0x0000000709a00000|  0%| F|  |TAMS 0x0000000709900000, 0x0000000709900000| Untracked 
|   6|0x0000000709a00000, 0x0000000709a00000, 0x0000000709b00000|  0%| F|  |TAMS 0x0000000709a00000, 0x0000000709a00000| Untracked 
|   7|0x0000000709b00000, 0x0000000709b00000, 0x0000000709c00000|  0%| F|  |TAMS 0x0000000709b00000, 0x0000000709b00000| Untracked 
|   8|0x0000000709c00000, 0x0000000709c00000, 0x0000000709d00000|  0%| F|  |TAMS 0x0000000709c00000, 0x0000000709c00000| Untracked 
|   9|0x0000000709d00000, 0x0000000709d00000, 0x0000000709e00000|  0%| F|  |TAMS 0x0000000709d00000, 0x0000000709d00000| Untracked 
|  10|0x0000000709e00000, 0x0000000709e00000, 0x0000000709f00000|  0%| F|  |TAMS 0x0000000709e00000, 0x0000000709e00000| Untracked 
|  11|0x0000000709f00000, 0x0000000709f00000, 0x000000070a000000|  0%| F|  |TAMS 0x0000000709f00000, 0x0000000709f00000| Untracked 
|  12|0x000000070a000000, 0x000000070a000000, 0x000000070a100000|  0%| F|  |TAMS 0x000000070a000000, 0x000000070a000000| Untracked 
|  13|0x000000070a100000, 0x000000070a100000, 0x000000070a200000|  0%| F|  |TAMS 0x000000070a100000, 0x000000070a100000| Untracked 
|  14|0x000000070a200000, 0x000000070a200000, 0x000000070a300000|  0%| F|  |TAMS 0x000000070a200000, 0x000000070a200000| Untracked 
|  15|0x000000070a300000, 0x000000070a300000, 0x000000070a400000|  0%| F|  |TAMS 0x000000070a300000, 0x000000070a300000| Untracked 
|  16|0x000000070a400000, 0x000000070a400000, 0x000000070a500000|  0%| F|  |TAMS 0x000000070a400000, 0x000000070a400000| Untracked 
|  17|0x000000070a500000, 0x000000070a500000, 0x000000070a600000|  0%| F|  |TAMS 0x000000070a500000, 0x000000070a500000| Untracked 
|  18|0x000000070a600000, 0x000000070a600000, 0x000000070a700000|  0%| F|  |TAMS 0x000000070a600000, 0x000000070a600000| Untracked 
|  19|0x000000070a700000, 0x000000070a700000, 0x000000070a800000|  0%| F|  |TAMS 0x000000070a700000, 0x000000070a700000| Untracked 
|  20|0x000000070a800000, 0x000000070a800000, 0x000000070a900000|  0%| F|  |TAMS 0x000000070a800000, 0x000000070a800000| Untracked 
|  21|0x000000070a900000, 0x000000070a900000, 0x000000070aa00000|  0%| F|  |TAMS 0x000000070a900000, 0x000000070a900000| Untracked 
|  22|0x000000070aa00000, 0x000000070aa00000, 0x000000070ab00000|  0%| F|  |TAMS 0x000000070aa00000, 0x000000070aa00000| Untracked 
|  23|0x000000070ab00000, 0x000000070ab00000, 0x000000070ac00000|  0%| F|  |TAMS 0x000000070ab00000, 0x000000070ab00000| Untracked 
|  24|0x000000070ac00000, 0x000000070ac00000, 0x000000070ad00000|  0%| F|  |TAMS 0x000000070ac00000, 0x000000070ac00000| Untracked 
|  25|0x000000070ad00000, 0x000000070ad00000, 0x000000070ae00000|  0%| F|  |TAMS 0x000000070ad00000, 0x000000070ad00000| Untracked 
|  26|0x000000070ae00000, 0x000000070ae00000, 0x000000070af00000|  0%| F|  |TAMS 0x000000070ae00000, 0x000000070ae00000| Untracked 
|  27|0x000000070af00000, 0x000000070af00000, 0x000000070b000000|  0%| F|  |TAMS 0x000000070af00000, 0x000000070af00000| Untracked 
|  28|0x000000070b000000, 0x000000070b000000, 0x000000070b100000|  0%| F|  |TAMS 0x000000070b000000, 0x000000070b000000| Untracked 
|  29|0x000000070b100000, 0x000000070b100000, 0x000000070b200000|  0%| F|  |TAMS 0x000000070b100000, 0x000000070b100000| Untracked 
|  30|0x000000070b200000, 0x000000070b200000, 0x000000070b300000|  0%| F|  |TAMS 0x000000070b200000, 0x000000070b200000| Untracked 
|  31|0x000000070b300000, 0x000000070b300000, 0x000000070b400000|  0%| F|  |TAMS 0x000000070b300000, 0x000000070b300000| Untracked 
|  32|0x000000070b400000, 0x000000070b400000, 0x000000070b500000|  0%| F|  |TAMS 0x000000070b400000, 0x000000070b400000| Untracked 
|  33|0x000000070b500000, 0x000000070b500000, 0x000000070b600000|  0%| F|  |TAMS 0x000000070b500000, 0x000000070b500000| Untracked 
|  34|0x000000070b600000, 0x000000070b600000, 0x000000070b700000|  0%| F|  |TAMS 0x000000070b600000, 0x000000070b600000| Untracked 
|  35|0x000000070b700000, 0x000000070b700000, 0x000000070b800000|  0%| F|  |TAMS 0x000000070b700000, 0x000000070b700000| Untracked 
|  36|0x000000070b800000, 0x000000070b800000, 0x000000070b900000|  0%| F|  |TAMS 0x000000070b800000, 0x000000070b800000| Untracked 
|  37|0x000000070b900000, 0x000000070b900000, 0x000000070ba00000|  0%| F|  |TAMS 0x000000070b900000, 0x000000070b900000| Untracked 
|  38|0x000000070ba00000, 0x000000070ba00000, 0x000000070bb00000|  0%| F|  |TAMS 0x000000070ba00000, 0x000000070ba00000| Untracked 
|  39|0x000000070bb00000, 0x000000070bb00000, 0x000000070bc00000|  0%| F|  |TAMS 0x000000070bb00000, 0x000000070bb00000| Untracked 
|  40|0x000000070bc00000, 0x000000070bc00000, 0x000000070bd00000|  0%| F|  |TAMS 0x000000070bc00000, 0x000000070bc00000| Untracked 
|  41|0x000000070bd00000, 0x000000070bd00000, 0x000000070be00000|  0%| F|  |TAMS 0x000000070bd00000, 0x000000070bd00000| Untracked 
|  42|0x000000070be00000, 0x000000070be00000, 0x000000070bf00000|  0%| F|  |TAMS 0x000000070be00000, 0x000000070be00000| Untracked 
|  43|0x000000070bf00000, 0x000000070bf00000, 0x000000070c000000|  0%| F|  |TAMS 0x000000070bf00000, 0x000000070bf00000| Untracked 
|  44|0x000000070c000000, 0x000000070c000000, 0x000000070c100000|  0%| F|  |TAMS 0x000000070c000000, 0x000000070c000000| Untracked 
|  45|0x000000070c100000, 0x000000070c100000, 0x000000070c200000|  0%| F|  |TAMS 0x000000070c100000, 0x000000070c100000| Untracked 
|  46|0x000000070c200000, 0x000000070c200000, 0x000000070c300000|  0%| F|  |TAMS 0x000000070c200000, 0x000000070c200000| Untracked 
|  47|0x000000070c300000, 0x000000070c300000, 0x000000070c400000|  0%| F|  |TAMS 0x000000070c300000, 0x000000070c300000| Untracked 
|  48|0x000000070c400000, 0x000000070c400000, 0x000000070c500000|  0%| F|  |TAMS 0x000000070c400000, 0x000000070c400000| Untracked 
|  49|0x000000070c500000, 0x000000070c500000, 0x000000070c600000|  0%| F|  |TAMS 0x000000070c500000, 0x000000070c500000| Untracked 
|  50|0x000000070c600000, 0x000000070c600000, 0x000000070c700000|  0%| F|  |TAMS 0x000000070c600000, 0x000000070c600000| Untracked 
|  51|0x000000070c700000, 0x000000070c700000, 0x000000070c800000|  0%| F|  |TAMS 0x000000070c700000, 0x000000070c700000| Untracked 
|  52|0x000000070c800000, 0x000000070c800000, 0x000000070c900000|  0%| F|  |TAMS 0x000000070c800000, 0x000000070c800000| Untracked 
|  53|0x000000070c900000, 0x000000070c900000, 0x000000070ca00000|  0%| F|  |TAMS 0x000000070c900000, 0x000000070c900000| Untracked 
|  54|0x000000070ca00000, 0x000000070ca00000, 0x000000070cb00000|  0%| F|  |TAMS 0x000000070ca00000, 0x000000070ca00000| Untracked 
|  55|0x000000070cb00000, 0x000000070cb00000, 0x000000070cc00000|  0%| F|  |TAMS 0x000000070cb00000, 0x000000070cb00000| Untracked 
|  56|0x000000070cc00000, 0x000000070cc00000, 0x000000070cd00000|  0%| F|  |TAMS 0x000000070cc00000, 0x000000070cc00000| Untracked 
|  57|0x000000070cd00000, 0x000000070cd00000, 0x000000070ce00000|  0%| F|  |TAMS 0x000000070cd00000, 0x000000070cd00000| Untracked 
|  58|0x000000070ce00000, 0x000000070ce00000, 0x000000070cf00000|  0%| F|  |TAMS 0x000000070ce00000, 0x000000070ce00000| Untracked 
|  59|0x000000070cf00000, 0x000000070cf00000, 0x000000070d000000|  0%| F|  |TAMS 0x000000070cf00000, 0x000000070cf00000| Untracked 
|  60|0x000000070d000000, 0x000000070d000000, 0x000000070d100000|  0%| F|  |TAMS 0x000000070d000000, 0x000000070d000000| Untracked 
|  61|0x000000070d100000, 0x000000070d100000, 0x000000070d200000|  0%| F|  |TAMS 0x000000070d100000, 0x000000070d100000| Untracked 
|  62|0x000000070d200000, 0x000000070d200000, 0x000000070d300000|  0%| F|  |TAMS 0x000000070d200000, 0x000000070d200000| Untracked 
|  63|0x000000070d300000, 0x000000070d300000, 0x000000070d400000|  0%| F|  |TAMS 0x000000070d300000, 0x000000070d300000| Untracked 
|  64|0x000000070d400000, 0x000000070d400000, 0x000000070d500000|  0%| F|  |TAMS 0x000000070d400000, 0x000000070d400000| Untracked 
|  65|0x000000070d500000, 0x000000070d500000, 0x000000070d600000|  0%| F|  |TAMS 0x000000070d500000, 0x000000070d500000| Untracked 
|  66|0x000000070d600000, 0x000000070d600000, 0x000000070d700000|  0%| F|  |TAMS 0x000000070d600000, 0x000000070d600000| Untracked 
|  67|0x000000070d700000, 0x000000070d700000, 0x000000070d800000|  0%| F|  |TAMS 0x000000070d700000, 0x000000070d700000| Untracked 
|  68|0x000000070d800000, 0x000000070d800000, 0x000000070d900000|  0%| F|  |TAMS 0x000000070d800000, 0x000000070d800000| Untracked 
|  69|0x000000070d900000, 0x000000070d900000, 0x000000070da00000|  0%| F|  |TAMS 0x000000070d900000, 0x000000070d900000| Untracked 
|  70|0x000000070da00000, 0x000000070da00000, 0x000000070db00000|  0%| F|  |TAMS 0x000000070da00000, 0x000000070da00000| Untracked 
|  71|0x000000070db00000, 0x000000070db00000, 0x000000070dc00000|  0%| F|  |TAMS 0x000000070db00000, 0x000000070db00000| Untracked 
|  72|0x000000070dc00000, 0x000000070dc00000, 0x000000070dd00000|  0%| F|  |TAMS 0x000000070dc00000, 0x000000070dc00000| Untracked 
|  73|0x000000070dd00000, 0x000000070dd00000, 0x000000070de00000|  0%| F|  |TAMS 0x000000070dd00000, 0x000000070dd00000| Untracked 
|  74|0x000000070de00000, 0x000000070de00000, 0x000000070df00000|  0%| F|  |TAMS 0x000000070de00000, 0x000000070de00000| Untracked 
|  75|0x000000070df00000, 0x000000070df00000, 0x000000070e000000|  0%| F|  |TAMS 0x000000070df00000, 0x000000070df00000| Untracked 
|  76|0x000000070e000000, 0x000000070e000000, 0x000000070e100000|  0%| F|  |TAMS 0x000000070e000000, 0x000000070e000000| Untracked 
|  77|0x000000070e100000, 0x000000070e100000, 0x000000070e200000|  0%| F|  |TAMS 0x000000070e100000, 0x000000070e100000| Untracked 
|  78|0x000000070e200000, 0x000000070e200000, 0x000000070e300000|  0%| F|  |TAMS 0x000000070e200000, 0x000000070e200000| Untracked 
|  79|0x000000070e300000, 0x000000070e300000, 0x000000070e400000|  0%| F|  |TAMS 0x000000070e300000, 0x000000070e300000| Untracked 
|  80|0x000000070e400000, 0x000000070e400000, 0x000000070e500000|  0%| F|  |TAMS 0x000000070e400000, 0x000000070e400000| Untracked 
|  81|0x000000070e500000, 0x000000070e500000, 0x000000070e600000|  0%| F|  |TAMS 0x000000070e500000, 0x000000070e500000| Untracked 
|  82|0x000000070e600000, 0x000000070e600000, 0x000000070e700000|  0%| F|  |TAMS 0x000000070e600000, 0x000000070e600000| Untracked 
|  83|0x000000070e700000, 0x000000070e700000, 0x000000070e800000|  0%| F|  |TAMS 0x000000070e700000, 0x000000070e700000| Untracked 
|  84|0x000000070e800000, 0x000000070e800000, 0x000000070e900000|  0%| F|  |TAMS 0x000000070e800000, 0x000000070e800000| Untracked 
|  85|0x000000070e900000, 0x000000070e900000, 0x000000070ea00000|  0%| F|  |TAMS 0x000000070e900000, 0x000000070e900000| Untracked 
|  86|0x000000070ea00000, 0x000000070ea00000, 0x000000070eb00000|  0%| F|  |TAMS 0x000000070ea00000, 0x000000070ea00000| Untracked 
|  87|0x000000070eb00000, 0x000000070eb00000, 0x000000070ec00000|  0%| F|  |TAMS 0x000000070eb00000, 0x000000070eb00000| Untracked 
|  88|0x000000070ec00000, 0x000000070ec00000, 0x000000070ed00000|  0%| F|  |TAMS 0x000000070ec00000, 0x000000070ec00000| Untracked 
|  89|0x000000070ed00000, 0x000000070ed00000, 0x000000070ee00000|  0%| F|  |TAMS 0x000000070ed00000, 0x000000070ed00000| Untracked 
|  90|0x000000070ee00000, 0x000000070ee00000, 0x000000070ef00000|  0%| F|  |TAMS 0x000000070ee00000, 0x000000070ee00000| Untracked 
|  91|0x000000070ef00000, 0x000000070ef00000, 0x000000070f000000|  0%| F|  |TAMS 0x000000070ef00000, 0x000000070ef00000| Untracked 
|  92|0x000000070f000000, 0x000000070f000000, 0x000000070f100000|  0%| F|  |TAMS 0x000000070f000000, 0x000000070f000000| Untracked 
|  93|0x000000070f100000, 0x000000070f100000, 0x000000070f200000|  0%| F|  |TAMS 0x000000070f100000, 0x000000070f100000| Untracked 
|  94|0x000000070f200000, 0x000000070f200000, 0x000000070f300000|  0%| F|  |TAMS 0x000000070f200000, 0x000000070f200000| Untracked 
|  95|0x000000070f300000, 0x000000070f300000, 0x000000070f400000|  0%| F|  |TAMS 0x000000070f300000, 0x000000070f300000| Untracked 
|  96|0x000000070f400000, 0x000000070f400000, 0x000000070f500000|  0%| F|  |TAMS 0x000000070f400000, 0x000000070f400000| Untracked 
|  97|0x000000070f500000, 0x000000070f500000, 0x000000070f600000|  0%| F|  |TAMS 0x000000070f500000, 0x000000070f500000| Untracked 
|  98|0x000000070f600000, 0x000000070f600000, 0x000000070f700000|  0%| F|  |TAMS 0x000000070f600000, 0x000000070f600000| Untracked 
|  99|0x000000070f700000, 0x000000070f700000, 0x000000070f800000|  0%| F|  |TAMS 0x000000070f700000, 0x000000070f700000| Untracked 
| 100|0x000000070f800000, 0x000000070f800000, 0x000000070f900000|  0%| F|  |TAMS 0x000000070f800000, 0x000000070f800000| Untracked 
| 101|0x000000070f900000, 0x000000070f900000, 0x000000070fa00000|  0%| F|  |TAMS 0x000000070f900000, 0x000000070f900000| Untracked 
| 102|0x000000070fa00000, 0x000000070fa00000, 0x000000070fb00000|  0%| F|  |TAMS 0x000000070fa00000, 0x000000070fa00000| Untracked 
| 103|0x000000070fb00000, 0x000000070fb00000, 0x000000070fc00000|  0%| F|  |TAMS 0x000000070fb00000, 0x000000070fb00000| Untracked 
| 104|0x000000070fc00000, 0x000000070fc00000, 0x000000070fd00000|  0%| F|  |TAMS 0x000000070fc00000, 0x000000070fc00000| Untracked 
| 105|0x000000070fd00000, 0x000000070fd00000, 0x000000070fe00000|  0%| F|  |TAMS 0x000000070fd00000, 0x000000070fd00000| Untracked 
| 106|0x000000070fe00000, 0x000000070fe00000, 0x000000070ff00000|  0%| F|  |TAMS 0x000000070fe00000, 0x000000070fe00000| Untracked 
| 107|0x000000070ff00000, 0x000000070ff00000, 0x0000000710000000|  0%| F|  |TAMS 0x000000070ff00000, 0x000000070ff00000| Untracked 
| 108|0x0000000710000000, 0x0000000710000000, 0x0000000710100000|  0%| F|  |TAMS 0x0000000710000000, 0x0000000710000000| Untracked 
| 109|0x0000000710100000, 0x0000000710100000, 0x0000000710200000|  0%| F|  |TAMS 0x0000000710100000, 0x0000000710100000| Untracked 
| 110|0x0000000710200000, 0x0000000710200000, 0x0000000710300000|  0%| F|  |TAMS 0x0000000710200000, 0x0000000710200000| Untracked 
| 111|0x0000000710300000, 0x0000000710300000, 0x0000000710400000|  0%| F|  |TAMS 0x0000000710300000, 0x0000000710300000| Untracked 
| 112|0x0000000710400000, 0x0000000710400000, 0x0000000710500000|  0%| F|  |TAMS 0x0000000710400000, 0x0000000710400000| Untracked 
| 113|0x0000000710500000, 0x0000000710500000, 0x0000000710600000|  0%| F|  |TAMS 0x0000000710500000, 0x0000000710500000| Untracked 
| 114|0x0000000710600000, 0x0000000710600000, 0x0000000710700000|  0%| F|  |TAMS 0x0000000710600000, 0x0000000710600000| Untracked 
| 115|0x0000000710700000, 0x0000000710700000, 0x0000000710800000|  0%| F|  |TAMS 0x0000000710700000, 0x0000000710700000| Untracked 
| 116|0x0000000710800000, 0x0000000710800000, 0x0000000710900000|  0%| F|  |TAMS 0x0000000710800000, 0x0000000710800000| Untracked 
| 117|0x0000000710900000, 0x0000000710900000, 0x0000000710a00000|  0%| F|  |TAMS 0x0000000710900000, 0x0000000710900000| Untracked 
| 118|0x0000000710a00000, 0x0000000710a00000, 0x0000000710b00000|  0%| F|  |TAMS 0x0000000710a00000, 0x0000000710a00000| Untracked 
| 119|0x0000000710b00000, 0x0000000710b00000, 0x0000000710c00000|  0%| F|  |TAMS 0x0000000710b00000, 0x0000000710b00000| Untracked 
| 120|0x0000000710c00000, 0x0000000710c00000, 0x0000000710d00000|  0%| F|  |TAMS 0x0000000710c00000, 0x0000000710c00000| Untracked 
| 121|0x0000000710d00000, 0x0000000710d00000, 0x0000000710e00000|  0%| F|  |TAMS 0x0000000710d00000, 0x0000000710d00000| Untracked 
| 122|0x0000000710e00000, 0x0000000710e00000, 0x0000000710f00000|  0%| F|  |TAMS 0x0000000710e00000, 0x0000000710e00000| Untracked 
| 123|0x0000000710f00000, 0x0000000710f00000, 0x0000000711000000|  0%| F|  |TAMS 0x0000000710f00000, 0x0000000710f00000| Untracked 
| 124|0x0000000711000000, 0x0000000711000000, 0x0000000711100000|  0%| F|  |TAMS 0x0000000711000000, 0x0000000711000000| Untracked 
| 125|0x0000000711100000, 0x0000000711100000, 0x0000000711200000|  0%| F|  |TAMS 0x0000000711100000, 0x0000000711100000| Untracked 
| 126|0x0000000711200000, 0x0000000711200000, 0x0000000711300000|  0%| F|  |TAMS 0x0000000711200000, 0x0000000711200000| Untracked 
| 127|0x0000000711300000, 0x0000000711300000, 0x0000000711400000|  0%| F|  |TAMS 0x0000000711300000, 0x0000000711300000| Untracked 
| 128|0x0000000711400000, 0x0000000711400000, 0x0000000711500000|  0%| F|  |TAMS 0x0000000711400000, 0x0000000711400000| Untracked 
| 129|0x0000000711500000, 0x0000000711500000, 0x0000000711600000|  0%| F|  |TAMS 0x0000000711500000, 0x0000000711500000| Untracked 
| 130|0x0000000711600000, 0x0000000711600000, 0x0000000711700000|  0%| F|  |TAMS 0x0000000711600000, 0x0000000711600000| Untracked 
| 131|0x0000000711700000, 0x0000000711700000, 0x0000000711800000|  0%| F|  |TAMS 0x0000000711700000, 0x0000000711700000| Untracked 
| 132|0x0000000711800000, 0x0000000711800000, 0x0000000711900000|  0%| F|  |TAMS 0x0000000711800000, 0x0000000711800000| Untracked 
| 133|0x0000000711900000, 0x0000000711900000, 0x0000000711a00000|  0%| F|  |TAMS 0x0000000711900000, 0x0000000711900000| Untracked 
| 134|0x0000000711a00000, 0x0000000711a00000, 0x0000000711b00000|  0%| F|  |TAMS 0x0000000711a00000, 0x0000000711a00000| Untracked 
| 135|0x0000000711b00000, 0x0000000711b00000, 0x0000000711c00000|  0%| F|  |TAMS 0x0000000711b00000, 0x0000000711b00000| Untracked 
| 136|0x0000000711c00000, 0x0000000711c00000, 0x0000000711d00000|  0%| F|  |TAMS 0x0000000711c00000, 0x0000000711c00000| Untracked 
| 137|0x0000000711d00000, 0x0000000711d00000, 0x0000000711e00000|  0%| F|  |TAMS 0x0000000711d00000, 0x0000000711d00000| Untracked 
| 138|0x0000000711e00000, 0x0000000711e00000, 0x0000000711f00000|  0%| F|  |TAMS 0x0000000711e00000, 0x0000000711e00000| Untracked 
| 139|0x0000000711f00000, 0x0000000711f00000, 0x0000000712000000|  0%| F|  |TAMS 0x0000000711f00000, 0x0000000711f00000| Untracked 
| 140|0x0000000712000000, 0x0000000712000000, 0x0000000712100000|  0%| F|  |TAMS 0x0000000712000000, 0x0000000712000000| Untracked 
| 141|0x0000000712100000, 0x0000000712100000, 0x0000000712200000|  0%| F|  |TAMS 0x0000000712100000, 0x0000000712100000| Untracked 
| 142|0x0000000712200000, 0x0000000712200000, 0x0000000712300000|  0%| F|  |TAMS 0x0000000712200000, 0x0000000712200000| Untracked 
| 143|0x0000000712300000, 0x0000000712300000, 0x0000000712400000|  0%| F|  |TAMS 0x0000000712300000, 0x0000000712300000| Untracked 
| 144|0x0000000712400000, 0x0000000712400000, 0x0000000712500000|  0%| F|  |TAMS 0x0000000712400000, 0x0000000712400000| Untracked 
| 145|0x0000000712500000, 0x0000000712500000, 0x0000000712600000|  0%| F|  |TAMS 0x0000000712500000, 0x0000000712500000| Untracked 
| 146|0x0000000712600000, 0x0000000712600000, 0x0000000712700000|  0%| F|  |TAMS 0x0000000712600000, 0x0000000712600000| Untracked 
| 147|0x0000000712700000, 0x0000000712700000, 0x0000000712800000|  0%| F|  |TAMS 0x0000000712700000, 0x0000000712700000| Untracked 
| 148|0x0000000712800000, 0x0000000712800000, 0x0000000712900000|  0%| F|  |TAMS 0x0000000712800000, 0x0000000712800000| Untracked 
| 149|0x0000000712900000, 0x0000000712900000, 0x0000000712a00000|  0%| F|  |TAMS 0x0000000712900000, 0x0000000712900000| Untracked 
| 150|0x0000000712a00000, 0x0000000712a00000, 0x0000000712b00000|  0%| F|  |TAMS 0x0000000712a00000, 0x0000000712a00000| Untracked 
| 151|0x0000000712b00000, 0x0000000712b00000, 0x0000000712c00000|  0%| F|  |TAMS 0x0000000712b00000, 0x0000000712b00000| Untracked 
| 152|0x0000000712c00000, 0x0000000712c00000, 0x0000000712d00000|  0%| F|  |TAMS 0x0000000712c00000, 0x0000000712c00000| Untracked 
| 153|0x0000000712d00000, 0x0000000712d00000, 0x0000000712e00000|  0%| F|  |TAMS 0x0000000712d00000, 0x0000000712d00000| Untracked 
| 154|0x0000000712e00000, 0x0000000712e00000, 0x0000000712f00000|  0%| F|  |TAMS 0x0000000712e00000, 0x0000000712e00000| Untracked 
| 155|0x0000000712f00000, 0x0000000712f00000, 0x0000000713000000|  0%| F|  |TAMS 0x0000000712f00000, 0x0000000712f00000| Untracked 
| 156|0x0000000713000000, 0x0000000713000000, 0x0000000713100000|  0%| F|  |TAMS 0x0000000713000000, 0x0000000713000000| Untracked 
| 157|0x0000000713100000, 0x0000000713100000, 0x0000000713200000|  0%| F|  |TAMS 0x0000000713100000, 0x0000000713100000| Untracked 
| 158|0x0000000713200000, 0x0000000713200000, 0x0000000713300000|  0%| F|  |TAMS 0x0000000713200000, 0x0000000713200000| Untracked 
| 159|0x0000000713300000, 0x0000000713300000, 0x0000000713400000|  0%| F|  |TAMS 0x0000000713300000, 0x0000000713300000| Untracked 
| 160|0x0000000713400000, 0x0000000713400000, 0x0000000713500000|  0%| F|  |TAMS 0x0000000713400000, 0x0000000713400000| Untracked 
| 161|0x0000000713500000, 0x0000000713500000, 0x0000000713600000|  0%| F|  |TAMS 0x0000000713500000, 0x0000000713500000| Untracked 
| 162|0x0000000713600000, 0x0000000713600000, 0x0000000713700000|  0%| F|  |TAMS 0x0000000713600000, 0x0000000713600000| Untracked 
| 163|0x0000000713700000, 0x0000000713700000, 0x0000000713800000|  0%| F|  |TAMS 0x0000000713700000, 0x0000000713700000| Untracked 
| 164|0x0000000713800000, 0x0000000713800000, 0x0000000713900000|  0%| F|  |TAMS 0x0000000713800000, 0x0000000713800000| Untracked 
| 165|0x0000000713900000, 0x0000000713900000, 0x0000000713a00000|  0%| F|  |TAMS 0x0000000713900000, 0x0000000713900000| Untracked 
| 166|0x0000000713a00000, 0x0000000713a00000, 0x0000000713b00000|  0%| F|  |TAMS 0x0000000713a00000, 0x0000000713a00000| Untracked 
| 167|0x0000000713b00000, 0x0000000713b00000, 0x0000000713c00000|  0%| F|  |TAMS 0x0000000713b00000, 0x0000000713b00000| Untracked 
| 168|0x0000000713c00000, 0x0000000713c00000, 0x0000000713d00000|  0%| F|  |TAMS 0x0000000713c00000, 0x0000000713c00000| Untracked 
| 169|0x0000000713d00000, 0x0000000713d00000, 0x0000000713e00000|  0%| F|  |TAMS 0x0000000713d00000, 0x0000000713d00000| Untracked 
| 170|0x0000000713e00000, 0x0000000713e00000, 0x0000000713f00000|  0%| F|  |TAMS 0x0000000713e00000, 0x0000000713e00000| Untracked 
| 171|0x0000000713f00000, 0x0000000713f00000, 0x0000000714000000|  0%| F|  |TAMS 0x0000000713f00000, 0x0000000713f00000| Untracked 
| 172|0x0000000714000000, 0x0000000714000000, 0x0000000714100000|  0%| F|  |TAMS 0x0000000714000000, 0x0000000714000000| Untracked 
| 173|0x0000000714100000, 0x0000000714100000, 0x0000000714200000|  0%| F|  |TAMS 0x0000000714100000, 0x0000000714100000| Untracked 
| 174|0x0000000714200000, 0x0000000714200000, 0x0000000714300000|  0%| F|  |TAMS 0x0000000714200000, 0x0000000714200000| Untracked 
| 175|0x0000000714300000, 0x0000000714300000, 0x0000000714400000|  0%| F|  |TAMS 0x0000000714300000, 0x0000000714300000| Untracked 
| 176|0x0000000714400000, 0x0000000714400000, 0x0000000714500000|  0%| F|  |TAMS 0x0000000714400000, 0x0000000714400000| Untracked 
| 177|0x0000000714500000, 0x0000000714500000, 0x0000000714600000|  0%| F|  |TAMS 0x0000000714500000, 0x0000000714500000| Untracked 
| 178|0x0000000714600000, 0x0000000714600000, 0x0000000714700000|  0%| F|  |TAMS 0x0000000714600000, 0x0000000714600000| Untracked 
| 179|0x0000000714700000, 0x0000000714700000, 0x0000000714800000|  0%| F|  |TAMS 0x0000000714700000, 0x0000000714700000| Untracked 
| 180|0x0000000714800000, 0x0000000714800000, 0x0000000714900000|  0%| F|  |TAMS 0x0000000714800000, 0x0000000714800000| Untracked 
| 181|0x0000000714900000, 0x0000000714900000, 0x0000000714a00000|  0%| F|  |TAMS 0x0000000714900000, 0x0000000714900000| Untracked 
| 182|0x0000000714a00000, 0x0000000714a00000, 0x0000000714b00000|  0%| F|  |TAMS 0x0000000714a00000, 0x0000000714a00000| Untracked 
| 183|0x0000000714b00000, 0x0000000714b00000, 0x0000000714c00000|  0%| F|  |TAMS 0x0000000714b00000, 0x0000000714b00000| Untracked 
| 184|0x0000000714c00000, 0x0000000714c00000, 0x0000000714d00000|  0%| F|  |TAMS 0x0000000714c00000, 0x0000000714c00000| Untracked 
| 185|0x0000000714d00000, 0x0000000714d00000, 0x0000000714e00000|  0%| F|  |TAMS 0x0000000714d00000, 0x0000000714d00000| Untracked 
| 186|0x0000000714e00000, 0x0000000714e00000, 0x0000000714f00000|  0%| F|  |TAMS 0x0000000714e00000, 0x0000000714e00000| Untracked 
| 187|0x0000000714f00000, 0x0000000714f00000, 0x0000000715000000|  0%| F|  |TAMS 0x0000000714f00000, 0x0000000714f00000| Untracked 
| 188|0x0000000715000000, 0x0000000715000000, 0x0000000715100000|  0%| F|  |TAMS 0x0000000715000000, 0x0000000715000000| Untracked 
| 189|0x0000000715100000, 0x0000000715100000, 0x0000000715200000|  0%| F|  |TAMS 0x0000000715100000, 0x0000000715100000| Untracked 
| 190|0x0000000715200000, 0x0000000715200000, 0x0000000715300000|  0%| F|  |TAMS 0x0000000715200000, 0x0000000715200000| Untracked 
| 191|0x0000000715300000, 0x0000000715300000, 0x0000000715400000|  0%| F|  |TAMS 0x0000000715300000, 0x0000000715300000| Untracked 
| 192|0x0000000715400000, 0x0000000715400000, 0x0000000715500000|  0%| F|  |TAMS 0x0000000715400000, 0x0000000715400000| Untracked 
| 193|0x0000000715500000, 0x0000000715500000, 0x0000000715600000|  0%| F|  |TAMS 0x0000000715500000, 0x0000000715500000| Untracked 
| 194|0x0000000715600000, 0x0000000715600000, 0x0000000715700000|  0%| F|  |TAMS 0x0000000715600000, 0x0000000715600000| Untracked 
| 195|0x0000000715700000, 0x0000000715700000, 0x0000000715800000|  0%| F|  |TAMS 0x0000000715700000, 0x0000000715700000| Untracked 
| 196|0x0000000715800000, 0x0000000715800000, 0x0000000715900000|  0%| F|  |TAMS 0x0000000715800000, 0x0000000715800000| Untracked 
| 197|0x0000000715900000, 0x0000000715900000, 0x0000000715a00000|  0%| F|  |TAMS 0x0000000715900000, 0x0000000715900000| Untracked 
| 198|0x0000000715a00000, 0x0000000715a00000, 0x0000000715b00000|  0%| F|  |TAMS 0x0000000715a00000, 0x0000000715a00000| Untracked 
| 199|0x0000000715b00000, 0x0000000715b00000, 0x0000000715c00000|  0%| F|  |TAMS 0x0000000715b00000, 0x0000000715b00000| Untracked 
| 200|0x0000000715c00000, 0x0000000715c00000, 0x0000000715d00000|  0%| F|  |TAMS 0x0000000715c00000, 0x0000000715c00000| Untracked 
| 201|0x0000000715d00000, 0x0000000715d00000, 0x0000000715e00000|  0%| F|  |TAMS 0x0000000715d00000, 0x0000000715d00000| Untracked 
| 202|0x0000000715e00000, 0x0000000715e00000, 0x0000000715f00000|  0%| F|  |TAMS 0x0000000715e00000, 0x0000000715e00000| Untracked 
| 203|0x0000000715f00000, 0x0000000715f00000, 0x0000000716000000|  0%| F|  |TAMS 0x0000000715f00000, 0x0000000715f00000| Untracked 
| 204|0x0000000716000000, 0x0000000716000000, 0x0000000716100000|  0%| F|  |TAMS 0x0000000716000000, 0x0000000716000000| Untracked 
| 205|0x0000000716100000, 0x0000000716100000, 0x0000000716200000|  0%| F|  |TAMS 0x0000000716100000, 0x0000000716100000| Untracked 
| 206|0x0000000716200000, 0x0000000716200000, 0x0000000716300000|  0%| F|  |TAMS 0x0000000716200000, 0x0000000716200000| Untracked 
| 207|0x0000000716300000, 0x0000000716300000, 0x0000000716400000|  0%| F|  |TAMS 0x0000000716300000, 0x0000000716300000| Untracked 
| 208|0x0000000716400000, 0x0000000716400000, 0x0000000716500000|  0%| F|  |TAMS 0x0000000716400000, 0x0000000716400000| Untracked 
| 209|0x0000000716500000, 0x0000000716500000, 0x0000000716600000|  0%| F|  |TAMS 0x0000000716500000, 0x0000000716500000| Untracked 
| 210|0x0000000716600000, 0x0000000716600000, 0x0000000716700000|  0%| F|  |TAMS 0x0000000716600000, 0x0000000716600000| Untracked 
| 211|0x0000000716700000, 0x0000000716700000, 0x0000000716800000|  0%| F|  |TAMS 0x0000000716700000, 0x0000000716700000| Untracked 
| 212|0x0000000716800000, 0x0000000716800000, 0x0000000716900000|  0%| F|  |TAMS 0x0000000716800000, 0x0000000716800000| Untracked 
| 213|0x0000000716900000, 0x0000000716900000, 0x0000000716a00000|  0%| F|  |TAMS 0x0000000716900000, 0x0000000716900000| Untracked 
| 214|0x0000000716a00000, 0x0000000716a00000, 0x0000000716b00000|  0%| F|  |TAMS 0x0000000716a00000, 0x0000000716a00000| Untracked 
| 215|0x0000000716b00000, 0x0000000716b00000, 0x0000000716c00000|  0%| F|  |TAMS 0x0000000716b00000, 0x0000000716b00000| Untracked 
| 216|0x0000000716c00000, 0x0000000716c00000, 0x0000000716d00000|  0%| F|  |TAMS 0x0000000716c00000, 0x0000000716c00000| Untracked 
| 217|0x0000000716d00000, 0x0000000716e00000, 0x0000000716e00000|100%| E|  |TAMS 0x0000000716d00000, 0x0000000716d00000| Complete 
| 218|0x0000000716e00000, 0x0000000716f00000, 0x0000000716f00000|100%| E|CS|TAMS 0x0000000716e00000, 0x0000000716e00000| Complete 
| 219|0x0000000716f00000, 0x0000000717000000, 0x0000000717000000|100%| E|CS|TAMS 0x0000000716f00000, 0x0000000716f00000| Complete 
| 220|0x0000000717000000, 0x0000000717100000, 0x0000000717100000|100%| E|CS|TAMS 0x0000000717000000, 0x0000000717000000| Complete 
| 221|0x0000000717100000, 0x0000000717200000, 0x0000000717200000|100%| S|CS|TAMS 0x0000000717100000, 0x0000000717100000| Complete 
| 222|0x0000000717200000, 0x0000000717300000, 0x0000000717300000|100%| S|CS|TAMS 0x0000000717200000, 0x0000000717200000| Complete 
| 223|0x0000000717300000, 0x0000000717400000, 0x0000000717400000|100%| S|CS|TAMS 0x0000000717300000, 0x0000000717300000| Complete 
| 224|0x0000000717400000, 0x0000000717500000, 0x0000000717500000|100%| E|CS|TAMS 0x0000000717400000, 0x0000000717400000| Complete 
| 225|0x0000000717500000, 0x0000000717600000, 0x0000000717600000|100%| E|CS|TAMS 0x0000000717500000, 0x0000000717500000| Complete 
| 226|0x0000000717600000, 0x0000000717700000, 0x0000000717700000|100%| E|CS|TAMS 0x0000000717600000, 0x0000000717600000| Complete 
| 227|0x0000000717700000, 0x0000000717800000, 0x0000000717800000|100%| E|CS|TAMS 0x0000000717700000, 0x0000000717700000| Complete 
| 228|0x0000000717800000, 0x0000000717900000, 0x0000000717900000|100%| E|CS|TAMS 0x0000000717800000, 0x0000000717800000| Complete 
| 229|0x0000000717900000, 0x0000000717a00000, 0x0000000717a00000|100%| E|CS|TAMS 0x0000000717900000, 0x0000000717900000| Complete 
| 230|0x0000000717a00000, 0x0000000717b00000, 0x0000000717b00000|100%| E|CS|TAMS 0x0000000717a00000, 0x0000000717a00000| Complete 
| 231|0x0000000717b00000, 0x0000000717c00000, 0x0000000717c00000|100%| E|CS|TAMS 0x0000000717b00000, 0x0000000717b00000| Complete 
| 232|0x0000000717c00000, 0x0000000717d00000, 0x0000000717d00000|100%| E|CS|TAMS 0x0000000717c00000, 0x0000000717c00000| Complete 
| 233|0x0000000717d00000, 0x0000000717e00000, 0x0000000717e00000|100%| E|CS|TAMS 0x0000000717d00000, 0x0000000717d00000| Complete 
| 234|0x0000000717e00000, 0x0000000717f00000, 0x0000000717f00000|100%| E|CS|TAMS 0x0000000717e00000, 0x0000000717e00000| Complete 
| 235|0x0000000717f00000, 0x0000000718000000, 0x0000000718000000|100%| E|CS|TAMS 0x0000000717f00000, 0x0000000717f00000| Complete 
| 236|0x0000000718000000, 0x0000000718100000, 0x0000000718100000|100%| E|CS|TAMS 0x0000000718000000, 0x0000000718000000| Complete 
| 237|0x0000000718100000, 0x0000000718200000, 0x0000000718200000|100%| E|CS|TAMS 0x0000000718100000, 0x0000000718100000| Complete 
| 238|0x0000000718200000, 0x0000000718300000, 0x0000000718300000|100%| E|CS|TAMS 0x0000000718200000, 0x0000000718200000| Complete 
| 239|0x0000000718300000, 0x0000000718400000, 0x0000000718400000|100%| E|CS|TAMS 0x0000000718300000, 0x0000000718300000| Complete 
| 240|0x0000000718400000, 0x0000000718500000, 0x0000000718500000|100%| E|CS|TAMS 0x0000000718400000, 0x0000000718400000| Complete 
| 241|0x0000000718500000, 0x0000000718600000, 0x0000000718600000|100%| E|CS|TAMS 0x0000000718500000, 0x0000000718500000| Complete 
| 242|0x0000000718600000, 0x0000000718700000, 0x0000000718700000|100%| E|CS|TAMS 0x0000000718600000, 0x0000000718600000| Complete 
| 243|0x0000000718700000, 0x0000000718800000, 0x0000000718800000|100%| E|CS|TAMS 0x0000000718700000, 0x0000000718700000| Complete 
| 244|0x0000000718800000, 0x0000000718900000, 0x0000000718900000|100%| E|CS|TAMS 0x0000000718800000, 0x0000000718800000| Complete 
| 245|0x0000000718900000, 0x0000000718a00000, 0x0000000718a00000|100%| E|CS|TAMS 0x0000000718900000, 0x0000000718900000| Complete 
| 246|0x0000000718a00000, 0x0000000718b00000, 0x0000000718b00000|100%| E|CS|TAMS 0x0000000718a00000, 0x0000000718a00000| Complete 
| 247|0x0000000718b00000, 0x0000000718c00000, 0x0000000718c00000|100%| E|CS|TAMS 0x0000000718b00000, 0x0000000718b00000| Complete 

Card table byte_map: [0x00007f8e20494000,0x00007f8e20c4a000] _byte_map_base: 0x00007f8e1cc4a000

Marking Bits (Prev, Next): (CMBitMap*) 0x00007f8e38089a78, (CMBitMap*) 0x00007f8e38089ab0
 Prev Bits: [0x00007f8e17a9a000, 0x00007f8e1b84a000)
 Next Bits: [0x00007f8e13cea000, 0x00007f8e17a9a000)

Polling page: 0x00007f8e3f52a000

Metaspace:

Usage:
  Non-class:     14,26 MB capacity,    13,93 MB ( 98%) used,   277,12 KB (  2%) free+waste,    54,81 KB ( <1%) overhead. 
      Class:      1,84 MB capacity,     1,64 MB ( 89%) used,   176,29 KB (  9%) free+waste,    27,44 KB (  1%) overhead. 
       Both:     16,10 MB capacity,    15,58 MB ( 97%) used,   453,41 KB (  3%) free+waste,    82,25 KB ( <1%) overhead. 

Virtual space:
  Non-class space:       16,00 MB reserved,      14,50 MB ( 91%) committed 
      Class space:        1,00 GB reserved,       1,88 MB ( <1%) committed 
             Both:        1,02 GB reserved,      16,38 MB (  2%) committed 

Chunk freelists:
   Non-Class:  2,12 KB
       Class:  256 bytes
        Both:  2,38 KB

CodeHeap 'non-profiled nmethods': size=120032Kb used=635Kb max_used=635Kb free=119396Kb
 bounds [0x00007f8e28ec8000, 0x00007f8e29138000, 0x00007f8e30400000]
CodeHeap 'profiled nmethods': size=120028Kb used=3314Kb max_used=3314Kb free=116714Kb
 bounds [0x00007f8e21991000, 0x00007f8e21cd1000, 0x00007f8e28ec8000]
CodeHeap 'non-nmethods': size=5700Kb used=1151Kb max_used=1214Kb free=4548Kb
 bounds [0x00007f8e21400000, 0x00007f8e21670000, 0x00007f8e21991000]
 total_blobs=1946 nmethods=1562 adapters=305
 compilation: enabled
              stopped_count=0, restarted_count=0
 full_count=0

Compilation events (10 events):
Event: 0,777 Thread 0x00007f8e3828f000 nmethod 1559 0x00007f8e21cc8390 code [0x00007f8e21cc8580, 0x00007f8e21cc89d0]
Event: 0,777 Thread 0x00007f8e3828f000 1555   !   3       java.lang.invoke.MethodHandles$Lookup::canBeCached (150 bytes)
Event: 0,779 Thread 0x00007f8e3828f000 nmethod 1555 0x00007f8e21cc8b90 code [0x00007f8e21cc8fa0, 0x00007f8e21ccb0c0]
Event: 0,780 Thread 0x00007f8e3828f000 1560       3       java.lang.ClassLoader::addClass (9 bytes)
Event: 0,780 Thread 0x00007f8e3828f000 nmethod 1560 0x00007f8e21ccbc10 code [0x00007f8e21ccbe20, 0x00007f8e21ccc750]
Event: 0,785 Thread 0x00007f8e3828f000 1561       3       java.lang.Short::<init> (10 bytes)
Event: 0,785 Thread 0x00007f8e3828f000 nmethod 1561 0x00007f8e21cccb90 code [0x00007f8e21cccd40, 0x00007f8e21cccef0]
Event: 1,042 Thread 0x00007f8e3828c800 nmethod 1466% 0x00007f8e28f54110 code [0x00007f8e28f54640, 0x00007f8e28f61088]
Event: 300,498 Thread 0x00007f8e3828f000 1562       3       java.lang.ref.ReferenceQueue::reallyPoll (65 bytes)
Event: 300,498 Thread 0x00007f8e3828f000 nmethod 1562 0x00007f8e21ccd010 code [0x00007f8e21ccd1e0, 0x00007f8e21ccd710]

GC Heap History (2 events):
Event: 0,493 GC heap before
{Heap before GC invocations=0 (full 0):
 garbage-first heap   total 253952K, used 23552K [0x0000000709400000, 0x0000000800000000)
  region size 1024K, 24 young (24576K), 0 survivors (0K)
 Metaspace       used 12677K, capacity 12995K, committed 13184K, reserved 1060864K
  class space    used 1211K, capacity 1317K, committed 1408K, reserved 1048576K
}
Event: 0,496 GC heap after
{Heap after GC invocations=1 (full 0):
 garbage-first heap   total 253952K, used 3250K [0x0000000709400000, 0x0000000800000000)
  region size 1024K, 3 young (3072K), 3 survivors (3072K)
 Metaspace       used 12677K, capacity 12995K, committed 13184K, reserved 1060864K
  class space    used 1211K, capacity 1317K, committed 1408K, reserved 1048576K
}

Deoptimization events (10 events):
Event: 0,411 Thread 0x00007f8e38025800 Uncommon trap: reason=unstable_if action=reinterpret pc=0x00007f8e28ec92fc method=java.lang.String.isLatin1()Z @ 10 c2
Event: 0,413 Thread 0x00007f8e38025800 Uncommon trap: reason=unstable_if action=reinterpret pc=0x00007f8e28ec98f0 method=java.lang.String.isLatin1()Z @ 10 c2
Event: 0,490 Thread 0x00007f8e38025800 Uncommon trap: reason=unstable_if action=reinterpret pc=0x00007f8e28f0b640 method=org.eclipse.jdt.launching.internal.org.objectweb.asm.ByteVector.putShort(I)Lorg/eclipse/jdt/launching/internal/org/objectweb/asm/ByteVector; @ 13 c2
Event: 0,504 Thread 0x00007f8e38025800 Uncommon trap: reason=class_check action=maybe_recompile pc=0x00007f8e28f1d3f8 method=java.util.HashMap.putVal(ILjava/lang/Object;Ljava/lang/Object;ZZ)Ljava/lang/Object; @ 253 c2
Event: 0,505 Thread 0x00007f8e38025800 Uncommon trap: reason=class_check action=maybe_recompile pc=0x00007f8e28f1d3f8 method=java.util.HashMap.putVal(ILjava/lang/Object;Ljava/lang/Object;ZZ)Ljava/lang/Object; @ 253 c2
Event: 0,510 Thread 0x00007f8e38025800 Uncommon trap: reason=class_check action=maybe_recompile pc=0x00007f8e28f1d3f8 method=java.util.HashMap.putVal(ILjava/lang/Object;Ljava/lang/Object;ZZ)Ljava/lang/Object; @ 253 c2
Event: 0,510 Thread 0x00007f8e38025800 Uncommon trap: reason=class_check action=maybe_recompile pc=0x00007f8e28f1d3f8 method=java.util.HashMap.putVal(ILjava/lang/Object;Ljava/lang/Object;ZZ)Ljava/lang/Object; @ 253 c2
Event: 0,741 Thread 0x00007f8e38025800 Uncommon trap: reason=bimorphic_or_optimized_type_check action=maybe_recompile pc=0x00007f8e28f3a370 method=java.util.HashMap.putVal(ILjava/lang/Object;Ljava/lang/Object;ZZ)Ljava/lang/Object; @ 253 c2
Event: 0,742 Thread 0x00007f8e38025800 Uncommon trap: reason=unstable_if action=reinterpret pc=0x00007f8e28f294c8 method=jdk.internal.org.objectweb.asm.Type.getArgumentsAndReturnSizes(Ljava/lang/String;)I @ 41 c2
Event: 0,771 Thread 0x00007f8e38025800 Uncommon trap: reason=unstable_if action=reinterpret pc=0x00007f8e28edcf64 method=java.lang.CharacterData.of(I)Ljava/lang/CharacterData; @ 4 c2

Classes redefined (3 events):
Event: 215,253 Thread 0x00007f8e38265800 redefined class name=com.opendev.service.impl.CarServiceImplTest, count=1
Event: 240,733 Thread 0x00007f8e38265800 redefined class name=com.opendev.service.impl.CarServiceImplTest, count=2
Event: 256,672 Thread 0x00007f8e38265800 redefined class name=com.opendev.service.impl.CarServiceImplTest, count=3

Internal exceptions (10 events):
Event: 0,574 Thread 0x00007f8e38025800 Exception <a 'java/lang/NoSuchMethodError'{0x000000071854d990}: java.lang.invoke.DirectMethodHandle$Holder.invokeStatic(Ljava/lang/Object;Ljava/lang/Object;Ljava/lang/Object;Ljava/lang/Object;Ljava/lang/Object;)I> (0x000000071854d990) thrown at [./open/sr
Event: 0,580 Thread 0x00007f8e38025800 Exception <a 'java/lang/NoSuchMethodError'{0x00000007185f47d8}: java.lang.invoke.DirectMethodHandle$Holder.invokeStaticInit(Ljava/lang/Object;)V> (0x00000007185f47d8) thrown at [./open/src/hotspot/share/interpreter/linkResolver.cpp, line 772]
Event: 0,604 Thread 0x00007f8e38025800 Exception <a 'java/lang/NoSuchMethodError'{0x000000071826de10}: java.lang.invoke.DirectMethodHandle$Holder.invokeSpecial(Ljava/lang/Object;Ljava/lang/Object;)V> (0x000000071826de10) thrown at [./open/src/hotspot/share/interpreter/linkResolver.cpp, line 77
Event: 0,622 Thread 0x00007f8e38025800 Exception <a 'java/lang/NoSuchMethodError'{0x000000071808f780}: java.lang.invoke.DirectMethodHandle$Holder.invokeStaticInit(Ljava/lang/Object;Ljava/lang/Object;)I> (0x000000071808f780) thrown at [./open/src/hotspot/share/interpreter/linkResolver.cpp, line
Event: 0,654 Thread 0x00007f8e38025800 Exception <a 'java/lang/NoSuchMethodError'{0x0000000717e0d8b8}: java.lang.invoke.DirectMethodHandle$Holder.invokeStatic(Ljava/lang/Object;Ljava/lang/Object;Ljava/lang/Object;Ljava/lang/Object;Ljava/lang/Object;)V> (0x0000000717e0d8b8) thrown at [./open/sr
Event: 0,655 Thread 0x00007f8e38025800 Exception <a 'java/lang/NoSuchMethodError'{0x0000000717e1ecf0}: java.lang.invoke.Invokers$Holder.linkToTargetMethod(Ljava/lang/Object;Ljava/lang/Object;Ljava/lang/Object;Ljava/lang/Object;Ljava/lang/Object;Ljava/lang/Object;Ljava/lang/Object;)Ljava/lang/O
Event: 0,656 Thread 0x00007f8e38025800 Exception <a 'java/lang/NoSuchMethodError'{0x0000000717e24a00}: java.lang.invoke.DirectMethodHandle$Holder.invokeInterface(Ljava/lang/Object;Ljava/lang/Object;Ljava/lang/Object;Ljava/lang/Object;Ljava/lang/Object;)Ljava/lang/Object;> (0x0000000717e24a00) 
Event: 0,656 Thread 0x00007f8e38025800 Exception <a 'java/lang/IncompatibleClassChangeError'{0x0000000717e28158}: Found class java.lang.Object, but interface was expected> (0x0000000717e28158) thrown at [./open/src/hotspot/share/interpreter/linkResolver.cpp, line 838]
Event: 0,742 Thread 0x00007f8e38025800 Exception <a 'java/lang/NoSuchMethodError'{0x00000007174f5850}: java.lang.invoke.DirectMethodHandle$Holder.invokeSpecial(Ljava/lang/Object;Ljava/lang/Object;)D> (0x00000007174f5850) thrown at [./open/src/hotspot/share/interpreter/linkResolver.cpp, line 77
Event: 0,760 Thread 0x00007f8e38025800 Exception <a 'java/lang/NoSuchMethodError'{0x0000000716f12a58}: java.lang.invoke.DirectMethodHandle$Holder.invokeInterface(Ljava/lang/Object;Ljava/lang/Object;)I> (0x0000000716f12a58) thrown at [./open/src/hotspot/share/interpreter/linkResolver.cpp, line 

Events (10 events):
Event: 849,241 Executing VM operation: GetOwnedMonitorInfo done
Event: 849,686 Executing VM operation: GetFrameCount
Event: 849,686 Executing VM operation: GetFrameCount done
Event: 849,686 Executing VM operation: GetOwnedMonitorInfo
Event: 849,686 Executing VM operation: GetOwnedMonitorInfo done
Event: 849,686 Executing VM operation: GetCurrentContendedMonitor
Event: 849,686 Executing VM operation: GetCurrentContendedMonitor done
Event: 849,716 Executing VM operation: GetFrameLocation
Event: 849,716 Executing VM operation: GetFrameLocation done
Event: 849,716 Executing VM operation: GetOrSetLocal


Dynamic libraries:
709400000-718c00000 rw-p 00000000 00:00 0 
718c00000-800000000 ---p 00000000 00:00 0 
800000000-8001e0000 rw-p 00000000 00:00 0 
8001e0000-840000000 ---p 00000000 00:00 0 
55769e400000-55769e401000 r-xp 00000000 fd:00 7603723                    /home/avalos_m/Descargas/eclipse/jdk-11.0.17_linux-x64_bin/jdk-11.0.17/bin/java
55769e601000-55769e602000 r--p 00001000 fd:00 7603723                    /home/avalos_m/Descargas/eclipse/jdk-11.0.17_linux-x64_bin/jdk-11.0.17/bin/java
55769e602000-55769e603000 rw-p 00002000 fd:00 7603723                    /home/avalos_m/Descargas/eclipse/jdk-11.0.17_linux-x64_bin/jdk-11.0.17/bin/java
55769f3f4000-55769f415000 rw-p 00000000 00:00 0                          [heap]
7f8dac000000-7f8dac021000 rw-p 00000000 00:00 0 
7f8dac021000-7f8db0000000 ---p 00000000 00:00 0 
7f8db0000000-7f8db00e9000 rw-p 00000000 00:00 0 
7f8db00e9000-7f8db4000000 ---p 00000000 00:00 0 
7f8db4000000-7f8db4021000 rw-p 00000000 00:00 0 
7f8db4021000-7f8db8000000 ---p 00000000 00:00 0 
7f8db8000000-7f8db8021000 rw-p 00000000 00:00 0 
7f8db8021000-7f8dbc000000 ---p 00000000 00:00 0 
7f8dbc000000-7f8dbc021000 rw-p 00000000 00:00 0 
7f8dbc021000-7f8dc0000000 ---p 00000000 00:00 0 
7f8dc0000000-7f8dc0021000 rw-p 00000000 00:00 0 
7f8dc0021000-7f8dc4000000 ---p 00000000 00:00 0 
7f8dc4000000-7f8dc4021000 rw-p 00000000 00:00 0 
7f8dc4021000-7f8dc8000000 ---p 00000000 00:00 0 
7f8dc8000000-7f8dc8021000 rw-p 00000000 00:00 0 
7f8dc8021000-7f8dcc000000 ---p 00000000 00:00 0 
7f8dcc000000-7f8dcc021000 rw-p 00000000 00:00 0 
7f8dcc021000-7f8dd0000000 ---p 00000000 00:00 0 
7f8dd0000000-7f8dd0021000 rw-p 00000000 00:00 0 
7f8dd0021000-7f8dd4000000 ---p 00000000 00:00 0 
7f8dd4000000-7f8dd4021000 rw-p 00000000 00:00 0 
7f8dd4021000-7f8dd8000000 ---p 00000000 00:00 0 
7f8dd8000000-7f8dd8401000 rw-p 00000000 00:00 0 
7f8dd8401000-7f8ddc000000 ---p 00000000 00:00 0 
7f8ddc000000-7f8ddc403000 rw-p 00000000 00:00 0 
7f8ddc403000-7f8de0000000 ---p 00000000 00:00 0 
7f8de0000000-7f8de0021000 rw-p 00000000 00:00 0 
7f8de0021000-7f8de4000000 ---p 00000000 00:00 0 
7f8de4000000-7f8de4021000 rw-p 00000000 00:00 0 
7f8de4021000-7f8de8000000 ---p 00000000 00:00 0 
7f8de8000000-7f8de98e7000 rw-p 00000000 00:00 0 
7f8de98e7000-7f8dec000000 ---p 00000000 00:00 0 
7f8dec000000-7f8dec021000 rw-p 00000000 00:00 0 
7f8dec021000-7f8df0000000 ---p 00000000 00:00 0 
7f8df19fa000-7f8df1a7a000 rw-p 00000000 00:00 0 
7f8df1a7a000-7f8df1bfe000 ---p 00000000 00:00 0 
7f8df1bfe000-7f8df1efa000 rw-p 00000000 00:00 0 
7f8df1efa000-7f8df1efb000 ---p 00000000 00:00 0 
7f8df1efb000-7f8df1ffc000 rw-p 00000000 00:00 0 
7f8df1ffc000-7f8df1ffd000 ---p 00000000 00:00 0 
7f8df1ffd000-7f8df20fe000 rw-p 00000000 00:00 0 
7f8df20fe000-7f8df20ff000 ---p 00000000 00:00 0 
7f8df20ff000-7f8df2400000 rw-p 00000000 00:00 0 
7f8df2400000-7f8df2402000 r-xp 00000000 fd:00 7604932                    /home/avalos_m/Descargas/eclipse/jdk-11.0.17_linux-x64_bin/jdk-11.0.17/lib/libextnet.so
7f8df2402000-7f8df2601000 ---p 00002000 fd:00 7604932                    /home/avalos_m/Descargas/eclipse/jdk-11.0.17_linux-x64_bin/jdk-11.0.17/lib/libextnet.so
7f8df2601000-7f8df2602000 r--p 00001000 fd:00 7604932                    /home/avalos_m/Descargas/eclipse/jdk-11.0.17_linux-x64_bin/jdk-11.0.17/lib/libextnet.so
7f8df2602000-7f8df2603000 rw-p 00002000 fd:00 7604932                    /home/avalos_m/Descargas/eclipse/jdk-11.0.17_linux-x64_bin/jdk-11.0.17/lib/libextnet.so
7f8df26fe000-7f8df26ff000 ---p 00000000 00:00 0 
7f8df26ff000-7f8df2a00000 rw-p 00000000 00:00 0 
7f8df2a00000-7f8df2a15000 r-xp 00000000 fd:00 7604951                    /home/avalos_m/Descargas/eclipse/jdk-11.0.17_linux-x64_bin/jdk-11.0.17/lib/libnet.so
7f8df2a15000-7f8df2c15000 ---p 00015000 fd:00 7604951                    /home/avalos_m/Descargas/eclipse/jdk-11.0.17_linux-x64_bin/jdk-11.0.17/lib/libnet.so
7f8df2c15000-7f8df2c16000 r--p 00015000 fd:00 7604951                    /home/avalos_m/Descargas/eclipse/jdk-11.0.17_linux-x64_bin/jdk-11.0.17/lib/libnet.so
7f8df2c16000-7f8df2c17000 rw-p 00016000 fd:00 7604951                    /home/avalos_m/Descargas/eclipse/jdk-11.0.17_linux-x64_bin/jdk-11.0.17/lib/libnet.so
7f8df2d00000-7f8df2d04000 ---p 00000000 00:00 0 
7f8df2d04000-7f8df2e00000 rw-p 00000000 00:00 0 
7f8df2e00000-7f8df2e10000 r-xp 00000000 fd:00 7604952                    /home/avalos_m/Descargas/eclipse/jdk-11.0.17_linux-x64_bin/jdk-11.0.17/lib/libnio.so
7f8df2e10000-7f8df3010000 ---p 00010000 fd:00 7604952                    /home/avalos_m/Descargas/eclipse/jdk-11.0.17_linux-x64_bin/jdk-11.0.17/lib/libnio.so
7f8df3010000-7f8df3011000 r--p 00010000 fd:00 7604952                    /home/avalos_m/Descargas/eclipse/jdk-11.0.17_linux-x64_bin/jdk-11.0.17/lib/libnio.so
7f8df3011000-7f8df3012000 rw-p 00011000 fd:00 7604952                    /home/avalos_m/Descargas/eclipse/jdk-11.0.17_linux-x64_bin/jdk-11.0.17/lib/libnio.so
7f8df30fe000-7f8df30ff000 ---p 00000000 00:00 0 
7f8df30ff000-7f8df3200000 rw-p 00000000 00:00 0 
7f8df3200000-7f8df3204000 r-xp 00000000 fd:00 7604931                    /home/avalos_m/Descargas/eclipse/jdk-11.0.17_linux-x64_bin/jdk-11.0.17/lib/libdt_socket.so
7f8df3204000-7f8df3404000 ---p 00004000 fd:00 7604931                    /home/avalos_m/Descargas/eclipse/jdk-11.0.17_linux-x64_bin/jdk-11.0.17/lib/libdt_socket.so
7f8df3404000-7f8df3405000 r--p 00004000 fd:00 7604931                    /home/avalos_m/Descargas/eclipse/jdk-11.0.17_linux-x64_bin/jdk-11.0.17/lib/libdt_socket.so
7f8df3405000-7f8df3406000 rw-p 00005000 fd:00 7604931                    /home/avalos_m/Descargas/eclipse/jdk-11.0.17_linux-x64_bin/jdk-11.0.17/lib/libdt_socket.so
7f8df3500000-7f8df3504000 ---p 00000000 00:00 0 
7f8df3504000-7f8df3600000 rw-p 00000000 00:00 0 
7f8df3600000-7f8df3e01000 r--p 00000000 fd:00 2629239                    /usr/lib/locale/locale-archive
7f8df3f00000-7f8df3f04000 ---p 00000000 00:00 0 
7f8df3f04000-7f8df4000000 rw-p 00000000 00:00 0 
7f8df4000000-7f8df4021000 rw-p 00000000 00:00 0 
7f8df4021000-7f8df8000000 ---p 00000000 00:00 0 
7f8df8000000-7f8df8021000 rw-p 00000000 00:00 0 
7f8df8021000-7f8dfc000000 ---p 00000000 00:00 0 
7f8dfc000000-7f8dfc021000 rw-p 00000000 00:00 0 
7f8dfc021000-7f8e00000000 ---p 00000000 00:00 0 
7f8e00000000-7f8e00433000 rw-p 00000000 00:00 0 
7f8e00433000-7f8e04000000 ---p 00000000 00:00 0 
7f8e04000000-7f8e04021000 rw-p 00000000 00:00 0 
7f8e04021000-7f8e08000000 ---p 00000000 00:00 0 
7f8e08000000-7f8e08021000 rw-p 00000000 00:00 0 
7f8e08021000-7f8e0c000000 ---p 00000000 00:00 0 
7f8e0c000000-7f8e0c021000 rw-p 00000000 00:00 0 
7f8e0c021000-7f8e10000000 ---p 00000000 00:00 0 
7f8e100dd000-7f8e100e1000 ---p 00000000 00:00 0 
7f8e100e1000-7f8e101dd000 rw-p 00000000 00:00 0 
7f8e101dd000-7f8e101e1000 ---p 00000000 00:00 0 
7f8e101e1000-7f8e102dd000 rw-p 00000000 00:00 0 
7f8e102dd000-7f8e102e1000 ---p 00000000 00:00 0 
7f8e102e1000-7f8e103dd000 rw-p 00000000 00:00 0 
7f8e103dd000-7f8e103e1000 ---p 00000000 00:00 0 
7f8e103e1000-7f8e104dd000 rw-p 00000000 00:00 0 
7f8e104dd000-7f8e104e1000 ---p 00000000 00:00 0 
7f8e104e1000-7f8e105dd000 rw-p 00000000 00:00 0 
7f8e105dd000-7f8e105e1000 ---p 00000000 00:00 0 
7f8e105e1000-7f8e106dd000 rw-p 00000000 00:00 0 
7f8e106dd000-7f8e106e1000 ---p 00000000 00:00 0 
7f8e106e1000-7f8e107dd000 rw-p 00000000 00:00 0 
7f8e107dd000-7f8e107e1000 ---p 00000000 00:00 0 
7f8e107e1000-7f8e108dd000 rw-p 00000000 00:00 0 
7f8e108dd000-7f8e108e1000 ---p 00000000 00:00 0 
7f8e108e1000-7f8e109dd000 rw-p 00000000 00:00 0 
7f8e109dd000-7f8e109e1000 ---p 00000000 00:00 0 
7f8e109e1000-7f8e10add000 rw-p 00000000 00:00 0 
7f8e10add000-7f8e10ade000 ---p 00000000 00:00 0 
7f8e10ade000-7f8e113df000 rw-p 00000000 00:00 0 
7f8e113df000-7f8e113e0000 ---p 00000000 00:00 0 
7f8e113e0000-7f8e114e1000 rw-p 00000000 00:00 0 
7f8e114e1000-7f8e114e2000 ---p 00000000 00:00 0 
7f8e114e2000-7f8e140ca000 rw-p 00000000 00:00 0 
7f8e140ca000-7f8e17a9a000 ---p 00000000 00:00 0 
7f8e17a9a000-7f8e17e7a000 rw-p 00000000 00:00 0 
7f8e17e7a000-7f8e1b84a000 ---p 00000000 00:00 0 
7f8e1b84a000-7f8e1b8c6000 rw-p 00000000 00:00 0 
7f8e1b8c6000-7f8e1c000000 ---p 00000000 00:00 0 
7f8e1c000000-7f8e1c021000 rw-p 00000000 00:00 0 
7f8e1c021000-7f8e20000000 ---p 00000000 00:00 0 
7f8e20090000-7f8e20191000 rw-p 00000000 00:00 0 
7f8e20191000-7f8e20192000 ---p 00000000 00:00 0 
7f8e20192000-7f8e20293000 rw-p 00000000 00:00 0 
7f8e20293000-7f8e20294000 ---p 00000000 00:00 0 
7f8e20294000-7f8e20510000 rw-p 00000000 00:00 0 
7f8e20510000-7f8e20c4a000 ---p 00000000 00:00 0 
7f8e20c4a000-7f8e20cc6000 rw-p 00000000 00:00 0 
7f8e20cc6000-7f8e21400000 ---p 00000000 00:00 0 
7f8e21400000-7f8e21670000 rwxp 00000000 00:00 0 
7f8e21670000-7f8e21991000 ---p 00000000 00:00 0 
7f8e21991000-7f8e21cd1000 rwxp 00000000 00:00 0 
7f8e21cd1000-7f8e28ec8000 ---p 00000000 00:00 0 
7f8e28ec8000-7f8e29138000 rwxp 00000000 00:00 0 
7f8e29138000-7f8e30400000 ---p 00000000 00:00 0 
7f8e30400000-7f8e37b50000 r--s 00000000 fd:00 7604962                    /home/avalos_m/Descargas/eclipse/jdk-11.0.17_linux-x64_bin/jdk-11.0.17/lib/modules
7f8e37c00000-7f8e37c07000 r-xp 00000000 fd:00 7604961                    /home/avalos_m/Descargas/eclipse/jdk-11.0.17_linux-x64_bin/jdk-11.0.17/lib/libzip.so
7f8e37c07000-7f8e37e06000 ---p 00007000 fd:00 7604961                    /home/avalos_m/Descargas/eclipse/jdk-11.0.17_linux-x64_bin/jdk-11.0.17/lib/libzip.so
7f8e37e06000-7f8e37e07000 r--p 00006000 fd:00 7604961                    /home/avalos_m/Descargas/eclipse/jdk-11.0.17_linux-x64_bin/jdk-11.0.17/lib/libzip.so
7f8e37e07000-7f8e37e08000 rw-p 00007000 fd:00 7604961                    /home/avalos_m/Descargas/eclipse/jdk-11.0.17_linux-x64_bin/jdk-11.0.17/lib/libzip.so
7f8e37eff000-7f8e38000000 rw-p 00000000 00:00 0 
7f8e38000000-7f8e38a48000 rw-p 00000000 00:00 0 
7f8e38a48000-7f8e3c000000 ---p 00000000 00:00 0 
7f8e3c0fd000-7f8e3c400000 rw-p 00000000 00:00 0 
7f8e3c400000-7f8e3c40a000 r-xp 00000000 fd:00 7604934                    /home/avalos_m/Descargas/eclipse/jdk-11.0.17_linux-x64_bin/jdk-11.0.17/lib/libinstrument.so
7f8e3c40a000-7f8e3c609000 ---p 0000a000 fd:00 7604934                    /home/avalos_m/Descargas/eclipse/jdk-11.0.17_linux-x64_bin/jdk-11.0.17/lib/libinstrument.so
7f8e3c609000-7f8e3c60a000 r--p 00009000 fd:00 7604934                    /home/avalos_m/Descargas/eclipse/jdk-11.0.17_linux-x64_bin/jdk-11.0.17/lib/libinstrument.so
7f8e3c60a000-7f8e3c60b000 rw-p 0000a000 fd:00 7604934                    /home/avalos_m/Descargas/eclipse/jdk-11.0.17_linux-x64_bin/jdk-11.0.17/lib/libinstrument.so
7f8e3c6ff000-7f8e3c800000 rw-p 00000000 00:00 0 
7f8e3c800000-7f8e3c83c000 r-xp 00000000 fd:00 7604942                    /home/avalos_m/Descargas/eclipse/jdk-11.0.17_linux-x64_bin/jdk-11.0.17/lib/libjdwp.so
7f8e3c83c000-7f8e3ca3b000 ---p 0003c000 fd:00 7604942                    /home/avalos_m/Descargas/eclipse/jdk-11.0.17_linux-x64_bin/jdk-11.0.17/lib/libjdwp.so
7f8e3ca3b000-7f8e3ca3c000 r--p 0003b000 fd:00 7604942                    /home/avalos_m/Descargas/eclipse/jdk-11.0.17_linux-x64_bin/jdk-11.0.17/lib/libjdwp.so
7f8e3ca3c000-7f8e3ca3d000 rw-p 0003c000 fd:00 7604942                    /home/avalos_m/Descargas/eclipse/jdk-11.0.17_linux-x64_bin/jdk-11.0.17/lib/libjdwp.so
7f8e3caff000-7f8e3cc00000 rw-p 00000000 00:00 0 
7f8e3cc00000-7f8e3cc1b000 r-xp 00000000 fd:00 7604943                    /home/avalos_m/Descargas/eclipse/jdk-11.0.17_linux-x64_bin/jdk-11.0.17/lib/libjimage.so
7f8e3cc1b000-7f8e3ce1a000 ---p 0001b000 fd:00 7604943                    /home/avalos_m/Descargas/eclipse/jdk-11.0.17_linux-x64_bin/jdk-11.0.17/lib/libjimage.so
7f8e3ce1a000-7f8e3ce1c000 r--p 0001a000 fd:00 7604943                    /home/avalos_m/Descargas/eclipse/jdk-11.0.17_linux-x64_bin/jdk-11.0.17/lib/libjimage.so
7f8e3ce1c000-7f8e3ce1d000 rw-p 0001c000 fd:00 7604943                    /home/avalos_m/Descargas/eclipse/jdk-11.0.17_linux-x64_bin/jdk-11.0.17/lib/libjimage.so
7f8e3ceff000-7f8e3d000000 rw-p 00000000 00:00 0 
7f8e3d000000-7f8e3d02a000 r-xp 00000000 fd:00 7604939                    /home/avalos_m/Descargas/eclipse/jdk-11.0.17_linux-x64_bin/jdk-11.0.17/lib/libjava.so
7f8e3d02a000-7f8e3d229000 ---p 0002a000 fd:00 7604939                    /home/avalos_m/Descargas/eclipse/jdk-11.0.17_linux-x64_bin/jdk-11.0.17/lib/libjava.so
7f8e3d229000-7f8e3d22a000 r--p 00029000 fd:00 7604939                    /home/avalos_m/Descargas/eclipse/jdk-11.0.17_linux-x64_bin/jdk-11.0.17/lib/libjava.so
7f8e3d22a000-7f8e3d22b000 rw-p 0002a000 fd:00 7604939                    /home/avalos_m/Descargas/eclipse/jdk-11.0.17_linux-x64_bin/jdk-11.0.17/lib/libjava.so
7f8e3d22b000-7f8e3d22c000 rw-p 00000000 00:00 0 
7f8e3d27e000-7f8e3d400000 rw-p 00000000 00:00 0 
7f8e3d400000-7f8e3d40d000 r-xp 00000000 fd:00 7604960                    /home/avalos_m/Descargas/eclipse/jdk-11.0.17_linux-x64_bin/jdk-11.0.17/lib/libverify.so
7f8e3d40d000-7f8e3d60c000 ---p 0000d000 fd:00 7604960                    /home/avalos_m/Descargas/eclipse/jdk-11.0.17_linux-x64_bin/jdk-11.0.17/lib/libverify.so
7f8e3d60c000-7f8e3d60e000 r--p 0000c000 fd:00 7604960                    /home/avalos_m/Descargas/eclipse/jdk-11.0.17_linux-x64_bin/jdk-11.0.17/lib/libverify.so
7f8e3d60e000-7f8e3d60f000 rw-p 0000e000 fd:00 7604960                    /home/avalos_m/Descargas/eclipse/jdk-11.0.17_linux-x64_bin/jdk-11.0.17/lib/libverify.so
7f8e3d613000-7f8e3d614000 ---p 00000000 00:00 0 
7f8e3d614000-7f8e3d71a000 rw-p 00000000 00:00 0 
7f8e3d71a000-7f8e3d800000 ---p 00000000 00:00 0 
7f8e3d800000-7f8e3e991000 r-xp 00000000 fd:00 7604973                    /home/avalos_m/Descargas/eclipse/jdk-11.0.17_linux-x64_bin/jdk-11.0.17/lib/server/libjvm.so
7f8e3e991000-7f8e3eb91000 ---p 01191000 fd:00 7604973                    /home/avalos_m/Descargas/eclipse/jdk-11.0.17_linux-x64_bin/jdk-11.0.17/lib/server/libjvm.so
7f8e3eb91000-7f8e3ec50000 r--p 01191000 fd:00 7604973                    /home/avalos_m/Descargas/eclipse/jdk-11.0.17_linux-x64_bin/jdk-11.0.17/lib/server/libjvm.so
7f8e3ec50000-7f8e3ec8a000 rw-p 01250000 fd:00 7604973                    /home/avalos_m/Descargas/eclipse/jdk-11.0.17_linux-x64_bin/jdk-11.0.17/lib/server/libjvm.so
7f8e3ec8a000-7f8e3ece1000 rw-p 00000000 00:00 0 
7f8e3ed00000-7f8e3ed04000 ---p 00000000 00:00 0 
7f8e3ed04000-7f8e3ee00000 rw-p 00000000 00:00 0 
7f8e3ee00000-7f8e3ee28000 r--p 00000000 fd:00 2623600                    /usr/lib/x86_64-linux-gnu/libc.so.6
7f8e3ee28000-7f8e3efbd000 r-xp 00028000 fd:00 2623600                    /usr/lib/x86_64-linux-gnu/libc.so.6
7f8e3efbd000-7f8e3f015000 r--p 001bd000 fd:00 2623600                    /usr/lib/x86_64-linux-gnu/libc.so.6
7f8e3f015000-7f8e3f019000 r--p 00214000 fd:00 2623600                    /usr/lib/x86_64-linux-gnu/libc.so.6
7f8e3f019000-7f8e3f01b000 rw-p 00218000 fd:00 2623600                    /usr/lib/x86_64-linux-gnu/libc.so.6
7f8e3f01b000-7f8e3f028000 rw-p 00000000 00:00 0 
7f8e3f02e000-7f8e3f035000 rw-p 00000000 00:00 0 
7f8e3f035000-7f8e3f119000 ---p 00000000 00:00 0 
7f8e3f119000-7f8e3f127000 r--p 00000000 fd:00 2623606                    /usr/lib/x86_64-linux-gnu/libm.so.6
7f8e3f127000-7f8e3f1a3000 r-xp 0000e000 fd:00 2623606                    /usr/lib/x86_64-linux-gnu/libm.so.6
7f8e3f1a3000-7f8e3f1fe000 r--p 0008a000 fd:00 2623606                    /usr/lib/x86_64-linux-gnu/libm.so.6
7f8e3f1fe000-7f8e3f1ff000 r--p 000e4000 fd:00 2623606                    /usr/lib/x86_64-linux-gnu/libm.so.6
7f8e3f1ff000-7f8e3f200000 rw-p 000e5000 fd:00 2623606                    /usr/lib/x86_64-linux-gnu/libm.so.6
7f8e3f200000-7f8e3f210000 r-xp 00000000 fd:00 7604923                    /home/avalos_m/Descargas/eclipse/jdk-11.0.17_linux-x64_bin/jdk-11.0.17/lib/jli/libjli.so
7f8e3f210000-7f8e3f40f000 ---p 00010000 fd:00 7604923                    /home/avalos_m/Descargas/eclipse/jdk-11.0.17_linux-x64_bin/jdk-11.0.17/lib/jli/libjli.so
7f8e3f40f000-7f8e3f410000 r--p 0000f000 fd:00 7604923                    /home/avalos_m/Descargas/eclipse/jdk-11.0.17_linux-x64_bin/jdk-11.0.17/lib/jli/libjli.so
7f8e3f410000-7f8e3f411000 rw-p 00010000 fd:00 7604923                    /home/avalos_m/Descargas/eclipse/jdk-11.0.17_linux-x64_bin/jdk-11.0.17/lib/jli/libjli.so
7f8e3f484000-7f8e3f4e4000 rw-p 00000000 00:00 0 
7f8e3f4e4000-7f8e3f4eb000 ---p 00000000 00:00 0 
7f8e3f4eb000-7f8e3f4ec000 r--p 00000000 fd:00 2623634                    /usr/lib/x86_64-linux-gnu/librt.so.1
7f8e3f4ec000-7f8e3f4ed000 r-xp 00001000 fd:00 2623634                    /usr/lib/x86_64-linux-gnu/librt.so.1
7f8e3f4ed000-7f8e3f4ee000 r--p 00002000 fd:00 2623634                    /usr/lib/x86_64-linux-gnu/librt.so.1
7f8e3f4ee000-7f8e3f4ef000 r--p 00002000 fd:00 2623634                    /usr/lib/x86_64-linux-gnu/librt.so.1
7f8e3f4ef000-7f8e3f4f0000 rw-p 00003000 fd:00 2623634                    /usr/lib/x86_64-linux-gnu/librt.so.1
7f8e3f4f0000-7f8e3f4f5000 rw-p 00000000 00:00 0 
7f8e3f4f5000-7f8e3f4f6000 r--p 00000000 fd:00 2623604                    /usr/lib/x86_64-linux-gnu/libdl.so.2
7f8e3f4f6000-7f8e3f4f7000 r-xp 00001000 fd:00 2623604                    /usr/lib/x86_64-linux-gnu/libdl.so.2
7f8e3f4f7000-7f8e3f4f8000 r--p 00002000 fd:00 2623604                    /usr/lib/x86_64-linux-gnu/libdl.so.2
7f8e3f4f8000-7f8e3f4f9000 r--p 00002000 fd:00 2623604                    /usr/lib/x86_64-linux-gnu/libdl.so.2
7f8e3f4f9000-7f8e3f4fa000 rw-p 00003000 fd:00 2623604                    /usr/lib/x86_64-linux-gnu/libdl.so.2
7f8e3f4fa000-7f8e3f4fb000 r--p 00000000 fd:00 2623630                    /usr/lib/x86_64-linux-gnu/libpthread.so.0
7f8e3f4fb000-7f8e3f4fc000 r-xp 00001000 fd:00 2623630                    /usr/lib/x86_64-linux-gnu/libpthread.so.0
7f8e3f4fc000-7f8e3f4fd000 r--p 00002000 fd:00 2623630                    /usr/lib/x86_64-linux-gnu/libpthread.so.0
7f8e3f4fd000-7f8e3f4fe000 r--p 00002000 fd:00 2623630                    /usr/lib/x86_64-linux-gnu/libpthread.so.0
7f8e3f4fe000-7f8e3f4ff000 rw-p 00003000 fd:00 2623630                    /usr/lib/x86_64-linux-gnu/libpthread.so.0
7f8e3f4ff000-7f8e3f501000 r--p 00000000 fd:00 2621837                    /usr/lib/x86_64-linux-gnu/libz.so.1.2.11
7f8e3f501000-7f8e3f512000 r-xp 00002000 fd:00 2621837                    /usr/lib/x86_64-linux-gnu/libz.so.1.2.11
7f8e3f512000-7f8e3f518000 r--p 00013000 fd:00 2621837                    /usr/lib/x86_64-linux-gnu/libz.so.1.2.11
7f8e3f518000-7f8e3f519000 ---p 00019000 fd:00 2621837                    /usr/lib/x86_64-linux-gnu/libz.so.1.2.11
7f8e3f519000-7f8e3f51a000 r--p 00019000 fd:00 2621837                    /usr/lib/x86_64-linux-gnu/libz.so.1.2.11
7f8e3f51a000-7f8e3f51b000 rw-p 0001a000 fd:00 2621837                    /usr/lib/x86_64-linux-gnu/libz.so.1.2.11
7f8e3f51b000-7f8e3f522000 r--s 00000000 fd:00 3413501                    /usr/lib/x86_64-linux-gnu/gconv/gconv-modules.cache
7f8e3f522000-7f8e3f52a000 rw-s 00000000 fd:00 659915                     /tmp/hsperfdata_avalos_m/36457
7f8e3f52a000-7f8e3f52b000 ---p 00000000 00:00 0 
7f8e3f52b000-7f8e3f52c000 r--p 00000000 00:00 0 
7f8e3f52c000-7f8e3f52e000 rw-p 00000000 00:00 0 
7f8e3f52e000-7f8e3f530000 r--p 00000000 fd:00 2623589                    /usr/lib/x86_64-linux-gnu/ld-linux-x86-64.so.2
7f8e3f530000-7f8e3f55a000 r-xp 00002000 fd:00 2623589                    /usr/lib/x86_64-linux-gnu/ld-linux-x86-64.so.2
7f8e3f55a000-7f8e3f565000 r--p 0002c000 fd:00 2623589                    /usr/lib/x86_64-linux-gnu/ld-linux-x86-64.so.2
7f8e3f566000-7f8e3f568000 r--p 00037000 fd:00 2623589                    /usr/lib/x86_64-linux-gnu/ld-linux-x86-64.so.2
7f8e3f568000-7f8e3f56a000 rw-p 00039000 fd:00 2623589                    /usr/lib/x86_64-linux-gnu/ld-linux-x86-64.so.2
7ffe4a308000-7ffe4a32a000 rw-p 00000000 00:00 0                          [stack]
7ffe4a392000-7ffe4a396000 r--p 00000000 00:00 0                          [vvar]
7ffe4a396000-7ffe4a398000 r-xp 00000000 00:00 0                          [vdso]
ffffffffff600000-ffffffffff601000 --xp 00000000 00:00 0                  [vsyscall]


VM Arguments:
jvm_args: -agentlib:jdwp=transport=dt_socket,suspend=y,address=localhost:37453 -ea -javaagent:/home/avalos_m/Descargas/eclipse/configuration/org.eclipse.osgi/414/0/.cp/lib/javaagent-shaded.jar -Dfile.encoding=UTF-8 
java_command: org.eclipse.jdt.internal.junit.runner.RemoteTestRunner -version 3 -port 39899 -testLoaderClass org.eclipse.jdt.internal.junit5.runner.JUnit5TestLoader -loaderpluginname org.eclipse.jdt.junit5.runtime -test com.opendev.service.impl.CarServiceImplTest:deleteNoExisteId
java_class_path (initial): /home/avalos_m/eclipse-workspace/opendev-exercise-factory/target/test-classes:/home/avalos_m/eclipse-workspace/opendev-exercise-factory/target/classes:/home/avalos_m/Descargas/eclipse/plugins/org.junit_4.13.2.v20211018-1956.jar:/home/avalos_m/Descargas/eclipse/plugins/org.hamcrest.core_1.3.0.v20180420-1519.jar:/home/avalos_m/.m2/repository/com/google/code/gson/gson/2.10.1/gson-2.10.1.jar:/home/avalos_m/.m2/repository/io/vavr/vavr/0.10.4/vavr-0.10.4.jar:/home/avalos_m/.m2/repository/io/vavr/vavr-match/0.10.4/vavr-match-0.10.4.jar:/home/avalos_m/.m2/repository/org/mockito/mockito-all/1.10.19/mockito-all-1.10.19.jar:/home/avalos_m/.m2/repository/io/vavr/vavr-test/0.10.4/vavr-test-0.10.4.jar:/home/avalos_m/.m2/repository/org/projectlombok/lombok/1.18.26/lombok-1.18.26.jar:/home/avalos_m/.m2/repository/org/jacoco/org.jacoco.agent/0.8.8/org.jacoco.agent-0.8.8.jar:/home/avalos_m/.m2/repository/org/jacoco/jacoco-maven-plugin/0.8.8/jacoco-maven-plugin-0.8.8.jar:/home/avalos_m/.m2/repository/org/codehaus/plexus/plexus-utils/3.0.22/plexus-utils-3.0.22.jar:/home/avalos_m/.m2/repository/org/apache/maven/shared/file-management/1.2.1/file-management-1.2.1.jar:/home/avalos_m/.m2/repository/org/apache/maven/maven-plugin-api/2.0.6/maven-plugin-api-2.0.6.jar:/home/avalos_m/.m2/repository/org/apache/maven/shared/maven-shared-io/1.1/maven-shared-io-1.1.jar:/home/avalos_m/.m2/repository/org/apache/maven/maven-artifact/2.0.2/maven-artifact-2.0.2.jar:/home/avalos_m/.m2/repository/org/apache/maven/maven-artifact-manager/2.0.2/maven-artifact-manager-2.0.2.jar:/home/avalos_m/.m2/repository/org/apache/maven/maven-repository-metadata/2.0.2/maven-repository-metadata-2.0.2.jar:/home/avalos_m/.m2/repository/org/apache/maven/wagon/wagon-provider-api/1.0-alpha-6/wagon-provider-api-1.0-alpha-6.jar:/home/avalos_m/.m2/repository/org/codehaus/plexus/plexus-container-default/1.0-alpha-9/plexus-container-default-1.0-alpha-9.jar:/home/avalos_m/.m2/repository/junit/junit/3.8.1/j
Launcher Type: SUN_STANDARD

[Global flags]
     intx CICompilerCount                          = 4                                         {product} {ergonomic}
     uint ConcGCThreads                            = 2                                         {product} {ergonomic}
     uint G1ConcRefinementThreads                  = 8                                         {product} {ergonomic}
   size_t G1HeapRegionSize                         = 1048576                                   {product} {ergonomic}
    uintx GCDrainStackTargetSize                   = 64                                        {product} {ergonomic}
   size_t InitialHeapSize                          = 260046848                                 {product} {ergonomic}
   size_t MarkStackSize                            = 4194304                                   {product} {ergonomic}
   size_t MaxHeapSize                              = 4139778048                                {product} {ergonomic}
   size_t MaxNewSize                               = 2483027968                                {product} {ergonomic}
   size_t MinHeapDeltaBytes                        = 1048576                                   {product} {ergonomic}
    uintx NonNMethodCodeHeapSize                   = 5836300                                {pd product} {ergonomic}
    uintx NonProfiledCodeHeapSize                  = 122910970                              {pd product} {ergonomic}
    uintx ProfiledCodeHeapSize                     = 122910970                              {pd product} {ergonomic}
    uintx ReservedCodeCacheSize                    = 251658240                              {pd product} {ergonomic}
     bool SegmentedCodeCache                       = true                                      {product} {ergonomic}
     bool UseCompressedClassPointers               = true                                 {lp64_product} {ergonomic}
     bool UseCompressedOops                        = true                                 {lp64_product} {ergonomic}
     bool UseG1GC                                  = true                                      {product} {ergonomic}

Logging:
Log output configuration:
 #0: stdout all=warning uptime,level,tags
 #1: stderr all=off uptime,level,tags

Environment Variables:
PATH=/usr/local/sbin:/usr/local/bin:/usr/sbin:/usr/bin:/sbin:/bin:/usr/games:/usr/local/games:/snap/bin:/snap/bin
USERNAME=avalos_m
SHELL=/bin/bash
DISPLAY=:1

Signal Handlers:
SIGSEGV: [libjvm.so+0xe7fea0], sa_mask[0]=11111111011111111101111111111110, sa_flags=SA_RESTART|SA_SIGINFO
SIGBUS: [libjvm.so+0xe7fea0], sa_mask[0]=11111111011111111101111111111110, sa_flags=SA_RESTART|SA_SIGINFO
SIGFPE: [libjvm.so+0xe7fea0], sa_mask[0]=11111111011111111101111111111110, sa_flags=SA_RESTART|SA_SIGINFO
SIGPIPE: [libjvm.so+0xc52290], sa_mask[0]=11111111011111111101111111111110, sa_flags=SA_RESTART|SA_SIGINFO
SIGXFSZ: [libjvm.so+0xc52290], sa_mask[0]=11111111011111111101111111111110, sa_flags=SA_RESTART|SA_SIGINFO
SIGILL: [libjvm.so+0xe7fea0], sa_mask[0]=11111111011111111101111111111110, sa_flags=SA_RESTART|SA_SIGINFO
SIGUSR2: [libjvm.so+0xc52130], sa_mask[0]=00100000000000000000000000000000, sa_flags=SA_RESTART|SA_SIGINFO
SIGHUP: [libjvm.so+0xc52760], sa_mask[0]=11111111011111111101111111111110, sa_flags=SA_RESTART|SA_SIGINFO
SIGINT: [libjvm.so+0xc52760], sa_mask[0]=11111111011111111101111111111110, sa_flags=SA_RESTART|SA_SIGINFO
SIGTERM: [libjvm.so+0xc52760], sa_mask[0]=11111111011111111101111111111110, sa_flags=SA_RESTART|SA_SIGINFO
SIGQUIT: [libjvm.so+0xc52760], sa_mask[0]=11111111011111111101111111111110, sa_flags=SA_RESTART|SA_SIGINFO


---------------  S Y S T E M  ---------------

OS:DISTRIB_ID=Ubuntu
DISTRIB_RELEASE=22.04
DISTRIB_CODENAME=jammy
DISTRIB_DESCRIPTION="Ubuntu 22.04.2 LTS"
uname:Linux 5.19.0-38-generic #39~22.04.1-Ubuntu SMP PREEMPT_DYNAMIC Fri Mar 17 21:16:15 UTC 2 x86_64
libc:glibc 2.35 NPTL 2.35 
rlimit: STACK 8192k, CORE 0k, NPROC 62811, NOFILE 1048576, AS infinity, DATA infinity, FSIZE infinity
load average:0,39 0,34 0,65

/proc/meminfo:
MemTotal:       16163512 kB
MemFree:         3764660 kB
MemAvailable:    7810184 kB
Buffers:          252776 kB
Cached:          5343900 kB
SwapCached:            0 kB
Active:          2190928 kB
Inactive:        8545608 kB
Active(anon):       3028 kB
Inactive(anon):  6584176 kB
Active(file):    2187900 kB
Inactive(file):  1961432 kB
Unevictable:      908504 kB
Mlocked:              96 kB
SwapTotal:        999420 kB
SwapFree:         999420 kB
Zswap:                 0 kB
Zswapped:              0 kB
Dirty:               844 kB
Writeback:             0 kB
AnonPages:       6048448 kB
Mapped:          1317984 kB
Shmem:           1453532 kB
KReclaimable:     240864 kB
Slab:             499260 kB
SReclaimable:     240864 kB
SUnreclaim:       258396 kB
KernelStack:       29200 kB
PageTables:        76340 kB
NFS_Unstable:          0 kB
Bounce:                0 kB
WritebackTmp:          0 kB
CommitLimit:     9081176 kB
Committed_AS:   21075896 kB
VmallocTotal:   34359738367 kB
VmallocUsed:       94440 kB
VmallocChunk:          0 kB
Percpu:             9824 kB
HardwareCorrupted:     0 kB
AnonHugePages:         0 kB
ShmemHugePages:   821248 kB
ShmemPmdMapped:        0 kB
FileHugePages:         0 kB
FilePmdMapped:         0 kB
HugePages_Total:       0
HugePages_Free:        0
HugePages_Rsvd:        0
HugePages_Surp:        0
Hugepagesize:       2048 kB
Hugetlb:               0 kB
DirectMap4k:      431808 kB
DirectMap2M:    12978176 kB
DirectMap1G:     3145728 kB


/proc/sys/kernel/threads-max (system-wide limit on the number of threads):
125622


/proc/sys/vm/max_map_count (maximum number of memory map areas a process may have):
65530


/proc/sys/kernel/pid_max (system-wide limit on number of process identifiers):
4194304



container (cgroup) information:
container_type: cgroupv2
cpu_cpuset_cpus: not supported
cpu_memory_nodes: not supported
active_processor_count: 8
cpu_quota: not supported
cpu_period: not supported
cpu_shares: not supported
memory_limit_in_bytes: unlimited
memory_and_swap_limit_in_bytes: unlimited
memory_soft_limit_in_bytes: unlimited
memory_usage_in_bytes: 4255965184
memory_max_usage_in_bytes: not supported


CPU:total 8 (initial active 8) (4 cores per cpu, 2 threads per core) family 6 model 140 stepping 1 microcode 0xa6, cmov, cx8, fxsr, mmx, sse, sse2, sse3, ssse3, sse4.1, sse4.2, popcnt, avx, avx2, aes, clmul, erms, 3dnowpref, lzcnt, ht, tsc, tscinvbit, bmi1, bmi2, adx, evex, sha, fma
CPU Model and flags from /proc/cpuinfo:
model name	: 11th Gen Intel(R) Core(TM) i7-1165G7 @ 2.80GHz
flags		: fpu vme de pse tsc msr pae mce cx8 apic sep mtrr pge mca cmov pat pse36 clflush dts acpi mmx fxsr sse sse2 ss ht tm pbe syscall nx pdpe1gb rdtscp lm constant_tsc art arch_perfmon pebs bts rep_good nopl xtopology nonstop_tsc cpuid aperfmperf tsc_known_freq pni pclmulqdq dtes64 monitor ds_cpl vmx est tm2 ssse3 sdbg fma cx16 xtpr pdcm pcid sse4_1 sse4_2 x2apic movbe popcnt tsc_deadline_timer aes xsave avx f16c rdrand lahf_lm abm 3dnowprefetch cpuid_fault epb cat_l2 invpcid_single cdp_l2 ssbd ibrs ibpb stibp ibrs_enhanced tpr_shadow vnmi flexpriority ept vpid ept_ad fsgsbase tsc_adjust bmi1 avx2 smep bmi2 erms invpcid rdt_a avx512f avx512dq rdseed adx smap avx512ifma clflushopt clwb intel_pt avx512cd sha_ni avx512bw avx512vl xsaveopt xsavec xgetbv1 xsaves split_lock_detect dtherm ida arat pln pts hwp hwp_notify hwp_act_window hwp_epp hwp_pkg_req avx512vbmi umip pku ospke avx512_vbmi2 gfni vaes vpclmulqdq avx512_vnni avx512_bitalg avx512_vpopcntdq rdpid movdiri movdir64b fsrm avx512_vp2intersect md_clear ibt flush_l1d arch_capabilities

Memory: 4k page, physical 16163512k(3764660k free), swap 999420k(999420k free)

vm_info: Java HotSpot(TM) 64-Bit Server VM (11.0.17+10-LTS-269) for linux-amd64 JRE (11.0.17+10-LTS-269), built on Sep 13 2022 18:26:47 by "mach5one" with gcc 7.3.0

END.
