#
# A fatal error has been detected by the Java Runtime Environment:
#
#  SIGSEGV (0xb) at pc=0x00007fc846fc50a9, pid=27550, tid=27574
#
# JRE version: Java(TM) SE Runtime Environment 18.9 (11.0.17+10) (build 11.0.17+10-LTS-269)
# Java VM: Java HotSpot(TM) 64-Bit Server VM 18.9 (11.0.17+10-LTS-269, mixed mode, tiered, compressed oops, g1 gc, linux-amd64)
# Problematic frame:
# V  [libjvm.so+0xdc50a9]  Symbol::as_C_string() const+0x9
#
# Core dump will be written. Default location: Core dumps may be processed with "/usr/share/apport/apport -p%p -s%s -c%c -d%d -P%P -u%u -g%g -- %E" (or dumping to /home/avalos_m/eclipse-workspace/opendev-exercise-factory/core.27550)
#
# If you would like to submit a bug report, please visit:
#   https://bugreport.java.com/bugreport/crash.jsp
#

---------------  S U M M A R Y ------------

Command Line: -agentlib:jdwp=transport=dt_socket,suspend=y,address=localhost:35845 -ea -javaagent:/home/avalos_m/Descargas/eclipse/configuration/org.eclipse.osgi/414/0/.cp/lib/javaagent-shaded.jar -Dfile.encoding=UTF-8 org.eclipse.jdt.internal.junit.runner.RemoteTestRunner -version 3 -port 35371 -testLoaderClass org.eclipse.jdt.internal.junit5.runner.JUnit5TestLoader -loaderpluginname org.eclipse.jdt.junit5.runtime -test com.opendev.service.impl.CarServiceImplTest:calcularElCostoCuandoIdsOptionalEstaVacio

Host: 11th Gen Intel(R) Core(TM) i7-1165G7 @ 2.80GHz, 8 cores, 15G, Ubuntu 22.04.2 LTS
Time: Mon Apr 17 13:12:27 2023 -03 elapsed time: 460.345025 seconds (0d 0h 7m 40s)

---------------  T H R E A D  ---------------

Current thread (0x00007fc8403f4800):  JavaThread "JDWP Transport Listener: dt_socket" daemon [_thread_in_vm, id=27574, stack(0x00007fc814000000,0x00007fc814100000)] _threads_hazard_ptr=0x00007fc7dc05fe90

Stack: [0x00007fc814000000,0x00007fc814100000],  sp=0x00007fc8140fe630,  free space=1017k
Native frames: (J=compiled Java code, j=interpreted, Vv=VM code, C=native code)
V  [libjvm.so+0xdc50a9]  Symbol::as_C_string() const+0x9
V  [libjvm.so+0xa599d0]  VM_GetOrSetLocal::check_slot_type(javaVFrame*)+0x100
V  [libjvm.so+0xe85f0c]  VMThread::execute(VM_Operation*)+0x1cc
V  [libjvm.so+0xa3865c]  JvmtiEnv::GetLocalObject(JavaThread*, int, int, _jobject**)+0x8c
V  [libjvm.so+0x9eda88]  jvmti_GetLocalObject+0x1c8
C  [libjdwp.so+0x876c]  thisObject+0x19c
C  [libjdwp.so+0x11a4a]  debugLoop_run+0x1ca
C  [libjdwp.so+0x24497]  attachThread+0x27
V  [libjvm.so+0xa577c5]  JvmtiAgentThread::start_function_wrapper(JavaThread*, Thread*)+0xe5
V  [libjvm.so+0xe17e7f]  JavaThread::run()+0x29f
V  [libjvm.so+0xe14b3f]  Thread::call_run()+0x14f
V  [libjvm.so+0xc5c846]  thread_native_entry(Thread*)+0xe6


siginfo: si_signo: 11 (SIGSEGV), si_code: 1 (SEGV_MAPERR), si_addr: 0x0000000000a10081

Register to memory mapping:

RAX=0x00007fc7e33a9fe0 is pointing into metadata
RBX=0x0000000000000016 is an unknown value
RCX=0x00007fc7e33aabf8 is pointing into metadata
RDX=0x00000000000000ca is an unknown value
RSP=0x00007fc8140fe630 is pointing into the stack for thread: 0x00007fc8403f4800
RBP=0x00007fc8140fe640 is pointing into the stack for thread: 0x00007fc8403f4800
RSI=0x0 is NULL
RDI=0x0000000000a10081 is an unknown value
R8 =0x0 is NULL
R9 =0x0 is NULL
R10=0x0000000000001210 is an unknown value
R11=0x00007fc8140fe670 is pointing into the stack for thread: 0x00007fc8403f4800
R12=0x00007fc8140fe8b0 is pointing into the stack for thread: 0x00007fc8403f4800
R13={method} {0x00007fc7e33aac88} 'calcularElCostoCuandoIdsOptionalEstaVacio' '()V' in 'com/opendev/service/impl/CarServiceImplTest'
R14=0x0000000000000003 is an unknown value
R15=0x00007fc8140fe8b0 is pointing into the stack for thread: 0x00007fc8403f4800


Registers:
RAX=0x00007fc7e33a9fe0, RBX=0x0000000000000016, RCX=0x00007fc7e33aabf8, RDX=0x00000000000000ca
RSP=0x00007fc8140fe630, RBP=0x00007fc8140fe640, RSI=0x0000000000000000, RDI=0x0000000000a10081
R8 =0x0000000000000000, R9 =0x0000000000000000, R10=0x0000000000001210, R11=0x00007fc8140fe670
R12=0x00007fc8140fe8b0, R13=0x00007fc7e33aac88, R14=0x0000000000000003, R15=0x00007fc8140fe8b0
RIP=0x00007fc846fc50a9, EFLAGS=0x0000000000010246, CSGSFS=0x002b000000000033, ERR=0x0000000000000004
  TRAPNO=0x000000000000000e

Top of Stack: (sp=0x00007fc8140fe630)
0x00007fc8140fe630:   0000000000000016 00007fc8140fe8b0
0x00007fc8140fe640:   00007fc8140fe6e0 00007fc846c599d0
0x00007fc8140fe650:   0000000000000000 0000000000000000
0x00007fc8140fe660:   0000000000000000 0000000000000000 

Instructions: (pc=0x00007fc846fc50a9)
0x00007fc846fc5089:   f3 fe ff ff ba 0e 00 00 00 e9 e9 fe ff ff 90 0f
0x00007fc846fc5099:   1f 84 00 00 00 00 00 55 31 f6 48 89 e5 41 54 53
0x00007fc846fc50a9:   44 0f b7 27 48 89 fb 41 8d 7c 24 01 48 63 ff e8
0x00007fc846fc50b9:   53 c0 f4 ff 0f b7 33 44 39 e6 49 0f 4f f4 85 f6 

Stack slot to memory mapping:
stack at sp + 0 slots: 0x0000000000000016 is an unknown value
stack at sp + 1 slots: 0x00007fc8140fe8b0 is pointing into the stack for thread: 0x00007fc8403f4800
stack at sp + 2 slots: 0x00007fc8140fe6e0 is pointing into the stack for thread: 0x00007fc8403f4800
stack at sp + 3 slots: 0x00007fc846c599d0: <offset 0x0000000000a599d0> in /home/avalos_m/Descargas/eclipse/jdk-11.0.17_linux-x64_bin/jdk-11.0.17/lib/server/libjvm.so at 0x00007fc846200000
stack at sp + 4 slots: 0x0 is NULL
stack at sp + 5 slots: 0x0 is NULL
stack at sp + 6 slots: 0x0 is NULL
stack at sp + 7 slots: 0x0 is NULL


---------------  P R O C E S S  ---------------

Threads class SMR info:
_java_thread_list=0x00007fc7dc05fe90, length=13, elements={
0x00007fc840026000, 0x00007fc84026e000, 0x00007fc840272000, 0x00007fc840289000,
0x00007fc84028b000, 0x00007fc84028d000, 0x00007fc84028f000, 0x00007fc840291000,
0x00007fc840378000, 0x00007fc8403f4800, 0x00007fc8403f9000, 0x00007fc7d8001800,
0x00007fc8408a9800
}

Java Threads: ( => current thread )
  0x00007fc840026000 JavaThread "main" [_thread_blocked, id=27557, stack(0x00007fc847700000,0x00007fc847800000)]
  0x00007fc84026e000 JavaThread "Reference Handler" daemon [_thread_blocked, id=27564, stack(0x00007fc8151f8000,0x00007fc8152f8000)]
  0x00007fc840272000 JavaThread "Finalizer" daemon [_thread_blocked, id=27565, stack(0x00007fc8150f8000,0x00007fc8151f8000)]
  0x00007fc840289000 JavaThread "Signal Dispatcher" daemon [_thread_blocked, id=27566, stack(0x00007fc814700000,0x00007fc814800000)]
  0x00007fc84028b000 JavaThread "Service Thread" daemon [_thread_blocked, id=27567, stack(0x00007fc814600000,0x00007fc814700000)]
  0x00007fc84028d000 JavaThread "C2 CompilerThread0" daemon [_thread_blocked, id=27568, stack(0x00007fc814500000,0x00007fc814600000)]
  0x00007fc84028f000 JavaThread "C1 CompilerThread0" daemon [_thread_blocked, id=27569, stack(0x00007fc814400000,0x00007fc814500000)]
  0x00007fc840291000 JavaThread "Sweeper thread" daemon [_thread_blocked, id=27570, stack(0x00007fc814300000,0x00007fc814400000)]
  0x00007fc840378000 JavaThread "Common-Cleaner" daemon [_thread_blocked, id=27571, stack(0x00007fc814200000,0x00007fc814300000)]
=>0x00007fc8403f4800 JavaThread "JDWP Transport Listener: dt_socket" daemon [_thread_in_vm, id=27574, stack(0x00007fc814000000,0x00007fc814100000)]
  0x00007fc8403f9000 JavaThread "JDWP Event Helper Thread" daemon [_thread_blocked, id=27577, stack(0x00007fc7e3f00000,0x00007fc7e4000000)]
  0x00007fc7d8001800 JavaThread "JDWP Command Reader" daemon [_thread_in_native, id=27578, stack(0x00007fc7e3b00000,0x00007fc7e3c00000)]
  0x00007fc8408a9800 JavaThread "ReaderThread" [_thread_in_native, id=27581, stack(0x00007fc7e2f00000,0x00007fc7e3000000)]

Other Threads:
  0x00007fc840266000 VMThread "VM Thread" [stack: 0x00007fc8152fa000,0x00007fc8153fa000] [id=27563]
  0x00007fc8406df800 WatcherThread [stack: 0x00007fc7e3700000,0x00007fc7e3800000] [id=27580]
  0x00007fc84003d000 GCTaskThread "GC Thread#0" [stack: 0x00007fc845d00000,0x00007fc845e00000] [id=27558]
  0x00007fc808001000 GCTaskThread "GC Thread#1" [stack: 0x00007fc7e2b00000,0x00007fc7e2c00000] [id=27584]
  0x00007fc808003000 GCTaskThread "GC Thread#2" [stack: 0x00007fc7e29fe000,0x00007fc7e2afe000] [id=27585]
  0x00007fc808004800 GCTaskThread "GC Thread#3" [stack: 0x00007fc7e28fc000,0x00007fc7e29fc000] [id=27586]
  0x00007fc808006000 GCTaskThread "GC Thread#4" [stack: 0x00007fc7e27fa000,0x00007fc7e28fa000] [id=27587]
  0x00007fc84009a000 ConcurrentGCThread "G1 Main Marker" [stack: 0x00007fc8443fd000,0x00007fc8444fd000] [id=27559]
  0x00007fc84009c000 ConcurrentGCThread "G1 Conc#0" [stack: 0x00007fc8442fb000,0x00007fc8443fb000] [id=27560]
  0x00007fc84019a000 ConcurrentGCThread "G1 Refine#0" [stack: 0x00007fc815cfe000,0x00007fc815dfe000] [id=27561]
  0x00007fc84019c000 ConcurrentGCThread "G1 Young RemSet Sampling" [stack: 0x00007fc815bfc000,0x00007fc815cfc000] [id=27562]

Threads with active compile tasks:

VM state:not at safepoint (normal execution)

VM Mutex/Monitor currently owned by a thread: None

Heap address: 0x0000000709400000, size: 3948 MB, Compressed Oops mode: Zero based, Oop shift amount: 3
Narrow klass base: 0x0000000800000000, Narrow klass shift: 0
Compressed class space size: 1073741824 Address: 0x0000000800000000

Heap:
 garbage-first heap   total 253952K, used 34578K [0x0000000709400000, 0x0000000800000000)
  region size 1024K, 34 young (34816K), 3 survivors (3072K)
 Metaspace       used 16667K, capacity 17209K, committed 17408K, reserved 1064960K
  class space    used 1737K, capacity 1934K, committed 2048K, reserved 1048576K
Heap Regions: E=young(eden), S=young(survivor), O=old, HS=humongous(starts), HC=humongous(continues), CS=collection set, F=free, A=archive, TAMS=top-at-mark-start (previous, next)
|   0|0x0000000709400000, 0x00000007094c4800, 0x0000000709500000| 76%| O|  |TAMS 0x0000000709400000, 0x0000000709400000| Untracked 
|   1|0x0000000709500000, 0x0000000709500000, 0x0000000709600000|  0%| F|  |TAMS 0x0000000709500000, 0x0000000709500000| Untracked 
|   2|0x0000000709600000, 0x0000000709600000, 0x0000000709700000|  0%| F|  |TAMS 0x0000000709600000, 0x0000000709600000| Untracked 
|   3|0x0000000709700000, 0x0000000709700000, 0x0000000709800000|  0%| F|  |TAMS 0x0000000709700000, 0x0000000709700000| Untracked 
|   4|0x0000000709800000, 0x0000000709800000, 0x0000000709900000|  0%| F|  |TAMS 0x0000000709800000, 0x0000000709800000| Untracked 
|   5|0x0000000709900000, 0x0000000709900000, 0x0000000709a00000|  0%| F|  |TAMS 0x0000000709900000, 0x0000000709900000| Untracked 
|   6|0x0000000709a00000, 0x0000000709a00000, 0x0000000709b00000|  0%| F|  |TAMS 0x0000000709a00000, 0x0000000709a00000| Untracked 
|   7|0x0000000709b00000, 0x0000000709b00000, 0x0000000709c00000|  0%| F|  |TAMS 0x0000000709b00000, 0x0000000709b00000| Untracked 
|   8|0x0000000709c00000, 0x0000000709c00000, 0x0000000709d00000|  0%| F|  |TAMS 0x0000000709c00000, 0x0000000709c00000| Untracked 
|   9|0x0000000709d00000, 0x0000000709d00000, 0x0000000709e00000|  0%| F|  |TAMS 0x0000000709d00000, 0x0000000709d00000| Untracked 
|  10|0x0000000709e00000, 0x0000000709e00000, 0x0000000709f00000|  0%| F|  |TAMS 0x0000000709e00000, 0x0000000709e00000| Untracked 
|  11|0x0000000709f00000, 0x0000000709f00000, 0x000000070a000000|  0%| F|  |TAMS 0x0000000709f00000, 0x0000000709f00000| Untracked 
|  12|0x000000070a000000, 0x000000070a000000, 0x000000070a100000|  0%| F|  |TAMS 0x000000070a000000, 0x000000070a000000| Untracked 
|  13|0x000000070a100000, 0x000000070a100000, 0x000000070a200000|  0%| F|  |TAMS 0x000000070a100000, 0x000000070a100000| Untracked 
|  14|0x000000070a200000, 0x000000070a200000, 0x000000070a300000|  0%| F|  |TAMS 0x000000070a200000, 0x000000070a200000| Untracked 
|  15|0x000000070a300000, 0x000000070a300000, 0x000000070a400000|  0%| F|  |TAMS 0x000000070a300000, 0x000000070a300000| Untracked 
|  16|0x000000070a400000, 0x000000070a400000, 0x000000070a500000|  0%| F|  |TAMS 0x000000070a400000, 0x000000070a400000| Untracked 
|  17|0x000000070a500000, 0x000000070a500000, 0x000000070a600000|  0%| F|  |TAMS 0x000000070a500000, 0x000000070a500000| Untracked 
|  18|0x000000070a600000, 0x000000070a600000, 0x000000070a700000|  0%| F|  |TAMS 0x000000070a600000, 0x000000070a600000| Untracked 
|  19|0x000000070a700000, 0x000000070a700000, 0x000000070a800000|  0%| F|  |TAMS 0x000000070a700000, 0x000000070a700000| Untracked 
|  20|0x000000070a800000, 0x000000070a800000, 0x000000070a900000|  0%| F|  |TAMS 0x000000070a800000, 0x000000070a800000| Untracked 
|  21|0x000000070a900000, 0x000000070a900000, 0x000000070aa00000|  0%| F|  |TAMS 0x000000070a900000, 0x000000070a900000| Untracked 
|  22|0x000000070aa00000, 0x000000070aa00000, 0x000000070ab00000|  0%| F|  |TAMS 0x000000070aa00000, 0x000000070aa00000| Untracked 
|  23|0x000000070ab00000, 0x000000070ab00000, 0x000000070ac00000|  0%| F|  |TAMS 0x000000070ab00000, 0x000000070ab00000| Untracked 
|  24|0x000000070ac00000, 0x000000070ac00000, 0x000000070ad00000|  0%| F|  |TAMS 0x000000070ac00000, 0x000000070ac00000| Untracked 
|  25|0x000000070ad00000, 0x000000070ad00000, 0x000000070ae00000|  0%| F|  |TAMS 0x000000070ad00000, 0x000000070ad00000| Untracked 
|  26|0x000000070ae00000, 0x000000070ae00000, 0x000000070af00000|  0%| F|  |TAMS 0x000000070ae00000, 0x000000070ae00000| Untracked 
|  27|0x000000070af00000, 0x000000070af00000, 0x000000070b000000|  0%| F|  |TAMS 0x000000070af00000, 0x000000070af00000| Untracked 
|  28|0x000000070b000000, 0x000000070b000000, 0x000000070b100000|  0%| F|  |TAMS 0x000000070b000000, 0x000000070b000000| Untracked 
|  29|0x000000070b100000, 0x000000070b100000, 0x000000070b200000|  0%| F|  |TAMS 0x000000070b100000, 0x000000070b100000| Untracked 
|  30|0x000000070b200000, 0x000000070b200000, 0x000000070b300000|  0%| F|  |TAMS 0x000000070b200000, 0x000000070b200000| Untracked 
|  31|0x000000070b300000, 0x000000070b300000, 0x000000070b400000|  0%| F|  |TAMS 0x000000070b300000, 0x000000070b300000| Untracked 
|  32|0x000000070b400000, 0x000000070b400000, 0x000000070b500000|  0%| F|  |TAMS 0x000000070b400000, 0x000000070b400000| Untracked 
|  33|0x000000070b500000, 0x000000070b500000, 0x000000070b600000|  0%| F|  |TAMS 0x000000070b500000, 0x000000070b500000| Untracked 
|  34|0x000000070b600000, 0x000000070b600000, 0x000000070b700000|  0%| F|  |TAMS 0x000000070b600000, 0x000000070b600000| Untracked 
|  35|0x000000070b700000, 0x000000070b700000, 0x000000070b800000|  0%| F|  |TAMS 0x000000070b700000, 0x000000070b700000| Untracked 
|  36|0x000000070b800000, 0x000000070b800000, 0x000000070b900000|  0%| F|  |TAMS 0x000000070b800000, 0x000000070b800000| Untracked 
|  37|0x000000070b900000, 0x000000070b900000, 0x000000070ba00000|  0%| F|  |TAMS 0x000000070b900000, 0x000000070b900000| Untracked 
|  38|0x000000070ba00000, 0x000000070ba00000, 0x000000070bb00000|  0%| F|  |TAMS 0x000000070ba00000, 0x000000070ba00000| Untracked 
|  39|0x000000070bb00000, 0x000000070bb00000, 0x000000070bc00000|  0%| F|  |TAMS 0x000000070bb00000, 0x000000070bb00000| Untracked 
|  40|0x000000070bc00000, 0x000000070bc00000, 0x000000070bd00000|  0%| F|  |TAMS 0x000000070bc00000, 0x000000070bc00000| Untracked 
|  41|0x000000070bd00000, 0x000000070bd00000, 0x000000070be00000|  0%| F|  |TAMS 0x000000070bd00000, 0x000000070bd00000| Untracked 
|  42|0x000000070be00000, 0x000000070be00000, 0x000000070bf00000|  0%| F|  |TAMS 0x000000070be00000, 0x000000070be00000| Untracked 
|  43|0x000000070bf00000, 0x000000070bf00000, 0x000000070c000000|  0%| F|  |TAMS 0x000000070bf00000, 0x000000070bf00000| Untracked 
|  44|0x000000070c000000, 0x000000070c000000, 0x000000070c100000|  0%| F|  |TAMS 0x000000070c000000, 0x000000070c000000| Untracked 
|  45|0x000000070c100000, 0x000000070c100000, 0x000000070c200000|  0%| F|  |TAMS 0x000000070c100000, 0x000000070c100000| Untracked 
|  46|0x000000070c200000, 0x000000070c200000, 0x000000070c300000|  0%| F|  |TAMS 0x000000070c200000, 0x000000070c200000| Untracked 
|  47|0x000000070c300000, 0x000000070c300000, 0x000000070c400000|  0%| F|  |TAMS 0x000000070c300000, 0x000000070c300000| Untracked 
|  48|0x000000070c400000, 0x000000070c400000, 0x000000070c500000|  0%| F|  |TAMS 0x000000070c400000, 0x000000070c400000| Untracked 
|  49|0x000000070c500000, 0x000000070c500000, 0x000000070c600000|  0%| F|  |TAMS 0x000000070c500000, 0x000000070c500000| Untracked 
|  50|0x000000070c600000, 0x000000070c600000, 0x000000070c700000|  0%| F|  |TAMS 0x000000070c600000, 0x000000070c600000| Untracked 
|  51|0x000000070c700000, 0x000000070c700000, 0x000000070c800000|  0%| F|  |TAMS 0x000000070c700000, 0x000000070c700000| Untracked 
|  52|0x000000070c800000, 0x000000070c800000, 0x000000070c900000|  0%| F|  |TAMS 0x000000070c800000, 0x000000070c800000| Untracked 
|  53|0x000000070c900000, 0x000000070c900000, 0x000000070ca00000|  0%| F|  |TAMS 0x000000070c900000, 0x000000070c900000| Untracked 
|  54|0x000000070ca00000, 0x000000070ca00000, 0x000000070cb00000|  0%| F|  |TAMS 0x000000070ca00000, 0x000000070ca00000| Untracked 
|  55|0x000000070cb00000, 0x000000070cb00000, 0x000000070cc00000|  0%| F|  |TAMS 0x000000070cb00000, 0x000000070cb00000| Untracked 
|  56|0x000000070cc00000, 0x000000070cc00000, 0x000000070cd00000|  0%| F|  |TAMS 0x000000070cc00000, 0x000000070cc00000| Untracked 
|  57|0x000000070cd00000, 0x000000070cd00000, 0x000000070ce00000|  0%| F|  |TAMS 0x000000070cd00000, 0x000000070cd00000| Untracked 
|  58|0x000000070ce00000, 0x000000070ce00000, 0x000000070cf00000|  0%| F|  |TAMS 0x000000070ce00000, 0x000000070ce00000| Untracked 
|  59|0x000000070cf00000, 0x000000070cf00000, 0x000000070d000000|  0%| F|  |TAMS 0x000000070cf00000, 0x000000070cf00000| Untracked 
|  60|0x000000070d000000, 0x000000070d000000, 0x000000070d100000|  0%| F|  |TAMS 0x000000070d000000, 0x000000070d000000| Untracked 
|  61|0x000000070d100000, 0x000000070d100000, 0x000000070d200000|  0%| F|  |TAMS 0x000000070d100000, 0x000000070d100000| Untracked 
|  62|0x000000070d200000, 0x000000070d200000, 0x000000070d300000|  0%| F|  |TAMS 0x000000070d200000, 0x000000070d200000| Untracked 
|  63|0x000000070d300000, 0x000000070d300000, 0x000000070d400000|  0%| F|  |TAMS 0x000000070d300000, 0x000000070d300000| Untracked 
|  64|0x000000070d400000, 0x000000070d400000, 0x000000070d500000|  0%| F|  |TAMS 0x000000070d400000, 0x000000070d400000| Untracked 
|  65|0x000000070d500000, 0x000000070d500000, 0x000000070d600000|  0%| F|  |TAMS 0x000000070d500000, 0x000000070d500000| Untracked 
|  66|0x000000070d600000, 0x000000070d600000, 0x000000070d700000|  0%| F|  |TAMS 0x000000070d600000, 0x000000070d600000| Untracked 
|  67|0x000000070d700000, 0x000000070d700000, 0x000000070d800000|  0%| F|  |TAMS 0x000000070d700000, 0x000000070d700000| Untracked 
|  68|0x000000070d800000, 0x000000070d800000, 0x000000070d900000|  0%| F|  |TAMS 0x000000070d800000, 0x000000070d800000| Untracked 
|  69|0x000000070d900000, 0x000000070d900000, 0x000000070da00000|  0%| F|  |TAMS 0x000000070d900000, 0x000000070d900000| Untracked 
|  70|0x000000070da00000, 0x000000070da00000, 0x000000070db00000|  0%| F|  |TAMS 0x000000070da00000, 0x000000070da00000| Untracked 
|  71|0x000000070db00000, 0x000000070db00000, 0x000000070dc00000|  0%| F|  |TAMS 0x000000070db00000, 0x000000070db00000| Untracked 
|  72|0x000000070dc00000, 0x000000070dc00000, 0x000000070dd00000|  0%| F|  |TAMS 0x000000070dc00000, 0x000000070dc00000| Untracked 
|  73|0x000000070dd00000, 0x000000070dd00000, 0x000000070de00000|  0%| F|  |TAMS 0x000000070dd00000, 0x000000070dd00000| Untracked 
|  74|0x000000070de00000, 0x000000070de00000, 0x000000070df00000|  0%| F|  |TAMS 0x000000070de00000, 0x000000070de00000| Untracked 
|  75|0x000000070df00000, 0x000000070df00000, 0x000000070e000000|  0%| F|  |TAMS 0x000000070df00000, 0x000000070df00000| Untracked 
|  76|0x000000070e000000, 0x000000070e000000, 0x000000070e100000|  0%| F|  |TAMS 0x000000070e000000, 0x000000070e000000| Untracked 
|  77|0x000000070e100000, 0x000000070e100000, 0x000000070e200000|  0%| F|  |TAMS 0x000000070e100000, 0x000000070e100000| Untracked 
|  78|0x000000070e200000, 0x000000070e200000, 0x000000070e300000|  0%| F|  |TAMS 0x000000070e200000, 0x000000070e200000| Untracked 
|  79|0x000000070e300000, 0x000000070e300000, 0x000000070e400000|  0%| F|  |TAMS 0x000000070e300000, 0x000000070e300000| Untracked 
|  80|0x000000070e400000, 0x000000070e400000, 0x000000070e500000|  0%| F|  |TAMS 0x000000070e400000, 0x000000070e400000| Untracked 
|  81|0x000000070e500000, 0x000000070e500000, 0x000000070e600000|  0%| F|  |TAMS 0x000000070e500000, 0x000000070e500000| Untracked 
|  82|0x000000070e600000, 0x000000070e600000, 0x000000070e700000|  0%| F|  |TAMS 0x000000070e600000, 0x000000070e600000| Untracked 
|  83|0x000000070e700000, 0x000000070e700000, 0x000000070e800000|  0%| F|  |TAMS 0x000000070e700000, 0x000000070e700000| Untracked 
|  84|0x000000070e800000, 0x000000070e800000, 0x000000070e900000|  0%| F|  |TAMS 0x000000070e800000, 0x000000070e800000| Untracked 
|  85|0x000000070e900000, 0x000000070e900000, 0x000000070ea00000|  0%| F|  |TAMS 0x000000070e900000, 0x000000070e900000| Untracked 
|  86|0x000000070ea00000, 0x000000070ea00000, 0x000000070eb00000|  0%| F|  |TAMS 0x000000070ea00000, 0x000000070ea00000| Untracked 
|  87|0x000000070eb00000, 0x000000070eb00000, 0x000000070ec00000|  0%| F|  |TAMS 0x000000070eb00000, 0x000000070eb00000| Untracked 
|  88|0x000000070ec00000, 0x000000070ec00000, 0x000000070ed00000|  0%| F|  |TAMS 0x000000070ec00000, 0x000000070ec00000| Untracked 
|  89|0x000000070ed00000, 0x000000070ed00000, 0x000000070ee00000|  0%| F|  |TAMS 0x000000070ed00000, 0x000000070ed00000| Untracked 
|  90|0x000000070ee00000, 0x000000070ee00000, 0x000000070ef00000|  0%| F|  |TAMS 0x000000070ee00000, 0x000000070ee00000| Untracked 
|  91|0x000000070ef00000, 0x000000070ef00000, 0x000000070f000000|  0%| F|  |TAMS 0x000000070ef00000, 0x000000070ef00000| Untracked 
|  92|0x000000070f000000, 0x000000070f000000, 0x000000070f100000|  0%| F|  |TAMS 0x000000070f000000, 0x000000070f000000| Untracked 
|  93|0x000000070f100000, 0x000000070f100000, 0x000000070f200000|  0%| F|  |TAMS 0x000000070f100000, 0x000000070f100000| Untracked 
|  94|0x000000070f200000, 0x000000070f200000, 0x000000070f300000|  0%| F|  |TAMS 0x000000070f200000, 0x000000070f200000| Untracked 
|  95|0x000000070f300000, 0x000000070f300000, 0x000000070f400000|  0%| F|  |TAMS 0x000000070f300000, 0x000000070f300000| Untracked 
|  96|0x000000070f400000, 0x000000070f400000, 0x000000070f500000|  0%| F|  |TAMS 0x000000070f400000, 0x000000070f400000| Untracked 
|  97|0x000000070f500000, 0x000000070f500000, 0x000000070f600000|  0%| F|  |TAMS 0x000000070f500000, 0x000000070f500000| Untracked 
|  98|0x000000070f600000, 0x000000070f600000, 0x000000070f700000|  0%| F|  |TAMS 0x000000070f600000, 0x000000070f600000| Untracked 
|  99|0x000000070f700000, 0x000000070f700000, 0x000000070f800000|  0%| F|  |TAMS 0x000000070f700000, 0x000000070f700000| Untracked 
| 100|0x000000070f800000, 0x000000070f800000, 0x000000070f900000|  0%| F|  |TAMS 0x000000070f800000, 0x000000070f800000| Untracked 
| 101|0x000000070f900000, 0x000000070f900000, 0x000000070fa00000|  0%| F|  |TAMS 0x000000070f900000, 0x000000070f900000| Untracked 
| 102|0x000000070fa00000, 0x000000070fa00000, 0x000000070fb00000|  0%| F|  |TAMS 0x000000070fa00000, 0x000000070fa00000| Untracked 
| 103|0x000000070fb00000, 0x000000070fb00000, 0x000000070fc00000|  0%| F|  |TAMS 0x000000070fb00000, 0x000000070fb00000| Untracked 
| 104|0x000000070fc00000, 0x000000070fc00000, 0x000000070fd00000|  0%| F|  |TAMS 0x000000070fc00000, 0x000000070fc00000| Untracked 
| 105|0x000000070fd00000, 0x000000070fd00000, 0x000000070fe00000|  0%| F|  |TAMS 0x000000070fd00000, 0x000000070fd00000| Untracked 
| 106|0x000000070fe00000, 0x000000070fe00000, 0x000000070ff00000|  0%| F|  |TAMS 0x000000070fe00000, 0x000000070fe00000| Untracked 
| 107|0x000000070ff00000, 0x000000070ff00000, 0x0000000710000000|  0%| F|  |TAMS 0x000000070ff00000, 0x000000070ff00000| Untracked 
| 108|0x0000000710000000, 0x0000000710000000, 0x0000000710100000|  0%| F|  |TAMS 0x0000000710000000, 0x0000000710000000| Untracked 
| 109|0x0000000710100000, 0x0000000710100000, 0x0000000710200000|  0%| F|  |TAMS 0x0000000710100000, 0x0000000710100000| Untracked 
| 110|0x0000000710200000, 0x0000000710200000, 0x0000000710300000|  0%| F|  |TAMS 0x0000000710200000, 0x0000000710200000| Untracked 
| 111|0x0000000710300000, 0x0000000710300000, 0x0000000710400000|  0%| F|  |TAMS 0x0000000710300000, 0x0000000710300000| Untracked 
| 112|0x0000000710400000, 0x0000000710400000, 0x0000000710500000|  0%| F|  |TAMS 0x0000000710400000, 0x0000000710400000| Untracked 
| 113|0x0000000710500000, 0x0000000710500000, 0x0000000710600000|  0%| F|  |TAMS 0x0000000710500000, 0x0000000710500000| Untracked 
| 114|0x0000000710600000, 0x0000000710600000, 0x0000000710700000|  0%| F|  |TAMS 0x0000000710600000, 0x0000000710600000| Untracked 
| 115|0x0000000710700000, 0x0000000710700000, 0x0000000710800000|  0%| F|  |TAMS 0x0000000710700000, 0x0000000710700000| Untracked 
| 116|0x0000000710800000, 0x0000000710800000, 0x0000000710900000|  0%| F|  |TAMS 0x0000000710800000, 0x0000000710800000| Untracked 
| 117|0x0000000710900000, 0x0000000710900000, 0x0000000710a00000|  0%| F|  |TAMS 0x0000000710900000, 0x0000000710900000| Untracked 
| 118|0x0000000710a00000, 0x0000000710a00000, 0x0000000710b00000|  0%| F|  |TAMS 0x0000000710a00000, 0x0000000710a00000| Untracked 
| 119|0x0000000710b00000, 0x0000000710b00000, 0x0000000710c00000|  0%| F|  |TAMS 0x0000000710b00000, 0x0000000710b00000| Untracked 
| 120|0x0000000710c00000, 0x0000000710c00000, 0x0000000710d00000|  0%| F|  |TAMS 0x0000000710c00000, 0x0000000710c00000| Untracked 
| 121|0x0000000710d00000, 0x0000000710d00000, 0x0000000710e00000|  0%| F|  |TAMS 0x0000000710d00000, 0x0000000710d00000| Untracked 
| 122|0x0000000710e00000, 0x0000000710e00000, 0x0000000710f00000|  0%| F|  |TAMS 0x0000000710e00000, 0x0000000710e00000| Untracked 
| 123|0x0000000710f00000, 0x0000000710f00000, 0x0000000711000000|  0%| F|  |TAMS 0x0000000710f00000, 0x0000000710f00000| Untracked 
| 124|0x0000000711000000, 0x0000000711000000, 0x0000000711100000|  0%| F|  |TAMS 0x0000000711000000, 0x0000000711000000| Untracked 
| 125|0x0000000711100000, 0x0000000711100000, 0x0000000711200000|  0%| F|  |TAMS 0x0000000711100000, 0x0000000711100000| Untracked 
| 126|0x0000000711200000, 0x0000000711200000, 0x0000000711300000|  0%| F|  |TAMS 0x0000000711200000, 0x0000000711200000| Untracked 
| 127|0x0000000711300000, 0x0000000711300000, 0x0000000711400000|  0%| F|  |TAMS 0x0000000711300000, 0x0000000711300000| Untracked 
| 128|0x0000000711400000, 0x0000000711400000, 0x0000000711500000|  0%| F|  |TAMS 0x0000000711400000, 0x0000000711400000| Untracked 
| 129|0x0000000711500000, 0x0000000711500000, 0x0000000711600000|  0%| F|  |TAMS 0x0000000711500000, 0x0000000711500000| Untracked 
| 130|0x0000000711600000, 0x0000000711600000, 0x0000000711700000|  0%| F|  |TAMS 0x0000000711600000, 0x0000000711600000| Untracked 
| 131|0x0000000711700000, 0x0000000711700000, 0x0000000711800000|  0%| F|  |TAMS 0x0000000711700000, 0x0000000711700000| Untracked 
| 132|0x0000000711800000, 0x0000000711800000, 0x0000000711900000|  0%| F|  |TAMS 0x0000000711800000, 0x0000000711800000| Untracked 
| 133|0x0000000711900000, 0x0000000711900000, 0x0000000711a00000|  0%| F|  |TAMS 0x0000000711900000, 0x0000000711900000| Untracked 
| 134|0x0000000711a00000, 0x0000000711a00000, 0x0000000711b00000|  0%| F|  |TAMS 0x0000000711a00000, 0x0000000711a00000| Untracked 
| 135|0x0000000711b00000, 0x0000000711b00000, 0x0000000711c00000|  0%| F|  |TAMS 0x0000000711b00000, 0x0000000711b00000| Untracked 
| 136|0x0000000711c00000, 0x0000000711c00000, 0x0000000711d00000|  0%| F|  |TAMS 0x0000000711c00000, 0x0000000711c00000| Untracked 
| 137|0x0000000711d00000, 0x0000000711d00000, 0x0000000711e00000|  0%| F|  |TAMS 0x0000000711d00000, 0x0000000711d00000| Untracked 
| 138|0x0000000711e00000, 0x0000000711e00000, 0x0000000711f00000|  0%| F|  |TAMS 0x0000000711e00000, 0x0000000711e00000| Untracked 
| 139|0x0000000711f00000, 0x0000000711f00000, 0x0000000712000000|  0%| F|  |TAMS 0x0000000711f00000, 0x0000000711f00000| Untracked 
| 140|0x0000000712000000, 0x0000000712000000, 0x0000000712100000|  0%| F|  |TAMS 0x0000000712000000, 0x0000000712000000| Untracked 
| 141|0x0000000712100000, 0x0000000712100000, 0x0000000712200000|  0%| F|  |TAMS 0x0000000712100000, 0x0000000712100000| Untracked 
| 142|0x0000000712200000, 0x0000000712200000, 0x0000000712300000|  0%| F|  |TAMS 0x0000000712200000, 0x0000000712200000| Untracked 
| 143|0x0000000712300000, 0x0000000712300000, 0x0000000712400000|  0%| F|  |TAMS 0x0000000712300000, 0x0000000712300000| Untracked 
| 144|0x0000000712400000, 0x0000000712400000, 0x0000000712500000|  0%| F|  |TAMS 0x0000000712400000, 0x0000000712400000| Untracked 
| 145|0x0000000712500000, 0x0000000712500000, 0x0000000712600000|  0%| F|  |TAMS 0x0000000712500000, 0x0000000712500000| Untracked 
| 146|0x0000000712600000, 0x0000000712600000, 0x0000000712700000|  0%| F|  |TAMS 0x0000000712600000, 0x0000000712600000| Untracked 
| 147|0x0000000712700000, 0x0000000712700000, 0x0000000712800000|  0%| F|  |TAMS 0x0000000712700000, 0x0000000712700000| Untracked 
| 148|0x0000000712800000, 0x0000000712800000, 0x0000000712900000|  0%| F|  |TAMS 0x0000000712800000, 0x0000000712800000| Untracked 
| 149|0x0000000712900000, 0x0000000712900000, 0x0000000712a00000|  0%| F|  |TAMS 0x0000000712900000, 0x0000000712900000| Untracked 
| 150|0x0000000712a00000, 0x0000000712a00000, 0x0000000712b00000|  0%| F|  |TAMS 0x0000000712a00000, 0x0000000712a00000| Untracked 
| 151|0x0000000712b00000, 0x0000000712b00000, 0x0000000712c00000|  0%| F|  |TAMS 0x0000000712b00000, 0x0000000712b00000| Untracked 
| 152|0x0000000712c00000, 0x0000000712c00000, 0x0000000712d00000|  0%| F|  |TAMS 0x0000000712c00000, 0x0000000712c00000| Untracked 
| 153|0x0000000712d00000, 0x0000000712d00000, 0x0000000712e00000|  0%| F|  |TAMS 0x0000000712d00000, 0x0000000712d00000| Untracked 
| 154|0x0000000712e00000, 0x0000000712e00000, 0x0000000712f00000|  0%| F|  |TAMS 0x0000000712e00000, 0x0000000712e00000| Untracked 
| 155|0x0000000712f00000, 0x0000000712f00000, 0x0000000713000000|  0%| F|  |TAMS 0x0000000712f00000, 0x0000000712f00000| Untracked 
| 156|0x0000000713000000, 0x0000000713000000, 0x0000000713100000|  0%| F|  |TAMS 0x0000000713000000, 0x0000000713000000| Untracked 
| 157|0x0000000713100000, 0x0000000713100000, 0x0000000713200000|  0%| F|  |TAMS 0x0000000713100000, 0x0000000713100000| Untracked 
| 158|0x0000000713200000, 0x0000000713200000, 0x0000000713300000|  0%| F|  |TAMS 0x0000000713200000, 0x0000000713200000| Untracked 
| 159|0x0000000713300000, 0x0000000713300000, 0x0000000713400000|  0%| F|  |TAMS 0x0000000713300000, 0x0000000713300000| Untracked 
| 160|0x0000000713400000, 0x0000000713400000, 0x0000000713500000|  0%| F|  |TAMS 0x0000000713400000, 0x0000000713400000| Untracked 
| 161|0x0000000713500000, 0x0000000713500000, 0x0000000713600000|  0%| F|  |TAMS 0x0000000713500000, 0x0000000713500000| Untracked 
| 162|0x0000000713600000, 0x0000000713600000, 0x0000000713700000|  0%| F|  |TAMS 0x0000000713600000, 0x0000000713600000| Untracked 
| 163|0x0000000713700000, 0x0000000713700000, 0x0000000713800000|  0%| F|  |TAMS 0x0000000713700000, 0x0000000713700000| Untracked 
| 164|0x0000000713800000, 0x0000000713800000, 0x0000000713900000|  0%| F|  |TAMS 0x0000000713800000, 0x0000000713800000| Untracked 
| 165|0x0000000713900000, 0x0000000713900000, 0x0000000713a00000|  0%| F|  |TAMS 0x0000000713900000, 0x0000000713900000| Untracked 
| 166|0x0000000713a00000, 0x0000000713a00000, 0x0000000713b00000|  0%| F|  |TAMS 0x0000000713a00000, 0x0000000713a00000| Untracked 
| 167|0x0000000713b00000, 0x0000000713b00000, 0x0000000713c00000|  0%| F|  |TAMS 0x0000000713b00000, 0x0000000713b00000| Untracked 
| 168|0x0000000713c00000, 0x0000000713c00000, 0x0000000713d00000|  0%| F|  |TAMS 0x0000000713c00000, 0x0000000713c00000| Untracked 
| 169|0x0000000713d00000, 0x0000000713d00000, 0x0000000713e00000|  0%| F|  |TAMS 0x0000000713d00000, 0x0000000713d00000| Untracked 
| 170|0x0000000713e00000, 0x0000000713e00000, 0x0000000713f00000|  0%| F|  |TAMS 0x0000000713e00000, 0x0000000713e00000| Untracked 
| 171|0x0000000713f00000, 0x0000000713f00000, 0x0000000714000000|  0%| F|  |TAMS 0x0000000713f00000, 0x0000000713f00000| Untracked 
| 172|0x0000000714000000, 0x0000000714000000, 0x0000000714100000|  0%| F|  |TAMS 0x0000000714000000, 0x0000000714000000| Untracked 
| 173|0x0000000714100000, 0x0000000714100000, 0x0000000714200000|  0%| F|  |TAMS 0x0000000714100000, 0x0000000714100000| Untracked 
| 174|0x0000000714200000, 0x0000000714200000, 0x0000000714300000|  0%| F|  |TAMS 0x0000000714200000, 0x0000000714200000| Untracked 
| 175|0x0000000714300000, 0x0000000714300000, 0x0000000714400000|  0%| F|  |TAMS 0x0000000714300000, 0x0000000714300000| Untracked 
| 176|0x0000000714400000, 0x0000000714400000, 0x0000000714500000|  0%| F|  |TAMS 0x0000000714400000, 0x0000000714400000| Untracked 
| 177|0x0000000714500000, 0x0000000714500000, 0x0000000714600000|  0%| F|  |TAMS 0x0000000714500000, 0x0000000714500000| Untracked 
| 178|0x0000000714600000, 0x0000000714600000, 0x0000000714700000|  0%| F|  |TAMS 0x0000000714600000, 0x0000000714600000| Untracked 
| 179|0x0000000714700000, 0x0000000714700000, 0x0000000714800000|  0%| F|  |TAMS 0x0000000714700000, 0x0000000714700000| Untracked 
| 180|0x0000000714800000, 0x0000000714800000, 0x0000000714900000|  0%| F|  |TAMS 0x0000000714800000, 0x0000000714800000| Untracked 
| 181|0x0000000714900000, 0x0000000714900000, 0x0000000714a00000|  0%| F|  |TAMS 0x0000000714900000, 0x0000000714900000| Untracked 
| 182|0x0000000714a00000, 0x0000000714a00000, 0x0000000714b00000|  0%| F|  |TAMS 0x0000000714a00000, 0x0000000714a00000| Untracked 
| 183|0x0000000714b00000, 0x0000000714b00000, 0x0000000714c00000|  0%| F|  |TAMS 0x0000000714b00000, 0x0000000714b00000| Untracked 
| 184|0x0000000714c00000, 0x0000000714c00000, 0x0000000714d00000|  0%| F|  |TAMS 0x0000000714c00000, 0x0000000714c00000| Untracked 
| 185|0x0000000714d00000, 0x0000000714d00000, 0x0000000714e00000|  0%| F|  |TAMS 0x0000000714d00000, 0x0000000714d00000| Untracked 
| 186|0x0000000714e00000, 0x0000000714e00000, 0x0000000714f00000|  0%| F|  |TAMS 0x0000000714e00000, 0x0000000714e00000| Untracked 
| 187|0x0000000714f00000, 0x0000000714f00000, 0x0000000715000000|  0%| F|  |TAMS 0x0000000714f00000, 0x0000000714f00000| Untracked 
| 188|0x0000000715000000, 0x0000000715000000, 0x0000000715100000|  0%| F|  |TAMS 0x0000000715000000, 0x0000000715000000| Untracked 
| 189|0x0000000715100000, 0x0000000715100000, 0x0000000715200000|  0%| F|  |TAMS 0x0000000715100000, 0x0000000715100000| Untracked 
| 190|0x0000000715200000, 0x0000000715200000, 0x0000000715300000|  0%| F|  |TAMS 0x0000000715200000, 0x0000000715200000| Untracked 
| 191|0x0000000715300000, 0x0000000715300000, 0x0000000715400000|  0%| F|  |TAMS 0x0000000715300000, 0x0000000715300000| Untracked 
| 192|0x0000000715400000, 0x0000000715400000, 0x0000000715500000|  0%| F|  |TAMS 0x0000000715400000, 0x0000000715400000| Untracked 
| 193|0x0000000715500000, 0x0000000715500000, 0x0000000715600000|  0%| F|  |TAMS 0x0000000715500000, 0x0000000715500000| Untracked 
| 194|0x0000000715600000, 0x0000000715600000, 0x0000000715700000|  0%| F|  |TAMS 0x0000000715600000, 0x0000000715600000| Untracked 
| 195|0x0000000715700000, 0x0000000715700000, 0x0000000715800000|  0%| F|  |TAMS 0x0000000715700000, 0x0000000715700000| Untracked 
| 196|0x0000000715800000, 0x0000000715800000, 0x0000000715900000|  0%| F|  |TAMS 0x0000000715800000, 0x0000000715800000| Untracked 
| 197|0x0000000715900000, 0x0000000715900000, 0x0000000715a00000|  0%| F|  |TAMS 0x0000000715900000, 0x0000000715900000| Untracked 
| 198|0x0000000715a00000, 0x0000000715a00000, 0x0000000715b00000|  0%| F|  |TAMS 0x0000000715a00000, 0x0000000715a00000| Untracked 
| 199|0x0000000715b00000, 0x0000000715b00000, 0x0000000715c00000|  0%| F|  |TAMS 0x0000000715b00000, 0x0000000715b00000| Untracked 
| 200|0x0000000715c00000, 0x0000000715c00000, 0x0000000715d00000|  0%| F|  |TAMS 0x0000000715c00000, 0x0000000715c00000| Untracked 
| 201|0x0000000715d00000, 0x0000000715d00000, 0x0000000715e00000|  0%| F|  |TAMS 0x0000000715d00000, 0x0000000715d00000| Untracked 
| 202|0x0000000715e00000, 0x0000000715e00000, 0x0000000715f00000|  0%| F|  |TAMS 0x0000000715e00000, 0x0000000715e00000| Untracked 
| 203|0x0000000715f00000, 0x0000000715f00000, 0x0000000716000000|  0%| F|  |TAMS 0x0000000715f00000, 0x0000000715f00000| Untracked 
| 204|0x0000000716000000, 0x0000000716000000, 0x0000000716100000|  0%| F|  |TAMS 0x0000000716000000, 0x0000000716000000| Untracked 
| 205|0x0000000716100000, 0x0000000716100000, 0x0000000716200000|  0%| F|  |TAMS 0x0000000716100000, 0x0000000716100000| Untracked 
| 206|0x0000000716200000, 0x0000000716200000, 0x0000000716300000|  0%| F|  |TAMS 0x0000000716200000, 0x0000000716200000| Untracked 
| 207|0x0000000716300000, 0x0000000716300000, 0x0000000716400000|  0%| F|  |TAMS 0x0000000716300000, 0x0000000716300000| Untracked 
| 208|0x0000000716400000, 0x0000000716400000, 0x0000000716500000|  0%| F|  |TAMS 0x0000000716400000, 0x0000000716400000| Untracked 
| 209|0x0000000716500000, 0x0000000716500000, 0x0000000716600000|  0%| F|  |TAMS 0x0000000716500000, 0x0000000716500000| Untracked 
| 210|0x0000000716600000, 0x0000000716600000, 0x0000000716700000|  0%| F|  |TAMS 0x0000000716600000, 0x0000000716600000| Untracked 
| 211|0x0000000716700000, 0x0000000716700000, 0x0000000716800000|  0%| F|  |TAMS 0x0000000716700000, 0x0000000716700000| Untracked 
| 212|0x0000000716800000, 0x0000000716800000, 0x0000000716900000|  0%| F|  |TAMS 0x0000000716800000, 0x0000000716800000| Untracked 
| 213|0x0000000716900000, 0x0000000716900000, 0x0000000716a00000|  0%| F|  |TAMS 0x0000000716900000, 0x0000000716900000| Untracked 
| 214|0x0000000716a00000, 0x0000000716b00000, 0x0000000716b00000|100%| E|  |TAMS 0x0000000716a00000, 0x0000000716a00000| Complete 
| 215|0x0000000716b00000, 0x0000000716c00000, 0x0000000716c00000|100%| E|CS|TAMS 0x0000000716b00000, 0x0000000716b00000| Complete 
| 216|0x0000000716c00000, 0x0000000716d00000, 0x0000000716d00000|100%| E|CS|TAMS 0x0000000716c00000, 0x0000000716c00000| Complete 
| 217|0x0000000716d00000, 0x0000000716e00000, 0x0000000716e00000|100%| E|CS|TAMS 0x0000000716d00000, 0x0000000716d00000| Complete 
| 218|0x0000000716e00000, 0x0000000716f00000, 0x0000000716f00000|100%| E|CS|TAMS 0x0000000716e00000, 0x0000000716e00000| Complete 
| 219|0x0000000716f00000, 0x0000000717000000, 0x0000000717000000|100%| E|CS|TAMS 0x0000000716f00000, 0x0000000716f00000| Complete 
| 220|0x0000000717000000, 0x0000000717100000, 0x0000000717100000|100%| E|CS|TAMS 0x0000000717000000, 0x0000000717000000| Complete 
| 221|0x0000000717100000, 0x0000000717200000, 0x0000000717200000|100%| S|CS|TAMS 0x0000000717100000, 0x0000000717100000| Complete 
| 222|0x0000000717200000, 0x0000000717300000, 0x0000000717300000|100%| S|CS|TAMS 0x0000000717200000, 0x0000000717200000| Complete 
| 223|0x0000000717300000, 0x0000000717400000, 0x0000000717400000|100%| S|CS|TAMS 0x0000000717300000, 0x0000000717300000| Complete 
| 224|0x0000000717400000, 0x0000000717500000, 0x0000000717500000|100%| E|CS|TAMS 0x0000000717400000, 0x0000000717400000| Complete 
| 225|0x0000000717500000, 0x0000000717600000, 0x0000000717600000|100%| E|CS|TAMS 0x0000000717500000, 0x0000000717500000| Complete 
| 226|0x0000000717600000, 0x0000000717700000, 0x0000000717700000|100%| E|CS|TAMS 0x0000000717600000, 0x0000000717600000| Complete 
| 227|0x0000000717700000, 0x0000000717800000, 0x0000000717800000|100%| E|CS|TAMS 0x0000000717700000, 0x0000000717700000| Complete 
| 228|0x0000000717800000, 0x0000000717900000, 0x0000000717900000|100%| E|CS|TAMS 0x0000000717800000, 0x0000000717800000| Complete 
| 229|0x0000000717900000, 0x0000000717a00000, 0x0000000717a00000|100%| E|CS|TAMS 0x0000000717900000, 0x0000000717900000| Complete 
| 230|0x0000000717a00000, 0x0000000717b00000, 0x0000000717b00000|100%| E|CS|TAMS 0x0000000717a00000, 0x0000000717a00000| Complete 
| 231|0x0000000717b00000, 0x0000000717c00000, 0x0000000717c00000|100%| E|CS|TAMS 0x0000000717b00000, 0x0000000717b00000| Complete 
| 232|0x0000000717c00000, 0x0000000717d00000, 0x0000000717d00000|100%| E|CS|TAMS 0x0000000717c00000, 0x0000000717c00000| Complete 
| 233|0x0000000717d00000, 0x0000000717e00000, 0x0000000717e00000|100%| E|CS|TAMS 0x0000000717d00000, 0x0000000717d00000| Complete 
| 234|0x0000000717e00000, 0x0000000717f00000, 0x0000000717f00000|100%| E|CS|TAMS 0x0000000717e00000, 0x0000000717e00000| Complete 
| 235|0x0000000717f00000, 0x0000000718000000, 0x0000000718000000|100%| E|CS|TAMS 0x0000000717f00000, 0x0000000717f00000| Complete 
| 236|0x0000000718000000, 0x0000000718100000, 0x0000000718100000|100%| E|CS|TAMS 0x0000000718000000, 0x0000000718000000| Complete 
| 237|0x0000000718100000, 0x0000000718200000, 0x0000000718200000|100%| E|CS|TAMS 0x0000000718100000, 0x0000000718100000| Complete 
| 238|0x0000000718200000, 0x0000000718300000, 0x0000000718300000|100%| E|CS|TAMS 0x0000000718200000, 0x0000000718200000| Complete 
| 239|0x0000000718300000, 0x0000000718400000, 0x0000000718400000|100%| E|CS|TAMS 0x0000000718300000, 0x0000000718300000| Complete 
| 240|0x0000000718400000, 0x0000000718500000, 0x0000000718500000|100%| E|CS|TAMS 0x0000000718400000, 0x0000000718400000| Complete 
| 241|0x0000000718500000, 0x0000000718600000, 0x0000000718600000|100%| E|CS|TAMS 0x0000000718500000, 0x0000000718500000| Complete 
| 242|0x0000000718600000, 0x0000000718700000, 0x0000000718700000|100%| E|CS|TAMS 0x0000000718600000, 0x0000000718600000| Complete 
| 243|0x0000000718700000, 0x0000000718800000, 0x0000000718800000|100%| E|CS|TAMS 0x0000000718700000, 0x0000000718700000| Complete 
| 244|0x0000000718800000, 0x0000000718900000, 0x0000000718900000|100%| E|CS|TAMS 0x0000000718800000, 0x0000000718800000| Complete 
| 245|0x0000000718900000, 0x0000000718a00000, 0x0000000718a00000|100%| E|CS|TAMS 0x0000000718900000, 0x0000000718900000| Complete 
| 246|0x0000000718a00000, 0x0000000718b00000, 0x0000000718b00000|100%| E|CS|TAMS 0x0000000718a00000, 0x0000000718a00000| Complete 
| 247|0x0000000718b00000, 0x0000000718c00000, 0x0000000718c00000|100%| E|CS|TAMS 0x0000000718b00000, 0x0000000718b00000| Complete 

Card table byte_map: [0x00007fc828894000,0x00007fc82904a000] _byte_map_base: 0x00007fc82504a000

Marking Bits (Prev, Next): (CMBitMap*) 0x00007fc840089e98, (CMBitMap*) 0x00007fc840089ed0
 Prev Bits: [0x00007fc820250000, 0x00007fc824000000)
 Next Bits: [0x00007fc81c4a0000, 0x00007fc820250000)

Polling page: 0x00007fc847e5b000

Metaspace:

Usage:
  Non-class:     14,92 MB capacity,    14,58 MB ( 98%) used,   294,61 KB (  2%) free+waste,    50,19 KB ( <1%) overhead. 
      Class:      1,89 MB capacity,     1,70 MB ( 90%) used,   171,80 KB (  9%) free+waste,    24,62 KB (  1%) overhead. 
       Both:     16,81 MB capacity,    16,28 MB ( 97%) used,   466,41 KB (  3%) free+waste,    74,81 KB ( <1%) overhead. 

Virtual space:
  Non-class space:       16,00 MB reserved,      15,00 MB ( 94%) committed 
      Class space:        1,00 GB reserved,       2,00 MB ( <1%) committed 
             Both:        1,02 GB reserved,      17,00 MB (  2%) committed 

Chunk freelists:
   Non-Class:  6,62 KB
       Class:  2,25 KB
        Both:  8,88 KB

CodeHeap 'non-profiled nmethods': size=120032Kb used=716Kb max_used=716Kb free=119316Kb
 bounds [0x00007fc8312c8000, 0x00007fc831538000, 0x00007fc838800000]
CodeHeap 'profiled nmethods': size=120028Kb used=3248Kb max_used=3248Kb free=116779Kb
 bounds [0x00007fc829d91000, 0x00007fc82a0c1000, 0x00007fc8312c8000]
CodeHeap 'non-nmethods': size=5700Kb used=1167Kb max_used=1231Kb free=4532Kb
 bounds [0x00007fc829800000, 0x00007fc829a70000, 0x00007fc829d91000]
 total_blobs=1944 nmethods=1535 adapters=330
 compilation: enabled
              stopped_count=0, restarted_count=0
 full_count=0

Compilation events (10 events):
Event: 0,537 Thread 0x00007fc84028f000 nmethod 1530 0x00007fc831354b90 code [0x00007fc831354d20, 0x00007fc831354dd0]
Event: 0,537 Thread 0x00007fc84028f000 1531       1       org.mockito.cglib.core.Local::getType (5 bytes)
Event: 0,537 Thread 0x00007fc84028f000 nmethod 1531 0x00007fc831354e90 code [0x00007fc831355020, 0x00007fc8313550d0]
Event: 0,750 Thread 0x00007fc7f0067800 nmethod 1457% 0x00007fc831355190 code [0x00007fc8313556c0, 0x00007fc8313619a8]
Event: 159,479 Thread 0x00007fc84028f000 1533       1       java.lang.reflect.Field::getName (5 bytes)
Event: 159,479 Thread 0x00007fc84028f000 nmethod 1533 0x00007fc831367710 code [0x00007fc8313678a0, 0x00007fc831367950]
Event: 300,364 Thread 0x00007fc84028f000 1534       3       java.lang.ref.ReferenceQueue::reallyPoll (65 bytes)
Event: 300,365 Thread 0x00007fc84028f000 nmethod 1534 0x00007fc82a0bcb10 code [0x00007fc82a0bcce0, 0x00007fc82a0bd210]
Event: 428,880 Thread 0x00007fc84028d000 1535       4       org.eclipse.jdt.launching.internal.org.objectweb.asm.SymbolTable::<init> (536 bytes)
Event: 429,289 Thread 0x00007fc84028d000 nmethod 1535 0x00007fc831367a10 code [0x00007fc831367f60, 0x00007fc831374e08]

GC Heap History (2 events):
Event: 0,360 GC heap before
{Heap before GC invocations=0 (full 0):
 garbage-first heap   total 253952K, used 23552K [0x0000000709400000, 0x0000000800000000)
  region size 1024K, 24 young (24576K), 0 survivors (0K)
 Metaspace       used 12687K, capacity 12996K, committed 13184K, reserved 1060864K
  class space    used 1207K, capacity 1317K, committed 1408K, reserved 1048576K
}
Event: 0,363 GC heap after
{Heap after GC invocations=1 (full 0):
 garbage-first heap   total 253952K, used 3858K [0x0000000709400000, 0x0000000800000000)
  region size 1024K, 3 young (3072K), 3 survivors (3072K)
 Metaspace       used 12687K, capacity 12996K, committed 13184K, reserved 1060864K
  class space    used 1207K, capacity 1317K, committed 1408K, reserved 1048576K
}

Deoptimization events (10 events):
Event: 0,341 Thread 0x00007fc840026000 Uncommon trap: reason=bimorphic_or_optimized_type_check action=maybe_recompile pc=0x00007fc8313176a8 method=java.util.HashMap.getNode(ILjava/lang/Object;)Ljava/util/HashMap$Node; @ 126 c2
Event: 0,341 Thread 0x00007fc840026000 Uncommon trap: reason=unstable_if action=reinterpret pc=0x00007fc8313175e8 method=java.util.HashMap.getNode(ILjava/lang/Object;)Ljava/util/HashMap$Node; @ 62 c2
Event: 0,344 Thread 0x00007fc840026000 Uncommon trap: reason=class_check action=maybe_recompile pc=0x00007fc831311d80 method=java.util.HashMap.putVal(ILjava/lang/Object;Ljava/lang/Object;ZZ)Ljava/lang/Object; @ 253 c2
Event: 0,344 Thread 0x00007fc840026000 Uncommon trap: reason=class_check action=maybe_recompile pc=0x00007fc831311f04 method=java.util.HashMap.putVal(ILjava/lang/Object;Ljava/lang/Object;ZZ)Ljava/lang/Object; @ 203 c2
Event: 0,351 Thread 0x00007fc840026000 Uncommon trap: reason=unstable_if action=reinterpret pc=0x00007fc83131c048 method=java.util.jar.Manifest$FastInputStream.readLine([BII)I @ 90 c2
Event: 0,355 Thread 0x00007fc840026000 Uncommon trap: reason=class_check action=maybe_recompile pc=0x00007fc831311f04 method=java.util.HashMap.putVal(ILjava/lang/Object;Ljava/lang/Object;ZZ)Ljava/lang/Object; @ 203 c2
Event: 0,357 Thread 0x00007fc840026000 Uncommon trap: reason=class_check action=maybe_recompile pc=0x00007fc831311d80 method=java.util.HashMap.putVal(ILjava/lang/Object;Ljava/lang/Object;ZZ)Ljava/lang/Object; @ 253 c2
Event: 0,363 Thread 0x00007fc840026000 Uncommon trap: reason=unstable_if action=reinterpret pc=0x00007fc83130fac0 method=org.eclipse.jdt.launching.internal.org.objectweb.asm.ByteVector.putShort(I)Lorg/eclipse/jdt/launching/internal/org/objectweb/asm/ByteVector; @ 13 c2
Event: 0,398 Thread 0x00007fc840026000 Uncommon trap: reason=unstable_if action=reinterpret pc=0x00007fc831326f5c method=java.util.concurrent.ConcurrentHashMap.get(Ljava/lang/Object;)Ljava/lang/Object; @ 76 c2
Event: 0,528 Thread 0x00007fc840026000 Uncommon trap: reason=unstable_if action=reinterpret pc=0x00007fc83133426c method=jdk.internal.org.objectweb.asm.Type.getArgumentsAndReturnSizes(Ljava/lang/String;)I @ 41 c2

Classes redefined (10 events):
Event: 183,200 Thread 0x00007fc840266000 redefined class name=com.opendev.service.impl.CarServiceImplTest, count=9
Event: 213,207 Thread 0x00007fc840266000 redefined class name=com.opendev.service.impl.CarServiceImplTest, count=10
Event: 357,153 Thread 0x00007fc840266000 redefined class name=com.opendev.service.impl.CarServiceImplTest, count=11
Event: 360,190 Thread 0x00007fc840266000 redefined class name=com.opendev.service.impl.CarServiceImplTest, count=12
Event: 366,077 Thread 0x00007fc840266000 redefined class name=com.opendev.service.impl.CarServiceImplTest, count=13
Event: 370,815 Thread 0x00007fc840266000 redefined class name=com.opendev.service.impl.CarServiceImplTest, count=14
Event: 375,146 Thread 0x00007fc840266000 redefined class name=com.opendev.service.impl.CarServiceImplTest, count=15
Event: 428,887 Thread 0x00007fc840266000 redefined class name=com.opendev.service.impl.CarServiceImplTest, count=16
Event: 452,411 Thread 0x00007fc840266000 redefined class name=com.opendev.service.impl.CarServiceImplTest, count=17
Event: 460,327 Thread 0x00007fc840266000 redefined class name=com.opendev.service.impl.CarServiceImplTest, count=18

Internal exceptions (10 events):
Event: 0,371 Thread 0x00007fc840026000 Exception <a 'java/lang/NoSuchMethodError'{0x0000000718a5a2a0}: java.lang.invoke.DirectMethodHandle$Holder.invokeSpecial(Ljava/lang/Object;Ljava/lang/Object;)V> (0x0000000718a5a2a0) thrown at [./open/src/hotspot/share/interpreter/linkResolver.cpp, line 77
Event: 0,410 Thread 0x00007fc840026000 Exception <a 'java/lang/NoSuchMethodError'{0x000000071849a480}: java.lang.invoke.DirectMethodHandle$Holder.invokeStatic(Ljava/lang/Object;Ljava/lang/Object;Ljava/lang/Object;Ljava/lang/Object;)V> (0x000000071849a480) thrown at [./open/src/hotspot/share/in
Event: 0,413 Thread 0x00007fc840026000 Exception <a 'java/lang/NoSuchMethodError'{0x00000007183240b8}: java.lang.invoke.DirectMethodHandle$Holder.invokeSpecialIFC(Ljava/lang/Object;Ljava/lang/Object;Ljava/lang/Object;Ljava/lang/Object;)Ljava/lang/Object;> (0x00000007183240b8) thrown at [./open
Event: 0,429 Thread 0x00007fc840026000 Exception <a 'java/lang/NoSuchMethodError'{0x00000007182c2c28}: java.lang.invoke.Invokers$Holder.linkToTargetMethod(Ljava/lang/Object;ILjava/lang/Object;)Ljava/lang/Object;> (0x00000007182c2c28) thrown at [./open/src/hotspot/share/interpreter/linkResolver
Event: 0,433 Thread 0x00007fc840026000 Exception <a 'java/lang/NoSuchMethodError'{0x000000071813bbd0}: java.lang.invoke.DirectMethodHandle$Holder.invokeInterface(Ljava/lang/Object;Ljava/lang/Object;Ljava/lang/Object;Ljava/lang/Object;)V> (0x000000071813bbd0) thrown at [./open/src/hotspot/share
Event: 0,433 Thread 0x00007fc840026000 Exception <a 'java/lang/IncompatibleClassChangeError'{0x000000071813e990}: Found class java.lang.Object, but interface was expected> (0x000000071813e990) thrown at [./open/src/hotspot/share/interpreter/linkResolver.cpp, line 838]
Event: 0,439 Thread 0x00007fc840026000 Exception <a 'java/lang/NoSuchMethodError'{0x000000071807cbb8}: java.lang.invoke.DirectMethodHandle$Holder.invokeStatic(Ljava/lang/Object;Ljava/lang/Object;Ljava/lang/Object;Ljava/lang/Object;Ljava/lang/Object;)I> (0x000000071807cbb8) thrown at [./open/sr
Event: 0,442 Thread 0x00007fc840026000 Exception <a 'java/lang/NoSuchMethodError'{0x0000000717f7a598}: java.lang.invoke.DirectMethodHandle$Holder.invokeStaticInit(Ljava/lang/Object;)V> (0x0000000717f7a598) thrown at [./open/src/hotspot/share/interpreter/linkResolver.cpp, line 772]
Event: 0,468 Thread 0x00007fc840026000 Exception <a 'java/lang/NoSuchMethodError'{0x0000000717bddac8}: java.lang.invoke.DirectMethodHandle$Holder.invokeSpecial(Ljava/lang/Object;Ljava/lang/Object;Ljava/lang/Object;Ljava/lang/Object;)I> (0x0000000717bddac8) thrown at [./open/src/hotspot/share/i
Event: 0,528 Thread 0x00007fc840026000 Exception <a 'java/lang/NoSuchMethodError'{0x0000000716c30108}: java.lang.invoke.DirectMethodHandle$Holder.invokeSpecial(Ljava/lang/Object;Ljava/lang/Object;)D> (0x0000000716c30108) thrown at [./open/src/hotspot/share/interpreter/linkResolver.cpp, line 77

Events (10 events):
Event: 460,335 Executing VM operation: SetFramePop
Event: 460,335 Executing VM operation: SetFramePop done
Event: 460,335 Executing VM operation: GetFrameLocation
Event: 460,335 Executing VM operation: GetFrameLocation done
Event: 460,335 Executing VM operation: GetCurrentLocation
Event: 460,335 Executing VM operation: GetCurrentLocation done
Event: 460,335 Executing VM operation: ChangeSingleStep
Event: 460,335 Executing VM operation: ChangeSingleStep done
Event: 460,336 Executing VM operation: GetFrameLocation
Event: 460,336 Executing VM operation: GetFrameLocation done


Dynamic libraries:
709400000-718c00000 rw-p 00000000 00:00 0 
718c00000-800000000 ---p 00000000 00:00 0 
800000000-800200000 rw-p 00000000 00:00 0 
800200000-840000000 ---p 00000000 00:00 0 
564eb6a00000-564eb6a01000 r-xp 00000000 fd:00 7603723                    /home/avalos_m/Descargas/eclipse/jdk-11.0.17_linux-x64_bin/jdk-11.0.17/bin/java
564eb6c01000-564eb6c02000 r--p 00001000 fd:00 7603723                    /home/avalos_m/Descargas/eclipse/jdk-11.0.17_linux-x64_bin/jdk-11.0.17/bin/java
564eb6c02000-564eb6c03000 rw-p 00002000 fd:00 7603723                    /home/avalos_m/Descargas/eclipse/jdk-11.0.17_linux-x64_bin/jdk-11.0.17/bin/java
564eb89c1000-564eb89e2000 rw-p 00000000 00:00 0                          [heap]
7fc7b8000000-7fc7b8021000 rw-p 00000000 00:00 0 
7fc7b8021000-7fc7bc000000 ---p 00000000 00:00 0 
7fc7bc000000-7fc7bc021000 rw-p 00000000 00:00 0 
7fc7bc021000-7fc7c0000000 ---p 00000000 00:00 0 
7fc7c0000000-7fc7c0021000 rw-p 00000000 00:00 0 
7fc7c0021000-7fc7c4000000 ---p 00000000 00:00 0 
7fc7c4000000-7fc7c4021000 rw-p 00000000 00:00 0 
7fc7c4021000-7fc7c8000000 ---p 00000000 00:00 0 
7fc7c8000000-7fc7c8021000 rw-p 00000000 00:00 0 
7fc7c8021000-7fc7cc000000 ---p 00000000 00:00 0 
7fc7cc000000-7fc7cc021000 rw-p 00000000 00:00 0 
7fc7cc021000-7fc7d0000000 ---p 00000000 00:00 0 
7fc7d0000000-7fc7d0021000 rw-p 00000000 00:00 0 
7fc7d0021000-7fc7d4000000 ---p 00000000 00:00 0 
7fc7d4000000-7fc7d4021000 rw-p 00000000 00:00 0 
7fc7d4021000-7fc7d8000000 ---p 00000000 00:00 0 
7fc7d8000000-7fc7d8436000 rw-p 00000000 00:00 0 
7fc7d8436000-7fc7dc000000 ---p 00000000 00:00 0 
7fc7dc000000-7fc7ddc66000 rw-p 00000000 00:00 0 
7fc7ddc66000-7fc7e0000000 ---p 00000000 00:00 0 
7fc7e23f8000-7fc7e24f8000 rw-p 00000000 00:00 0 
7fc7e24f8000-7fc7e25f8000 ---p 00000000 00:00 0 
7fc7e25f8000-7fc7e27f8000 rw-p 00000000 00:00 0 
7fc7e27f8000-7fc7e27f9000 ---p 00000000 00:00 0 
7fc7e27f9000-7fc7e28fa000 rw-p 00000000 00:00 0 
7fc7e28fa000-7fc7e28fb000 ---p 00000000 00:00 0 
7fc7e28fb000-7fc7e29fc000 rw-p 00000000 00:00 0 
7fc7e29fc000-7fc7e29fd000 ---p 00000000 00:00 0 
7fc7e29fd000-7fc7e2afe000 rw-p 00000000 00:00 0 
7fc7e2afe000-7fc7e2aff000 ---p 00000000 00:00 0 
7fc7e2aff000-7fc7e2c00000 rw-p 00000000 00:00 0 
7fc7e2c00000-7fc7e2c02000 r-xp 00000000 fd:00 7604932                    /home/avalos_m/Descargas/eclipse/jdk-11.0.17_linux-x64_bin/jdk-11.0.17/lib/libextnet.so
7fc7e2c02000-7fc7e2e01000 ---p 00002000 fd:00 7604932                    /home/avalos_m/Descargas/eclipse/jdk-11.0.17_linux-x64_bin/jdk-11.0.17/lib/libextnet.so
7fc7e2e01000-7fc7e2e02000 r--p 00001000 fd:00 7604932                    /home/avalos_m/Descargas/eclipse/jdk-11.0.17_linux-x64_bin/jdk-11.0.17/lib/libextnet.so
7fc7e2e02000-7fc7e2e03000 rw-p 00002000 fd:00 7604932                    /home/avalos_m/Descargas/eclipse/jdk-11.0.17_linux-x64_bin/jdk-11.0.17/lib/libextnet.so
7fc7e2f00000-7fc7e2f04000 ---p 00000000 00:00 0 
7fc7e2f04000-7fc7e3200000 rw-p 00000000 00:00 0 
7fc7e3200000-7fc7e3400000 rw-p 00000000 00:00 0 
7fc7e3400000-7fc7e3415000 r-xp 00000000 fd:00 7604951                    /home/avalos_m/Descargas/eclipse/jdk-11.0.17_linux-x64_bin/jdk-11.0.17/lib/libnet.so
7fc7e3415000-7fc7e3615000 ---p 00015000 fd:00 7604951                    /home/avalos_m/Descargas/eclipse/jdk-11.0.17_linux-x64_bin/jdk-11.0.17/lib/libnet.so
7fc7e3615000-7fc7e3616000 r--p 00015000 fd:00 7604951                    /home/avalos_m/Descargas/eclipse/jdk-11.0.17_linux-x64_bin/jdk-11.0.17/lib/libnet.so
7fc7e3616000-7fc7e3617000 rw-p 00016000 fd:00 7604951                    /home/avalos_m/Descargas/eclipse/jdk-11.0.17_linux-x64_bin/jdk-11.0.17/lib/libnet.so
7fc7e36fe000-7fc7e36ff000 ---p 00000000 00:00 0 
7fc7e36ff000-7fc7e3800000 rw-p 00000000 00:00 0 
7fc7e3800000-7fc7e3810000 r-xp 00000000 fd:00 7604952                    /home/avalos_m/Descargas/eclipse/jdk-11.0.17_linux-x64_bin/jdk-11.0.17/lib/libnio.so
7fc7e3810000-7fc7e3a10000 ---p 00010000 fd:00 7604952                    /home/avalos_m/Descargas/eclipse/jdk-11.0.17_linux-x64_bin/jdk-11.0.17/lib/libnio.so
7fc7e3a10000-7fc7e3a11000 r--p 00010000 fd:00 7604952                    /home/avalos_m/Descargas/eclipse/jdk-11.0.17_linux-x64_bin/jdk-11.0.17/lib/libnio.so
7fc7e3a11000-7fc7e3a12000 rw-p 00011000 fd:00 7604952                    /home/avalos_m/Descargas/eclipse/jdk-11.0.17_linux-x64_bin/jdk-11.0.17/lib/libnio.so
7fc7e3b00000-7fc7e3b04000 ---p 00000000 00:00 0 
7fc7e3b04000-7fc7e3c00000 rw-p 00000000 00:00 0 
7fc7e3c00000-7fc7e3c04000 r-xp 00000000 fd:00 7604931                    /home/avalos_m/Descargas/eclipse/jdk-11.0.17_linux-x64_bin/jdk-11.0.17/lib/libdt_socket.so
7fc7e3c04000-7fc7e3e04000 ---p 00004000 fd:00 7604931                    /home/avalos_m/Descargas/eclipse/jdk-11.0.17_linux-x64_bin/jdk-11.0.17/lib/libdt_socket.so
7fc7e3e04000-7fc7e3e05000 r--p 00004000 fd:00 7604931                    /home/avalos_m/Descargas/eclipse/jdk-11.0.17_linux-x64_bin/jdk-11.0.17/lib/libdt_socket.so
7fc7e3e05000-7fc7e3e06000 rw-p 00005000 fd:00 7604931                    /home/avalos_m/Descargas/eclipse/jdk-11.0.17_linux-x64_bin/jdk-11.0.17/lib/libdt_socket.so
7fc7e3f00000-7fc7e3f04000 ---p 00000000 00:00 0 
7fc7e3f04000-7fc7e4000000 rw-p 00000000 00:00 0 
7fc7e4000000-7fc7e4021000 rw-p 00000000 00:00 0 
7fc7e4021000-7fc7e8000000 ---p 00000000 00:00 0 
7fc7e8000000-7fc7e8021000 rw-p 00000000 00:00 0 
7fc7e8021000-7fc7ec000000 ---p 00000000 00:00 0 
7fc7ec000000-7fc7ee636000 rw-p 00000000 00:00 0 
7fc7ee636000-7fc7f0000000 ---p 00000000 00:00 0 
7fc7f0000000-7fc7f0415000 rw-p 00000000 00:00 0 
7fc7f0415000-7fc7f4000000 ---p 00000000 00:00 0 
7fc7f4000000-7fc7f4021000 rw-p 00000000 00:00 0 
7fc7f4021000-7fc7f8000000 ---p 00000000 00:00 0 
7fc7f8000000-7fc7f8021000 rw-p 00000000 00:00 0 
7fc7f8021000-7fc7fc000000 ---p 00000000 00:00 0 
7fc7fc000000-7fc7fc021000 rw-p 00000000 00:00 0 
7fc7fc021000-7fc800000000 ---p 00000000 00:00 0 
7fc800000000-7fc800021000 rw-p 00000000 00:00 0 
7fc800021000-7fc804000000 ---p 00000000 00:00 0 
7fc804000000-7fc804021000 rw-p 00000000 00:00 0 
7fc804021000-7fc808000000 ---p 00000000 00:00 0 
7fc808000000-7fc808147000 rw-p 00000000 00:00 0 
7fc808147000-7fc80c000000 ---p 00000000 00:00 0 
7fc80c000000-7fc80c021000 rw-p 00000000 00:00 0 
7fc80c021000-7fc810000000 ---p 00000000 00:00 0 
7fc810000000-7fc810021000 rw-p 00000000 00:00 0 
7fc810021000-7fc814000000 ---p 00000000 00:00 0 
7fc814000000-7fc814004000 ---p 00000000 00:00 0 
7fc814004000-7fc814100000 rw-p 00000000 00:00 0 
7fc814100000-7fc814104000 ---p 00000000 00:00 0 
7fc814104000-7fc814200000 rw-p 00000000 00:00 0 
7fc814200000-7fc814204000 ---p 00000000 00:00 0 
7fc814204000-7fc814300000 rw-p 00000000 00:00 0 
7fc814300000-7fc814304000 ---p 00000000 00:00 0 
7fc814304000-7fc814400000 rw-p 00000000 00:00 0 
7fc814400000-7fc814404000 ---p 00000000 00:00 0 
7fc814404000-7fc814500000 rw-p 00000000 00:00 0 
7fc814500000-7fc814504000 ---p 00000000 00:00 0 
7fc814504000-7fc814600000 rw-p 00000000 00:00 0 
7fc814600000-7fc814604000 ---p 00000000 00:00 0 
7fc814604000-7fc814700000 rw-p 00000000 00:00 0 
7fc814700000-7fc814704000 ---p 00000000 00:00 0 
7fc814704000-7fc814800000 rw-p 00000000 00:00 0 
7fc814800000-7fc815001000 r--p 00000000 fd:00 2629239                    /usr/lib/locale/locale-archive
7fc8150f8000-7fc8150fc000 ---p 00000000 00:00 0 
7fc8150fc000-7fc8151f8000 rw-p 00000000 00:00 0 
7fc8151f8000-7fc8151fc000 ---p 00000000 00:00 0 
7fc8151fc000-7fc8152f8000 rw-p 00000000 00:00 0 
7fc8152f8000-7fc8152f9000 ---p 00000000 00:00 0 
7fc8152f9000-7fc815bfa000 rw-p 00000000 00:00 0 
7fc815bfa000-7fc815bfb000 ---p 00000000 00:00 0 
7fc815bfb000-7fc815cfc000 rw-p 00000000 00:00 0 
7fc815cfc000-7fc815cfd000 ---p 00000000 00:00 0 
7fc815cfd000-7fc818000000 rw-p 00000000 00:00 0 
7fc818000000-7fc818021000 rw-p 00000000 00:00 0 
7fc818021000-7fc81c000000 ---p 00000000 00:00 0 
7fc81c09c000-7fc81c880000 rw-p 00000000 00:00 0 
7fc81c880000-7fc820250000 ---p 00000000 00:00 0 
7fc820250000-7fc820630000 rw-p 00000000 00:00 0 
7fc820630000-7fc824000000 ---p 00000000 00:00 0 
7fc824000000-7fc824021000 rw-p 00000000 00:00 0 
7fc824021000-7fc828000000 ---p 00000000 00:00 0 
7fc8280de000-7fc82815a000 rw-p 00000000 00:00 0 
7fc82815a000-7fc828894000 ---p 00000000 00:00 0 
7fc828894000-7fc828910000 rw-p 00000000 00:00 0 
7fc828910000-7fc82904a000 ---p 00000000 00:00 0 
7fc82904a000-7fc8290c6000 rw-p 00000000 00:00 0 
7fc8290c6000-7fc829800000 ---p 00000000 00:00 0 
7fc829800000-7fc829a70000 rwxp 00000000 00:00 0 
7fc829a70000-7fc829d91000 ---p 00000000 00:00 0 
7fc829d91000-7fc82a0c1000 rwxp 00000000 00:00 0 
7fc82a0c1000-7fc8312c8000 ---p 00000000 00:00 0 
7fc8312c8000-7fc831538000 rwxp 00000000 00:00 0 
7fc831538000-7fc838800000 ---p 00000000 00:00 0 
7fc838800000-7fc83ff50000 r--s 00000000 fd:00 7604962                    /home/avalos_m/Descargas/eclipse/jdk-11.0.17_linux-x64_bin/jdk-11.0.17/lib/modules
7fc840000000-7fc840b83000 rw-p 00000000 00:00 0 
7fc840b83000-7fc844000000 ---p 00000000 00:00 0 
7fc8440f7000-7fc8442f9000 rw-p 00000000 00:00 0 
7fc8442f9000-7fc8442fa000 ---p 00000000 00:00 0 
7fc8442fa000-7fc8443fb000 rw-p 00000000 00:00 0 
7fc8443fb000-7fc8443fc000 ---p 00000000 00:00 0 
7fc8443fc000-7fc844a00000 rw-p 00000000 00:00 0 
7fc844a00000-7fc844a07000 r-xp 00000000 fd:00 7604961                    /home/avalos_m/Descargas/eclipse/jdk-11.0.17_linux-x64_bin/jdk-11.0.17/lib/libzip.so
7fc844a07000-7fc844c06000 ---p 00007000 fd:00 7604961                    /home/avalos_m/Descargas/eclipse/jdk-11.0.17_linux-x64_bin/jdk-11.0.17/lib/libzip.so
7fc844c06000-7fc844c07000 r--p 00006000 fd:00 7604961                    /home/avalos_m/Descargas/eclipse/jdk-11.0.17_linux-x64_bin/jdk-11.0.17/lib/libzip.so
7fc844c07000-7fc844c08000 rw-p 00007000 fd:00 7604961                    /home/avalos_m/Descargas/eclipse/jdk-11.0.17_linux-x64_bin/jdk-11.0.17/lib/libzip.so
7fc844cff000-7fc844e00000 rw-p 00000000 00:00 0 
7fc844e00000-7fc844e0a000 r-xp 00000000 fd:00 7604934                    /home/avalos_m/Descargas/eclipse/jdk-11.0.17_linux-x64_bin/jdk-11.0.17/lib/libinstrument.so
7fc844e0a000-7fc845009000 ---p 0000a000 fd:00 7604934                    /home/avalos_m/Descargas/eclipse/jdk-11.0.17_linux-x64_bin/jdk-11.0.17/lib/libinstrument.so
7fc845009000-7fc84500a000 r--p 00009000 fd:00 7604934                    /home/avalos_m/Descargas/eclipse/jdk-11.0.17_linux-x64_bin/jdk-11.0.17/lib/libinstrument.so
7fc84500a000-7fc84500b000 rw-p 0000a000 fd:00 7604934                    /home/avalos_m/Descargas/eclipse/jdk-11.0.17_linux-x64_bin/jdk-11.0.17/lib/libinstrument.so
7fc8450ff000-7fc845200000 rw-p 00000000 00:00 0 
7fc845200000-7fc84523c000 r-xp 00000000 fd:00 7604942                    /home/avalos_m/Descargas/eclipse/jdk-11.0.17_linux-x64_bin/jdk-11.0.17/lib/libjdwp.so
7fc84523c000-7fc84543b000 ---p 0003c000 fd:00 7604942                    /home/avalos_m/Descargas/eclipse/jdk-11.0.17_linux-x64_bin/jdk-11.0.17/lib/libjdwp.so
7fc84543b000-7fc84543c000 r--p 0003b000 fd:00 7604942                    /home/avalos_m/Descargas/eclipse/jdk-11.0.17_linux-x64_bin/jdk-11.0.17/lib/libjdwp.so
7fc84543c000-7fc84543d000 rw-p 0003c000 fd:00 7604942                    /home/avalos_m/Descargas/eclipse/jdk-11.0.17_linux-x64_bin/jdk-11.0.17/lib/libjdwp.so
7fc8454ff000-7fc845600000 rw-p 00000000 00:00 0 
7fc845600000-7fc84561b000 r-xp 00000000 fd:00 7604943                    /home/avalos_m/Descargas/eclipse/jdk-11.0.17_linux-x64_bin/jdk-11.0.17/lib/libjimage.so
7fc84561b000-7fc84581a000 ---p 0001b000 fd:00 7604943                    /home/avalos_m/Descargas/eclipse/jdk-11.0.17_linux-x64_bin/jdk-11.0.17/lib/libjimage.so
7fc84581a000-7fc84581c000 r--p 0001a000 fd:00 7604943                    /home/avalos_m/Descargas/eclipse/jdk-11.0.17_linux-x64_bin/jdk-11.0.17/lib/libjimage.so
7fc84581c000-7fc84581d000 rw-p 0001c000 fd:00 7604943                    /home/avalos_m/Descargas/eclipse/jdk-11.0.17_linux-x64_bin/jdk-11.0.17/lib/libjimage.so
7fc8458ff000-7fc845a00000 rw-p 00000000 00:00 0 
7fc845a00000-7fc845a2a000 r-xp 00000000 fd:00 7604939                    /home/avalos_m/Descargas/eclipse/jdk-11.0.17_linux-x64_bin/jdk-11.0.17/lib/libjava.so
7fc845a2a000-7fc845c29000 ---p 0002a000 fd:00 7604939                    /home/avalos_m/Descargas/eclipse/jdk-11.0.17_linux-x64_bin/jdk-11.0.17/lib/libjava.so
7fc845c29000-7fc845c2a000 r--p 00029000 fd:00 7604939                    /home/avalos_m/Descargas/eclipse/jdk-11.0.17_linux-x64_bin/jdk-11.0.17/lib/libjava.so
7fc845c2a000-7fc845c2b000 rw-p 0002a000 fd:00 7604939                    /home/avalos_m/Descargas/eclipse/jdk-11.0.17_linux-x64_bin/jdk-11.0.17/lib/libjava.so
7fc845c2b000-7fc845c2c000 rw-p 00000000 00:00 0 
7fc845cfe000-7fc845cff000 ---p 00000000 00:00 0 
7fc845cff000-7fc845e00000 rw-p 00000000 00:00 0 
7fc845e00000-7fc845e0d000 r-xp 00000000 fd:00 7604960                    /home/avalos_m/Descargas/eclipse/jdk-11.0.17_linux-x64_bin/jdk-11.0.17/lib/libverify.so
7fc845e0d000-7fc84600c000 ---p 0000d000 fd:00 7604960                    /home/avalos_m/Descargas/eclipse/jdk-11.0.17_linux-x64_bin/jdk-11.0.17/lib/libverify.so
7fc84600c000-7fc84600e000 r--p 0000c000 fd:00 7604960                    /home/avalos_m/Descargas/eclipse/jdk-11.0.17_linux-x64_bin/jdk-11.0.17/lib/libverify.so
7fc84600e000-7fc84600f000 rw-p 0000e000 fd:00 7604960                    /home/avalos_m/Descargas/eclipse/jdk-11.0.17_linux-x64_bin/jdk-11.0.17/lib/libverify.so
7fc84602a000-7fc84602f000 rw-p 00000000 00:00 0 
7fc84602f000-7fc846115000 ---p 00000000 00:00 0 
7fc846115000-7fc84611c000 rw-p 00000000 00:00 0 
7fc84611c000-7fc846200000 ---p 00000000 00:00 0 
7fc846200000-7fc847391000 r-xp 00000000 fd:00 7604973                    /home/avalos_m/Descargas/eclipse/jdk-11.0.17_linux-x64_bin/jdk-11.0.17/lib/server/libjvm.so
7fc847391000-7fc847591000 ---p 01191000 fd:00 7604973                    /home/avalos_m/Descargas/eclipse/jdk-11.0.17_linux-x64_bin/jdk-11.0.17/lib/server/libjvm.so
7fc847591000-7fc847650000 r--p 01191000 fd:00 7604973                    /home/avalos_m/Descargas/eclipse/jdk-11.0.17_linux-x64_bin/jdk-11.0.17/lib/server/libjvm.so
7fc847650000-7fc84768a000 rw-p 01250000 fd:00 7604973                    /home/avalos_m/Descargas/eclipse/jdk-11.0.17_linux-x64_bin/jdk-11.0.17/lib/server/libjvm.so
7fc84768a000-7fc8476e1000 rw-p 00000000 00:00 0 
7fc847700000-7fc847704000 ---p 00000000 00:00 0 
7fc847704000-7fc847800000 rw-p 00000000 00:00 0 
7fc847800000-7fc847828000 r--p 00000000 fd:00 2623600                    /usr/lib/x86_64-linux-gnu/libc.so.6
7fc847828000-7fc8479bd000 r-xp 00028000 fd:00 2623600                    /usr/lib/x86_64-linux-gnu/libc.so.6
7fc8479bd000-7fc847a15000 r--p 001bd000 fd:00 2623600                    /usr/lib/x86_64-linux-gnu/libc.so.6
7fc847a15000-7fc847a19000 r--p 00214000 fd:00 2623600                    /usr/lib/x86_64-linux-gnu/libc.so.6
7fc847a19000-7fc847a1b000 rw-p 00218000 fd:00 2623600                    /usr/lib/x86_64-linux-gnu/libc.so.6
7fc847a1b000-7fc847a28000 rw-p 00000000 00:00 0 
7fc847a31000-7fc847b12000 rw-p 00000000 00:00 0 
7fc847b12000-7fc847b19000 ---p 00000000 00:00 0 
7fc847b19000-7fc847b27000 r--p 00000000 fd:00 2623606                    /usr/lib/x86_64-linux-gnu/libm.so.6
7fc847b27000-7fc847ba3000 r-xp 0000e000 fd:00 2623606                    /usr/lib/x86_64-linux-gnu/libm.so.6
7fc847ba3000-7fc847bfe000 r--p 0008a000 fd:00 2623606                    /usr/lib/x86_64-linux-gnu/libm.so.6
7fc847bfe000-7fc847bff000 r--p 000e4000 fd:00 2623606                    /usr/lib/x86_64-linux-gnu/libm.so.6
7fc847bff000-7fc847c00000 rw-p 000e5000 fd:00 2623606                    /usr/lib/x86_64-linux-gnu/libm.so.6
7fc847c00000-7fc847c10000 r-xp 00000000 fd:00 7604923                    /home/avalos_m/Descargas/eclipse/jdk-11.0.17_linux-x64_bin/jdk-11.0.17/lib/jli/libjli.so
7fc847c10000-7fc847e0f000 ---p 00010000 fd:00 7604923                    /home/avalos_m/Descargas/eclipse/jdk-11.0.17_linux-x64_bin/jdk-11.0.17/lib/jli/libjli.so
7fc847e0f000-7fc847e10000 r--p 0000f000 fd:00 7604923                    /home/avalos_m/Descargas/eclipse/jdk-11.0.17_linux-x64_bin/jdk-11.0.17/lib/jli/libjli.so
7fc847e10000-7fc847e11000 rw-p 00010000 fd:00 7604923                    /home/avalos_m/Descargas/eclipse/jdk-11.0.17_linux-x64_bin/jdk-11.0.17/lib/jli/libjli.so
7fc847e1c000-7fc847e1d000 r--p 00000000 fd:00 2623634                    /usr/lib/x86_64-linux-gnu/librt.so.1
7fc847e1d000-7fc847e1e000 r-xp 00001000 fd:00 2623634                    /usr/lib/x86_64-linux-gnu/librt.so.1
7fc847e1e000-7fc847e1f000 r--p 00002000 fd:00 2623634                    /usr/lib/x86_64-linux-gnu/librt.so.1
7fc847e1f000-7fc847e20000 r--p 00002000 fd:00 2623634                    /usr/lib/x86_64-linux-gnu/librt.so.1
7fc847e20000-7fc847e21000 rw-p 00003000 fd:00 2623634                    /usr/lib/x86_64-linux-gnu/librt.so.1
7fc847e21000-7fc847e26000 rw-p 00000000 00:00 0 
7fc847e26000-7fc847e27000 r--p 00000000 fd:00 2623604                    /usr/lib/x86_64-linux-gnu/libdl.so.2
7fc847e27000-7fc847e28000 r-xp 00001000 fd:00 2623604                    /usr/lib/x86_64-linux-gnu/libdl.so.2
7fc847e28000-7fc847e29000 r--p 00002000 fd:00 2623604                    /usr/lib/x86_64-linux-gnu/libdl.so.2
7fc847e29000-7fc847e2a000 r--p 00002000 fd:00 2623604                    /usr/lib/x86_64-linux-gnu/libdl.so.2
7fc847e2a000-7fc847e2b000 rw-p 00003000 fd:00 2623604                    /usr/lib/x86_64-linux-gnu/libdl.so.2
7fc847e2b000-7fc847e2c000 r--p 00000000 fd:00 2623630                    /usr/lib/x86_64-linux-gnu/libpthread.so.0
7fc847e2c000-7fc847e2d000 r-xp 00001000 fd:00 2623630                    /usr/lib/x86_64-linux-gnu/libpthread.so.0
7fc847e2d000-7fc847e2e000 r--p 00002000 fd:00 2623630                    /usr/lib/x86_64-linux-gnu/libpthread.so.0
7fc847e2e000-7fc847e2f000 r--p 00002000 fd:00 2623630                    /usr/lib/x86_64-linux-gnu/libpthread.so.0
7fc847e2f000-7fc847e30000 rw-p 00003000 fd:00 2623630                    /usr/lib/x86_64-linux-gnu/libpthread.so.0
7fc847e30000-7fc847e32000 r--p 00000000 fd:00 2621837                    /usr/lib/x86_64-linux-gnu/libz.so.1.2.11
7fc847e32000-7fc847e43000 r-xp 00002000 fd:00 2621837                    /usr/lib/x86_64-linux-gnu/libz.so.1.2.11
7fc847e43000-7fc847e49000 r--p 00013000 fd:00 2621837                    /usr/lib/x86_64-linux-gnu/libz.so.1.2.11
7fc847e49000-7fc847e4a000 ---p 00019000 fd:00 2621837                    /usr/lib/x86_64-linux-gnu/libz.so.1.2.11
7fc847e4a000-7fc847e4b000 r--p 00019000 fd:00 2621837                    /usr/lib/x86_64-linux-gnu/libz.so.1.2.11
7fc847e4b000-7fc847e4c000 rw-p 0001a000 fd:00 2621837                    /usr/lib/x86_64-linux-gnu/libz.so.1.2.11
7fc847e4c000-7fc847e53000 r--s 00000000 fd:00 3413501                    /usr/lib/x86_64-linux-gnu/gconv/gconv-modules.cache
7fc847e53000-7fc847e5b000 rw-s 00000000 fd:00 655446                     /tmp/hsperfdata_avalos_m/27550
7fc847e5b000-7fc847e5c000 ---p 00000000 00:00 0 
7fc847e5c000-7fc847e5d000 r--p 00000000 00:00 0 
7fc847e5d000-7fc847e5f000 rw-p 00000000 00:00 0 
7fc847e5f000-7fc847e63000 r--p 00000000 00:00 0                          [vvar]
7fc847e63000-7fc847e65000 r-xp 00000000 00:00 0                          [vdso]
7fc847e65000-7fc847e67000 r--p 00000000 fd:00 2623589                    /usr/lib/x86_64-linux-gnu/ld-linux-x86-64.so.2
7fc847e67000-7fc847e91000 r-xp 00002000 fd:00 2623589                    /usr/lib/x86_64-linux-gnu/ld-linux-x86-64.so.2
7fc847e91000-7fc847e9c000 r--p 0002c000 fd:00 2623589                    /usr/lib/x86_64-linux-gnu/ld-linux-x86-64.so.2
7fc847e9d000-7fc847e9f000 r--p 00037000 fd:00 2623589                    /usr/lib/x86_64-linux-gnu/ld-linux-x86-64.so.2
7fc847e9f000-7fc847ea1000 rw-p 00039000 fd:00 2623589                    /usr/lib/x86_64-linux-gnu/ld-linux-x86-64.so.2
7ffffa98e000-7ffffa9b0000 rw-p 00000000 00:00 0                          [stack]
ffffffffff600000-ffffffffff601000 --xp 00000000 00:00 0                  [vsyscall]


VM Arguments:
jvm_args: -agentlib:jdwp=transport=dt_socket,suspend=y,address=localhost:35845 -ea -javaagent:/home/avalos_m/Descargas/eclipse/configuration/org.eclipse.osgi/414/0/.cp/lib/javaagent-shaded.jar -Dfile.encoding=UTF-8 
java_command: org.eclipse.jdt.internal.junit.runner.RemoteTestRunner -version 3 -port 35371 -testLoaderClass org.eclipse.jdt.internal.junit5.runner.JUnit5TestLoader -loaderpluginname org.eclipse.jdt.junit5.runtime -test com.opendev.service.impl.CarServiceImplTest:calcularElCostoCuandoIdsOptionalEstaVacio
java_class_path (initial): /home/avalos_m/eclipse-workspace/opendev-exercise-factory/target/test-classes:/home/avalos_m/eclipse-workspace/opendev-exercise-factory/target/classes:/home/avalos_m/Descargas/eclipse/plugins/junit-jupiter-api_5.9.1.jar:/home/avalos_m/Descargas/eclipse/plugins/junit-jupiter-engine_5.9.1.jar:/home/avalos_m/Descargas/eclipse/plugins/junit-jupiter-migrationsupport_5.9.1.jar:/home/avalos_m/Descargas/eclipse/plugins/junit-jupiter-params_5.9.1.jar:/home/avalos_m/Descargas/eclipse/plugins/junit-platform-commons_1.9.1.jar:/home/avalos_m/Descargas/eclipse/plugins/junit-platform-engine_1.9.1.jar:/home/avalos_m/Descargas/eclipse/plugins/junit-platform-launcher_1.9.1.jar:/home/avalos_m/Descargas/eclipse/plugins/junit-platform-runner_1.9.1.jar:/home/avalos_m/Descargas/eclipse/plugins/junit-platform-suite-api_1.9.1.jar:/home/avalos_m/Descargas/eclipse/plugins/junit-platform-suite-engine_1.9.1.jar:/home/avalos_m/Descargas/eclipse/plugins/junit-platform-suite-commons_1.9.1.jar:/home/avalos_m/Descargas/eclipse/plugins/junit-vintage-engine_5.9.1.jar:/home/avalos_m/Descargas/eclipse/plugins/org.opentest4j_1.2.0.jar:/home/avalos_m/Descargas/eclipse/plugins/org.apiguardian.api_1.1.2.jar:/home/avalos_m/Descargas/eclipse/plugins/org.junit_4.13.2.v20211018-1956.jar:/home/avalos_m/Descargas/eclipse/plugins/org.hamcrest.core_1.3.0.v20180420-1519.jar:/home/avalos_m/.m2/repository/com/google/code/gson/gson/2.10.1/gson-2.10.1.jar:/home/avalos_m/.m2/repository/io/vavr/vavr/0.10.4/vavr-0.10.4.jar:/home/avalos_m/.m2/repository/io/vavr/vavr-match/0.10.4/vavr-match-0.10.4.jar:/home/avalos_m/.m2/repository/org/mockito/mockito-all/1.10.19/mockito-all-1.10.19.jar:/home/avalos_m/.m2/repository/io/vavr/vavr-test/0.10.4/vavr-test-0.10.4.jar:/home/avalos_m/.m2/repository/org/projectlombok/lombok/1.18.26/lombok-1.18.26.jar:/home/avalos_m/.m2/repository/org/jacoco/org.jacoco.agent/0.8.8/org.jacoco.agent-0.8.8.jar:/home/avalos_m/.m2/repository/org/jacoco/jacoco-maven-plugin/0.8.8/
Launcher Type: SUN_STANDARD

[Global flags]
     intx CICompilerCount                          = 4                                         {product} {ergonomic}
     uint ConcGCThreads                            = 2                                         {product} {ergonomic}
     uint G1ConcRefinementThreads                  = 8                                         {product} {ergonomic}
   size_t G1HeapRegionSize                         = 1048576                                   {product} {ergonomic}
    uintx GCDrainStackTargetSize                   = 64                                        {product} {ergonomic}
   size_t InitialHeapSize                          = 260046848                                 {product} {ergonomic}
   size_t MarkStackSize                            = 4194304                                   {product} {ergonomic}
   size_t MaxHeapSize                              = 4139778048                                {product} {ergonomic}
   size_t MaxNewSize                               = 2483027968                                {product} {ergonomic}
   size_t MinHeapDeltaBytes                        = 1048576                                   {product} {ergonomic}
    uintx NonNMethodCodeHeapSize                   = 5836300                                {pd product} {ergonomic}
    uintx NonProfiledCodeHeapSize                  = 122910970                              {pd product} {ergonomic}
    uintx ProfiledCodeHeapSize                     = 122910970                              {pd product} {ergonomic}
    uintx ReservedCodeCacheSize                    = 251658240                              {pd product} {ergonomic}
     bool SegmentedCodeCache                       = true                                      {product} {ergonomic}
     bool UseCompressedClassPointers               = true                                 {lp64_product} {ergonomic}
     bool UseCompressedOops                        = true                                 {lp64_product} {ergonomic}
     bool UseG1GC                                  = true                                      {product} {ergonomic}

Logging:
Log output configuration:
 #0: stdout all=warning uptime,level,tags
 #1: stderr all=off uptime,level,tags

Environment Variables:
PATH=/usr/local/sbin:/usr/local/bin:/usr/sbin:/usr/bin:/sbin:/bin:/usr/games:/usr/local/games:/snap/bin:/snap/bin
USERNAME=avalos_m
SHELL=/bin/bash
DISPLAY=:1

Signal Handlers:
SIGSEGV: [libjvm.so+0xe7fea0], sa_mask[0]=11111111011111111101111111111110, sa_flags=SA_RESTART|SA_SIGINFO
SIGBUS: [libjvm.so+0xe7fea0], sa_mask[0]=11111111011111111101111111111110, sa_flags=SA_RESTART|SA_SIGINFO
SIGFPE: [libjvm.so+0xe7fea0], sa_mask[0]=11111111011111111101111111111110, sa_flags=SA_RESTART|SA_SIGINFO
SIGPIPE: [libjvm.so+0xc52290], sa_mask[0]=11111111011111111101111111111110, sa_flags=SA_RESTART|SA_SIGINFO
SIGXFSZ: [libjvm.so+0xc52290], sa_mask[0]=11111111011111111101111111111110, sa_flags=SA_RESTART|SA_SIGINFO
SIGILL: [libjvm.so+0xe7fea0], sa_mask[0]=11111111011111111101111111111110, sa_flags=SA_RESTART|SA_SIGINFO
SIGUSR2: [libjvm.so+0xc52130], sa_mask[0]=00100000000000000000000000000000, sa_flags=SA_RESTART|SA_SIGINFO
SIGHUP: [libjvm.so+0xc52760], sa_mask[0]=11111111011111111101111111111110, sa_flags=SA_RESTART|SA_SIGINFO
SIGINT: [libjvm.so+0xc52760], sa_mask[0]=11111111011111111101111111111110, sa_flags=SA_RESTART|SA_SIGINFO
SIGTERM: [libjvm.so+0xc52760], sa_mask[0]=11111111011111111101111111111110, sa_flags=SA_RESTART|SA_SIGINFO
SIGQUIT: [libjvm.so+0xc52760], sa_mask[0]=11111111011111111101111111111110, sa_flags=SA_RESTART|SA_SIGINFO


---------------  S Y S T E M  ---------------

OS:DISTRIB_ID=Ubuntu
DISTRIB_RELEASE=22.04
DISTRIB_CODENAME=jammy
DISTRIB_DESCRIPTION="Ubuntu 22.04.2 LTS"
uname:Linux 5.19.0-38-generic #39~22.04.1-Ubuntu SMP PREEMPT_DYNAMIC Fri Mar 17 21:16:15 UTC 2 x86_64
libc:glibc 2.35 NPTL 2.35 
rlimit: STACK 8192k, CORE 0k, NPROC 62811, NOFILE 1048576, AS infinity, DATA infinity, FSIZE infinity
load average:1,37 1,29 1,09

/proc/meminfo:
MemTotal:       16163508 kB
MemFree:         1359164 kB
MemAvailable:    6408080 kB
Buffers:          195952 kB
Cached:          6583420 kB
SwapCached:            0 kB
Active:          2448636 kB
Inactive:       10572016 kB
Active(anon):       3116 kB
Inactive(anon):  7854104 kB
Active(file):    2445520 kB
Inactive(file):  2717912 kB
Unevictable:     1030768 kB
Mlocked:             160 kB
SwapTotal:        999420 kB
SwapFree:         999420 kB
Zswap:                 0 kB
Zswapped:              0 kB
Dirty:               348 kB
Writeback:             0 kB
AnonPages:       7272340 kB
Mapped:          1639884 kB
Shmem:           1627684 kB
KReclaimable:     230156 kB
Slab:             489200 kB
SReclaimable:     230156 kB
SUnreclaim:       259044 kB
KernelStack:       30260 kB
PageTables:        73812 kB
NFS_Unstable:          0 kB
Bounce:                0 kB
WritebackTmp:          0 kB
CommitLimit:     9081172 kB
Committed_AS:   22554516 kB
VmallocTotal:   34359738367 kB
VmallocUsed:       95112 kB
VmallocChunk:          0 kB
Percpu:             9440 kB
HardwareCorrupted:     0 kB
AnonHugePages:         0 kB
ShmemHugePages:   901120 kB
ShmemPmdMapped:        0 kB
FileHugePages:         0 kB
FilePmdMapped:         0 kB
HugePages_Total:       0
HugePages_Free:        0
HugePages_Rsvd:        0
HugePages_Surp:        0
Hugepagesize:       2048 kB
Hugetlb:               0 kB
DirectMap4k:      446144 kB
DirectMap2M:    14012416 kB
DirectMap1G:     2097152 kB


/proc/sys/kernel/threads-max (system-wide limit on the number of threads):
125622


/proc/sys/vm/max_map_count (maximum number of memory map areas a process may have):
65530


/proc/sys/kernel/pid_max (system-wide limit on number of process identifiers):
4194304



container (cgroup) information:
container_type: cgroupv2
cpu_cpuset_cpus: not supported
cpu_memory_nodes: not supported
active_processor_count: 8
cpu_quota: not supported
cpu_period: not supported
cpu_shares: not supported
memory_limit_in_bytes: unlimited
memory_and_swap_limit_in_bytes: unlimited
memory_soft_limit_in_bytes: unlimited
memory_usage_in_bytes: 5418934272
memory_max_usage_in_bytes: not supported


CPU:total 8 (initial active 8) (4 cores per cpu, 2 threads per core) family 6 model 140 stepping 1 microcode 0xa6, cmov, cx8, fxsr, mmx, sse, sse2, sse3, ssse3, sse4.1, sse4.2, popcnt, avx, avx2, aes, clmul, erms, 3dnowpref, lzcnt, ht, tsc, tscinvbit, bmi1, bmi2, adx, evex, sha, fma
CPU Model and flags from /proc/cpuinfo:
model name	: 11th Gen Intel(R) Core(TM) i7-1165G7 @ 2.80GHz
flags		: fpu vme de pse tsc msr pae mce cx8 apic sep mtrr pge mca cmov pat pse36 clflush dts acpi mmx fxsr sse sse2 ss ht tm pbe syscall nx pdpe1gb rdtscp lm constant_tsc art arch_perfmon pebs bts rep_good nopl xtopology nonstop_tsc cpuid aperfmperf tsc_known_freq pni pclmulqdq dtes64 monitor ds_cpl vmx est tm2 ssse3 sdbg fma cx16 xtpr pdcm pcid sse4_1 sse4_2 x2apic movbe popcnt tsc_deadline_timer aes xsave avx f16c rdrand lahf_lm abm 3dnowprefetch cpuid_fault epb cat_l2 invpcid_single cdp_l2 ssbd ibrs ibpb stibp ibrs_enhanced tpr_shadow vnmi flexpriority ept vpid ept_ad fsgsbase tsc_adjust bmi1 avx2 smep bmi2 erms invpcid rdt_a avx512f avx512dq rdseed adx smap avx512ifma clflushopt clwb intel_pt avx512cd sha_ni avx512bw avx512vl xsaveopt xsavec xgetbv1 xsaves split_lock_detect dtherm ida arat pln pts hwp hwp_notify hwp_act_window hwp_epp hwp_pkg_req avx512vbmi umip pku ospke avx512_vbmi2 gfni vaes vpclmulqdq avx512_vnni avx512_bitalg avx512_vpopcntdq rdpid movdiri movdir64b fsrm avx512_vp2intersect md_clear ibt flush_l1d arch_capabilities

Memory: 4k page, physical 16163508k(1359164k free), swap 999420k(999420k free)

vm_info: Java HotSpot(TM) 64-Bit Server VM (11.0.17+10-LTS-269) for linux-amd64 JRE (11.0.17+10-LTS-269), built on Sep 13 2022 18:26:47 by "mach5one" with gcc 7.3.0

END.
